[2025-05-11 14:28:46] Iniciando experimento: firsts-analisys
[2025-05-11 14:28:46] Log sendo salvo em: /home/phil/Projects/k8s-noisy-lab/results/2025-05-11/14-28-46/firsts-analisys/experiment.log
[2025-05-11 14:28:46] Verificando pré-requisitos...
[2025-05-11 14:28:46] Métricas serão salvas em: /home/phil/Projects/k8s-noisy-lab/results/2025-05-11/14-28-46/firsts-analisys
[2025-05-11 14:28:46] Intervalo de coleta: 5 segundos
[2025-05-11 14:28:46] Validando recursos do cluster...
[0;35m==========================================[0m
[0;35m     VERIFICAÇÃO PRÉ-EXPERIMENTO         [0m
[0;35m==========================================[0m
[0;35mVerificando conectividade com o cluster...[0m
[0;32m✓ Conexão com o cluster estabelecida com sucesso[0m
[0;35mVerificando estado dos nós do cluster...[0m
[0;32m✓ O cluster possui 1 nós disponíveis[0m
[0;35mVerificando recursos disponíveis no cluster...[0m
CPU: [0;35m11[0m cores
Memória: [0;35m28.73[0m GB
[0;32m✓ Recursos do cluster são suficientes para o experimento[0m
[0;35mVerificando namespaces necessárias...[0m
[0;32m✓ Namespace 'tenant-a' encontrada[0m
[0;32m✓ Namespace 'tenant-b' encontrada[0m
[0;32m✓ Namespace 'tenant-c' encontrada[0m
[0;32m✓ Namespace 'monitoring' encontrada[0m
[0;35mVerificando disponibilidade do Prometheus...[0m
[0;32m✓ Prometheus está rodando e pronto[0m
[0;35mVerificando disponibilidade das métricas essenciais...[0m
[0;32m✓ Métrica 'container_cpu_usage_seconds_total' disponível[0m
[0;32m✓ Métrica 'container_memory_working_set_bytes' disponível[0m
[0;32m✓ Métrica 'container_network_receive_bytes_total' disponível[0m
[0;32m✓ Métrica 'container_network_transmit_bytes_total' disponível[0m
[0;32m✓ Métrica 'container_cpu_cfs_throttled_periods_total' disponível[0m
[0;32m✓ Métrica 'container_cpu_cfs_periods_total' disponível[0m
[0;35mVerificando permissões necessárias...[0m
[0;35mVerificando CRDs do Prometheus Operator...[0m
[0;32m✓ CRD 'servicemonitors.monitoring.coreos.com' encontrada[0m
[0;32m✓ CRD 'prometheusrules.monitoring.coreos.com' encontrada[0m
[0;35m==========================================[0m
[0;32m✓ Cluster validado com sucesso para o experimento[0m
[0;35m==========================================[0m

Informações adicionais:
- O experimento utiliza métricas da cAdvisor integradas ao kubelet
- As queries do Prometheus usam principalmente métricas rate() com 1m de janela
- Os workloads são distribuídos em 3 tenants para simular o cenário de noisy neighbour

Recomendações finais:
- Certifique-se de ter pelo menos 15-20% de recursos livres além dos solicitados
- Se estiver usando Minikube, use a opção '--driver=docker' para melhor desempenho
- Verifique se não há outros processos consumindo recursos significativos nos nós
[2025-05-11 14:28:49] Criando namespaces...
[2025-05-11 14:28:49] Namespace 'tenant-a' já existe.
[2025-05-11 14:28:49] Namespace 'tenant-b' já existe.
[2025-05-11 14:28:49] Namespace 'tenant-c' já existe.
[2025-05-11 14:28:50] Namespace 'tenant-d' já existe.
[2025-05-11 14:28:50] Namespace 'monitoring' já existe.
[2025-05-11 14:28:50] Namespace 'ingress-nginx' já existe.
NAME              STATUS   AGE
default           Active   6m40s
ingress-nginx     Active   6m34s
kube-node-lease   Active   6m40s
kube-public       Active   6m40s
kube-system       Active   6m40s
metallb-system    Active   92s
monitoring        Active   6m34s
tenant-a          Active   6m34s
tenant-b          Active   6m34s
tenant-c          Active   6m34s
tenant-d          Active   6m34s
[2025-05-11 14:28:55] Aplicando resource quotas...
resourcequota/tenant-a-quota created
resourcequota/tenant-b-quota created
resourcequota/tenant-c-quota created
resourcequota/tenant-d-quota created
[2025-05-11 14:29:00] Verificando quotas de recursos...
NAMESPACE   NAME             AGE   REQUEST                                         LIMIT
tenant-a    tenant-a-quota   5s    requests.cpu: 0/1500m, requests.memory: 0/2Gi   limits.cpu: 0/3, limits.memory: 0/4Gi
tenant-b    tenant-b-quota   5s    requests.cpu: 0/3, requests.memory: 0/4Gi       limits.cpu: 0/6, limits.memory: 0/8Gi
tenant-c    tenant-c-quota   5s    requests.cpu: 0/1500m, requests.memory: 0/3Gi   limits.cpu: 0/3, limits.memory: 0/6Gi
tenant-d    tenant-d-quota   5s    requests.cpu: 0/2, requests.memory: 0/2Gi       limits.cpu: 0/4, limits.memory: 0/4Gi
[2025-05-11 14:29:00] Namespace 'monitoring' já existe.
[2025-05-11 14:29:00] Verificando o estado do Prometheus...
[2025-05-11 14:29:00] Verificando pods do Prometheus...
[2025-05-11 14:29:00] Verificando serviços do Prometheus...
[2025-05-11 14:29:00] Encontrado serviço do Prometheus: prometheus-operated
[2025-05-11 14:29:02] Configurando port-forward para o Prometheus...
Unable to listen on port 9090: Listeners failed to create with the following errors: [unable to create listener: Error listen tcp4 127.0.0.1:9090: bind: address already in use unable to create listener: Error listen tcp6 [::1]:9090: bind: address already in use]
error: unable to listen on any of the requested ports: [{9090 9090}]
[2025-05-11 14:29:07] Prometheus está acessível via localhost:9090
[2025-05-11 14:29:07] Prometheus tem 52 targets ativos
[2025-05-11 14:29:07] Verificação do Prometheus concluída
[2025-05-11 14:29:07] Adicionando deployment do blackbox-exporter...
[2025-05-11 14:29:07] Ajustando durações nos manifestos de acordo com as durações das fases...
[2025-05-11 14:29:07] Duração mínima dos workloads: 3600s (dobro da duração total do round)
[2025-05-11 14:29:07]   - Ajustada duração do nginx-benchmark para 3600s
[2025-05-11 14:29:07]   - Ajustada duração do continuous-memory-stress para 3600s
[2025-05-11 14:29:07]   - Ajustada duração dos workloads contínuos do tenant-d para 3600s
[2025-05-11 14:29:07]   - Ajustado timeout do stress-ng para 960s
[2025-05-11 14:29:07] Manifestos ajustados com sucesso!
[2025-05-11 14:29:07] ======= INÍCIO DO EXPERIMENTO: firsts-analisys =======
[2025-05-11 14:29:07] Data: 2025/05/11, Hora: 14:28:46
[2025-05-11 14:29:07] Número de rounds: 1
[2025-05-11 14:29:07] Duração das fases: Baseline=300s, Ataque=900s, Recuperação=600s
[2025-05-11 14:29:07] Intervalo de coleta de métricas: 5s
[2025-05-11 14:29:07] ===== ROUND 1/1 =====
[2025-05-11 14:29:07] Limpando workloads para começar o round 1 com um ambiente limpo...
error parsing /home/phil/Projects/k8s-noisy-lab/manifests/tenant-d/cpu-disk-workload.yaml: error converting YAML to JSON: yaml: line 94: could not find expected ':'
[2025-05-11 14:29:08] Aguardando finalização completa dos recursos anteriores...
[2025-05-11 14:29:08] === Fase 1 - Baseline ===
[2025-05-11 14:29:08] Coletando métricas a cada 5 segundos...
[2025-05-11 14:29:08] Coleta de métricas iniciada com PID: 22249 (log: /home/phil/Projects/k8s-noisy-lab/results/2025-05-11/14-28-46/firsts-analisys/round-1/1 - Baseline/logs/metrics_collection.log)
[2025-05-11 14:29:08] Iniciando fase: 1 - Baseline com duração máxima de 300s
[2025-05-11 14:29:08] Implantando tenant-a (sensível à rede)...
[2025-05-11 14:29:08] Prometheus já está acessível via localhost:9090
deployment.apps/nginx-deployment created
configmap/nginx-config created
service/nginx created
job.batch/nginx-benchmark created
deployment.apps/iperf-server created
service/iperf-server created
[2025-05-11 14:29:08] Aguardando inicialização dos serviços do tenant-a...
deployment.apps/nginx-deployment condition met
[2025-05-11 14:29:26] Implantando tenant-c (vítima)...
service/redis created
deployment.apps/redis-deployment created
job.batch/continuous-memory-stress created
deployment.apps/memory-monitor created
[2025-05-11 14:29:26] Implantando tenant-d (CPU e Disco)...
persistentvolumeclaim/postgres-data created
configmap/postgres-config created
service/postgres created
deployment.apps/postgres created
job.batch/pgbench-init created
job.batch/pgbench-continuous-workload created
job.batch/cpu-intensive-continuous created
job.batch/disk-intensive-continuous created
error: error parsing /home/phil/Projects/k8s-noisy-lab/manifests/tenant-d/cpu-disk-workload.yaml: error converting YAML to JSON: yaml: line 94: could not find expected ':'
[2025-05-11 14:34:08] Fase 1 - Baseline concluída
[2025-05-11 14:34:08] Interrompendo coleta de métricas (PID: 22249)...
[2025-05-11 14:34:08] Coleta de métricas finalizada.
[2025-05-11 14:34:08] Fase '1 - Baseline' concluída.
[2025-05-11 14:34:08] Modo não interativo: continuando automaticamente para a próxima fase...
[2025-05-11 14:34:08] === Fase 2 - Attack ===
[2025-05-11 14:34:08] Coleta de métricas iniciada com PID: 71332 (log: /home/phil/Projects/k8s-noisy-lab/results/2025-05-11/14-28-46/firsts-analisys/round-1/2 - Attack/logs/metrics_collection.log)
[2025-05-11 14:34:08] Coletando métricas a cada 5 segundos...
[2025-05-11 14:34:08] Iniciando fase: 2 - Attack com duração máxima de 900s
[2025-05-11 14:34:08] Implantando tenant-b (atacante noisy neighbor)...
[2025-05-11 14:34:08] Prometheus já está acessível via localhost:9090
deployment.apps/stress-ng created
deployment.apps/traffic-generator created
deployment.apps/traffic-server created
configmap/nginx-traffic-server-config created
service/traffic-server created
[2025-05-11 14:34:08] Aguardando inicialização dos serviços do tenant-b...
deployment.apps/traffic-generator condition met
error: timed out waiting for the condition on deployments/traffic-server
[2025-05-11 14:36:26] Timeout aguardando pelo traffic-server no tenant-b
deployment.apps/stress-ng condition met
Error from server (NotFound): deployments.apps "iperf-server" not found
[2025-05-11 14:36:26] Timeout aguardando pelo iperf-server no tenant-b
[2025-05-11 14:36:26] Verificando todos os tenants após a implantação do atacante...
[2025-05-11 14:36:26] Verificando se todos os tenants relevantes para a fase 'attack' estão prontos...
[2025-05-11 14:36:26] Aguardando pods no namespace tenant-a ficarem prontos (timeout: 60s)...
[2025-05-11 14:36:26] Status dos pods em tenant-a:
[2025-05-11 14:36:26] Detalhes dos pods com problemas:
[2025-05-11 14:36:32] Aguardando pods no namespace tenant-a... (5/60s) - 1 pods ainda não prontos, 0 não em execução
[2025-05-11 14:36:37] Aguardando pods no namespace tenant-a... (10/60s) - 1 pods ainda não prontos, 0 não em execução
[2025-05-11 14:36:42] Status dos pods em tenant-a:
[2025-05-11 14:36:42] Detalhes dos pods com problemas:
[2025-05-11 14:36:47] Aguardando pods no namespace tenant-a... (20/60s) - 1 pods ainda não prontos, 0 não em execução
[2025-05-11 14:36:53] Aguardando pods no namespace tenant-a... (25/60s) - 1 pods ainda não prontos, 0 não em execução
[2025-05-11 14:36:58] Status dos pods em tenant-a:
[2025-05-11 14:36:58] Detalhes dos pods com problemas:
[2025-05-11 14:37:03] Aguardando pods no namespace tenant-a... (35/60s) - 1 pods ainda não prontos, 0 não em execução
[2025-05-11 14:37:08] Aguardando pods no namespace tenant-a... (40/60s) - 1 pods ainda não prontos, 0 não em execução
[2025-05-11 14:37:14] Status dos pods em tenant-a:
[2025-05-11 14:37:14] Detalhes dos pods com problemas:
[2025-05-11 14:37:19] Aguardando pods no namespace tenant-a... (50/60s) - 1 pods ainda não prontos, 0 não em execução
[2025-05-11 14:37:24] Aguardando pods no namespace tenant-a... (55/60s) - 1 pods ainda não prontos, 0 não em execução
[2025-05-11 14:37:29] Timeout aguardando pods no namespace tenant-a
[2025-05-11 14:37:29] Status atual dos pods:
[2025-05-11 14:37:29] Problemas detectados no namespace tenant-a
[2025-05-11 14:37:29] Aguardando pods no namespace tenant-b ficarem prontos (timeout: 60s)...
[2025-05-11 14:37:30] Todos os pods no namespace tenant-b estão prontos!
[2025-05-11 14:37:30] Aguardando pods no namespace tenant-c ficarem prontos (timeout: 60s)...
[2025-05-11 14:37:30] Todos os pods no namespace tenant-c estão prontos!
[2025-05-11 14:37:30] Aguardando pods no namespace tenant-d ficarem prontos (timeout: 60s)...
[2025-05-11 14:37:30] Status dos pods em tenant-d:
[2025-05-11 14:37:30] Detalhes dos pods com problemas:
[2025-05-11 14:37:35] Aguardando pods no namespace tenant-d... (5/60s) - 4 pods ainda não prontos, 0 não em execução
[2025-05-11 14:37:41] Aguardando pods no namespace tenant-d... (10/60s) - 4 pods ainda não prontos, 0 não em execução
[2025-05-11 14:37:46] Status dos pods em tenant-d:
[2025-05-11 14:37:46] Detalhes dos pods com problemas:
[2025-05-11 14:37:51] Aguardando pods no namespace tenant-d... (20/60s) - 4 pods ainda não prontos, 0 não em execução
[2025-05-11 14:37:56] Aguardando pods no namespace tenant-d... (25/60s) - 4 pods ainda não prontos, 0 não em execução
[2025-05-11 14:38:02] Status dos pods em tenant-d:
[2025-05-11 14:38:02] Detalhes dos pods com problemas:
[2025-05-11 14:38:07] Aguardando pods no namespace tenant-d... (35/60s) - 4 pods ainda não prontos, 0 não em execução
[2025-05-11 14:38:12] Aguardando pods no namespace tenant-d... (40/60s) - 4 pods ainda não prontos, 0 não em execução
[2025-05-11 14:38:17] Status dos pods em tenant-d:
[2025-05-11 14:38:18] Detalhes dos pods com problemas:
[2025-05-11 14:38:23] Aguardando pods no namespace tenant-d... (50/60s) - 4 pods ainda não prontos, 0 não em execução
[2025-05-11 14:38:28] Aguardando pods no namespace tenant-d... (55/60s) - 4 pods ainda não prontos, 0 não em execução
[2025-05-11 14:38:33] Timeout aguardando pods no namespace tenant-d
[2025-05-11 14:38:33] Status atual dos pods:
[2025-05-11 14:38:33] Problemas detectados no namespace tenant-d
[2025-05-11 14:38:33] Aguardando pods no namespace ingress-nginx ficarem prontos (timeout: 60s)...
[2025-05-11 14:38:33] Todos os pods no namespace ingress-nginx estão prontos!
[2025-05-11 14:38:33] Nem todos os tenants estão completamente prontos, verificando se é possível continuar...
[2025-05-11 14:38:34] Os pods críticos estão funcionando. Continuando, mas os resultados podem ser afetados.
[2025-05-11 14:49:08] Timeout de fase 2 - Attack atingido. Matando processo 71337
[2025-05-11 14:49:08] Fase 2 - Attack concluída
[2025-05-11 14:49:08] Interrompendo coleta de métricas (PID: 71332)...
[2025-05-11 14:49:08] Coleta de métricas finalizada.
[2025-05-11 14:49:08] Fase '2 - Attack' concluída.
[2025-05-11 14:49:08] Modo não interativo: continuando automaticamente para a próxima fase...
[2025-05-11 14:49:08] === Fase 3 - Recovery ===
[2025-05-11 14:49:08] Coleta de métricas iniciada com PID: 240031 (log: /home/phil/Projects/k8s-noisy-lab/results/2025-05-11/14-28-46/firsts-analisys/round-1/3 - Recovery/logs/metrics_collection.log)
[2025-05-11 14:49:08] Coletando métricas a cada 5 segundos...
[2025-05-11 14:49:08] Iniciando fase: 3 - Recovery com duração máxima de 600s
[2025-05-11 14:49:08] Removendo tenant-b (atacante)...
[2025-05-11 14:49:08] Prometheus já está acessível via localhost:9090
deployment.apps "stress-ng" deleted
deployment.apps "traffic-generator" deleted
deployment.apps "traffic-server" deleted
configmap "nginx-traffic-server-config" deleted
service "traffic-server" deleted
[2025-05-11 14:49:08] Verificando recuperação do tenant-a, tenant-c e tenant-d...
[2025-05-11 14:49:08] Verificando se todos os tenants relevantes para a fase 'recovery' estão prontos...
[2025-05-11 14:49:08] Aguardando pods no namespace tenant-a ficarem prontos (timeout: 120s)...
[2025-05-11 14:49:08] Status dos pods em tenant-a:
[2025-05-11 14:49:08] Detalhes dos pods com problemas:
[2025-05-11 14:49:14] Aguardando pods no namespace tenant-a... (5/120s) - 1 pods ainda não prontos, 0 não em execução
[2025-05-11 14:49:19] Aguardando pods no namespace tenant-a... (10/120s) - 1 pods ainda não prontos, 0 não em execução
[2025-05-11 14:49:24] Status dos pods em tenant-a:
[2025-05-11 14:49:24] Detalhes dos pods com problemas:
[2025-05-11 14:49:29] Aguardando pods no namespace tenant-a... (20/120s) - 1 pods ainda não prontos, 0 não em execução
[2025-05-11 14:49:35] Aguardando pods no namespace tenant-a... (25/120s) - 1 pods ainda não prontos, 0 não em execução
[2025-05-11 14:49:40] Status dos pods em tenant-a:
[2025-05-11 14:49:40] Detalhes dos pods com problemas:
[2025-05-11 14:49:45] Aguardando pods no namespace tenant-a... (35/120s) - 1 pods ainda não prontos, 0 não em execução
[2025-05-11 14:49:50] Aguardando pods no namespace tenant-a... (40/120s) - 1 pods ainda não prontos, 0 não em execução
[2025-05-11 14:49:55] Status dos pods em tenant-a:
[2025-05-11 14:49:55] Detalhes dos pods com problemas:
[2025-05-11 14:50:01] Aguardando pods no namespace tenant-a... (50/120s) - 1 pods ainda não prontos, 0 não em execução
[2025-05-11 14:50:06] Aguardando pods no namespace tenant-a... (55/120s) - 1 pods ainda não prontos, 0 não em execução
[2025-05-11 14:50:11] Status dos pods em tenant-a:
[2025-05-11 14:50:11] Detalhes dos pods com problemas:
[2025-05-11 14:50:16] Aguardando pods no namespace tenant-a... (65/120s) - 1 pods ainda não prontos, 0 não em execução
[2025-05-11 14:50:22] Aguardando pods no namespace tenant-a... (70/120s) - 1 pods ainda não prontos, 0 não em execução
[2025-05-11 14:50:27] Status dos pods em tenant-a:
[2025-05-11 14:50:27] Detalhes dos pods com problemas:
[2025-05-11 14:50:32] Aguardando pods no namespace tenant-a... (80/120s) - 1 pods ainda não prontos, 0 não em execução
[2025-05-11 14:50:37] Aguardando pods no namespace tenant-a... (85/120s) - 1 pods ainda não prontos, 0 não em execução
[2025-05-11 14:50:42] Status dos pods em tenant-a:
[2025-05-11 14:50:42] Detalhes dos pods com problemas:
[2025-05-11 14:50:48] Aguardando pods no namespace tenant-a... (95/120s) - 1 pods ainda não prontos, 0 não em execução
[2025-05-11 14:50:53] Aguardando pods no namespace tenant-a... (100/120s) - 1 pods ainda não prontos, 0 não em execução
[2025-05-11 14:50:58] Status dos pods em tenant-a:
[2025-05-11 14:50:58] Detalhes dos pods com problemas:
[2025-05-11 14:51:03] Aguardando pods no namespace tenant-a... (110/120s) - 1 pods ainda não prontos, 0 não em execução
[2025-05-11 14:51:08] Aguardando pods no namespace tenant-a... (115/120s) - 1 pods ainda não prontos, 0 não em execução
[2025-05-11 14:51:13] Timeout aguardando pods no namespace tenant-a
[2025-05-11 14:51:13] Status atual dos pods:
[2025-05-11 14:51:13] Problemas detectados no namespace tenant-a
[2025-05-11 14:51:14] Aguardando pods no namespace tenant-c ficarem prontos (timeout: 120s)...
[2025-05-11 14:51:14] Todos os pods no namespace tenant-c estão prontos!
[2025-05-11 14:51:14] Aguardando pods no namespace tenant-d ficarem prontos (timeout: 120s)...
[2025-05-11 14:51:14] Status dos pods em tenant-d:
[2025-05-11 14:51:14] Detalhes dos pods com problemas:
[2025-05-11 14:51:19] Aguardando pods no namespace tenant-d... (5/120s) - 4 pods ainda não prontos, 0 não em execução
[2025-05-11 14:51:24] Aguardando pods no namespace tenant-d... (10/120s) - 4 pods ainda não prontos, 0 não em execução
[2025-05-11 14:51:29] Status dos pods em tenant-d:
[2025-05-11 14:51:30] Detalhes dos pods com problemas:
[2025-05-11 14:51:35] Aguardando pods no namespace tenant-d... (20/120s) - 4 pods ainda não prontos, 0 não em execução
[2025-05-11 14:51:40] Aguardando pods no namespace tenant-d... (25/120s) - 4 pods ainda não prontos, 0 não em execução
[2025-05-11 14:51:45] Status dos pods em tenant-d:
[2025-05-11 14:51:45] Detalhes dos pods com problemas:
[2025-05-11 14:51:50] Aguardando pods no namespace tenant-d... (35/120s) - 4 pods ainda não prontos, 0 não em execução
[2025-05-11 14:51:56] Aguardando pods no namespace tenant-d... (40/120s) - 4 pods ainda não prontos, 0 não em execução
[2025-05-11 14:52:01] Status dos pods em tenant-d:
[2025-05-11 14:52:01] Detalhes dos pods com problemas:
[2025-05-11 14:52:06] Aguardando pods no namespace tenant-d... (50/120s) - 4 pods ainda não prontos, 0 não em execução
[2025-05-11 14:52:11] Aguardando pods no namespace tenant-d... (55/120s) - 4 pods ainda não prontos, 0 não em execução
[2025-05-11 14:52:16] Status dos pods em tenant-d:
[2025-05-11 14:52:16] Detalhes dos pods com problemas:
[2025-05-11 14:52:22] Aguardando pods no namespace tenant-d... (65/120s) - 4 pods ainda não prontos, 0 não em execução
[2025-05-11 14:52:27] Aguardando pods no namespace tenant-d... (70/120s) - 4 pods ainda não prontos, 0 não em execução
[2025-05-11 14:52:32] Status dos pods em tenant-d:
[2025-05-11 14:52:32] Detalhes dos pods com problemas:
[2025-05-11 14:52:37] Aguardando pods no namespace tenant-d... (80/120s) - 4 pods ainda não prontos, 0 não em execução
[2025-05-11 14:52:42] Aguardando pods no namespace tenant-d... (85/120s) - 4 pods ainda não prontos, 0 não em execução
[2025-05-11 14:52:48] Status dos pods em tenant-d:
[2025-05-11 14:52:48] Detalhes dos pods com problemas:
[2025-05-11 14:52:53] Aguardando pods no namespace tenant-d... (95/120s) - 4 pods ainda não prontos, 0 não em execução
[2025-05-11 14:52:58] Aguardando pods no namespace tenant-d... (100/120s) - 4 pods ainda não prontos, 0 não em execução
[2025-05-11 14:53:03] Status dos pods em tenant-d:
[2025-05-11 14:53:03] Detalhes dos pods com problemas:
[2025-05-11 14:53:08] Aguardando pods no namespace tenant-d... (110/120s) - 4 pods ainda não prontos, 0 não em execução
[2025-05-11 14:53:14] Aguardando pods no namespace tenant-d... (115/120s) - 4 pods ainda não prontos, 0 não em execução
[2025-05-11 14:53:19] Timeout aguardando pods no namespace tenant-d
[2025-05-11 14:53:19] Status atual dos pods:
[2025-05-11 14:53:19] Problemas detectados no namespace tenant-d
[2025-05-11 14:53:19] Aguardando pods no namespace ingress-nginx ficarem prontos (timeout: 120s)...
[2025-05-11 14:53:19] Todos os pods no namespace ingress-nginx estão prontos!
[2025-05-11 14:53:19] Nem todos os tenants estão completamente prontos, verificando se é possível continuar...
[2025-05-11 14:53:19] Os pods críticos estão funcionando. Continuando, mas os resultados podem ser afetados.
