[20250511_153325] Iniciando coleta de métricas a cada 5 segundos
[20250511_153325] Métricas configuradas para coleta: 38
[20250511_153325] Verificando acesso ao Prometheus...
[20250511_153325] Prometheus já está acessível via localhost:9090
[20250511_153325] Testando consulta ao Prometheus...
[20250511_153325] Alvos do Prometheus: 61 ativos, 311 descartados
Filesystem      Size  Used Avail Use% Mounted on
/dev/nvme0n1p3  465G   27G  435G   6% /
devtmpfs        4.0M     0  4.0M   0% /dev
tmpfs            16G   36M   16G   1% /dev/shm
efivarfs        128K   50K   74K  41% /sys/firmware/efi/efivars
tmpfs           6.3G  2.3M  6.3G   1% /run
tmpfs           1.0M     0  1.0M   0% /run/credentials/systemd-journald.service
tmpfs            16G  5.1M   16G   1% /tmp
/dev/nvme0n1p3  465G   27G  435G   6% /home
/dev/nvme0n1p2  974M  463M  444M  52% /boot
/dev/nvme0n1p1  599M   53M  547M   9% /boot/efi
tmpfs           1.0M     0  1.0M   0% /run/credentials/systemd-resolved.service
tmpfs           3.2G  180K  3.2G   1% /run/user/1000
[20250511_153325] DEBUG: Verificando permissões de escrita em /home/phil/Projects/k8s-noisy-lab/results/2025-05-11/15-32-29/firsts-analisys-3
Escrita permitida
[20250511_153325] DEBUG: Número total de métricas: 38
[20250511_153325] Verificando pods em todos os namespaces:
NAMESPACE        NAME                                                     READY   STATUS              RESTARTS   AGE
ingress-nginx    ingress-nginx-controller-77ff9b8cfc-pxppq                1/1     Running             0          68m
kube-system      calico-kube-controllers-5745477d4d-x72lp                 1/1     Running             0          71m
kube-system      calico-node-lpsv9                                        1/1     Running             0          71m
kube-system      coredns-668d6bf9bc-n7rts                                 1/1     Running             0          71m
kube-system      etcd-minikube                                            1/1     Running             0          71m
kube-system      kube-apiserver-minikube                                  1/1     Running             0          71m
kube-system      kube-controller-manager-minikube                         1/1     Running             0          71m
kube-system      kube-proxy-h4mr6                                         1/1     Running             0          71m
kube-system      kube-scheduler-minikube                                  1/1     Running             0          71m
kube-system      metrics-server-7fbb699795-4l2vd                          1/1     Running             0          71m
kube-system      storage-provisioner                                      1/1     Running             0          71m
metallb-system   controller-bb5f47665-9rcc4                               1/1     Running             0          66m
metallb-system   speaker-7662w                                            1/1     Running             0          66m
monitoring       alertmanager-prometheus-kube-prometheus-alertmanager-0   2/2     Running             0          69m
monitoring       blackbox-exporter-849545489b-wtt89                       1/1     Running             0          64m
monitoring       prometheus-grafana-779f94ccc5-5lk4r                      3/3     Running             0          70m
monitoring       prometheus-kube-prometheus-operator-58dbc8bb4f-ctfhn     1/1     Running             0          70m
monitoring       prometheus-kube-state-metrics-5bc7f89f46-svw6t           1/1     Running             0          70m
monitoring       prometheus-prometheus-kube-prometheus-prometheus-0       2/2     Running             0          69m
monitoring       prometheus-prometheus-node-exporter-xrbld                1/1     Running             0          70m
tenant-a         nginx-benchmark-75wms                                    0/1     Pending             0          0s
tenant-a         nginx-deployment-56fc57d4-ng6kc                          0/1     ContainerCreating   0          0s
tenant-a         nginx-deployment-56fc57d4-sgz9r                          0/1     ContainerCreating   0          0s
tenant-a         nginx-deployment-56fc57d4-zv5pn                          0/1     ContainerCreating   0          0s
[20250511_153325] WARN: sem dados para cpu_throttled_time
[20250511_153325] WARN: sem dados para cpu_throttled_ratio
[20250511_153325] WARN: sem dados para memory_pressure
[20250511_153325] WARN: sem dados para postgres_connections
[20250511_153325] WARN: sem dados para postgres_transactions
[20250511_153325] WARN: sem dados para postgres_disk_io
[20250511_153325] WARN: sem dados para latency_process_time
[20250511_153325] INFO: Coletadas 126 métricas com sucesso (falhas: 0, total até agora: sucesso=1, falha=0)
[20250511_153331] WARN: sem dados para cpu_throttled_time
[20250511_153331] WARN: sem dados para memory_usage_noisy_victim_ratio
[20250511_153331] WARN: sem dados para resource_dominance_index
[20250511_153331] WARN: sem dados para cpu_throttled_ratio
[20250511_153331] WARN: sem dados para memory_pressure
[20250511_153331] WARN: sem dados para postgres_connections
[20250511_153331] WARN: sem dados para postgres_transactions
[20250511_153331] WARN: sem dados para postgres_disk_io
[20250511_153331] WARN: sem dados para latency_process_time
[20250511_153331] INFO: Coletadas 143 métricas com sucesso (falhas: 0, total até agora: sucesso=2, falha=0)
[20250511_153338] WARN: sem dados para cpu_throttled_time
[20250511_153338] WARN: sem dados para memory_usage_noisy_victim_ratio
[20250511_153338] WARN: sem dados para cpu_tenant_d_vs_other_ratio
[20250511_153338] WARN: sem dados para resource_dominance_index
[20250511_153338] WARN: sem dados para cpu_throttled_ratio
[20250511_153338] WARN: sem dados para memory_pressure
[20250511_153338] WARN: sem dados para disk_io_tenant_d
[20250511_153338] WARN: sem dados para postgres_connections
[20250511_153338] WARN: sem dados para postgres_transactions
[20250511_153338] WARN: sem dados para disk_tenant_d_vs_other_ratio
[20250511_153338] WARN: sem dados para postgres_disk_io
[20250511_153338] WARN: sem dados para latency_process_time
[20250511_153338] INFO: Coletadas 151 métricas com sucesso (falhas: 0, total até agora: sucesso=3, falha=0)
[20250511_153344] WARN: sem dados para cpu_throttled_time
[20250511_153344] WARN: sem dados para memory_usage_noisy_victim_ratio
[20250511_153344] WARN: sem dados para resource_dominance_index
[20250511_153344] WARN: sem dados para cpu_throttled_ratio
[20250511_153344] WARN: sem dados para memory_pressure
[20250511_153344] WARN: sem dados para postgres_connections
[20250511_153344] WARN: sem dados para postgres_transactions
[20250511_153344] WARN: sem dados para postgres_disk_io
[20250511_153344] WARN: sem dados para latency_process_time
[20250511_153344] INFO: Coletadas 165 métricas com sucesso (falhas: 0, total até agora: sucesso=4, falha=0)
[20250511_153350] WARN: sem dados para cpu_throttled_time
[20250511_153350] WARN: sem dados para memory_usage_noisy_victim_ratio
[20250511_153350] WARN: sem dados para resource_dominance_index
[20250511_153350] WARN: sem dados para cpu_throttled_ratio
[20250511_153350] WARN: sem dados para memory_pressure
[20250511_153350] WARN: sem dados para postgres_connections
[20250511_153350] WARN: sem dados para postgres_transactions
[20250511_153350] WARN: sem dados para postgres_disk_io
[20250511_153350] WARN: sem dados para latency_process_time
[20250511_153350] INFO: Coletadas 166 métricas com sucesso (falhas: 0, total até agora: sucesso=5, falha=0)
[20250511_153357] WARN: sem dados para cpu_throttled_time
[20250511_153357] WARN: sem dados para memory_usage_noisy_victim_ratio
[20250511_153357] WARN: sem dados para resource_dominance_index
[20250511_153357] WARN: sem dados para cpu_throttled_ratio
[20250511_153357] WARN: sem dados para memory_pressure
[20250511_153357] WARN: sem dados para postgres_connections
[20250511_153357] WARN: sem dados para postgres_transactions
[20250511_153357] WARN: sem dados para postgres_disk_io
[20250511_153357] WARN: sem dados para latency_process_time
[20250511_153357] INFO: Coletadas 166 métricas com sucesso (falhas: 0, total até agora: sucesso=6, falha=0)
[20250511_153403] WARN: sem dados para cpu_throttled_time
[20250511_153403] WARN: sem dados para memory_usage_noisy_victim_ratio
[20250511_153403] WARN: sem dados para resource_dominance_index
[20250511_153403] WARN: sem dados para cpu_throttled_ratio
[20250511_153403] WARN: sem dados para memory_pressure
[20250511_153403] WARN: sem dados para postgres_connections
[20250511_153403] WARN: sem dados para postgres_transactions
[20250511_153403] WARN: sem dados para postgres_disk_io
[20250511_153403] WARN: sem dados para latency_process_time
[20250511_153403] INFO: Coletadas 166 métricas com sucesso (falhas: 0, total até agora: sucesso=7, falha=0)
[20250511_153409] WARN: sem dados para cpu_throttled_time
[20250511_153409] WARN: sem dados para memory_usage_noisy_victim_ratio
[20250511_153409] WARN: sem dados para resource_dominance_index
[20250511_153409] WARN: sem dados para cpu_throttled_ratio
[20250511_153409] WARN: sem dados para memory_pressure
[20250511_153409] WARN: sem dados para postgres_connections
[20250511_153409] WARN: sem dados para postgres_transactions
[20250511_153409] WARN: sem dados para cpu_usage_noisy_victim_ratio
[20250511_153409] WARN: sem dados para postgres_disk_io
[20250511_153409] WARN: sem dados para network_usage_noisy_victim_ratio
[20250511_153409] WARN: sem dados para latency_process_time
[20250511_153409] INFO: Coletadas 155 métricas com sucesso (falhas: 0, total até agora: sucesso=8, falha=0)
[20250511_153416] WARN: sem dados para cpu_throttled_time
[20250511_153416] WARN: sem dados para memory_usage_noisy_victim_ratio
[20250511_153416] WARN: sem dados para resource_dominance_index
[20250511_153416] WARN: sem dados para cpu_throttled_ratio
[20250511_153416] WARN: sem dados para memory_pressure
[20250511_153416] WARN: sem dados para postgres_connections
[20250511_153416] WARN: sem dados para postgres_transactions
[20250511_153416] WARN: sem dados para cpu_usage_noisy_victim_ratio
[20250511_153416] WARN: sem dados para postgres_disk_io
[20250511_153416] WARN: sem dados para network_usage_noisy_victim_ratio
[20250511_153416] WARN: sem dados para latency_process_time
[20250511_153416] INFO: Coletadas 155 métricas com sucesso (falhas: 0, total até agora: sucesso=9, falha=0)
[20250511_153422] WARN: sem dados para cpu_throttled_time
[20250511_153422] WARN: sem dados para memory_usage_noisy_victim_ratio
[20250511_153422] WARN: sem dados para resource_dominance_index
[20250511_153422] WARN: sem dados para cpu_throttled_ratio
[20250511_153422] WARN: sem dados para memory_pressure
[20250511_153422] WARN: sem dados para postgres_connections
[20250511_153422] WARN: sem dados para postgres_transactions
[20250511_153422] WARN: sem dados para cpu_usage_noisy_victim_ratio
[20250511_153422] WARN: sem dados para postgres_disk_io
[20250511_153422] WARN: sem dados para network_usage_noisy_victim_ratio
[20250511_153422] WARN: sem dados para latency_process_time
[20250511_153422] INFO: Coletadas 155 métricas com sucesso (falhas: 0, total até agora: sucesso=10, falha=0)
[20250511_153428] Verificando pods em todos os namespaces:
NAMESPACE        NAME                                                     READY   STATUS    RESTARTS   AGE
ingress-nginx    ingress-nginx-controller-77ff9b8cfc-pxppq                1/1     Running   0          69m
kube-system      calico-kube-controllers-5745477d4d-x72lp                 1/1     Running   0          72m
kube-system      calico-node-lpsv9                                        1/1     Running   0          72m
kube-system      coredns-668d6bf9bc-n7rts                                 1/1     Running   0          72m
kube-system      etcd-minikube                                            1/1     Running   0          72m
kube-system      kube-apiserver-minikube                                  1/1     Running   0          72m
kube-system      kube-controller-manager-minikube                         1/1     Running   0          72m
kube-system      kube-proxy-h4mr6                                         1/1     Running   0          72m
kube-system      kube-scheduler-minikube                                  1/1     Running   0          72m
kube-system      metrics-server-7fbb699795-4l2vd                          1/1     Running   0          72m
kube-system      storage-provisioner                                      1/1     Running   0          72m
metallb-system   controller-bb5f47665-9rcc4                               1/1     Running   0          67m
metallb-system   speaker-7662w                                            1/1     Running   0          67m
monitoring       alertmanager-prometheus-kube-prometheus-alertmanager-0   2/2     Running   0          70m
monitoring       blackbox-exporter-849545489b-wtt89                       1/1     Running   0          65m
monitoring       prometheus-grafana-779f94ccc5-5lk4r                      3/3     Running   0          71m
monitoring       prometheus-kube-prometheus-operator-58dbc8bb4f-ctfhn     1/1     Running   0          71m
monitoring       prometheus-kube-state-metrics-5bc7f89f46-svw6t           1/1     Running   0          71m
monitoring       prometheus-prometheus-kube-prometheus-prometheus-0       2/2     Running   0          70m
monitoring       prometheus-prometheus-node-exporter-xrbld                1/1     Running   0          71m
tenant-a         iperf-server-d79fbdf6c-4mjgq                             1/1     Running   0          63s
tenant-a         nginx-benchmark-75wms                                    1/1     Running   0          63s
tenant-a         nginx-deployment-56fc57d4-ng6kc                          1/1     Running   0          63s
tenant-a         nginx-deployment-56fc57d4-sgz9r                          1/1     Running   0          63s
tenant-a         nginx-deployment-56fc57d4-zv5pn                          1/1     Running   0          63s
tenant-c         continuous-memory-stress-c5f2r                           1/1     Running   0          61s
tenant-c         memory-monitor-cfd7584c6-9tl46                           1/1     Running   0          61s
tenant-c         redis-deployment-6f5c56db8b-rx857                        1/1     Running   0          61s
tenant-d         cpu-intensive-continuous-mbhqf                           1/1     Running   0          61s
tenant-d         pgbench-continuous-workload-brb58                        1/1     Running   0          61s
tenant-d         pgbench-init-cj26k                                       1/1     Running   0          61s
tenant-d         postgres-5dc855c4cc-h4mt2                                2/2     Running   0          61s
[20250511_153428] WARN: sem dados para cpu_throttled_time
[20250511_153428] WARN: sem dados para memory_usage_noisy_victim_ratio
[20250511_153428] WARN: sem dados para resource_dominance_index
[20250511_153428] WARN: sem dados para cpu_throttled_ratio
[20250511_153428] WARN: sem dados para memory_pressure
[20250511_153428] WARN: sem dados para postgres_connections
[20250511_153428] WARN: sem dados para postgres_transactions
[20250511_153428] WARN: sem dados para cpu_usage_noisy_victim_ratio
[20250511_153428] WARN: sem dados para postgres_disk_io
[20250511_153428] WARN: sem dados para network_usage_noisy_victim_ratio
[20250511_153428] WARN: sem dados para latency_process_time
[20250511_153428] INFO: Coletadas 155 métricas com sucesso (falhas: 0, total até agora: sucesso=11, falha=0)
[20250511_153435] WARN: sem dados para cpu_throttled_time
[20250511_153435] WARN: sem dados para memory_usage_noisy_victim_ratio
[20250511_153435] WARN: sem dados para resource_dominance_index
[20250511_153435] WARN: sem dados para cpu_throttled_ratio
[20250511_153435] WARN: sem dados para memory_pressure
[20250511_153435] WARN: sem dados para postgres_connections
[20250511_153435] WARN: sem dados para postgres_transactions
[20250511_153435] WARN: sem dados para cpu_usage_noisy_victim_ratio
[20250511_153435] WARN: sem dados para postgres_disk_io
[20250511_153435] WARN: sem dados para network_usage_noisy_victim_ratio
[20250511_153435] WARN: sem dados para latency_process_time
[20250511_153435] INFO: Coletadas 155 métricas com sucesso (falhas: 0, total até agora: sucesso=12, falha=0)
[20250511_153441] WARN: sem dados para cpu_throttled_time
[20250511_153441] WARN: sem dados para memory_usage_noisy_victim_ratio
[20250511_153441] WARN: sem dados para resource_dominance_index
[20250511_153441] WARN: sem dados para cpu_throttled_ratio
[20250511_153441] WARN: sem dados para memory_pressure
[20250511_153441] WARN: sem dados para postgres_connections
[20250511_153441] WARN: sem dados para postgres_transactions
[20250511_153441] WARN: sem dados para cpu_usage_noisy_victim_ratio
[20250511_153441] WARN: sem dados para postgres_disk_io
[20250511_153441] WARN: sem dados para network_usage_noisy_victim_ratio
[20250511_153441] WARN: sem dados para latency_process_time
[20250511_153441] INFO: Coletadas 155 métricas com sucesso (falhas: 0, total até agora: sucesso=13, falha=0)
[20250511_153447] WARN: sem dados para cpu_throttled_time
[20250511_153447] WARN: sem dados para memory_usage_noisy_victim_ratio
[20250511_153447] WARN: sem dados para resource_dominance_index
[20250511_153447] WARN: sem dados para cpu_throttled_ratio
[20250511_153447] WARN: sem dados para memory_pressure
[20250511_153447] WARN: sem dados para postgres_connections
[20250511_153447] WARN: sem dados para postgres_transactions
[20250511_153447] WARN: sem dados para cpu_usage_noisy_victim_ratio
[20250511_153447] WARN: sem dados para postgres_disk_io
[20250511_153447] WARN: sem dados para network_usage_noisy_victim_ratio
[20250511_153447] WARN: sem dados para latency_process_time
[20250511_153447] INFO: Coletadas 155 métricas com sucesso (falhas: 0, total até agora: sucesso=14, falha=0)
[20250511_153454] WARN: sem dados para cpu_throttled_time
[20250511_153454] WARN: sem dados para memory_usage_noisy_victim_ratio
[20250511_153454] WARN: sem dados para resource_dominance_index
[20250511_153454] WARN: sem dados para cpu_throttled_ratio
[20250511_153454] WARN: sem dados para memory_pressure
[20250511_153454] WARN: sem dados para postgres_connections
[20250511_153454] WARN: sem dados para postgres_transactions
[20250511_153454] WARN: sem dados para cpu_usage_noisy_victim_ratio
[20250511_153454] WARN: sem dados para postgres_disk_io
[20250511_153454] WARN: sem dados para network_usage_noisy_victim_ratio
[20250511_153454] WARN: sem dados para latency_process_time
[20250511_153454] INFO: Coletadas 155 métricas com sucesso (falhas: 0, total até agora: sucesso=15, falha=0)
[20250511_153500] WARN: sem dados para cpu_throttled_time
[20250511_153500] WARN: sem dados para memory_usage_noisy_victim_ratio
[20250511_153500] WARN: sem dados para resource_dominance_index
[20250511_153500] WARN: sem dados para cpu_throttled_ratio
[20250511_153500] WARN: sem dados para memory_pressure
[20250511_153500] WARN: sem dados para postgres_connections
[20250511_153500] WARN: sem dados para postgres_transactions
[20250511_153500] WARN: sem dados para cpu_usage_noisy_victim_ratio
[20250511_153500] WARN: sem dados para postgres_disk_io
[20250511_153500] WARN: sem dados para network_usage_noisy_victim_ratio
[20250511_153500] WARN: sem dados para latency_process_time
[20250511_153500] INFO: Coletadas 155 métricas com sucesso (falhas: 0, total até agora: sucesso=16, falha=0)
