[20250511_155634] Iniciando coleta de métricas a cada 5 segundos
[20250511_155634] Métricas configuradas para coleta: 38
[20250511_155634] Verificando acesso ao Prometheus...
[20250511_155634] Prometheus não está acessível via localhost:9090
[20250511_155635] Listando pods do Prometheus:
No resources found in monitoring namespace.
NAME                                                 READY   STATUS    RESTARTS   AGE
prometheus-prometheus-kube-prometheus-prometheus-0   2/2     Running   0          93m
[20250511_155635] Listando serviços do Prometheus:
prometheus-grafana                        ClusterIP   10.106.212.140   <none>        80/TCP                       93m
prometheus-kube-prometheus-alertmanager   ClusterIP   10.99.137.217    <none>        9093/TCP,8080/TCP            93m
prometheus-kube-prometheus-operator       ClusterIP   10.105.243.116   <none>        443/TCP                      93m
prometheus-kube-prometheus-prometheus     ClusterIP   10.111.121.152   <none>        9090/TCP,8080/TCP            93m
prometheus-kube-state-metrics             ClusterIP   10.99.34.242     <none>        8080/TCP                     93m
prometheus-operated                       ClusterIP   None             <none>        9090/TCP                     93m
prometheus-prometheus-node-exporter       ClusterIP   10.105.135.222   <none>        9100/TCP                     93m
[20250511_155635] Encontrado serviço do Prometheus: prometheus-operated
[20250511_155635] Iniciando port-forward: kubectl port-forward --namespace monitoring svc/prometheus-operated 9090:9090
[20250511_155635] Port-forward iniciado com PID: 669108
[20250511_155635] Aguardando port-forward, tentativa 1/15
Forwarding from 127.0.0.1:9090 -> 9090
Forwarding from [::1]:9090 -> 9090
Handling connection for 9090
[20250511_155637] Port-forward para o Prometheus configurado com sucesso
[20250511_155637] Testando consulta ao Prometheus...
Handling connection for 9090
Handling connection for 9090
[20250511_155638] Alvos do Prometheus: 73 ativos, 317 descartados
Filesystem      Size  Used Avail Use% Mounted on
/dev/nvme0n1p3  465G   28G  434G   6% /
devtmpfs        4.0M     0  4.0M   0% /dev
tmpfs            16G   26M   16G   1% /dev/shm
efivarfs        128K   50K   74K  41% /sys/firmware/efi/efivars
tmpfs           6.3G  2.3M  6.3G   1% /run
tmpfs           1.0M     0  1.0M   0% /run/credentials/systemd-journald.service
tmpfs            16G  5.1M   16G   1% /tmp
/dev/nvme0n1p3  465G   28G  434G   6% /home
/dev/nvme0n1p2  974M  463M  444M  52% /boot
/dev/nvme0n1p1  599M   53M  547M   9% /boot/efi
tmpfs           1.0M     0  1.0M   0% /run/credentials/systemd-resolved.service
tmpfs           3.2G  192K  3.2G   1% /run/user/1000
[20250511_155638] DEBUG: Verificando permissões de escrita em /home/phil/Projects/k8s-noisy-lab/results/2025-05-11/15-51-11/firsts-analisys-4
Escrita permitida
[20250511_155638] DEBUG: Número total de métricas: 38
[20250511_155638] Verificando pods em todos os namespaces:
NAMESPACE        NAME                                                     READY   STATUS        RESTARTS   AGE
ingress-nginx    ingress-nginx-controller-77ff9b8cfc-pxppq                1/1     Running       0          91m
kube-system      calico-kube-controllers-5745477d4d-x72lp                 1/1     Running       0          94m
kube-system      calico-node-lpsv9                                        1/1     Running       0          94m
kube-system      coredns-668d6bf9bc-n7rts                                 1/1     Running       0          94m
kube-system      etcd-minikube                                            1/1     Running       0          94m
kube-system      kube-apiserver-minikube                                  1/1     Running       0          94m
kube-system      kube-controller-manager-minikube                         1/1     Running       0          94m
kube-system      kube-proxy-h4mr6                                         1/1     Running       0          94m
kube-system      kube-scheduler-minikube                                  1/1     Running       0          94m
kube-system      metrics-server-7fbb699795-4l2vd                          1/1     Running       0          94m
kube-system      storage-provisioner                                      1/1     Running       0          94m
metallb-system   controller-bb5f47665-9rcc4                               1/1     Running       0          89m
metallb-system   speaker-7662w                                            1/1     Running       0          89m
monitoring       alertmanager-prometheus-kube-prometheus-alertmanager-0   2/2     Running       0          93m
monitoring       blackbox-exporter-849545489b-wtt89                       1/1     Running       0          87m
monitoring       prometheus-grafana-779f94ccc5-5lk4r                      3/3     Running       0          93m
monitoring       prometheus-kube-prometheus-operator-58dbc8bb4f-ctfhn     1/1     Running       0          93m
monitoring       prometheus-kube-state-metrics-5bc7f89f46-svw6t           1/1     Running       0          93m
monitoring       prometheus-prometheus-kube-prometheus-prometheus-0       2/2     Running       0          93m
monitoring       prometheus-prometheus-node-exporter-xrbld                1/1     Running       0          93m
tenant-a         iperf-server-d79fbdf6c-426xr                             1/1     Running       0          5m4s
tenant-a         nginx-benchmark-hfk8l                                    0/1     Completed     0          5m4s
tenant-a         nginx-deployment-56fc57d4-gj97h                          1/1     Running       0          5m4s
tenant-a         nginx-deployment-56fc57d4-pwm26                          1/1     Running       0          5m4s
tenant-a         nginx-deployment-56fc57d4-zjf2q                          1/1     Running       0          5m4s
tenant-b         stress-ng-6764fc7965-54tgn                               1/1     Terminating   0          2m34s
tenant-b         stress-ng-6764fc7965-6td5k                               1/1     Terminating   0          2m34s
tenant-b         traffic-generator-85fb77744d-chmgf                       1/1     Terminating   0          2m34s
tenant-b         traffic-generator-85fb77744d-dczdw                       1/1     Terminating   0          2m34s
tenant-b         traffic-generator-85fb77744d-fqlcw                       1/1     Terminating   0          2m34s
tenant-c         continuous-memory-stress-9qxvl                           1/1     Running       0          5m3s
tenant-c         memory-monitor-cfd7584c6-6j9gb                           1/1     Running       0          5m3s
tenant-c         redis-deployment-6f5c56db8b-wg8lg                        1/1     Running       0          5m3s
tenant-d         cpu-intensive-continuous-dhlzc                           0/1     Completed     0          5m2s
tenant-d         disk-intensive-continuous-cwv8k                          1/1     Running       0          2m59s
tenant-d         pgbench-continuous-workload-679z8                        0/1     Completed     0          5m2s
tenant-d         pgbench-init-fljjx                                       0/1     Completed     0          5m2s
tenant-d         postgres-5dc855c4cc-2j8tg                                2/2     Running       0          5m2s
Handling connection for 9090
[20250511_155638] WARN: sem dados para cpu_throttled_time
Handling connection for 9090
Handling connection for 9090
Handling connection for 9090
Handling connection for 9090
Handling connection for 9090
Handling connection for 9090
Handling connection for 9090
Handling connection for 9090
Handling connection for 9090
Handling connection for 9090
Handling connection for 9090
[20250511_155638] WARN: sem dados para cpu_throttled_ratio
Handling connection for 9090
[20250511_155638] WARN: sem dados para memory_pressure
Handling connection for 9090
Handling connection for 9090
Handling connection for 9090
Handling connection for 9090
[20250511_155638] WARN: sem dados para postgres_connections
Handling connection for 9090
Handling connection for 9090
Handling connection for 9090
[20250511_155638] WARN: sem dados para postgres_transactions
Handling connection for 9090
Handling connection for 9090
Handling connection for 9090
Handling connection for 9090
Handling connection for 9090
Handling connection for 9090
Handling connection for 9090
Handling connection for 9090
Handling connection for 9090
[20250511_155638] WARN: sem dados para postgres_disk_io
Handling connection for 9090
Handling connection for 9090
Handling connection for 9090
Handling connection for 9090
Handling connection for 9090
[20250511_155638] WARN: sem dados para latency_process_time
Handling connection for 9090
Handling connection for 9090
Handling connection for 9090
Handling connection for 9090
[20250511_155638] INFO: Coletadas 154 métricas com sucesso (falhas: 0, total até agora: sucesso=1, falha=0)
Handling connection for 9090
[20250511_155645] WARN: sem dados para cpu_throttled_time
Handling connection for 9090
Handling connection for 9090
Handling connection for 9090
Handling connection for 9090
Handling connection for 9090
Handling connection for 9090
Handling connection for 9090
Handling connection for 9090
Handling connection for 9090
Handling connection for 9090
Handling connection for 9090
[20250511_155645] WARN: sem dados para cpu_throttled_ratio
Handling connection for 9090
[20250511_155645] WARN: sem dados para memory_pressure
Handling connection for 9090
Handling connection for 9090
Handling connection for 9090
Handling connection for 9090
[20250511_155645] WARN: sem dados para postgres_connections
Handling connection for 9090
Handling connection for 9090
Handling connection for 9090
[20250511_155645] WARN: sem dados para postgres_transactions
Handling connection for 9090
Handling connection for 9090
Handling connection for 9090
Handling connection for 9090
Handling connection for 9090
Handling connection for 9090
Handling connection for 9090
Handling connection for 9090
Handling connection for 9090
[20250511_155645] WARN: sem dados para postgres_disk_io
Handling connection for 9090
Handling connection for 9090
Handling connection for 9090
Handling connection for 9090
Handling connection for 9090
[20250511_155645] WARN: sem dados para latency_process_time
Handling connection for 9090
Handling connection for 9090
Handling connection for 9090
Handling connection for 9090
[20250511_155645] INFO: Coletadas 154 métricas com sucesso (falhas: 0, total até agora: sucesso=2, falha=0)
Handling connection for 9090
[20250511_155652] WARN: sem dados para cpu_throttled_time
Handling connection for 9090
Handling connection for 9090
Handling connection for 9090
Handling connection for 9090
Handling connection for 9090
Handling connection for 9090
Handling connection for 9090
Handling connection for 9090
Handling connection for 9090
Handling connection for 9090
Handling connection for 9090
[20250511_155652] WARN: sem dados para cpu_throttled_ratio
Handling connection for 9090
[20250511_155652] WARN: sem dados para memory_pressure
Handling connection for 9090
Handling connection for 9090
Handling connection for 9090
Handling connection for 9090
[20250511_155652] WARN: sem dados para postgres_connections
Handling connection for 9090
Handling connection for 9090
Handling connection for 9090
[20250511_155652] WARN: sem dados para postgres_transactions
Handling connection for 9090
Handling connection for 9090
Handling connection for 9090
Handling connection for 9090
Handling connection for 9090
Handling connection for 9090
Handling connection for 9090
Handling connection for 9090
Handling connection for 9090
[20250511_155652] WARN: sem dados para postgres_disk_io
Handling connection for 9090
Handling connection for 9090
Handling connection for 9090
Handling connection for 9090
Handling connection for 9090
[20250511_155652] WARN: sem dados para latency_process_time
Handling connection for 9090
Handling connection for 9090
Handling connection for 9090
Handling connection for 9090
[20250511_155652] INFO: Coletadas 154 métricas com sucesso (falhas: 0, total até agora: sucesso=3, falha=0)
Handling connection for 9090
[20250511_155658] WARN: sem dados para cpu_throttled_time
Handling connection for 9090
Handling connection for 9090
Handling connection for 9090
Handling connection for 9090
Handling connection for 9090
Handling connection for 9090
Handling connection for 9090
Handling connection for 9090
Handling connection for 9090
Handling connection for 9090
Handling connection for 9090
[20250511_155658] WARN: sem dados para cpu_throttled_ratio
Handling connection for 9090
[20250511_155658] WARN: sem dados para memory_pressure
Handling connection for 9090
Handling connection for 9090
Handling connection for 9090
Handling connection for 9090
[20250511_155658] WARN: sem dados para postgres_connections
Handling connection for 9090
Handling connection for 9090
Handling connection for 9090
[20250511_155658] WARN: sem dados para postgres_transactions
Handling connection for 9090
Handling connection for 9090
Handling connection for 9090
Handling connection for 9090
Handling connection for 9090
Handling connection for 9090
Handling connection for 9090
Handling connection for 9090
Handling connection for 9090
[20250511_155658] WARN: sem dados para postgres_disk_io
Handling connection for 9090
Handling connection for 9090
Handling connection for 9090
Handling connection for 9090
Handling connection for 9090
[20250511_155658] WARN: sem dados para latency_process_time
Handling connection for 9090
Handling connection for 9090
Handling connection for 9090
Handling connection for 9090
[20250511_155658] INFO: Coletadas 154 métricas com sucesso (falhas: 0, total até agora: sucesso=4, falha=0)
Handling connection for 9090
[20250511_155704] WARN: sem dados para cpu_throttled_time
Handling connection for 9090
Handling connection for 9090
Handling connection for 9090
Handling connection for 9090
Handling connection for 9090
Handling connection for 9090
Handling connection for 9090
Handling connection for 9090
Handling connection for 9090
Handling connection for 9090
Handling connection for 9090
[20250511_155704] WARN: sem dados para cpu_throttled_ratio
Handling connection for 9090
[20250511_155704] WARN: sem dados para memory_pressure
Handling connection for 9090
Handling connection for 9090
Handling connection for 9090
Handling connection for 9090
[20250511_155704] WARN: sem dados para postgres_connections
Handling connection for 9090
Handling connection for 9090
Handling connection for 9090
[20250511_155704] WARN: sem dados para postgres_transactions
Handling connection for 9090
Handling connection for 9090
Handling connection for 9090
Handling connection for 9090
Handling connection for 9090
Handling connection for 9090
Handling connection for 9090
Handling connection for 9090
Handling connection for 9090
[20250511_155704] WARN: sem dados para postgres_disk_io
Handling connection for 9090
Handling connection for 9090
Handling connection for 9090
Handling connection for 9090
Handling connection for 9090
[20250511_155704] WARN: sem dados para latency_process_time
Handling connection for 9090
Handling connection for 9090
Handling connection for 9090
Handling connection for 9090
[20250511_155704] INFO: Coletadas 154 métricas com sucesso (falhas: 0, total até agora: sucesso=5, falha=0)
Handling connection for 9090
[20250511_155711] WARN: sem dados para cpu_throttled_time
Handling connection for 9090
[20250511_155711] WARN: sem dados para memory_usage_noisy_victim_ratio
Handling connection for 9090
Handling connection for 9090
Handling connection for 9090
Handling connection for 9090
Handling connection for 9090
Handling connection for 9090
Handling connection for 9090
Handling connection for 9090
[20250511_155711] WARN: sem dados para resource_dominance_index
Handling connection for 9090
Handling connection for 9090
[20250511_155711] WARN: sem dados para cpu_throttled_ratio
Handling connection for 9090
[20250511_155711] WARN: sem dados para memory_pressure
Handling connection for 9090
Handling connection for 9090
Handling connection for 9090
Handling connection for 9090
[20250511_155711] WARN: sem dados para postgres_connections
Handling connection for 9090
Handling connection for 9090
Handling connection for 9090
[20250511_155711] WARN: sem dados para postgres_transactions
Handling connection for 9090
Handling connection for 9090
Handling connection for 9090
Handling connection for 9090
Handling connection for 9090
Handling connection for 9090
Handling connection for 9090
Handling connection for 9090
Handling connection for 9090
[20250511_155711] WARN: sem dados para postgres_disk_io
Handling connection for 9090
Handling connection for 9090
Handling connection for 9090
Handling connection for 9090
Handling connection for 9090
[20250511_155711] WARN: sem dados para latency_process_time
Handling connection for 9090
Handling connection for 9090
Handling connection for 9090
Handling connection for 9090
[20250511_155711] INFO: Coletadas 141 métricas com sucesso (falhas: 0, total até agora: sucesso=6, falha=0)
Handling connection for 9090
[20250511_155717] WARN: sem dados para cpu_throttled_time
Handling connection for 9090
[20250511_155717] WARN: sem dados para memory_usage_noisy_victim_ratio
Handling connection for 9090
Handling connection for 9090
Handling connection for 9090
Handling connection for 9090
Handling connection for 9090
Handling connection for 9090
Handling connection for 9090
Handling connection for 9090
[20250511_155717] WARN: sem dados para resource_dominance_index
Handling connection for 9090
Handling connection for 9090
[20250511_155717] WARN: sem dados para cpu_throttled_ratio
Handling connection for 9090
[20250511_155717] WARN: sem dados para memory_pressure
Handling connection for 9090
Handling connection for 9090
Handling connection for 9090
Handling connection for 9090
[20250511_155717] WARN: sem dados para postgres_connections
Handling connection for 9090
Handling connection for 9090
Handling connection for 9090
[20250511_155717] WARN: sem dados para postgres_transactions
Handling connection for 9090
Handling connection for 9090
Handling connection for 9090
Handling connection for 9090
Handling connection for 9090
Handling connection for 9090
Handling connection for 9090
Handling connection for 9090
Handling connection for 9090
[20250511_155717] WARN: sem dados para postgres_disk_io
Handling connection for 9090
Handling connection for 9090
Handling connection for 9090
Handling connection for 9090
Handling connection for 9090
[20250511_155717] WARN: sem dados para latency_process_time
Handling connection for 9090
Handling connection for 9090
Handling connection for 9090
Handling connection for 9090
[20250511_155717] INFO: Coletadas 141 métricas com sucesso (falhas: 0, total até agora: sucesso=7, falha=0)
Handling connection for 9090
[20250511_155723] WARN: sem dados para cpu_throttled_time
Handling connection for 9090
[20250511_155723] WARN: sem dados para memory_usage_noisy_victim_ratio
Handling connection for 9090
Handling connection for 9090
Handling connection for 9090
Handling connection for 9090
Handling connection for 9090
Handling connection for 9090
Handling connection for 9090
Handling connection for 9090
[20250511_155723] WARN: sem dados para resource_dominance_index
Handling connection for 9090
Handling connection for 9090
[20250511_155723] WARN: sem dados para cpu_throttled_ratio
Handling connection for 9090
[20250511_155723] WARN: sem dados para memory_pressure
Handling connection for 9090
Handling connection for 9090
Handling connection for 9090
Handling connection for 9090
[20250511_155723] WARN: sem dados para postgres_connections
Handling connection for 9090
Handling connection for 9090
Handling connection for 9090
[20250511_155723] WARN: sem dados para postgres_transactions
Handling connection for 9090
Handling connection for 9090
Handling connection for 9090
Handling connection for 9090
Handling connection for 9090
Handling connection for 9090
Handling connection for 9090
Handling connection for 9090
Handling connection for 9090
[20250511_155723] WARN: sem dados para postgres_disk_io
Handling connection for 9090
Handling connection for 9090
Handling connection for 9090
Handling connection for 9090
Handling connection for 9090
[20250511_155723] WARN: sem dados para latency_process_time
Handling connection for 9090
Handling connection for 9090
Handling connection for 9090
Handling connection for 9090
[20250511_155723] INFO: Coletadas 141 métricas com sucesso (falhas: 0, total até agora: sucesso=8, falha=0)
Handling connection for 9090
[20250511_155729] WARN: sem dados para cpu_throttled_time
Handling connection for 9090
[20250511_155729] WARN: sem dados para memory_usage_noisy_victim_ratio
Handling connection for 9090
Handling connection for 9090
Handling connection for 9090
Handling connection for 9090
Handling connection for 9090
Handling connection for 9090
Handling connection for 9090
Handling connection for 9090
[20250511_155729] WARN: sem dados para resource_dominance_index
Handling connection for 9090
Handling connection for 9090
[20250511_155729] WARN: sem dados para cpu_throttled_ratio
Handling connection for 9090
[20250511_155729] WARN: sem dados para memory_pressure
Handling connection for 9090
Handling connection for 9090
Handling connection for 9090
Handling connection for 9090
[20250511_155729] WARN: sem dados para postgres_connections
Handling connection for 9090
Handling connection for 9090
Handling connection for 9090
[20250511_155729] WARN: sem dados para postgres_transactions
Handling connection for 9090
Handling connection for 9090
Handling connection for 9090
Handling connection for 9090
Handling connection for 9090
Handling connection for 9090
Handling connection for 9090
Handling connection for 9090
Handling connection for 9090
[20250511_155729] WARN: sem dados para postgres_disk_io
Handling connection for 9090
Handling connection for 9090
Handling connection for 9090
Handling connection for 9090
Handling connection for 9090
[20250511_155729] WARN: sem dados para latency_process_time
Handling connection for 9090
Handling connection for 9090
Handling connection for 9090
Handling connection for 9090
[20250511_155729] INFO: Coletadas 141 métricas com sucesso (falhas: 0, total até agora: sucesso=9, falha=0)
Handling connection for 9090
[20250511_155735] WARN: sem dados para cpu_throttled_time
Handling connection for 9090
[20250511_155735] WARN: sem dados para memory_usage_noisy_victim_ratio
Handling connection for 9090
Handling connection for 9090
Handling connection for 9090
Handling connection for 9090
Handling connection for 9090
Handling connection for 9090
Handling connection for 9090
Handling connection for 9090
[20250511_155735] WARN: sem dados para resource_dominance_index
Handling connection for 9090
Handling connection for 9090
[20250511_155735] WARN: sem dados para cpu_throttled_ratio
Handling connection for 9090
[20250511_155735] WARN: sem dados para memory_pressure
Handling connection for 9090
Handling connection for 9090
Handling connection for 9090
Handling connection for 9090
[20250511_155735] WARN: sem dados para postgres_connections
Handling connection for 9090
Handling connection for 9090
Handling connection for 9090
[20250511_155735] WARN: sem dados para postgres_transactions
Handling connection for 9090
Handling connection for 9090
Handling connection for 9090
Handling connection for 9090
Handling connection for 9090
Handling connection for 9090
Handling connection for 9090
Handling connection for 9090
Handling connection for 9090
[20250511_155735] WARN: sem dados para postgres_disk_io
Handling connection for 9090
Handling connection for 9090
Handling connection for 9090
Handling connection for 9090
Handling connection for 9090
[20250511_155735] WARN: sem dados para latency_process_time
Handling connection for 9090
Handling connection for 9090
Handling connection for 9090
Handling connection for 9090
[20250511_155735] INFO: Coletadas 141 métricas com sucesso (falhas: 0, total até agora: sucesso=10, falha=0)
[20250511_155741] Verificando pods em todos os namespaces:
NAMESPACE        NAME                                                     READY   STATUS      RESTARTS   AGE
ingress-nginx    ingress-nginx-controller-77ff9b8cfc-pxppq                1/1     Running     0          92m
kube-system      calico-kube-controllers-5745477d4d-x72lp                 1/1     Running     0          95m
kube-system      calico-node-lpsv9                                        1/1     Running     0          95m
kube-system      coredns-668d6bf9bc-n7rts                                 1/1     Running     0          95m
kube-system      etcd-minikube                                            1/1     Running     0          95m
kube-system      kube-apiserver-minikube                                  1/1     Running     0          95m
kube-system      kube-controller-manager-minikube                         1/1     Running     0          95m
kube-system      kube-proxy-h4mr6                                         1/1     Running     0          95m
kube-system      kube-scheduler-minikube                                  1/1     Running     0          95m
kube-system      metrics-server-7fbb699795-4l2vd                          1/1     Running     0          95m
kube-system      storage-provisioner                                      1/1     Running     0          95m
metallb-system   controller-bb5f47665-9rcc4                               1/1     Running     0          90m
metallb-system   speaker-7662w                                            1/1     Running     0          90m
monitoring       alertmanager-prometheus-kube-prometheus-alertmanager-0   2/2     Running     0          94m
monitoring       blackbox-exporter-849545489b-wtt89                       1/1     Running     0          88m
monitoring       prometheus-grafana-779f94ccc5-5lk4r                      3/3     Running     0          94m
monitoring       prometheus-kube-prometheus-operator-58dbc8bb4f-ctfhn     1/1     Running     0          94m
monitoring       prometheus-kube-state-metrics-5bc7f89f46-svw6t           1/1     Running     0          94m
monitoring       prometheus-prometheus-kube-prometheus-prometheus-0       2/2     Running     0          94m
monitoring       prometheus-prometheus-node-exporter-xrbld                1/1     Running     0          94m
tenant-a         iperf-server-d79fbdf6c-426xr                             1/1     Running     0          6m7s
tenant-a         nginx-benchmark-hfk8l                                    0/1     Completed   0          6m7s
tenant-a         nginx-deployment-56fc57d4-gj97h                          1/1     Running     0          6m7s
tenant-a         nginx-deployment-56fc57d4-pwm26                          1/1     Running     0          6m7s
tenant-a         nginx-deployment-56fc57d4-zjf2q                          1/1     Running     0          6m7s
tenant-c         continuous-memory-stress-9qxvl                           1/1     Running     0          6m6s
tenant-c         memory-monitor-cfd7584c6-6j9gb                           1/1     Running     0          6m6s
tenant-c         redis-deployment-6f5c56db8b-wg8lg                        1/1     Running     0          6m6s
tenant-d         cpu-intensive-continuous-dhlzc                           0/1     Completed   0          6m5s
tenant-d         disk-intensive-continuous-cwv8k                          1/1     Running     0          4m2s
tenant-d         pgbench-continuous-workload-679z8                        0/1     Completed   0          6m5s
tenant-d         pgbench-init-fljjx                                       0/1     Completed   0          6m5s
tenant-d         postgres-5dc855c4cc-2j8tg                                2/2     Running     0          6m5s
Handling connection for 9090
[20250511_155741] WARN: sem dados para cpu_throttled_time
Handling connection for 9090
[20250511_155741] WARN: sem dados para memory_usage_noisy_victim_ratio
Handling connection for 9090
Handling connection for 9090
Handling connection for 9090
Handling connection for 9090
Handling connection for 9090
Handling connection for 9090
Handling connection for 9090
Handling connection for 9090
[20250511_155741] WARN: sem dados para resource_dominance_index
Handling connection for 9090
Handling connection for 9090
[20250511_155741] WARN: sem dados para cpu_throttled_ratio
Handling connection for 9090
[20250511_155741] WARN: sem dados para memory_pressure
Handling connection for 9090
Handling connection for 9090
Handling connection for 9090
Handling connection for 9090
[20250511_155741] WARN: sem dados para postgres_connections
Handling connection for 9090
Handling connection for 9090
Handling connection for 9090
[20250511_155741] WARN: sem dados para postgres_transactions
Handling connection for 9090
Handling connection for 9090
Handling connection for 9090
Handling connection for 9090
Handling connection for 9090
Handling connection for 9090
Handling connection for 9090
Handling connection for 9090
Handling connection for 9090
[20250511_155741] WARN: sem dados para postgres_disk_io
Handling connection for 9090
Handling connection for 9090
Handling connection for 9090
Handling connection for 9090
Handling connection for 9090
[20250511_155741] WARN: sem dados para latency_process_time
Handling connection for 9090
Handling connection for 9090
Handling connection for 9090
Handling connection for 9090
[20250511_155741] INFO: Coletadas 141 métricas com sucesso (falhas: 0, total até agora: sucesso=11, falha=0)
Handling connection for 9090
[20250511_155747] WARN: sem dados para cpu_throttled_time
Handling connection for 9090
[20250511_155747] WARN: sem dados para memory_usage_noisy_victim_ratio
Handling connection for 9090
Handling connection for 9090
Handling connection for 9090
Handling connection for 9090
Handling connection for 9090
Handling connection for 9090
Handling connection for 9090
Handling connection for 9090
[20250511_155747] WARN: sem dados para resource_dominance_index
Handling connection for 9090
Handling connection for 9090
[20250511_155747] WARN: sem dados para cpu_throttled_ratio
Handling connection for 9090
[20250511_155747] WARN: sem dados para memory_pressure
Handling connection for 9090
Handling connection for 9090
Handling connection for 9090
Handling connection for 9090
[20250511_155747] WARN: sem dados para postgres_connections
Handling connection for 9090
Handling connection for 9090
Handling connection for 9090
[20250511_155747] WARN: sem dados para postgres_transactions
Handling connection for 9090
Handling connection for 9090
Handling connection for 9090
Handling connection for 9090
Handling connection for 9090
Handling connection for 9090
Handling connection for 9090
Handling connection for 9090
Handling connection for 9090
[20250511_155747] WARN: sem dados para postgres_disk_io
Handling connection for 9090
Handling connection for 9090
Handling connection for 9090
Handling connection for 9090
Handling connection for 9090
[20250511_155747] WARN: sem dados para latency_process_time
Handling connection for 9090
Handling connection for 9090
Handling connection for 9090
Handling connection for 9090
[20250511_155747] INFO: Coletadas 141 métricas com sucesso (falhas: 0, total até agora: sucesso=12, falha=0)
Handling connection for 9090
[20250511_155753] WARN: sem dados para cpu_throttled_time
Handling connection for 9090
[20250511_155753] WARN: sem dados para memory_usage_noisy_victim_ratio
Handling connection for 9090
Handling connection for 9090
Handling connection for 9090
Handling connection for 9090
Handling connection for 9090
Handling connection for 9090
Handling connection for 9090
Handling connection for 9090
[20250511_155753] WARN: sem dados para resource_dominance_index
Handling connection for 9090
Handling connection for 9090
[20250511_155753] WARN: sem dados para cpu_throttled_ratio
Handling connection for 9090
[20250511_155753] WARN: sem dados para memory_pressure
Handling connection for 9090
Handling connection for 9090
Handling connection for 9090
Handling connection for 9090
[20250511_155753] WARN: sem dados para postgres_connections
Handling connection for 9090
Handling connection for 9090
Handling connection for 9090
[20250511_155753] WARN: sem dados para postgres_transactions
Handling connection for 9090
[20250511_155753] WARN: sem dados para cpu_usage_noisy_victim_ratio
Handling connection for 9090
Handling connection for 9090
Handling connection for 9090
Handling connection for 9090
Handling connection for 9090
Handling connection for 9090
Handling connection for 9090
Handling connection for 9090
[20250511_155753] WARN: sem dados para postgres_disk_io
Handling connection for 9090
Handling connection for 9090
Handling connection for 9090
Handling connection for 9090
[20250511_155753] WARN: sem dados para network_usage_noisy_victim_ratio
Handling connection for 9090
[20250511_155753] WARN: sem dados para latency_process_time
Handling connection for 9090
Handling connection for 9090
Handling connection for 9090
Handling connection for 9090
[20250511_155753] INFO: Coletadas 130 métricas com sucesso (falhas: 0, total até agora: sucesso=13, falha=0)
Handling connection for 9090
[20250511_155759] WARN: sem dados para cpu_throttled_time
Handling connection for 9090
[20250511_155759] WARN: sem dados para memory_usage_noisy_victim_ratio
Handling connection for 9090
Handling connection for 9090
Handling connection for 9090
Handling connection for 9090
Handling connection for 9090
Handling connection for 9090
Handling connection for 9090
Handling connection for 9090
[20250511_155759] WARN: sem dados para resource_dominance_index
Handling connection for 9090
Handling connection for 9090
[20250511_155759] WARN: sem dados para cpu_throttled_ratio
Handling connection for 9090
[20250511_155759] WARN: sem dados para memory_pressure
Handling connection for 9090
Handling connection for 9090
Handling connection for 9090
Handling connection for 9090
[20250511_155759] WARN: sem dados para postgres_connections
Handling connection for 9090
Handling connection for 9090
Handling connection for 9090
[20250511_155759] WARN: sem dados para postgres_transactions
Handling connection for 9090
[20250511_155759] WARN: sem dados para cpu_usage_noisy_victim_ratio
Handling connection for 9090
Handling connection for 9090
Handling connection for 9090
Handling connection for 9090
Handling connection for 9090
Handling connection for 9090
Handling connection for 9090
Handling connection for 9090
[20250511_155759] WARN: sem dados para postgres_disk_io
Handling connection for 9090
Handling connection for 9090
Handling connection for 9090
Handling connection for 9090
[20250511_155759] WARN: sem dados para network_usage_noisy_victim_ratio
Handling connection for 9090
[20250511_155759] WARN: sem dados para latency_process_time
Handling connection for 9090
Handling connection for 9090
Handling connection for 9090
Handling connection for 9090
[20250511_155759] INFO: Coletadas 130 métricas com sucesso (falhas: 0, total até agora: sucesso=14, falha=0)
Handling connection for 9090
[20250511_155805] WARN: sem dados para cpu_throttled_time
Handling connection for 9090
[20250511_155805] WARN: sem dados para memory_usage_noisy_victim_ratio
Handling connection for 9090
Handling connection for 9090
Handling connection for 9090
Handling connection for 9090
Handling connection for 9090
Handling connection for 9090
Handling connection for 9090
Handling connection for 9090
[20250511_155805] WARN: sem dados para resource_dominance_index
Handling connection for 9090
Handling connection for 9090
[20250511_155805] WARN: sem dados para cpu_throttled_ratio
Handling connection for 9090
[20250511_155805] WARN: sem dados para memory_pressure
Handling connection for 9090
Handling connection for 9090
Handling connection for 9090
Handling connection for 9090
[20250511_155805] WARN: sem dados para postgres_connections
Handling connection for 9090
Handling connection for 9090
Handling connection for 9090
[20250511_155805] WARN: sem dados para postgres_transactions
Handling connection for 9090
[20250511_155805] WARN: sem dados para cpu_usage_noisy_victim_ratio
Handling connection for 9090
Handling connection for 9090
Handling connection for 9090
Handling connection for 9090
Handling connection for 9090
Handling connection for 9090
Handling connection for 9090
Handling connection for 9090
[20250511_155805] WARN: sem dados para postgres_disk_io
Handling connection for 9090
Handling connection for 9090
Handling connection for 9090
Handling connection for 9090
[20250511_155805] WARN: sem dados para network_usage_noisy_victim_ratio
Handling connection for 9090
[20250511_155805] WARN: sem dados para latency_process_time
Handling connection for 9090
Handling connection for 9090
Handling connection for 9090
Handling connection for 9090
[20250511_155805] INFO: Coletadas 130 métricas com sucesso (falhas: 0, total até agora: sucesso=15, falha=0)
Handling connection for 9090
[20250511_155811] WARN: sem dados para cpu_throttled_time
Handling connection for 9090
[20250511_155811] WARN: sem dados para memory_usage_noisy_victim_ratio
Handling connection for 9090
Handling connection for 9090
Handling connection for 9090
Handling connection for 9090
Handling connection for 9090
Handling connection for 9090
Handling connection for 9090
Handling connection for 9090
[20250511_155811] WARN: sem dados para resource_dominance_index
Handling connection for 9090
Handling connection for 9090
[20250511_155811] WARN: sem dados para cpu_throttled_ratio
Handling connection for 9090
[20250511_155811] WARN: sem dados para memory_pressure
Handling connection for 9090
Handling connection for 9090
Handling connection for 9090
Handling connection for 9090
[20250511_155811] WARN: sem dados para postgres_connections
Handling connection for 9090
Handling connection for 9090
Handling connection for 9090
[20250511_155811] WARN: sem dados para postgres_transactions
Handling connection for 9090
[20250511_155811] WARN: sem dados para cpu_usage_noisy_victim_ratio
Handling connection for 9090
Handling connection for 9090
Handling connection for 9090
Handling connection for 9090
Handling connection for 9090
Handling connection for 9090
Handling connection for 9090
Handling connection for 9090
[20250511_155811] WARN: sem dados para postgres_disk_io
Handling connection for 9090
Handling connection for 9090
Handling connection for 9090
Handling connection for 9090
[20250511_155811] WARN: sem dados para network_usage_noisy_victim_ratio
Handling connection for 9090
[20250511_155811] WARN: sem dados para latency_process_time
Handling connection for 9090
Handling connection for 9090
Handling connection for 9090
Handling connection for 9090
[20250511_155811] INFO: Coletadas 130 métricas com sucesso (falhas: 0, total até agora: sucesso=16, falha=0)
