[2025-05-10 17:20:19] Namespace 'tenant-a' não existe. Criando...
[2025-05-10 17:20:19] Namespace 'tenant-b' não existe. Criando...
[2025-05-10 17:20:19] Namespace 'tenant-c' não existe. Criando...
[2025-05-10 17:20:19] Namespace 'monitoring' já existe.
[2025-05-10 17:20:19] Namespace 'ingress-nginx' já existe.
[2025-05-10 17:20:19] Iniciando experimento: add-metrics-1
[2025-05-10 17:20:19] Log sendo salvo em: /home/phil/Projects/k8s-noisy-lab/results/2025-05-10/17-20-19/add-metrics-1/experiment.log
[2025-05-10 17:20:19] Verificando pré-requisitos...
[2025-05-10 17:20:19] Métricas serão salvas em: /home/phil/Projects/k8s-noisy-lab/results/2025-05-10/17-20-19/add-metrics-1
[2025-05-10 17:20:19] Validando recursos do cluster...
[0;35m==========================================[0m
[0;35m     VERIFICAÇÃO PRÉ-EXPERIMENTO         [0m
[0;35m==========================================[0m
[0;35mVerificando conectividade com o cluster...[0m
[0;32m✓ Conexão com o cluster estabelecida com sucesso[0m
[0;35mVerificando estado dos nós do cluster...[0m
[0;32m✓ O cluster possui 1 nós disponíveis[0m
[0;35mVerificando recursos disponíveis no cluster...[0m
CPU: [0;35m11600[0m cores
Memória: [0;35m30.73[0m GB
[0;32m✓ Recursos do cluster são suficientes para o experimento[0m
[0;35mVerificando namespaces necessárias...[0m
[0;32m✓ Namespace 'tenant-a' encontrada[0m
[0;32m✓ Namespace 'tenant-b' encontrada[0m
[0;32m✓ Namespace 'tenant-c' encontrada[0m
[0;32m✓ Namespace 'monitoring' encontrada[0m
[0;35mVerificando disponibilidade do Prometheus...[0m
[0;32m✓ Prometheus está rodando e pronto[0m
[0;35mVerificando disponibilidade das métricas essenciais...[0m
[0;32m✓ Métrica 'container_cpu_usage_seconds_total' disponível[0m
[0;32m✓ Métrica 'container_memory_working_set_bytes' disponível[0m
[0;32m✓ Métrica 'container_network_receive_bytes_total' disponível[0m
[0;32m✓ Métrica 'container_network_transmit_bytes_total' disponível[0m
[0;32m✓ Métrica 'container_cpu_cfs_throttled_periods_total' disponível[0m
[0;32m✓ Métrica 'container_cpu_cfs_periods_total' disponível[0m
[0;35mVerificando permissões necessárias...[0m
[0;35mVerificando CRDs do Prometheus Operator...[0m
[0;32m✓ CRD 'servicemonitors.monitoring.coreos.com' encontrada[0m
[0;32m✓ CRD 'prometheusrules.monitoring.coreos.com' encontrada[0m
[0;35m==========================================[0m
[0;32m✓ Cluster validado com sucesso para o experimento[0m
[0;35m==========================================[0m

Informações adicionais:
- O experimento utiliza métricas da cAdvisor integradas ao kubelet
- As queries do Prometheus usam principalmente métricas rate() com 1m de janela
- Os workloads são distribuídos em 3 tenants para simular o cenário de noisy neighbour

Recomendações finais:
- Certifique-se de ter pelo menos 15-20% de recursos livres além dos solicitados
- Se estiver usando Minikube, use a opção '--driver=docker' para melhor desempenho
- Verifique se não há outros processos consumindo recursos significativos nos nós
[2025-05-10 17:20:23] Criando namespaces...
NAME              STATUS   AGE
default           Active   27m
ingress-nginx     Active   25m
kube-node-lease   Active   27m
kube-public       Active   27m
kube-system       Active   27m
metallb-system    Active   25m
monitoring        Active   26m
tenant-a          Active   4s
tenant-b          Active   4s
tenant-c          Active   4s
[2025-05-10 17:20:28] Aplicando resource quotas...
resourcequota/tenant-a-quota created
resourcequota/tenant-b-quota created
resourcequota/tenant-c-quota created
[2025-05-10 17:20:33] Stack de observabilidade já instalada.
[2025-05-10 17:20:33] Aguardando inicialização do Prometheus...
pod/prometheus-prometheus-kube-prometheus-prometheus-0 condition met
[2025-05-10 17:20:33] Adicionando deployment do blackbox-exporter...
[2025-05-10 17:20:34] ======= INÍCIO DO EXPERIMENTO: add-metrics-1 =======
[2025-05-10 17:20:34] Data: 2025/05/10, Hora: 17:20:19
[2025-05-10 17:20:34] Número de rounds: 1
[2025-05-10 17:20:34] Duração das fases: Baseline=30s, Ataque=120s, Recuperação=30s
[2025-05-10 17:20:34] ===== ROUND 1/1 =====
[2025-05-10 17:20:34] === Fase 1 - Baseline ===
[2025-05-10 17:20:34] Coleta de métricas iniciada com PID: 198829
[2025-05-10 17:20:34] Limpando workloads anteriores...
[20250510_172034] WARN: no data for cpu_throttled_time
[20250510_172034] WARN: no data for pending_pods
[20250510_172034] WARN: no data for memory_usage_noisy_victim_ratio
[20250510_172034] WARN: no data for network_dropped
[20250510_172034] WARN: no data for disk_io_total
[20250510_172034] WARN: no data for memory_usage
[20250510_172034] WARN: no data for network_efficiency
[20250510_172034] WARN: no data for network_receive
[20250510_172034] WARN: no data for memory_usage_noisy_network_ratio
[20250510_172034] WARN: no data for resource_dominance_index
[20250510_172034] WARN: no data for memory_oomkill_events
[20250510_172034] WARN: no data for pod_restarts
[20250510_172034] WARN: no data for cpu_throttled_ratio
[20250510_172034] WARN: no data for cpu_usage_pct_of_limit
[20250510_172034] WARN: no data for memory_pressure
[20250510_172034] WARN: no data for network_packet_rate
[20250510_172034] WARN: no data for correlation_memory_latency
[20250510_172034] WARN: no data for cpu_usage
[20250510_172034] WARN: no data for network_usage_noisy_network_ratio
[20250510_172034] WARN: no data for cpu_usage_noisy_victim_ratio
[20250510_172034] WARN: no data for disk_avg_io_size
[20250510_172034] WARN: no data for network_total_bandwidth
[20250510_172034] WARN: no data for network_transmit
[20250510_172034] WARN: no data for cpu_usage_noisy_network_ratio
[20250510_172034] WARN: no data for tenant_jitter
[20250510_172034] WARN: no data for network_packets_noisy_network_ratio
[20250510_172034] WARN: no data for correlation_cpu_latency
[20250510_172034] WARN: no data for network_dropped_noisy_network_ratio
[20250510_172034] WARN: no data for pod_ready_age
[20250510_172034] WARN: no data for tenant_latency_comparison
[20250510_172034] WARN: no data for cpu_usage_variability
[20250510_172034] WARN: no data for network_usage_noisy_victim_ratio
[20250510_172034] WARN: no data for latency_process_time
[20250510_172034] WARN: no data for pod_readiness_ratio
[20250510_172034] WARN: no data for network_error_rate
[20250510_172034] WARN: no data for oom_kills
[20250510_172034] WARN: no data for disk_throughput_total
[20250510_172039] WARN: no data for cpu_throttled_time
[20250510_172039] WARN: no data for pending_pods
[20250510_172039] WARN: no data for memory_usage_noisy_victim_ratio
[20250510_172039] WARN: no data for network_dropped
[20250510_172039] WARN: no data for disk_io_total
[20250510_172039] WARN: no data for memory_usage
[20250510_172039] WARN: no data for network_efficiency
[20250510_172039] WARN: no data for network_receive
[20250510_172039] WARN: no data for memory_usage_noisy_network_ratio
[20250510_172039] WARN: no data for resource_dominance_index
[20250510_172039] WARN: no data for memory_oomkill_events
[20250510_172039] WARN: no data for pod_restarts
[20250510_172039] WARN: no data for cpu_throttled_ratio
[20250510_172039] WARN: no data for cpu_usage_pct_of_limit
[20250510_172039] WARN: no data for memory_pressure
[20250510_172039] WARN: no data for network_packet_rate
[20250510_172039] WARN: no data for correlation_memory_latency
[20250510_172039] WARN: no data for cpu_usage
[20250510_172039] WARN: no data for network_usage_noisy_network_ratio
[20250510_172039] WARN: no data for cpu_usage_noisy_victim_ratio
[20250510_172039] WARN: no data for disk_avg_io_size
[20250510_172039] WARN: no data for network_total_bandwidth
[20250510_172039] WARN: no data for network_transmit
[20250510_172039] WARN: no data for cpu_usage_noisy_network_ratio
[20250510_172039] WARN: no data for tenant_jitter
[20250510_172039] WARN: no data for network_packets_noisy_network_ratio
[20250510_172039] WARN: no data for correlation_cpu_latency
[20250510_172039] WARN: no data for network_dropped_noisy_network_ratio
[20250510_172039] WARN: no data for pod_ready_age
[20250510_172039] WARN: no data for tenant_latency_comparison
[20250510_172039] WARN: no data for cpu_usage_variability
[20250510_172039] WARN: no data for network_usage_noisy_victim_ratio
[20250510_172039] WARN: no data for latency_process_time
[20250510_172039] WARN: no data for pod_readiness_ratio
[20250510_172039] WARN: no data for network_error_rate
[20250510_172039] WARN: no data for oom_kills
[20250510_172039] WARN: no data for disk_throughput_total
[2025-05-10 17:20:44] Iniciando fase: 1 - Baseline com duração máxima de 30s
[2025-05-10 17:20:44] Implantando tenant-a (referência)...
deployment.apps/iperf-server created
service/iperf-server created
deployment.apps/nginx-deployment created
service/nginx created
job.batch/nginx-benchmark created
deployment.apps/iperf-server configured
service/iperf-server configured
[2025-05-10 17:20:44] Implantando tenant-c (vítima)...
deployment.apps/redis-deployment created
job.batch/redis-benchmark created
[2025-05-10 17:20:44] Aguardando inicialização dos workloads do tenant-c...
[20250510_172045] WARN: no data for cpu_throttled_time
[20250510_172045] WARN: no data for memory_usage_noisy_victim_ratio
[20250510_172045] WARN: no data for network_dropped
[20250510_172045] WARN: no data for disk_io_total
[20250510_172045] WARN: no data for memory_usage
[20250510_172045] WARN: no data for network_efficiency
[20250510_172045] WARN: no data for network_receive
[20250510_172045] WARN: no data for memory_usage_noisy_network_ratio
[20250510_172045] WARN: no data for resource_dominance_index
[20250510_172045] WARN: no data for memory_oomkill_events
[20250510_172045] WARN: no data for pod_restarts
[20250510_172045] WARN: no data for cpu_throttled_ratio
[20250510_172045] WARN: no data for cpu_usage_pct_of_limit
[20250510_172045] WARN: no data for memory_pressure
[20250510_172045] WARN: no data for network_packet_rate
[20250510_172045] WARN: no data for correlation_memory_latency
[20250510_172045] WARN: no data for cpu_usage
[20250510_172045] WARN: no data for network_usage_noisy_network_ratio
[20250510_172045] WARN: no data for cpu_usage_noisy_victim_ratio
[20250510_172045] WARN: no data for disk_avg_io_size
[20250510_172045] WARN: no data for network_total_bandwidth
[20250510_172045] WARN: no data for network_transmit
[20250510_172045] WARN: no data for cpu_usage_noisy_network_ratio
[20250510_172045] WARN: no data for tenant_jitter
[20250510_172045] WARN: no data for network_packets_noisy_network_ratio
[20250510_172045] WARN: no data for correlation_cpu_latency
[20250510_172045] WARN: no data for network_dropped_noisy_network_ratio
[20250510_172045] WARN: no data for tenant_latency_comparison
[20250510_172045] WARN: no data for cpu_usage_variability
[20250510_172045] WARN: no data for network_usage_noisy_victim_ratio
[20250510_172045] WARN: no data for latency_process_time
[20250510_172045] WARN: no data for network_error_rate
[20250510_172045] WARN: no data for oom_kills
[20250510_172045] WARN: no data for disk_throughput_total
[20250510_172051] WARN: no data for cpu_throttled_time
[20250510_172051] WARN: no data for memory_usage_noisy_victim_ratio
[20250510_172051] WARN: no data for network_dropped
[20250510_172051] WARN: no data for disk_io_total
[20250510_172051] WARN: no data for network_efficiency
[20250510_172051] WARN: no data for network_receive
[20250510_172051] WARN: no data for memory_usage_noisy_network_ratio
[20250510_172051] WARN: no data for resource_dominance_index
[20250510_172051] WARN: no data for memory_oomkill_events
[20250510_172051] WARN: no data for cpu_throttled_ratio
[20250510_172051] WARN: no data for cpu_usage_pct_of_limit
[20250510_172051] WARN: no data for memory_pressure
[20250510_172051] WARN: no data for network_packet_rate
[20250510_172051] WARN: no data for correlation_memory_latency
[20250510_172051] WARN: no data for cpu_usage
[20250510_172051] WARN: no data for network_usage_noisy_network_ratio
[20250510_172051] WARN: no data for cpu_usage_noisy_victim_ratio
[20250510_172051] WARN: no data for disk_avg_io_size
[20250510_172051] WARN: no data for network_total_bandwidth
[20250510_172051] WARN: no data for network_transmit
[20250510_172051] WARN: no data for cpu_usage_noisy_network_ratio
[20250510_172051] WARN: no data for tenant_jitter
[20250510_172051] WARN: no data for network_packets_noisy_network_ratio
[20250510_172051] WARN: no data for correlation_cpu_latency
[20250510_172051] WARN: no data for network_dropped_noisy_network_ratio
[20250510_172051] WARN: no data for tenant_latency_comparison
[20250510_172051] WARN: no data for cpu_usage_variability
[20250510_172051] WARN: no data for network_usage_noisy_victim_ratio
[20250510_172051] WARN: no data for latency_process_time
[20250510_172051] WARN: no data for network_error_rate
[20250510_172051] WARN: no data for oom_kills
[20250510_172051] WARN: no data for disk_throughput_total
[20250510_172057] WARN: no data for cpu_throttled_time
[20250510_172057] WARN: no data for memory_usage_noisy_victim_ratio
[20250510_172057] WARN: no data for network_dropped
[20250510_172057] WARN: no data for disk_io_total
[20250510_172057] WARN: no data for network_efficiency
[20250510_172057] WARN: no data for network_receive
[20250510_172057] WARN: no data for memory_usage_noisy_network_ratio
[20250510_172057] WARN: no data for resource_dominance_index
[20250510_172057] WARN: no data for memory_oomkill_events
[20250510_172057] WARN: no data for cpu_throttled_ratio
[20250510_172057] WARN: no data for cpu_usage_pct_of_limit
[20250510_172057] WARN: no data for memory_pressure
[20250510_172057] WARN: no data for network_packet_rate
[20250510_172057] WARN: no data for correlation_memory_latency
[20250510_172057] WARN: no data for cpu_usage
[20250510_172057] WARN: no data for network_usage_noisy_network_ratio
[20250510_172057] WARN: no data for cpu_usage_noisy_victim_ratio
[20250510_172057] WARN: no data for disk_avg_io_size
[20250510_172057] WARN: no data for network_total_bandwidth
[20250510_172057] WARN: no data for network_transmit
[20250510_172057] WARN: no data for cpu_usage_noisy_network_ratio
[20250510_172057] WARN: no data for tenant_jitter
[20250510_172057] WARN: no data for network_packets_noisy_network_ratio
[20250510_172057] WARN: no data for correlation_cpu_latency
[20250510_172057] WARN: no data for network_dropped_noisy_network_ratio
[20250510_172057] WARN: no data for tenant_latency_comparison
[20250510_172057] WARN: no data for cpu_usage_variability
[20250510_172057] WARN: no data for network_usage_noisy_victim_ratio
[20250510_172057] WARN: no data for latency_process_time
[20250510_172057] WARN: no data for network_error_rate
[20250510_172057] WARN: no data for oom_kills
[20250510_172057] WARN: no data for disk_throughput_total
[20250510_172102] WARN: no data for cpu_throttled_time
[20250510_172102] WARN: no data for memory_usage_noisy_victim_ratio
[20250510_172102] WARN: no data for memory_usage_noisy_network_ratio
[20250510_172102] WARN: no data for resource_dominance_index
[20250510_172102] WARN: no data for memory_oomkill_events
[20250510_172102] WARN: no data for cpu_throttled_ratio
[20250510_172102] WARN: no data for memory_pressure
[20250510_172102] WARN: no data for correlation_memory_latency
[20250510_172102] WARN: no data for network_usage_noisy_network_ratio
[20250510_172102] WARN: no data for cpu_usage_noisy_victim_ratio
[20250510_172102] WARN: no data for cpu_usage_noisy_network_ratio
[20250510_172102] WARN: no data for network_packets_noisy_network_ratio
[20250510_172102] WARN: no data for correlation_cpu_latency
[20250510_172102] WARN: no data for network_dropped_noisy_network_ratio
[20250510_172102] WARN: no data for tenant_latency_comparison
[20250510_172102] WARN: no data for network_usage_noisy_victim_ratio
[20250510_172102] WARN: no data for latency_process_time
[20250510_172108] WARN: no data for cpu_throttled_time
[20250510_172108] WARN: no data for memory_usage_noisy_victim_ratio
[20250510_172108] WARN: no data for memory_usage_noisy_network_ratio
[20250510_172108] WARN: no data for resource_dominance_index
[20250510_172108] WARN: no data for memory_oomkill_events
[20250510_172108] WARN: no data for cpu_throttled_ratio
[20250510_172108] WARN: no data for memory_pressure
[20250510_172108] WARN: no data for correlation_memory_latency
[20250510_172108] WARN: no data for network_usage_noisy_network_ratio
[20250510_172108] WARN: no data for cpu_usage_noisy_victim_ratio
[20250510_172108] WARN: no data for cpu_usage_noisy_network_ratio
[20250510_172108] WARN: no data for network_packets_noisy_network_ratio
[20250510_172108] WARN: no data for correlation_cpu_latency
[20250510_172108] WARN: no data for network_dropped_noisy_network_ratio
[20250510_172108] WARN: no data for tenant_latency_comparison
[20250510_172108] WARN: no data for network_usage_noisy_victim_ratio
[20250510_172108] WARN: no data for latency_process_time
[2025-05-10 17:21:14] Timeout de fase 1 - Baseline atingido. Matando processo 199781
[20250510_172114] WARN: no data for cpu_throttled_time
[2025-05-10 17:21:14] Fase 1 - Baseline concluída
[2025-05-10 17:21:14] Interrompendo coleta de métricas (PID: 198829)...
[2025-05-10 17:21:14] Coleta de métricas finalizada.
[2025-05-10 17:21:14] === Fase 2 - Attack ===
[2025-05-10 17:21:14] Coleta de métricas iniciada com PID: 203197
[2025-05-10 17:21:14] Iniciando fase: 2 - Attack com duração máxima de 120s
[2025-05-10 17:21:14] Implantando tenant-b (noisy neighbour)...
[20250510_172114] WARN: no data for cpu_throttled_time
[20250510_172114] WARN: no data for memory_usage_noisy_victim_ratio
deployment.apps/iperf-server created
service/iperf-server created
deployment.apps/iperf created
[20250510_172114] WARN: no data for memory_usage_noisy_network_ratio
deployment.apps/stress-ng created
[2025-05-10 17:21:14] Aguardando inicialização dos workloads do tenant-b...
[20250510_172114] WARN: no data for resource_dominance_index
[20250510_172114] WARN: no data for memory_oomkill_events
[20250510_172114] WARN: no data for cpu_throttled_ratio
[20250510_172114] WARN: no data for memory_pressure
[20250510_172114] WARN: no data for correlation_memory_latency
[20250510_172114] WARN: no data for network_usage_noisy_network_ratio
[20250510_172114] WARN: no data for cpu_usage_noisy_victim_ratio
[20250510_172114] WARN: no data for cpu_usage_noisy_network_ratio
[20250510_172114] WARN: no data for network_packets_noisy_network_ratio
[20250510_172114] WARN: no data for correlation_cpu_latency
[20250510_172114] WARN: no data for network_dropped_noisy_network_ratio
[20250510_172114] WARN: no data for tenant_latency_comparison
[20250510_172114] WARN: no data for network_usage_noisy_victim_ratio
[20250510_172114] WARN: no data for latency_process_time
[20250510_172120] WARN: no data for cpu_throttled_time
[20250510_172120] WARN: no data for memory_usage_noisy_victim_ratio
[20250510_172120] WARN: no data for resource_dominance_index
[20250510_172120] WARN: no data for memory_oomkill_events
[20250510_172120] WARN: no data for cpu_throttled_ratio
[20250510_172120] WARN: no data for memory_pressure
[20250510_172120] WARN: no data for correlation_memory_latency
[20250510_172120] WARN: no data for network_usage_noisy_network_ratio
[20250510_172120] WARN: no data for cpu_usage_noisy_victim_ratio
[20250510_172120] WARN: no data for cpu_usage_noisy_network_ratio
[20250510_172120] WARN: no data for network_packets_noisy_network_ratio
[20250510_172120] WARN: no data for correlation_cpu_latency
[20250510_172120] WARN: no data for network_dropped_noisy_network_ratio
[20250510_172120] WARN: no data for tenant_latency_comparison
[20250510_172120] WARN: no data for network_usage_noisy_victim_ratio
[20250510_172120] WARN: no data for latency_process_time
[20250510_172125] WARN: no data for cpu_throttled_time
[20250510_172125] WARN: no data for resource_dominance_index
[20250510_172125] WARN: no data for memory_oomkill_events
[20250510_172125] WARN: no data for cpu_throttled_ratio
[20250510_172125] WARN: no data for memory_pressure
[20250510_172125] WARN: no data for correlation_memory_latency
[20250510_172125] WARN: no data for network_usage_noisy_network_ratio
[20250510_172125] WARN: no data for cpu_usage_noisy_victim_ratio
[20250510_172125] WARN: no data for cpu_usage_noisy_network_ratio
[20250510_172125] WARN: no data for network_packets_noisy_network_ratio
[20250510_172125] WARN: no data for correlation_cpu_latency
[20250510_172125] WARN: no data for network_dropped_noisy_network_ratio
[20250510_172125] WARN: no data for tenant_latency_comparison
[20250510_172125] WARN: no data for network_usage_noisy_victim_ratio
[20250510_172125] WARN: no data for latency_process_time
[20250510_172131] WARN: no data for cpu_throttled_time
[20250510_172131] WARN: no data for memory_oomkill_events
[20250510_172131] WARN: no data for cpu_throttled_ratio
[20250510_172131] WARN: no data for memory_pressure
[20250510_172131] WARN: no data for correlation_memory_latency
[20250510_172131] WARN: no data for correlation_cpu_latency
[20250510_172131] WARN: no data for tenant_latency_comparison
[20250510_172131] WARN: no data for latency_process_time
[20250510_172137] WARN: no data for cpu_throttled_time
[20250510_172137] WARN: no data for memory_oomkill_events
[20250510_172137] WARN: no data for cpu_throttled_ratio
[20250510_172137] WARN: no data for memory_pressure
[20250510_172137] WARN: no data for correlation_memory_latency
[20250510_172137] WARN: no data for correlation_cpu_latency
[20250510_172137] WARN: no data for tenant_latency_comparison
[20250510_172137] WARN: no data for latency_process_time
[20250510_172143] WARN: no data for cpu_throttled_time
[20250510_172143] WARN: no data for memory_oomkill_events
[20250510_172143] WARN: no data for cpu_throttled_ratio
[20250510_172143] WARN: no data for memory_pressure
[20250510_172143] WARN: no data for correlation_memory_latency
[20250510_172143] WARN: no data for correlation_cpu_latency
[20250510_172143] WARN: no data for tenant_latency_comparison
[20250510_172143] WARN: no data for latency_process_time
[20250510_172148] WARN: no data for cpu_throttled_time
[20250510_172148] WARN: no data for memory_oomkill_events
[20250510_172148] WARN: no data for cpu_throttled_ratio
[20250510_172148] WARN: no data for memory_pressure
[20250510_172148] WARN: no data for correlation_memory_latency
[20250510_172148] WARN: no data for correlation_cpu_latency
[20250510_172148] WARN: no data for tenant_latency_comparison
[20250510_172148] WARN: no data for latency_process_time
[20250510_172154] WARN: no data for cpu_throttled_time
[20250510_172154] WARN: no data for memory_oomkill_events
[20250510_172154] WARN: no data for cpu_throttled_ratio
[20250510_172154] WARN: no data for memory_pressure
[20250510_172154] WARN: no data for correlation_memory_latency
[20250510_172154] WARN: no data for correlation_cpu_latency
[20250510_172154] WARN: no data for tenant_latency_comparison
[20250510_172154] WARN: no data for latency_process_time
[20250510_172200] WARN: no data for cpu_throttled_time
[20250510_172200] WARN: no data for memory_oomkill_events
[20250510_172200] WARN: no data for cpu_throttled_ratio
[20250510_172200] WARN: no data for memory_pressure
[20250510_172200] WARN: no data for correlation_memory_latency
[20250510_172200] WARN: no data for correlation_cpu_latency
[20250510_172200] WARN: no data for tenant_latency_comparison
[20250510_172200] WARN: no data for latency_process_time
[20250510_172206] WARN: no data for cpu_throttled_time
[20250510_172206] WARN: no data for memory_oomkill_events
[20250510_172206] WARN: no data for cpu_throttled_ratio
[20250510_172206] WARN: no data for memory_pressure
[20250510_172206] WARN: no data for correlation_memory_latency
[20250510_172206] WARN: no data for correlation_cpu_latency
[20250510_172206] WARN: no data for tenant_latency_comparison
[20250510_172206] WARN: no data for latency_process_time
[20250510_172212] WARN: no data for cpu_throttled_time
[20250510_172212] WARN: no data for memory_oomkill_events
[20250510_172212] WARN: no data for cpu_throttled_ratio
[20250510_172212] WARN: no data for memory_pressure
[20250510_172212] WARN: no data for correlation_memory_latency
[20250510_172212] WARN: no data for correlation_cpu_latency
[20250510_172212] WARN: no data for tenant_latency_comparison
[20250510_172212] WARN: no data for latency_process_time
[20250510_172217] WARN: no data for cpu_throttled_time
[20250510_172217] WARN: no data for memory_oomkill_events
[20250510_172217] WARN: no data for cpu_throttled_ratio
[20250510_172217] WARN: no data for memory_pressure
[20250510_172217] WARN: no data for correlation_memory_latency
[20250510_172217] WARN: no data for correlation_cpu_latency
[20250510_172217] WARN: no data for tenant_latency_comparison
[20250510_172217] WARN: no data for latency_process_time
[20250510_172223] WARN: no data for cpu_throttled_time
[20250510_172223] WARN: no data for memory_oomkill_events
[20250510_172223] WARN: no data for cpu_throttled_ratio
[20250510_172223] WARN: no data for memory_pressure
[20250510_172223] WARN: no data for correlation_memory_latency
[20250510_172223] WARN: no data for correlation_cpu_latency
[20250510_172223] WARN: no data for tenant_latency_comparison
[20250510_172223] WARN: no data for latency_process_time
[20250510_172229] WARN: no data for cpu_throttled_time
[20250510_172229] WARN: no data for memory_oomkill_events
[20250510_172229] WARN: no data for cpu_throttled_ratio
[20250510_172229] WARN: no data for memory_pressure
[20250510_172229] WARN: no data for correlation_memory_latency
[20250510_172229] WARN: no data for correlation_cpu_latency
[20250510_172229] WARN: no data for tenant_latency_comparison
[20250510_172229] WARN: no data for latency_process_time
[20250510_172235] WARN: no data for cpu_throttled_time
[20250510_172235] WARN: no data for memory_oomkill_events
[20250510_172235] WARN: no data for cpu_throttled_ratio
[20250510_172235] WARN: no data for memory_pressure
[20250510_172235] WARN: no data for correlation_memory_latency
[20250510_172235] WARN: no data for correlation_cpu_latency
[20250510_172235] WARN: no data for tenant_latency_comparison
[20250510_172235] WARN: no data for latency_process_time
[20250510_172241] WARN: no data for cpu_throttled_time
[20250510_172241] WARN: no data for memory_oomkill_events
[20250510_172241] WARN: no data for cpu_throttled_ratio
[20250510_172241] WARN: no data for memory_pressure
[20250510_172241] WARN: no data for correlation_memory_latency
[20250510_172241] WARN: no data for correlation_cpu_latency
[20250510_172241] WARN: no data for tenant_latency_comparison
[20250510_172241] WARN: no data for latency_process_time
[20250510_172246] WARN: no data for cpu_throttled_time
[20250510_172246] WARN: no data for memory_oomkill_events
[20250510_172246] WARN: no data for cpu_throttled_ratio
[20250510_172246] WARN: no data for memory_pressure
[20250510_172246] WARN: no data for correlation_memory_latency
[20250510_172246] WARN: no data for correlation_cpu_latency
[20250510_172246] WARN: no data for tenant_latency_comparison
[20250510_172246] WARN: no data for latency_process_time
[20250510_172252] WARN: no data for cpu_throttled_time
[20250510_172252] WARN: no data for memory_oomkill_events
[20250510_172252] WARN: no data for cpu_throttled_ratio
[20250510_172252] WARN: no data for memory_pressure
[20250510_172252] WARN: no data for correlation_memory_latency
[20250510_172252] WARN: no data for correlation_cpu_latency
[20250510_172252] WARN: no data for tenant_latency_comparison
[20250510_172252] WARN: no data for latency_process_time
[20250510_172258] WARN: no data for cpu_throttled_time
[20250510_172258] WARN: no data for memory_oomkill_events
[20250510_172258] WARN: no data for cpu_throttled_ratio
[20250510_172258] WARN: no data for memory_pressure
[20250510_172258] WARN: no data for correlation_memory_latency
[20250510_172258] WARN: no data for correlation_cpu_latency
[20250510_172258] WARN: no data for tenant_latency_comparison
[20250510_172258] WARN: no data for latency_process_time
[20250510_172304] WARN: no data for cpu_throttled_time
[20250510_172304] WARN: no data for memory_oomkill_events
[20250510_172304] WARN: no data for cpu_throttled_ratio
[20250510_172304] WARN: no data for memory_pressure
[20250510_172304] WARN: no data for correlation_memory_latency
[20250510_172304] WARN: no data for correlation_cpu_latency
[20250510_172304] WARN: no data for tenant_latency_comparison
[20250510_172304] WARN: no data for latency_process_time
[20250510_172310] WARN: no data for cpu_throttled_time
[20250510_172310] WARN: no data for memory_oomkill_events
[20250510_172310] WARN: no data for cpu_throttled_ratio
[20250510_172310] WARN: no data for memory_pressure
[20250510_172310] WARN: no data for correlation_memory_latency
[20250510_172310] WARN: no data for correlation_cpu_latency
[20250510_172310] WARN: no data for tenant_latency_comparison
[20250510_172310] WARN: no data for latency_process_time
[2025-05-10 17:23:14] Timeout de fase 2 - Attack atingido. Matando processo 203205
[2025-05-10 17:23:14] Fase 2 - Attack concluída
[2025-05-10 17:23:14] Interrompendo coleta de métricas (PID: 203197)...
[2025-05-10 17:23:14] Coleta de métricas finalizada.
[2025-05-10 17:23:14] === Fase 3 - Recovery ===
[2025-05-10 17:23:14] Coleta de métricas iniciada com PID: 217019
[2025-05-10 17:23:14] Iniciando fase: 3 - Recovery com duração máxima de 30s
[2025-05-10 17:23:14] Removendo tenant-b (noisy neighbour)...
[20250510_172314] WARN: no data for cpu_throttled_time
deployment.apps "iperf-server" deleted
service "iperf-server" deleted
deployment.apps "iperf" deleted
deployment.apps "stress-ng" deleted
[2025-05-10 17:23:14] Aguardando remoção completa do tenant-b...
[20250510_172314] WARN: no data for memory_oomkill_events
[20250510_172314] WARN: no data for cpu_throttled_ratio
[20250510_172314] WARN: no data for memory_pressure
[20250510_172314] WARN: no data for correlation_memory_latency
[20250510_172314] WARN: no data for correlation_cpu_latency
[20250510_172314] WARN: no data for tenant_latency_comparison
[20250510_172314] WARN: no data for latency_process_time
[20250510_172320] WARN: no data for cpu_throttled_time
[20250510_172320] WARN: no data for memory_oomkill_events
[20250510_172320] WARN: no data for cpu_throttled_ratio
[20250510_172320] WARN: no data for memory_pressure
[20250510_172320] WARN: no data for correlation_memory_latency
[20250510_172320] WARN: no data for correlation_cpu_latency
[20250510_172320] WARN: no data for tenant_latency_comparison
[20250510_172320] WARN: no data for latency_process_time
[20250510_172325] WARN: no data for cpu_throttled_time
[20250510_172325] WARN: no data for memory_oomkill_events
[20250510_172325] WARN: no data for cpu_throttled_ratio
[20250510_172325] WARN: no data for memory_pressure
[20250510_172325] WARN: no data for correlation_memory_latency
[20250510_172325] WARN: no data for correlation_cpu_latency
[20250510_172325] WARN: no data for tenant_latency_comparison
[20250510_172325] WARN: no data for latency_process_time
[20250510_172331] WARN: no data for cpu_throttled_time
[20250510_172331] WARN: no data for memory_oomkill_events
[20250510_172331] WARN: no data for cpu_throttled_ratio
[20250510_172331] WARN: no data for memory_pressure
[20250510_172331] WARN: no data for correlation_memory_latency
[20250510_172331] WARN: no data for correlation_cpu_latency
[20250510_172331] WARN: no data for tenant_latency_comparison
[20250510_172331] WARN: no data for latency_process_time
[20250510_172337] WARN: no data for cpu_throttled_time
[20250510_172337] WARN: no data for memory_oomkill_events
[20250510_172337] WARN: no data for cpu_throttled_ratio
[20250510_172337] WARN: no data for memory_pressure
[20250510_172337] WARN: no data for correlation_memory_latency
[20250510_172337] WARN: no data for correlation_cpu_latency
[20250510_172337] WARN: no data for tenant_latency_comparison
[20250510_172337] WARN: no data for latency_process_time
[20250510_172343] WARN: no data for cpu_throttled_time
[20250510_172343] WARN: no data for memory_oomkill_events
[20250510_172343] WARN: no data for cpu_throttled_ratio
[20250510_172343] WARN: no data for memory_pressure
[20250510_172343] WARN: no data for correlation_memory_latency
[20250510_172343] WARN: no data for correlation_cpu_latency
[20250510_172343] WARN: no data for tenant_latency_comparison
[20250510_172343] WARN: no data for latency_process_time
[2025-05-10 17:23:44] Timeout de fase 3 - Recovery atingido. Matando processo 217027
[2025-05-10 17:23:44] Fase 3 - Recovery concluída
[2025-05-10 17:23:44] Interrompendo coleta de métricas (PID: 217019)...
[2025-05-10 17:23:44] Coleta de métricas finalizada.
[2025-05-10 17:23:44] Round 1/1 concluído com sucesso!
[2025-05-10 17:23:44] Limpando todos os tenants após o experimento...
namespace "tenant-a" deleted
namespace "tenant-b" deleted
namespace "tenant-c" deleted
[2025-05-10 17:23:55] Tenants removidos com sucesso.
[2025-05-10 17:23:55] ======= EXPERIMENTO CONCLUÍDO =======
[2025-05-10 17:23:55] Data/hora de início: 2025/05/10 17:20:19
[2025-05-10 17:23:55] Data/hora de término: 2025/05/10 17:23:55
[2025-05-10 17:23:55] Duração total: 190 segundos (3 minutos)
[2025-05-10 17:23:55] Métricas e logs salvos em: /home/phil/Projects/k8s-noisy-lab/results/2025-05-10/17-20-19/add-metrics-1
[2025-05-10 17:23:55] Para visualizar os resultados no Grafana:
[2025-05-10 17:23:55] kubectl -n monitoring port-forward svc/prometheus-grafana 3000:80
[2025-05-10 17:23:55] Abra seu navegador em http://localhost:3000 (usuário: admin, senha: admin)
