[20250511_145646] Iniciando coleta de métricas a cada 5 segundos
[20250511_145646] Métricas configuradas para coleta: 38
[20250511_145646] Verificando acesso ao Prometheus...
[20250511_145646] Prometheus já está acessível via localhost:9090
[20250511_145646] Testando consulta ao Prometheus...
[20250511_145646] Alvos do Prometheus: 55 ativos, 311 descartados
Filesystem      Size  Used Avail Use% Mounted on
/dev/nvme0n1p3  465G   27G  435G   6% /
devtmpfs        4.0M     0  4.0M   0% /dev
tmpfs            16G   18M   16G   1% /dev/shm
efivarfs        128K   50K   74K  41% /sys/firmware/efi/efivars
tmpfs           6.3G  2.3M  6.3G   1% /run
tmpfs           1.0M     0  1.0M   0% /run/credentials/systemd-journald.service
tmpfs            16G  5.0M   16G   1% /tmp
/dev/nvme0n1p3  465G   27G  435G   6% /home
/dev/nvme0n1p2  974M  463M  444M  52% /boot
/dev/nvme0n1p1  599M   53M  547M   9% /boot/efi
tmpfs           1.0M     0  1.0M   0% /run/credentials/systemd-resolved.service
tmpfs           3.2G  184K  3.2G   1% /run/user/1000
[20250511_145646] DEBUG: Verificando permissões de escrita em /home/phil/Projects/k8s-noisy-lab/results/2025-05-11/14-55-53/firsts-analisys-1
Escrita permitida
[20250511_145646] DEBUG: Número total de métricas: 38
[20250511_145646] Verificando pods em todos os namespaces:
NAMESPACE        NAME                                                     READY   STATUS              RESTARTS   AGE
ingress-nginx    ingress-nginx-controller-77ff9b8cfc-pxppq                1/1     Running             0          31m
kube-system      calico-kube-controllers-5745477d4d-x72lp                 1/1     Running             0          34m
kube-system      calico-node-lpsv9                                        1/1     Running             0          34m
kube-system      coredns-668d6bf9bc-n7rts                                 1/1     Running             0          34m
kube-system      etcd-minikube                                            1/1     Running             0          34m
kube-system      kube-apiserver-minikube                                  1/1     Running             0          34m
kube-system      kube-controller-manager-minikube                         1/1     Running             0          34m
kube-system      kube-proxy-h4mr6                                         1/1     Running             0          34m
kube-system      kube-scheduler-minikube                                  1/1     Running             0          34m
kube-system      metrics-server-7fbb699795-4l2vd                          1/1     Running             0          34m
kube-system      storage-provisioner                                      1/1     Running             0          34m
metallb-system   controller-bb5f47665-9rcc4                               1/1     Running             0          29m
metallb-system   speaker-7662w                                            1/1     Running             0          29m
monitoring       alertmanager-prometheus-kube-prometheus-alertmanager-0   2/2     Running             0          33m
monitoring       blackbox-exporter-849545489b-wtt89                       1/1     Running             0          27m
monitoring       prometheus-grafana-779f94ccc5-5lk4r                      3/3     Running             0          33m
monitoring       prometheus-kube-prometheus-operator-58dbc8bb4f-ctfhn     1/1     Running             0          33m
monitoring       prometheus-kube-state-metrics-5bc7f89f46-svw6t           1/1     Running             0          33m
monitoring       prometheus-prometheus-kube-prometheus-prometheus-0       2/2     Running             0          33m
monitoring       prometheus-prometheus-node-exporter-xrbld                1/1     Running             0          33m
tenant-a         nginx-deployment-56fc57d4-75bcl                          0/1     Pending             0          0s
tenant-a         nginx-deployment-56fc57d4-gn54r                          0/1     Pending             0          0s
tenant-a         nginx-deployment-56fc57d4-tdcfm                          0/1     ContainerCreating   0          0s
[20250511_145646] WARN: sem dados para cpu_throttled_time
[20250511_145646] WARN: sem dados para memory_usage_noisy_victim_ratio
[20250511_145646] WARN: sem dados para resource_dominance_index
[20250511_145646] WARN: sem dados para cpu_throttled_ratio
[20250511_145646] WARN: sem dados para memory_pressure
[20250511_145646] WARN: sem dados para postgres_connections
[20250511_145646] WARN: sem dados para postgres_transactions
[20250511_145646] WARN: sem dados para cpu_usage_noisy_victim_ratio
[20250511_145646] WARN: sem dados para postgres_disk_io
[20250511_145646] WARN: sem dados para network_usage_noisy_victim_ratio
[20250511_145646] WARN: sem dados para latency_process_time
[20250511_145646] INFO: Coletadas 96 métricas com sucesso (falhas: 0, total até agora: sucesso=1, falha=0)
[20250511_145652] WARN: sem dados para cpu_throttled_time
[20250511_145652] WARN: sem dados para memory_usage_noisy_victim_ratio
[20250511_145652] WARN: sem dados para resource_dominance_index
[20250511_145652] WARN: sem dados para cpu_throttled_ratio
[20250511_145652] WARN: sem dados para memory_pressure
[20250511_145652] WARN: sem dados para postgres_connections
[20250511_145652] WARN: sem dados para postgres_transactions
[20250511_145652] WARN: sem dados para cpu_usage_noisy_victim_ratio
[20250511_145652] WARN: sem dados para postgres_disk_io
[20250511_145652] WARN: sem dados para network_usage_noisy_victim_ratio
[20250511_145652] WARN: sem dados para latency_process_time
[20250511_145652] INFO: Coletadas 120 métricas com sucesso (falhas: 0, total até agora: sucesso=2, falha=0)
[20250511_145658] WARN: sem dados para cpu_throttled_time
[20250511_145658] WARN: sem dados para memory_usage_noisy_victim_ratio
[20250511_145658] WARN: sem dados para resource_dominance_index
[20250511_145658] WARN: sem dados para cpu_throttled_ratio
[20250511_145658] WARN: sem dados para memory_pressure
[20250511_145658] WARN: sem dados para disk_io_tenant_d
[20250511_145658] WARN: sem dados para postgres_connections
[20250511_145658] WARN: sem dados para postgres_transactions
[20250511_145658] WARN: sem dados para cpu_usage_noisy_victim_ratio
[20250511_145658] WARN: sem dados para disk_tenant_d_vs_other_ratio
[20250511_145658] WARN: sem dados para postgres_disk_io
[20250511_145658] WARN: sem dados para network_usage_noisy_victim_ratio
[20250511_145658] WARN: sem dados para latency_process_time
[20250511_145658] INFO: Coletadas 124 métricas com sucesso (falhas: 0, total até agora: sucesso=3, falha=0)
[20250511_145704] WARN: sem dados para cpu_throttled_time
[20250511_145704] WARN: sem dados para memory_usage_noisy_victim_ratio
[20250511_145704] WARN: sem dados para resource_dominance_index
[20250511_145704] WARN: sem dados para cpu_throttled_ratio
[20250511_145704] WARN: sem dados para memory_pressure
[20250511_145704] WARN: sem dados para postgres_connections
[20250511_145704] WARN: sem dados para postgres_transactions
[20250511_145704] WARN: sem dados para cpu_usage_noisy_victim_ratio
[20250511_145704] WARN: sem dados para postgres_disk_io
[20250511_145704] WARN: sem dados para network_usage_noisy_victim_ratio
[20250511_145704] WARN: sem dados para latency_process_time
[20250511_145704] INFO: Coletadas 142 métricas com sucesso (falhas: 0, total até agora: sucesso=4, falha=0)
[20250511_145711] WARN: sem dados para cpu_throttled_time
[20250511_145711] WARN: sem dados para memory_usage_noisy_victim_ratio
[20250511_145711] WARN: sem dados para resource_dominance_index
[20250511_145711] WARN: sem dados para cpu_throttled_ratio
[20250511_145711] WARN: sem dados para memory_pressure
[20250511_145711] WARN: sem dados para postgres_connections
[20250511_145711] WARN: sem dados para postgres_transactions
[20250511_145711] WARN: sem dados para cpu_usage_noisy_victim_ratio
[20250511_145711] WARN: sem dados para postgres_disk_io
[20250511_145711] WARN: sem dados para network_usage_noisy_victim_ratio
[20250511_145711] WARN: sem dados para latency_process_time
[20250511_145711] INFO: Coletadas 143 métricas com sucesso (falhas: 0, total até agora: sucesso=5, falha=0)
[20250511_145717] WARN: sem dados para cpu_throttled_time
[20250511_145717] WARN: sem dados para memory_usage_noisy_victim_ratio
[20250511_145717] WARN: sem dados para resource_dominance_index
[20250511_145717] WARN: sem dados para cpu_throttled_ratio
[20250511_145717] WARN: sem dados para memory_pressure
[20250511_145717] WARN: sem dados para postgres_connections
[20250511_145717] WARN: sem dados para postgres_transactions
[20250511_145717] WARN: sem dados para cpu_usage_noisy_victim_ratio
[20250511_145717] WARN: sem dados para postgres_disk_io
[20250511_145717] WARN: sem dados para network_usage_noisy_victim_ratio
[20250511_145717] WARN: sem dados para latency_process_time
[20250511_145717] INFO: Coletadas 143 métricas com sucesso (falhas: 0, total até agora: sucesso=6, falha=0)
[20250511_145723] WARN: sem dados para cpu_throttled_time
[20250511_145723] WARN: sem dados para memory_usage_noisy_victim_ratio
[20250511_145723] WARN: sem dados para resource_dominance_index
[20250511_145723] WARN: sem dados para cpu_throttled_ratio
[20250511_145723] WARN: sem dados para memory_pressure
[20250511_145723] WARN: sem dados para postgres_connections
[20250511_145723] WARN: sem dados para postgres_transactions
[20250511_145723] WARN: sem dados para cpu_usage_noisy_victim_ratio
[20250511_145723] WARN: sem dados para postgres_disk_io
[20250511_145723] WARN: sem dados para network_usage_noisy_victim_ratio
[20250511_145723] WARN: sem dados para latency_process_time
[20250511_145723] INFO: Coletadas 143 métricas com sucesso (falhas: 0, total até agora: sucesso=7, falha=0)
[20250511_145729] WARN: sem dados para cpu_throttled_time
[20250511_145729] WARN: sem dados para memory_usage_noisy_victim_ratio
[20250511_145729] WARN: sem dados para resource_dominance_index
[20250511_145729] WARN: sem dados para cpu_throttled_ratio
[20250511_145729] WARN: sem dados para memory_pressure
[20250511_145729] WARN: sem dados para postgres_connections
[20250511_145729] WARN: sem dados para postgres_transactions
[20250511_145729] WARN: sem dados para cpu_usage_noisy_victim_ratio
[20250511_145729] WARN: sem dados para postgres_disk_io
[20250511_145729] WARN: sem dados para network_usage_noisy_victim_ratio
[20250511_145729] WARN: sem dados para latency_process_time
[20250511_145729] INFO: Coletadas 143 métricas com sucesso (falhas: 0, total até agora: sucesso=8, falha=0)
[20250511_145736] WARN: sem dados para cpu_throttled_time
[20250511_145736] WARN: sem dados para memory_usage_noisy_victim_ratio
[20250511_145736] WARN: sem dados para resource_dominance_index
[20250511_145736] WARN: sem dados para cpu_throttled_ratio
[20250511_145736] WARN: sem dados para memory_pressure
[20250511_145736] WARN: sem dados para postgres_connections
[20250511_145736] WARN: sem dados para postgres_transactions
[20250511_145736] WARN: sem dados para cpu_usage_noisy_victim_ratio
[20250511_145736] WARN: sem dados para postgres_disk_io
[20250511_145736] WARN: sem dados para network_usage_noisy_victim_ratio
[20250511_145736] WARN: sem dados para latency_process_time
[20250511_145736] INFO: Coletadas 143 métricas com sucesso (falhas: 0, total até agora: sucesso=9, falha=0)
[20250511_145742] WARN: sem dados para cpu_throttled_time
[20250511_145742] WARN: sem dados para memory_usage_noisy_victim_ratio
[20250511_145742] WARN: sem dados para resource_dominance_index
[20250511_145742] WARN: sem dados para cpu_throttled_ratio
[20250511_145742] WARN: sem dados para memory_pressure
[20250511_145742] WARN: sem dados para postgres_connections
[20250511_145742] WARN: sem dados para postgres_transactions
[20250511_145742] WARN: sem dados para cpu_usage_noisy_victim_ratio
[20250511_145742] WARN: sem dados para postgres_disk_io
[20250511_145742] WARN: sem dados para network_usage_noisy_victim_ratio
[20250511_145742] WARN: sem dados para latency_process_time
[20250511_145742] INFO: Coletadas 143 métricas com sucesso (falhas: 0, total até agora: sucesso=10, falha=0)
[20250511_145748] Verificando pods em todos os namespaces:
NAMESPACE        NAME                                                     READY   STATUS    RESTARTS   AGE
ingress-nginx    ingress-nginx-controller-77ff9b8cfc-pxppq                1/1     Running   0          32m
kube-system      calico-kube-controllers-5745477d4d-x72lp                 1/1     Running   0          35m
kube-system      calico-node-lpsv9                                        1/1     Running   0          35m
kube-system      coredns-668d6bf9bc-n7rts                                 1/1     Running   0          35m
kube-system      etcd-minikube                                            1/1     Running   0          35m
kube-system      kube-apiserver-minikube                                  1/1     Running   0          35m
kube-system      kube-controller-manager-minikube                         1/1     Running   0          35m
kube-system      kube-proxy-h4mr6                                         1/1     Running   0          35m
kube-system      kube-scheduler-minikube                                  1/1     Running   0          35m
kube-system      metrics-server-7fbb699795-4l2vd                          1/1     Running   0          35m
kube-system      storage-provisioner                                      1/1     Running   0          35m
metallb-system   controller-bb5f47665-9rcc4                               1/1     Running   0          30m
metallb-system   speaker-7662w                                            1/1     Running   0          30m
monitoring       alertmanager-prometheus-kube-prometheus-alertmanager-0   2/2     Running   0          34m
monitoring       blackbox-exporter-849545489b-wtt89                       1/1     Running   0          28m
monitoring       prometheus-grafana-779f94ccc5-5lk4r                      3/3     Running   0          34m
monitoring       prometheus-kube-prometheus-operator-58dbc8bb4f-ctfhn     1/1     Running   0          34m
monitoring       prometheus-kube-state-metrics-5bc7f89f46-svw6t           1/1     Running   0          34m
monitoring       prometheus-prometheus-kube-prometheus-prometheus-0       2/2     Running   0          34m
monitoring       prometheus-prometheus-node-exporter-xrbld                1/1     Running   0          34m
tenant-a         iperf-server-d79fbdf6c-jsdtl                             1/1     Running   0          63s
tenant-a         nginx-benchmark-2hzk2                                    1/1     Running   0          63s
tenant-a         nginx-deployment-56fc57d4-75bcl                          1/1     Running   0          63s
tenant-a         nginx-deployment-56fc57d4-gn54r                          1/1     Running   0          63s
tenant-a         nginx-deployment-56fc57d4-tdcfm                          1/1     Running   0          63s
tenant-c         continuous-memory-stress-vjlsj                           1/1     Running   0          61s
tenant-c         memory-monitor-cfd7584c6-57l8s                           1/1     Running   0          61s
tenant-c         redis-deployment-6f5c56db8b-c57xn                        1/1     Running   0          61s
tenant-d         cpu-intensive-continuous-czhpd                           1/1     Running   0          61s
tenant-d         pgbench-continuous-workload-b22m6                        1/1     Running   0          61s
tenant-d         pgbench-init-8g454                                       1/1     Running   0          61s
tenant-d         postgres-5dc855c4cc-dtwsh                                2/2     Running   0          61s
[20250511_145748] WARN: sem dados para cpu_throttled_time
[20250511_145748] WARN: sem dados para memory_usage_noisy_victim_ratio
[20250511_145748] WARN: sem dados para resource_dominance_index
[20250511_145748] WARN: sem dados para cpu_throttled_ratio
[20250511_145748] WARN: sem dados para memory_pressure
[20250511_145748] WARN: sem dados para postgres_connections
[20250511_145748] WARN: sem dados para postgres_transactions
[20250511_145748] WARN: sem dados para cpu_usage_noisy_victim_ratio
[20250511_145748] WARN: sem dados para postgres_disk_io
[20250511_145748] WARN: sem dados para network_usage_noisy_victim_ratio
[20250511_145748] WARN: sem dados para latency_process_time
[20250511_145748] INFO: Coletadas 143 métricas com sucesso (falhas: 0, total até agora: sucesso=11, falha=0)
[20250511_145755] WARN: sem dados para cpu_throttled_time
[20250511_145755] WARN: sem dados para memory_usage_noisy_victim_ratio
[20250511_145755] WARN: sem dados para resource_dominance_index
[20250511_145755] WARN: sem dados para cpu_throttled_ratio
[20250511_145755] WARN: sem dados para memory_pressure
[20250511_145755] WARN: sem dados para postgres_connections
[20250511_145755] WARN: sem dados para postgres_transactions
[20250511_145755] WARN: sem dados para cpu_usage_noisy_victim_ratio
[20250511_145755] WARN: sem dados para postgres_disk_io
[20250511_145755] WARN: sem dados para network_usage_noisy_victim_ratio
[20250511_145755] WARN: sem dados para latency_process_time
[20250511_145755] INFO: Coletadas 143 métricas com sucesso (falhas: 0, total até agora: sucesso=12, falha=0)
[20250511_145801] WARN: sem dados para cpu_throttled_time
[20250511_145801] WARN: sem dados para memory_usage_noisy_victim_ratio
[20250511_145801] WARN: sem dados para resource_dominance_index
[20250511_145801] WARN: sem dados para cpu_throttled_ratio
[20250511_145801] WARN: sem dados para memory_pressure
[20250511_145801] WARN: sem dados para postgres_connections
[20250511_145801] WARN: sem dados para postgres_transactions
[20250511_145801] WARN: sem dados para cpu_usage_noisy_victim_ratio
[20250511_145801] WARN: sem dados para postgres_disk_io
[20250511_145801] WARN: sem dados para network_usage_noisy_victim_ratio
[20250511_145801] WARN: sem dados para latency_process_time
[20250511_145801] INFO: Coletadas 143 métricas com sucesso (falhas: 0, total até agora: sucesso=13, falha=0)
[20250511_145808] WARN: sem dados para cpu_throttled_time
[20250511_145808] WARN: sem dados para memory_usage_noisy_victim_ratio
[20250511_145808] WARN: sem dados para resource_dominance_index
[20250511_145808] WARN: sem dados para cpu_throttled_ratio
[20250511_145808] WARN: sem dados para memory_pressure
[20250511_145808] WARN: sem dados para postgres_connections
[20250511_145808] WARN: sem dados para postgres_transactions
[20250511_145808] WARN: sem dados para cpu_usage_noisy_victim_ratio
[20250511_145808] WARN: sem dados para postgres_disk_io
[20250511_145808] WARN: sem dados para network_usage_noisy_victim_ratio
[20250511_145808] WARN: sem dados para latency_process_time
[20250511_145808] INFO: Coletadas 143 métricas com sucesso (falhas: 0, total até agora: sucesso=14, falha=0)
[20250511_145814] WARN: sem dados para cpu_throttled_time
[20250511_145814] WARN: sem dados para memory_usage_noisy_victim_ratio
[20250511_145814] WARN: sem dados para resource_dominance_index
[20250511_145814] WARN: sem dados para cpu_throttled_ratio
[20250511_145814] WARN: sem dados para memory_pressure
[20250511_145814] WARN: sem dados para postgres_connections
[20250511_145814] WARN: sem dados para postgres_transactions
[20250511_145814] WARN: sem dados para cpu_usage_noisy_victim_ratio
[20250511_145814] WARN: sem dados para postgres_disk_io
[20250511_145814] WARN: sem dados para network_usage_noisy_victim_ratio
[20250511_145814] WARN: sem dados para latency_process_time
[20250511_145814] INFO: Coletadas 143 métricas com sucesso (falhas: 0, total até agora: sucesso=15, falha=0)
[20250511_145820] WARN: sem dados para cpu_throttled_time
[20250511_145820] WARN: sem dados para memory_usage_noisy_victim_ratio
[20250511_145820] WARN: sem dados para resource_dominance_index
[20250511_145820] WARN: sem dados para cpu_throttled_ratio
[20250511_145820] WARN: sem dados para memory_pressure
[20250511_145820] WARN: sem dados para postgres_connections
[20250511_145820] WARN: sem dados para postgres_transactions
[20250511_145820] WARN: sem dados para cpu_usage_noisy_victim_ratio
[20250511_145820] WARN: sem dados para postgres_disk_io
[20250511_145820] WARN: sem dados para network_usage_noisy_victim_ratio
[20250511_145820] WARN: sem dados para latency_process_time
[20250511_145820] INFO: Coletadas 143 métricas com sucesso (falhas: 0, total até agora: sucesso=16, falha=0)
[20250511_145826] WARN: sem dados para cpu_throttled_time
[20250511_145826] WARN: sem dados para memory_usage_noisy_victim_ratio
[20250511_145826] WARN: sem dados para resource_dominance_index
[20250511_145826] WARN: sem dados para cpu_throttled_ratio
[20250511_145826] WARN: sem dados para memory_pressure
[20250511_145826] WARN: sem dados para postgres_connections
[20250511_145826] WARN: sem dados para postgres_transactions
[20250511_145826] WARN: sem dados para cpu_usage_noisy_victim_ratio
[20250511_145826] WARN: sem dados para postgres_disk_io
[20250511_145826] WARN: sem dados para network_usage_noisy_victim_ratio
[20250511_145826] WARN: sem dados para latency_process_time
[20250511_145826] INFO: Coletadas 143 métricas com sucesso (falhas: 0, total até agora: sucesso=17, falha=0)
[20250511_145833] WARN: sem dados para cpu_throttled_time
[20250511_145833] WARN: sem dados para memory_usage_noisy_victim_ratio
[20250511_145833] WARN: sem dados para resource_dominance_index
[20250511_145833] WARN: sem dados para cpu_throttled_ratio
[20250511_145833] WARN: sem dados para memory_pressure
[20250511_145833] WARN: sem dados para postgres_connections
[20250511_145833] WARN: sem dados para postgres_transactions
[20250511_145833] WARN: sem dados para cpu_usage_noisy_victim_ratio
[20250511_145833] WARN: sem dados para postgres_disk_io
[20250511_145833] WARN: sem dados para network_usage_noisy_victim_ratio
[20250511_145833] WARN: sem dados para latency_process_time
[20250511_145833] INFO: Coletadas 143 métricas com sucesso (falhas: 0, total até agora: sucesso=18, falha=0)
[20250511_145839] WARN: sem dados para cpu_throttled_time
[20250511_145839] WARN: sem dados para memory_usage_noisy_victim_ratio
[20250511_145839] WARN: sem dados para resource_dominance_index
[20250511_145839] WARN: sem dados para cpu_throttled_ratio
[20250511_145839] WARN: sem dados para memory_pressure
[20250511_145839] WARN: sem dados para postgres_connections
[20250511_145839] WARN: sem dados para postgres_transactions
[20250511_145839] WARN: sem dados para cpu_usage_noisy_victim_ratio
[20250511_145839] WARN: sem dados para postgres_disk_io
[20250511_145839] WARN: sem dados para network_usage_noisy_victim_ratio
[20250511_145839] WARN: sem dados para latency_process_time
[20250511_145839] INFO: Coletadas 143 métricas com sucesso (falhas: 0, total até agora: sucesso=19, falha=0)
[20250511_145845] WARN: sem dados para cpu_throttled_time
[20250511_145845] WARN: sem dados para memory_usage_noisy_victim_ratio
[20250511_145845] WARN: sem dados para resource_dominance_index
[20250511_145845] WARN: sem dados para cpu_throttled_ratio
[20250511_145845] WARN: sem dados para memory_pressure
[20250511_145845] WARN: sem dados para postgres_connections
[20250511_145845] WARN: sem dados para postgres_transactions
[20250511_145845] WARN: sem dados para cpu_usage_noisy_victim_ratio
[20250511_145845] WARN: sem dados para postgres_disk_io
[20250511_145845] WARN: sem dados para network_usage_noisy_victim_ratio
[20250511_145845] WARN: sem dados para latency_process_time
[20250511_145845] INFO: Coletadas 143 métricas com sucesso (falhas: 0, total até agora: sucesso=20, falha=0)
[20250511_145852] Verificando pods em todos os namespaces:
NAMESPACE        NAME                                                     READY   STATUS              RESTARTS   AGE
ingress-nginx    ingress-nginx-controller-77ff9b8cfc-pxppq                1/1     Running             0          33m
kube-system      calico-kube-controllers-5745477d4d-x72lp                 1/1     Running             0          36m
kube-system      calico-node-lpsv9                                        1/1     Running             0          36m
kube-system      coredns-668d6bf9bc-n7rts                                 1/1     Running             0          36m
kube-system      etcd-minikube                                            1/1     Running             0          36m
kube-system      kube-apiserver-minikube                                  1/1     Running             0          36m
kube-system      kube-controller-manager-minikube                         1/1     Running             0          36m
kube-system      kube-proxy-h4mr6                                         1/1     Running             0          36m
kube-system      kube-scheduler-minikube                                  1/1     Running             0          36m
kube-system      metrics-server-7fbb699795-4l2vd                          1/1     Running             0          36m
kube-system      storage-provisioner                                      1/1     Running             0          36m
metallb-system   controller-bb5f47665-9rcc4                               1/1     Running             0          31m
metallb-system   speaker-7662w                                            1/1     Running             0          31m
monitoring       alertmanager-prometheus-kube-prometheus-alertmanager-0   2/2     Running             0          35m
monitoring       blackbox-exporter-849545489b-wtt89                       1/1     Running             0          29m
monitoring       prometheus-grafana-779f94ccc5-5lk4r                      3/3     Running             0          35m
monitoring       prometheus-kube-prometheus-operator-58dbc8bb4f-ctfhn     1/1     Running             0          35m
monitoring       prometheus-kube-state-metrics-5bc7f89f46-svw6t           1/1     Running             0          35m
monitoring       prometheus-prometheus-kube-prometheus-prometheus-0       2/2     Running             0          35m
monitoring       prometheus-prometheus-node-exporter-xrbld                1/1     Running             0          35m
tenant-a         iperf-server-d79fbdf6c-jsdtl                             1/1     Running             0          2m6s
tenant-a         nginx-benchmark-2hzk2                                    1/1     Running             0          2m6s
tenant-a         nginx-deployment-56fc57d4-75bcl                          1/1     Running             0          2m6s
tenant-a         nginx-deployment-56fc57d4-gn54r                          1/1     Running             0          2m6s
tenant-a         nginx-deployment-56fc57d4-tdcfm                          1/1     Running             0          2m6s
tenant-c         continuous-memory-stress-vjlsj                           1/1     Running             0          2m4s
tenant-c         memory-monitor-cfd7584c6-57l8s                           1/1     Running             0          2m4s
tenant-c         redis-deployment-6f5c56db8b-c57xn                        1/1     Running             0          2m4s
tenant-d         cpu-intensive-continuous-czhpd                           1/1     Running             0          2m4s
tenant-d         disk-intensive-continuous-flnnz                          0/1     ContainerCreating   0          1s
tenant-d         pgbench-continuous-workload-b22m6                        1/1     Running             0          2m4s
tenant-d         pgbench-init-8g454                                       0/1     Completed           0          2m4s
tenant-d         postgres-5dc855c4cc-dtwsh                                2/2     Running             0          2m4s
[20250511_145852] WARN: sem dados para cpu_throttled_time
[20250511_145852] WARN: sem dados para memory_usage_noisy_victim_ratio
[20250511_145852] WARN: sem dados para resource_dominance_index
[20250511_145852] WARN: sem dados para cpu_throttled_ratio
[20250511_145852] WARN: sem dados para memory_pressure
[20250511_145852] WARN: sem dados para postgres_connections
[20250511_145852] WARN: sem dados para postgres_transactions
[20250511_145852] WARN: sem dados para cpu_usage_noisy_victim_ratio
[20250511_145852] WARN: sem dados para postgres_disk_io
[20250511_145852] WARN: sem dados para network_usage_noisy_victim_ratio
[20250511_145852] WARN: sem dados para latency_process_time
[20250511_145852] INFO: Coletadas 143 métricas com sucesso (falhas: 0, total até agora: sucesso=21, falha=0)
[20250511_145858] WARN: sem dados para cpu_throttled_time
[20250511_145858] WARN: sem dados para memory_usage_noisy_victim_ratio
[20250511_145858] WARN: sem dados para resource_dominance_index
[20250511_145858] WARN: sem dados para cpu_throttled_ratio
[20250511_145858] WARN: sem dados para memory_pressure
[20250511_145858] WARN: sem dados para postgres_connections
[20250511_145858] WARN: sem dados para postgres_transactions
[20250511_145858] WARN: sem dados para cpu_usage_noisy_victim_ratio
[20250511_145858] WARN: sem dados para postgres_disk_io
[20250511_145858] WARN: sem dados para network_usage_noisy_victim_ratio
[20250511_145858] WARN: sem dados para latency_process_time
[20250511_145858] INFO: Coletadas 145 métricas com sucesso (falhas: 0, total até agora: sucesso=22, falha=0)
[20250511_145905] WARN: sem dados para cpu_throttled_time
[20250511_145905] WARN: sem dados para memory_usage_noisy_victim_ratio
[20250511_145905] WARN: sem dados para resource_dominance_index
[20250511_145905] WARN: sem dados para cpu_throttled_ratio
[20250511_145905] WARN: sem dados para memory_pressure
[20250511_145905] WARN: sem dados para postgres_connections
[20250511_145905] WARN: sem dados para postgres_transactions
[20250511_145905] WARN: sem dados para cpu_usage_noisy_victim_ratio
[20250511_145905] WARN: sem dados para postgres_disk_io
[20250511_145905] WARN: sem dados para network_usage_noisy_victim_ratio
[20250511_145905] WARN: sem dados para latency_process_time
[20250511_145905] INFO: Coletadas 147 métricas com sucesso (falhas: 0, total até agora: sucesso=23, falha=0)
[20250511_145911] WARN: sem dados para cpu_throttled_time
[20250511_145911] WARN: sem dados para memory_usage_noisy_victim_ratio
[20250511_145911] WARN: sem dados para resource_dominance_index
[20250511_145911] WARN: sem dados para cpu_throttled_ratio
[20250511_145911] WARN: sem dados para memory_pressure
[20250511_145911] WARN: sem dados para postgres_connections
[20250511_145911] WARN: sem dados para postgres_transactions
[20250511_145911] WARN: sem dados para cpu_usage_noisy_victim_ratio
[20250511_145911] WARN: sem dados para postgres_disk_io
[20250511_145911] WARN: sem dados para network_usage_noisy_victim_ratio
[20250511_145911] WARN: sem dados para latency_process_time
[20250511_145911] INFO: Coletadas 148 métricas com sucesso (falhas: 0, total até agora: sucesso=24, falha=0)
[20250511_145918] WARN: sem dados para cpu_throttled_time
[20250511_145918] WARN: sem dados para memory_usage_noisy_victim_ratio
[20250511_145918] WARN: sem dados para resource_dominance_index
[20250511_145918] WARN: sem dados para cpu_throttled_ratio
[20250511_145918] WARN: sem dados para memory_pressure
[20250511_145918] WARN: sem dados para postgres_connections
[20250511_145918] WARN: sem dados para postgres_transactions
[20250511_145918] WARN: sem dados para cpu_usage_noisy_victim_ratio
[20250511_145918] WARN: sem dados para postgres_disk_io
[20250511_145918] WARN: sem dados para network_usage_noisy_victim_ratio
[20250511_145918] WARN: sem dados para latency_process_time
[20250511_145918] INFO: Coletadas 148 métricas com sucesso (falhas: 0, total até agora: sucesso=25, falha=0)
[20250511_145925] WARN: sem dados para cpu_throttled_time
[20250511_145925] WARN: sem dados para memory_usage_noisy_victim_ratio
[20250511_145925] WARN: sem dados para resource_dominance_index
[20250511_145925] WARN: sem dados para cpu_throttled_ratio
[20250511_145925] WARN: sem dados para memory_pressure
[20250511_145925] WARN: sem dados para postgres_connections
[20250511_145925] WARN: sem dados para postgres_transactions
[20250511_145925] WARN: sem dados para cpu_usage_noisy_victim_ratio
[20250511_145925] WARN: sem dados para postgres_disk_io
[20250511_145925] WARN: sem dados para network_usage_noisy_victim_ratio
[20250511_145925] WARN: sem dados para latency_process_time
[20250511_145925] INFO: Coletadas 148 métricas com sucesso (falhas: 0, total até agora: sucesso=26, falha=0)
[20250511_145931] WARN: sem dados para cpu_throttled_time
[20250511_145931] WARN: sem dados para memory_usage_noisy_victim_ratio
[20250511_145931] WARN: sem dados para resource_dominance_index
[20250511_145931] WARN: sem dados para cpu_throttled_ratio
[20250511_145931] WARN: sem dados para memory_pressure
[20250511_145931] WARN: sem dados para postgres_connections
[20250511_145931] WARN: sem dados para postgres_transactions
[20250511_145931] WARN: sem dados para cpu_usage_noisy_victim_ratio
[20250511_145931] WARN: sem dados para postgres_disk_io
[20250511_145931] WARN: sem dados para network_usage_noisy_victim_ratio
[20250511_145931] WARN: sem dados para latency_process_time
[20250511_145931] INFO: Coletadas 148 métricas com sucesso (falhas: 0, total até agora: sucesso=27, falha=0)
[20250511_145938] WARN: sem dados para cpu_throttled_time
[20250511_145938] WARN: sem dados para memory_usage_noisy_victim_ratio
[20250511_145938] WARN: sem dados para resource_dominance_index
[20250511_145938] WARN: sem dados para cpu_throttled_ratio
[20250511_145938] WARN: sem dados para memory_pressure
[20250511_145938] WARN: sem dados para postgres_connections
[20250511_145938] WARN: sem dados para postgres_transactions
[20250511_145938] WARN: sem dados para cpu_usage_noisy_victim_ratio
[20250511_145938] WARN: sem dados para postgres_disk_io
[20250511_145938] WARN: sem dados para network_usage_noisy_victim_ratio
[20250511_145938] WARN: sem dados para latency_process_time
[20250511_145938] INFO: Coletadas 148 métricas com sucesso (falhas: 0, total até agora: sucesso=28, falha=0)
[20250511_145944] WARN: sem dados para cpu_throttled_time
[20250511_145944] WARN: sem dados para memory_usage_noisy_victim_ratio
[20250511_145944] WARN: sem dados para resource_dominance_index
[20250511_145944] WARN: sem dados para cpu_throttled_ratio
[20250511_145944] WARN: sem dados para memory_pressure
[20250511_145944] WARN: sem dados para postgres_connections
[20250511_145944] WARN: sem dados para postgres_transactions
[20250511_145944] WARN: sem dados para cpu_usage_noisy_victim_ratio
[20250511_145944] WARN: sem dados para postgres_disk_io
[20250511_145944] WARN: sem dados para network_usage_noisy_victim_ratio
[20250511_145944] WARN: sem dados para latency_process_time
[20250511_145944] INFO: Coletadas 148 métricas com sucesso (falhas: 0, total até agora: sucesso=29, falha=0)
[20250511_145951] WARN: sem dados para cpu_throttled_time
[20250511_145951] WARN: sem dados para memory_usage_noisy_victim_ratio
[20250511_145951] WARN: sem dados para resource_dominance_index
[20250511_145951] WARN: sem dados para cpu_throttled_ratio
[20250511_145951] WARN: sem dados para memory_pressure
[20250511_145951] WARN: sem dados para postgres_connections
[20250511_145951] WARN: sem dados para postgres_transactions
[20250511_145951] WARN: sem dados para cpu_usage_noisy_victim_ratio
[20250511_145951] WARN: sem dados para postgres_disk_io
[20250511_145951] WARN: sem dados para network_usage_noisy_victim_ratio
[20250511_145951] WARN: sem dados para latency_process_time
[20250511_145951] INFO: Coletadas 148 métricas com sucesso (falhas: 0, total até agora: sucesso=30, falha=0)
[20250511_145957] Verificando pods em todos os namespaces:
NAMESPACE        NAME                                                     READY   STATUS      RESTARTS   AGE
ingress-nginx    ingress-nginx-controller-77ff9b8cfc-pxppq                1/1     Running     0          34m
kube-system      calico-kube-controllers-5745477d4d-x72lp                 1/1     Running     0          37m
kube-system      calico-node-lpsv9                                        1/1     Running     0          37m
kube-system      coredns-668d6bf9bc-n7rts                                 1/1     Running     0          37m
kube-system      etcd-minikube                                            1/1     Running     0          37m
kube-system      kube-apiserver-minikube                                  1/1     Running     0          37m
kube-system      kube-controller-manager-minikube                         1/1     Running     0          37m
kube-system      kube-proxy-h4mr6                                         1/1     Running     0          37m
kube-system      kube-scheduler-minikube                                  1/1     Running     0          37m
kube-system      metrics-server-7fbb699795-4l2vd                          1/1     Running     0          37m
kube-system      storage-provisioner                                      1/1     Running     0          37m
metallb-system   controller-bb5f47665-9rcc4                               1/1     Running     0          32m
metallb-system   speaker-7662w                                            1/1     Running     0          32m
monitoring       alertmanager-prometheus-kube-prometheus-alertmanager-0   2/2     Running     0          36m
monitoring       blackbox-exporter-849545489b-wtt89                       1/1     Running     0          30m
monitoring       prometheus-grafana-779f94ccc5-5lk4r                      3/3     Running     0          36m
monitoring       prometheus-kube-prometheus-operator-58dbc8bb4f-ctfhn     1/1     Running     0          36m
monitoring       prometheus-kube-state-metrics-5bc7f89f46-svw6t           1/1     Running     0          36m
monitoring       prometheus-prometheus-kube-prometheus-prometheus-0       2/2     Running     0          36m
monitoring       prometheus-prometheus-node-exporter-xrbld                1/1     Running     0          36m
tenant-a         iperf-server-d79fbdf6c-jsdtl                             1/1     Running     0          3m11s
tenant-a         nginx-benchmark-2hzk2                                    1/1     Running     0          3m11s
tenant-a         nginx-deployment-56fc57d4-75bcl                          1/1     Running     0          3m11s
tenant-a         nginx-deployment-56fc57d4-gn54r                          1/1     Running     0          3m11s
tenant-a         nginx-deployment-56fc57d4-tdcfm                          1/1     Running     0          3m11s
tenant-c         continuous-memory-stress-vjlsj                           1/1     Running     0          3m9s
tenant-c         memory-monitor-cfd7584c6-57l8s                           1/1     Running     0          3m9s
tenant-c         redis-deployment-6f5c56db8b-c57xn                        1/1     Running     0          3m9s
tenant-d         cpu-intensive-continuous-czhpd                           1/1     Running     0          3m9s
tenant-d         disk-intensive-continuous-flnnz                          1/1     Running     0          66s
tenant-d         pgbench-continuous-workload-b22m6                        0/1     Completed   0          3m9s
tenant-d         pgbench-init-8g454                                       0/1     Completed   0          3m9s
tenant-d         postgres-5dc855c4cc-dtwsh                                2/2     Running     0          3m9s
[20250511_145957] WARN: sem dados para cpu_throttled_time
[20250511_145957] WARN: sem dados para memory_usage_noisy_victim_ratio
[20250511_145957] WARN: sem dados para resource_dominance_index
[20250511_145957] WARN: sem dados para cpu_throttled_ratio
[20250511_145957] WARN: sem dados para memory_pressure
[20250511_145957] WARN: sem dados para postgres_connections
[20250511_145957] WARN: sem dados para postgres_transactions
[20250511_145957] WARN: sem dados para cpu_usage_noisy_victim_ratio
[20250511_145957] WARN: sem dados para postgres_disk_io
[20250511_145957] WARN: sem dados para network_usage_noisy_victim_ratio
[20250511_145957] WARN: sem dados para latency_process_time
[20250511_145957] INFO: Coletadas 148 métricas com sucesso (falhas: 0, total até agora: sucesso=31, falha=0)
[20250511_150004] WARN: sem dados para cpu_throttled_time
[20250511_150004] WARN: sem dados para memory_usage_noisy_victim_ratio
[20250511_150004] WARN: sem dados para resource_dominance_index
[20250511_150004] WARN: sem dados para cpu_throttled_ratio
[20250511_150004] WARN: sem dados para memory_pressure
[20250511_150004] WARN: sem dados para postgres_connections
[20250511_150004] WARN: sem dados para postgres_transactions
[20250511_150004] WARN: sem dados para cpu_usage_noisy_victim_ratio
[20250511_150004] WARN: sem dados para postgres_disk_io
[20250511_150004] WARN: sem dados para network_usage_noisy_victim_ratio
[20250511_150004] WARN: sem dados para latency_process_time
[20250511_150004] INFO: Coletadas 148 métricas com sucesso (falhas: 0, total até agora: sucesso=32, falha=0)
[20250511_150010] WARN: sem dados para cpu_throttled_time
[20250511_150010] WARN: sem dados para memory_usage_noisy_victim_ratio
[20250511_150010] WARN: sem dados para resource_dominance_index
[20250511_150010] WARN: sem dados para cpu_throttled_ratio
[20250511_150010] WARN: sem dados para memory_pressure
[20250511_150010] WARN: sem dados para postgres_connections
[20250511_150010] WARN: sem dados para postgres_transactions
[20250511_150010] WARN: sem dados para cpu_usage_noisy_victim_ratio
[20250511_150010] WARN: sem dados para postgres_disk_io
[20250511_150010] WARN: sem dados para network_usage_noisy_victim_ratio
[20250511_150010] WARN: sem dados para latency_process_time
[20250511_150010] INFO: Coletadas 148 métricas com sucesso (falhas: 0, total até agora: sucesso=33, falha=0)
[20250511_150016] WARN: sem dados para cpu_throttled_time
[20250511_150016] WARN: sem dados para memory_usage_noisy_victim_ratio
[20250511_150016] WARN: sem dados para resource_dominance_index
[20250511_150016] WARN: sem dados para cpu_throttled_ratio
[20250511_150016] WARN: sem dados para memory_pressure
[20250511_150016] WARN: sem dados para postgres_connections
[20250511_150016] WARN: sem dados para postgres_transactions
[20250511_150016] WARN: sem dados para cpu_usage_noisy_victim_ratio
[20250511_150016] WARN: sem dados para postgres_disk_io
[20250511_150016] WARN: sem dados para network_usage_noisy_victim_ratio
[20250511_150016] WARN: sem dados para latency_process_time
[20250511_150016] INFO: Coletadas 148 métricas com sucesso (falhas: 0, total até agora: sucesso=34, falha=0)
[20250511_150022] WARN: sem dados para cpu_throttled_time
[20250511_150022] WARN: sem dados para memory_usage_noisy_victim_ratio
[20250511_150022] WARN: sem dados para resource_dominance_index
[20250511_150022] WARN: sem dados para cpu_throttled_ratio
[20250511_150022] WARN: sem dados para memory_pressure
[20250511_150022] WARN: sem dados para postgres_connections
[20250511_150022] WARN: sem dados para postgres_transactions
[20250511_150022] WARN: sem dados para cpu_usage_noisy_victim_ratio
[20250511_150022] WARN: sem dados para postgres_disk_io
[20250511_150022] WARN: sem dados para network_usage_noisy_victim_ratio
[20250511_150022] WARN: sem dados para latency_process_time
[20250511_150022] INFO: Coletadas 148 métricas com sucesso (falhas: 0, total até agora: sucesso=35, falha=0)
[20250511_150029] WARN: sem dados para cpu_throttled_time
[20250511_150029] WARN: sem dados para memory_usage_noisy_victim_ratio
[20250511_150029] WARN: sem dados para resource_dominance_index
[20250511_150029] WARN: sem dados para cpu_throttled_ratio
[20250511_150029] WARN: sem dados para memory_pressure
[20250511_150029] WARN: sem dados para postgres_connections
[20250511_150029] WARN: sem dados para postgres_transactions
[20250511_150029] WARN: sem dados para cpu_usage_noisy_victim_ratio
[20250511_150029] WARN: sem dados para postgres_disk_io
[20250511_150029] WARN: sem dados para network_usage_noisy_victim_ratio
[20250511_150029] WARN: sem dados para latency_process_time
[20250511_150029] INFO: Coletadas 148 métricas com sucesso (falhas: 0, total até agora: sucesso=36, falha=0)
[20250511_150036] WARN: sem dados para cpu_throttled_time
[20250511_150036] WARN: sem dados para memory_usage_noisy_victim_ratio
[20250511_150036] WARN: sem dados para resource_dominance_index
[20250511_150036] WARN: sem dados para cpu_throttled_ratio
[20250511_150036] WARN: sem dados para memory_pressure
[20250511_150036] WARN: sem dados para postgres_connections
[20250511_150036] WARN: sem dados para postgres_transactions
[20250511_150036] WARN: sem dados para cpu_usage_noisy_victim_ratio
[20250511_150036] WARN: sem dados para postgres_disk_io
[20250511_150036] WARN: sem dados para network_usage_noisy_victim_ratio
[20250511_150036] WARN: sem dados para latency_process_time
[20250511_150036] INFO: Coletadas 147 métricas com sucesso (falhas: 0, total até agora: sucesso=37, falha=0)
[20250511_150042] WARN: sem dados para cpu_throttled_time
[20250511_150042] WARN: sem dados para memory_usage_noisy_victim_ratio
[20250511_150042] WARN: sem dados para resource_dominance_index
[20250511_150042] WARN: sem dados para cpu_throttled_ratio
[20250511_150042] WARN: sem dados para memory_pressure
[20250511_150042] WARN: sem dados para postgres_connections
[20250511_150042] WARN: sem dados para postgres_transactions
[20250511_150042] WARN: sem dados para cpu_usage_noisy_victim_ratio
[20250511_150042] WARN: sem dados para postgres_disk_io
[20250511_150042] WARN: sem dados para network_usage_noisy_victim_ratio
[20250511_150042] WARN: sem dados para latency_process_time
[20250511_150042] INFO: Coletadas 147 métricas com sucesso (falhas: 0, total até agora: sucesso=38, falha=0)
[20250511_150048] WARN: sem dados para cpu_throttled_time
[20250511_150048] WARN: sem dados para memory_usage_noisy_victim_ratio
[20250511_150048] WARN: sem dados para resource_dominance_index
[20250511_150048] WARN: sem dados para cpu_throttled_ratio
[20250511_150048] WARN: sem dados para memory_pressure
[20250511_150048] WARN: sem dados para postgres_connections
[20250511_150048] WARN: sem dados para postgres_transactions
[20250511_150048] WARN: sem dados para cpu_usage_noisy_victim_ratio
[20250511_150048] WARN: sem dados para postgres_disk_io
[20250511_150048] WARN: sem dados para network_usage_noisy_victim_ratio
[20250511_150048] WARN: sem dados para latency_process_time
[20250511_150048] INFO: Coletadas 147 métricas com sucesso (falhas: 0, total até agora: sucesso=39, falha=0)
[20250511_150055] WARN: sem dados para cpu_throttled_time
[20250511_150055] WARN: sem dados para memory_usage_noisy_victim_ratio
[20250511_150055] WARN: sem dados para resource_dominance_index
[20250511_150055] WARN: sem dados para cpu_throttled_ratio
[20250511_150055] WARN: sem dados para memory_pressure
[20250511_150055] WARN: sem dados para postgres_connections
[20250511_150055] WARN: sem dados para postgres_transactions
[20250511_150055] WARN: sem dados para cpu_usage_noisy_victim_ratio
[20250511_150055] WARN: sem dados para postgres_disk_io
[20250511_150055] WARN: sem dados para network_usage_noisy_victim_ratio
[20250511_150055] WARN: sem dados para latency_process_time
[20250511_150055] INFO: Coletadas 147 métricas com sucesso (falhas: 0, total até agora: sucesso=40, falha=0)
[20250511_150101] Verificando pods em todos os namespaces:
NAMESPACE        NAME                                                     READY   STATUS      RESTARTS   AGE
ingress-nginx    ingress-nginx-controller-77ff9b8cfc-pxppq                1/1     Running     0          35m
kube-system      calico-kube-controllers-5745477d4d-x72lp                 1/1     Running     0          38m
kube-system      calico-node-lpsv9                                        1/1     Running     0          38m
kube-system      coredns-668d6bf9bc-n7rts                                 1/1     Running     0          38m
kube-system      etcd-minikube                                            1/1     Running     0          38m
kube-system      kube-apiserver-minikube                                  1/1     Running     0          38m
kube-system      kube-controller-manager-minikube                         1/1     Running     0          38m
kube-system      kube-proxy-h4mr6                                         1/1     Running     0          38m
kube-system      kube-scheduler-minikube                                  1/1     Running     0          38m
kube-system      metrics-server-7fbb699795-4l2vd                          1/1     Running     0          38m
kube-system      storage-provisioner                                      1/1     Running     0          38m
metallb-system   controller-bb5f47665-9rcc4                               1/1     Running     0          33m
metallb-system   speaker-7662w                                            1/1     Running     0          33m
monitoring       alertmanager-prometheus-kube-prometheus-alertmanager-0   2/2     Running     0          37m
monitoring       blackbox-exporter-849545489b-wtt89                       1/1     Running     0          31m
monitoring       prometheus-grafana-779f94ccc5-5lk4r                      3/3     Running     0          37m
monitoring       prometheus-kube-prometheus-operator-58dbc8bb4f-ctfhn     1/1     Running     0          37m
monitoring       prometheus-kube-state-metrics-5bc7f89f46-svw6t           1/1     Running     0          37m
monitoring       prometheus-prometheus-kube-prometheus-prometheus-0       2/2     Running     0          37m
monitoring       prometheus-prometheus-node-exporter-xrbld                1/1     Running     0          37m
tenant-a         iperf-server-d79fbdf6c-jsdtl                             1/1     Running     0          4m15s
tenant-a         nginx-benchmark-2hzk2                                    0/1     Completed   0          4m15s
tenant-a         nginx-deployment-56fc57d4-75bcl                          1/1     Running     0          4m15s
tenant-a         nginx-deployment-56fc57d4-gn54r                          1/1     Running     0          4m15s
tenant-a         nginx-deployment-56fc57d4-tdcfm                          1/1     Running     0          4m15s
tenant-c         continuous-memory-stress-vjlsj                           0/1     Completed   0          4m13s
tenant-c         memory-monitor-cfd7584c6-57l8s                           1/1     Running     0          4m13s
tenant-c         redis-deployment-6f5c56db8b-c57xn                        1/1     Running     0          4m13s
tenant-d         cpu-intensive-continuous-czhpd                           0/1     Completed   0          4m13s
tenant-d         disk-intensive-continuous-flnnz                          1/1     Running     0          2m10s
tenant-d         pgbench-continuous-workload-b22m6                        0/1     Completed   0          4m13s
tenant-d         pgbench-init-8g454                                       0/1     Completed   0          4m13s
tenant-d         postgres-5dc855c4cc-dtwsh                                2/2     Running     0          4m13s
[20250511_150101] WARN: sem dados para cpu_throttled_time
[20250511_150101] WARN: sem dados para memory_usage_noisy_victim_ratio
[20250511_150101] WARN: sem dados para resource_dominance_index
[20250511_150101] WARN: sem dados para cpu_throttled_ratio
[20250511_150101] WARN: sem dados para memory_pressure
[20250511_150101] WARN: sem dados para postgres_connections
[20250511_150101] WARN: sem dados para postgres_transactions
[20250511_150101] WARN: sem dados para cpu_usage_noisy_victim_ratio
[20250511_150101] WARN: sem dados para postgres_disk_io
[20250511_150101] WARN: sem dados para network_usage_noisy_victim_ratio
[20250511_150101] WARN: sem dados para latency_process_time
[20250511_150101] INFO: Coletadas 147 métricas com sucesso (falhas: 0, total até agora: sucesso=41, falha=0)
[20250511_150107] WARN: sem dados para cpu_throttled_time
[20250511_150107] WARN: sem dados para memory_usage_noisy_victim_ratio
[20250511_150107] WARN: sem dados para resource_dominance_index
[20250511_150107] WARN: sem dados para cpu_throttled_ratio
[20250511_150107] WARN: sem dados para memory_pressure
[20250511_150107] WARN: sem dados para postgres_connections
[20250511_150107] WARN: sem dados para postgres_transactions
[20250511_150107] WARN: sem dados para cpu_usage_noisy_victim_ratio
[20250511_150107] WARN: sem dados para postgres_disk_io
[20250511_150107] WARN: sem dados para network_usage_noisy_victim_ratio
[20250511_150107] WARN: sem dados para latency_process_time
[20250511_150107] INFO: Coletadas 134 métricas com sucesso (falhas: 0, total até agora: sucesso=42, falha=0)
[20250511_150113] WARN: sem dados para cpu_throttled_time
[20250511_150113] WARN: sem dados para memory_usage_noisy_victim_ratio
[20250511_150113] WARN: sem dados para resource_dominance_index
[20250511_150113] WARN: sem dados para cpu_throttled_ratio
[20250511_150113] WARN: sem dados para memory_pressure
[20250511_150113] WARN: sem dados para postgres_connections
[20250511_150113] WARN: sem dados para postgres_transactions
[20250511_150113] WARN: sem dados para cpu_usage_noisy_victim_ratio
[20250511_150113] WARN: sem dados para postgres_disk_io
[20250511_150113] WARN: sem dados para network_usage_noisy_victim_ratio
[20250511_150113] WARN: sem dados para latency_process_time
[20250511_150113] INFO: Coletadas 123 métricas com sucesso (falhas: 0, total até agora: sucesso=43, falha=0)
[20250511_150119] WARN: sem dados para cpu_throttled_time
[20250511_150119] WARN: sem dados para memory_usage_noisy_victim_ratio
[20250511_150119] WARN: sem dados para resource_dominance_index
[20250511_150119] WARN: sem dados para cpu_throttled_ratio
[20250511_150119] WARN: sem dados para memory_pressure
[20250511_150119] WARN: sem dados para postgres_connections
[20250511_150119] WARN: sem dados para postgres_transactions
[20250511_150119] WARN: sem dados para cpu_usage_noisy_victim_ratio
[20250511_150119] WARN: sem dados para postgres_disk_io
[20250511_150119] WARN: sem dados para network_usage_noisy_victim_ratio
[20250511_150119] WARN: sem dados para latency_process_time
[20250511_150119] INFO: Coletadas 123 métricas com sucesso (falhas: 0, total até agora: sucesso=44, falha=0)
[20250511_150125] WARN: sem dados para cpu_throttled_time
[20250511_150125] WARN: sem dados para memory_usage_noisy_victim_ratio
[20250511_150125] WARN: sem dados para resource_dominance_index
[20250511_150125] WARN: sem dados para cpu_throttled_ratio
[20250511_150125] WARN: sem dados para memory_pressure
[20250511_150125] WARN: sem dados para postgres_connections
[20250511_150125] WARN: sem dados para postgres_transactions
[20250511_150125] WARN: sem dados para cpu_usage_noisy_victim_ratio
[20250511_150125] WARN: sem dados para postgres_disk_io
[20250511_150125] WARN: sem dados para network_usage_noisy_victim_ratio
[20250511_150125] WARN: sem dados para latency_process_time
[20250511_150125] INFO: Coletadas 123 métricas com sucesso (falhas: 0, total até agora: sucesso=45, falha=0)
[20250511_150131] WARN: sem dados para cpu_throttled_time
[20250511_150131] WARN: sem dados para memory_usage_noisy_victim_ratio
[20250511_150131] WARN: sem dados para resource_dominance_index
[20250511_150131] WARN: sem dados para cpu_throttled_ratio
[20250511_150131] WARN: sem dados para memory_pressure
[20250511_150131] WARN: sem dados para postgres_connections
[20250511_150131] WARN: sem dados para postgres_transactions
[20250511_150131] WARN: sem dados para cpu_usage_noisy_victim_ratio
[20250511_150131] WARN: sem dados para postgres_disk_io
[20250511_150131] WARN: sem dados para network_usage_noisy_victim_ratio
[20250511_150131] WARN: sem dados para latency_process_time
[20250511_150131] INFO: Coletadas 122 métricas com sucesso (falhas: 0, total até agora: sucesso=46, falha=0)
[20250511_150137] WARN: sem dados para cpu_throttled_time
[20250511_150137] WARN: sem dados para memory_usage_noisy_victim_ratio
[20250511_150137] WARN: sem dados para resource_dominance_index
[20250511_150137] WARN: sem dados para cpu_throttled_ratio
[20250511_150137] WARN: sem dados para memory_pressure
[20250511_150137] WARN: sem dados para postgres_connections
[20250511_150137] WARN: sem dados para postgres_transactions
[20250511_150137] WARN: sem dados para cpu_usage_noisy_victim_ratio
[20250511_150137] WARN: sem dados para postgres_disk_io
[20250511_150137] WARN: sem dados para network_usage_noisy_victim_ratio
[20250511_150137] WARN: sem dados para latency_process_time
[20250511_150137] INFO: Coletadas 120 métricas com sucesso (falhas: 0, total até agora: sucesso=47, falha=0)
[20250511_150143] WARN: sem dados para cpu_throttled_time
[20250511_150143] WARN: sem dados para memory_usage_noisy_victim_ratio
[20250511_150143] WARN: sem dados para resource_dominance_index
[20250511_150143] WARN: sem dados para cpu_throttled_ratio
[20250511_150143] WARN: sem dados para memory_pressure
[20250511_150143] WARN: sem dados para postgres_connections
[20250511_150143] WARN: sem dados para postgres_transactions
[20250511_150143] WARN: sem dados para cpu_usage_noisy_victim_ratio
[20250511_150143] WARN: sem dados para postgres_disk_io
[20250511_150143] WARN: sem dados para network_usage_noisy_victim_ratio
[20250511_150143] WARN: sem dados para latency_process_time
[20250511_150143] INFO: Coletadas 118 métricas com sucesso (falhas: 0, total até agora: sucesso=48, falha=0)
