[2025-05-11 15:51:11] Handlers de sinal configurados. Use CTRL+C para interromper o experimento com limpeza segura.
[2025-05-11 15:51:11] Iniciando experimento: firsts-analisys-4
[2025-05-11 15:51:11] Log sendo salvo em: /home/phil/Projects/k8s-noisy-lab/results/2025-05-11/15-51-11/firsts-analisys-4/experiment.log
[2025-05-11 15:51:11] Verificando pré-requisitos...
[2025-05-11 15:51:11] Métricas serão salvas em: /home/phil/Projects/k8s-noisy-lab/results/2025-05-11/15-51-11/firsts-analisys-4
[2025-05-11 15:51:11] Intervalo de coleta: 5 segundos
[2025-05-11 15:51:11] Validando recursos do cluster...
[0;35m==========================================[0m
[0;35m     VERIFICAÇÃO PRÉ-EXPERIMENTO         [0m
[0;35m==========================================[0m
[0;35mVerificando conectividade com o cluster...[0m
[0;32m✓ Conexão com o cluster estabelecida com sucesso[0m
[0;35mVerificando estado dos nós do cluster...[0m
[0;32m✓ O cluster possui 1 nós disponíveis[0m
[0;35mVerificando recursos disponíveis no cluster...[0m
CPU: [0;35m11[0m cores
Memória: [0;35m28.73[0m GB
[0;32m✓ Recursos do cluster são suficientes para o experimento[0m
[0;35mVerificando namespaces necessárias...[0m
[0;33mNamespace 'tenant-a' não encontrada - será criada durante a execução[0m
[0;33mNamespace 'tenant-b' não encontrada - será criada durante a execução[0m
[0;33mNamespace 'tenant-c' não encontrada - será criada durante a execução[0m
[0;32m✓ Namespace 'monitoring' encontrada[0m
[0;35mVerificando disponibilidade do Prometheus...[0m
[0;32m✓ Prometheus está rodando e pronto[0m
[0;35mVerificando disponibilidade das métricas essenciais...[0m
[0;33m⚠️ Métrica 'container_cpu_usage_seconds_total' não encontrada[0m
[0;33m  Esta métrica é necessária para o experimento de noisy neighbours.[0m
[0;33m⚠️ Métrica 'container_memory_working_set_bytes' não encontrada[0m
[0;33m  Esta métrica é necessária para o experimento de noisy neighbours.[0m
[0;33m⚠️ Métrica 'container_network_receive_bytes_total' não encontrada[0m
[0;33m  Esta métrica é necessária para o experimento de noisy neighbours.[0m
[0;33m⚠️ Métrica 'container_network_transmit_bytes_total' não encontrada[0m
[0;33m  Esta métrica é necessária para o experimento de noisy neighbours.[0m
[0;33m⚠️ Métrica 'container_cpu_cfs_throttled_periods_total' não encontrada[0m
[0;33m  Esta métrica é necessária para o experimento de noisy neighbours.[0m
[0;33m⚠️ Métrica 'container_cpu_cfs_periods_total' não encontrada[0m
[0;33m  Esta métrica é necessária para o experimento de noisy neighbours.[0m
[0;35mVerificando permissões necessárias...[0m
[0;35mVerificando CRDs do Prometheus Operator...[0m
[0;32m✓ CRD 'servicemonitors.monitoring.coreos.com' encontrada[0m
[0;32m✓ CRD 'prometheusrules.monitoring.coreos.com' encontrada[0m
[0;35m==========================================[0m
[0;32m✓ Cluster validado com sucesso para o experimento[0m
[0;35m==========================================[0m

Informações adicionais:
- O experimento utiliza métricas da cAdvisor integradas ao kubelet
- As queries do Prometheus usam principalmente métricas rate() com 1m de janela
- Os workloads são distribuídos em 3 tenants para simular o cenário de noisy neighbour

Recomendações finais:
- Certifique-se de ter pelo menos 15-20% de recursos livres além dos solicitados
- Se estiver usando Minikube, use a opção '--driver=docker' para melhor desempenho
- Verifique se não há outros processos consumindo recursos significativos nos nós
[2025-05-11 15:51:15] Criando namespaces...
[2025-05-11 15:51:15] Namespace 'tenant-a' não existe. Criando...
[2025-05-11 15:51:15] Namespace 'tenant-b' não existe. Criando...
[2025-05-11 15:51:15] Namespace 'tenant-c' não existe. Criando...
[2025-05-11 15:51:15] Namespace 'tenant-d' não existe. Criando...
[2025-05-11 15:51:15] Namespace 'monitoring' já existe.
[2025-05-11 15:51:16] Namespace 'ingress-nginx' já existe.
NAME              STATUS   AGE
default           Active   89m
ingress-nginx     Active   89m
kube-node-lease   Active   89m
kube-public       Active   89m
kube-system       Active   89m
metallb-system    Active   83m
monitoring        Active   89m
tenant-a          Active   1s
tenant-b          Active   1s
tenant-c          Active   1s
tenant-d          Active   1s
[2025-05-11 15:51:21] Aplicando resource quotas...
resourcequota/tenant-a-quota created
resourcequota/tenant-b-quota created
resourcequota/tenant-c-quota created
resourcequota/tenant-d-quota created
[2025-05-11 15:51:26] Verificando quotas de recursos...
NAMESPACE   NAME             AGE   REQUEST                                         LIMIT
tenant-a    tenant-a-quota   5s    requests.cpu: 0/1500m, requests.memory: 0/2Gi   limits.cpu: 0/3, limits.memory: 0/4Gi
tenant-b    tenant-b-quota   5s    requests.cpu: 0/3, requests.memory: 0/4Gi       limits.cpu: 0/6, limits.memory: 0/8Gi
tenant-c    tenant-c-quota   5s    requests.cpu: 0/1500m, requests.memory: 0/3Gi   limits.cpu: 0/3, limits.memory: 0/6Gi
tenant-d    tenant-d-quota   5s    requests.cpu: 0/2, requests.memory: 0/2Gi       limits.cpu: 0/4, limits.memory: 0/4Gi
[2025-05-11 15:51:26] Namespace 'monitoring' já existe.
[2025-05-11 15:51:26] Verificando o estado do Prometheus...
[2025-05-11 15:51:26] Verificando pods do Prometheus...
[2025-05-11 15:51:26] Verificando serviços do Prometheus...
[2025-05-11 15:51:26] Encontrado serviço do Prometheus: prometheus-operated
[2025-05-11 15:51:28] Configurando port-forward para o Prometheus...
Forwarding from 127.0.0.1:9090 -> 9090
Forwarding from [::1]:9090 -> 9090
Handling connection for 9090
[2025-05-11 15:51:33] Prometheus está acessível via localhost:9090
Handling connection for 9090
[2025-05-11 15:51:33] Prometheus tem 53 targets ativos
[2025-05-11 15:51:33] Verificação do Prometheus concluída
[2025-05-11 15:51:33] Ajustando durações nos manifestos de acordo com as durações das fases...
[2025-05-11 15:51:33] Duração total do experimento (estimada): 400s para 1 rounds
[2025-05-11 15:51:33] Duração mínima dos workloads: 520s (inclui margem de segurança de 30%)
[2025-05-11 15:51:33]   - Ajustada duração do nginx-benchmark para 520s
[2025-05-11 15:51:33]   - Ajustada duração do continuous-memory-stress para 520s
[2025-05-11 15:51:33]   - Ajustada duração dos workloads contínuos do tenant-d para 520s
[2025-05-11 15:51:33]   - Ajustado timeout do stress-ng para 210s
[2025-05-11 15:51:33] Manifestos ajustados com sucesso!
[2025-05-11 15:51:33]   - Verificadas configurações adicionais de duração no tenant-a
[2025-05-11 15:51:33] ======= INÍCIO DO EXPERIMENTO: firsts-analisys-4 =======
[2025-05-11 15:51:33] Data: 2025/05/11, Hora: 15:51:11
[2025-05-11 15:51:33] Número de rounds: 1
[2025-05-11 15:51:33] Duração das fases: Baseline=150s, Ataque=150s, Recuperação=100s
[2025-05-11 15:51:33] Intervalo de coleta de métricas: 5s
[2025-05-11 15:51:33] ===== ROUND 1/1 =====
[2025-05-11 15:51:33] Limpando workloads para começar o round 1 com um ambiente limpo...
error parsing /home/phil/Projects/k8s-noisy-lab/manifests/tenant-d/cpu-disk-workload.yaml: error converting YAML to JSON: yaml: line 94: could not find expected ':'
[2025-05-11 15:51:33] Aguardando finalização completa dos recursos anteriores...
[2025-05-11 15:51:34] === Fase 1 - Baseline ===
[2025-05-11 15:51:34] Coleta de métricas iniciada com PID: 615475 (log: /home/phil/Projects/k8s-noisy-lab/results/2025-05-11/15-51-11/firsts-analisys-4/round-1/1 - Baseline/logs/metrics_collection.log)
[2025-05-11 15:51:34] Coletando métricas a cada 5 segundos...
[2025-05-11 15:51:34] Iniciando fase: 1 - Baseline com duração máxima de 150s
[2025-05-11 15:51:34] Implantando tenant-a (sensível à rede)...
Handling connection for 9090
[2025-05-11 15:51:34] Prometheus já está acessível via localhost:9090
Handling connection for 9090
Handling connection for 9090
deployment.apps/nginx-deployment created
configmap/nginx-config created
service/nginx created
job.batch/nginx-benchmark created
deployment.apps/iperf-server created
Handling connection for 9090
service/iperf-server created
Handling connection for 9090
[2025-05-11 15:51:34] Aguardando inicialização dos serviços do tenant-a...
Handling connection for 9090
Handling connection for 9090
Handling connection for 9090
Handling connection for 9090
Handling connection for 9090
Handling connection for 9090
Handling connection for 9090
Handling connection for 9090
Handling connection for 9090
Handling connection for 9090
Handling connection for 9090
Handling connection for 9090
Handling connection for 9090
Handling connection for 9090
Handling connection for 9090
Handling connection for 9090
Handling connection for 9090
Handling connection for 9090
Handling connection for 9090
Handling connection for 9090
Handling connection for 9090
Handling connection for 9090
Handling connection for 9090
Handling connection for 9090
Handling connection for 9090
Handling connection for 9090
Handling connection for 9090
Handling connection for 9090
Handling connection for 9090
Handling connection for 9090
Handling connection for 9090
Handling connection for 9090
Handling connection for 9090
Handling connection for 9090
Handling connection for 9090
Handling connection for 9090
deployment.apps/nginx-deployment condition met
[2025-05-11 15:51:35] Implantando tenant-c (vítima)...
service/redis created
deployment.apps/redis-deployment created
job.batch/continuous-memory-stress created
deployment.apps/memory-monitor created
[2025-05-11 15:51:35] Implantando tenant-d (CPU e Disco)...
persistentvolumeclaim/postgres-data created
configmap/postgres-config created
service/postgres created
deployment.apps/postgres created
job.batch/pgbench-init created
job.batch/pgbench-continuous-workload created
job.batch/cpu-intensive-continuous created
job.batch/disk-intensive-continuous created
error: error parsing /home/phil/Projects/k8s-noisy-lab/manifests/tenant-d/cpu-disk-workload.yaml: error converting YAML to JSON: yaml: line 94: could not find expected ':'
Handling connection for 9090
Handling connection for 9090
Handling connection for 9090
Handling connection for 9090
Handling connection for 9090
Handling connection for 9090
Handling connection for 9090
Handling connection for 9090
Handling connection for 9090
Handling connection for 9090
Handling connection for 9090
Handling connection for 9090
Handling connection for 9090
Handling connection for 9090
Handling connection for 9090
Handling connection for 9090
Handling connection for 9090
Handling connection for 9090
Handling connection for 9090
Handling connection for 9090
Handling connection for 9090
Handling connection for 9090
Handling connection for 9090
Handling connection for 9090
Handling connection for 9090
Handling connection for 9090
Handling connection for 9090
Handling connection for 9090
Handling connection for 9090
Handling connection for 9090
Handling connection for 9090
Handling connection for 9090
Handling connection for 9090
Handling connection for 9090
Handling connection for 9090
Handling connection for 9090
Handling connection for 9090
Handling connection for 9090
Handling connection for 9090
Handling connection for 9090
Handling connection for 9090
Handling connection for 9090
Handling connection for 9090
Handling connection for 9090
Handling connection for 9090
Handling connection for 9090
Handling connection for 9090
Handling connection for 9090
Handling connection for 9090
Handling connection for 9090
Handling connection for 9090
Handling connection for 9090
Handling connection for 9090
Handling connection for 9090
Handling connection for 9090
Handling connection for 9090
Handling connection for 9090
Handling connection for 9090
Handling connection for 9090
Handling connection for 9090
Handling connection for 9090
Handling connection for 9090
Handling connection for 9090
Handling connection for 9090
Handling connection for 9090
Handling connection for 9090
Handling connection for 9090
Handling connection for 9090
Handling connection for 9090
Handling connection for 9090
Handling connection for 9090
Handling connection for 9090
Handling connection for 9090
Handling connection for 9090
Handling connection for 9090
Handling connection for 9090
Handling connection for 9090
Handling connection for 9090
Handling connection for 9090
Handling connection for 9090
Handling connection for 9090
Handling connection for 9090
Handling connection for 9090
Handling connection for 9090
Handling connection for 9090
Handling connection for 9090
Handling connection for 9090
Handling connection for 9090
Handling connection for 9090
Handling connection for 9090
Handling connection for 9090
Handling connection for 9090
Handling connection for 9090
Handling connection for 9090
Handling connection for 9090
Handling connection for 9090
Handling connection for 9090
Handling connection for 9090
Handling connection for 9090
Handling connection for 9090
Handling connection for 9090
Handling connection for 9090
Handling connection for 9090
Handling connection for 9090
Handling connection for 9090
Handling connection for 9090
Handling connection for 9090
Handling connection for 9090
Handling connection for 9090
Handling connection for 9090
Handling connection for 9090
Handling connection for 9090
Handling connection for 9090
Handling connection for 9090
Handling connection for 9090
Handling connection for 9090
Handling connection for 9090
Handling connection for 9090
Handling connection for 9090
Handling connection for 9090
Handling connection for 9090
Handling connection for 9090
Handling connection for 9090
Handling connection for 9090
Handling connection for 9090
Handling connection for 9090
Handling connection for 9090
Handling connection for 9090
Handling connection for 9090
Handling connection for 9090
Handling connection for 9090
Handling connection for 9090
Handling connection for 9090
Handling connection for 9090
Handling connection for 9090
Handling connection for 9090
Handling connection for 9090
Handling connection for 9090
Handling connection for 9090
Handling connection for 9090
Handling connection for 9090
Handling connection for 9090
Handling connection for 9090
Handling connection for 9090
Handling connection for 9090
Handling connection for 9090
Handling connection for 9090
Handling connection for 9090
Handling connection for 9090
Handling connection for 9090
Handling connection for 9090
Handling connection for 9090
Handling connection for 9090
Handling connection for 9090
Handling connection for 9090
Handling connection for 9090
Handling connection for 9090
Handling connection for 9090
Handling connection for 9090
Handling connection for 9090
Handling connection for 9090
Handling connection for 9090
Handling connection for 9090
Handling connection for 9090
Handling connection for 9090
Handling connection for 9090
Handling connection for 9090
Handling connection for 9090
Handling connection for 9090
Handling connection for 9090
Handling connection for 9090
Handling connection for 9090
Handling connection for 9090
Handling connection for 9090
Handling connection for 9090
Handling connection for 9090
Handling connection for 9090
Handling connection for 9090
Handling connection for 9090
Handling connection for 9090
Handling connection for 9090
Handling connection for 9090
Handling connection for 9090
Handling connection for 9090
Handling connection for 9090
Handling connection for 9090
Handling connection for 9090
Handling connection for 9090
Handling connection for 9090
Handling connection for 9090
Handling connection for 9090
Handling connection for 9090
Handling connection for 9090
Handling connection for 9090
Handling connection for 9090
Handling connection for 9090
Handling connection for 9090
Handling connection for 9090
Handling connection for 9090
Handling connection for 9090
Handling connection for 9090
Handling connection for 9090
Handling connection for 9090
Handling connection for 9090
Handling connection for 9090
Handling connection for 9090
Handling connection for 9090
Handling connection for 9090
Handling connection for 9090
Handling connection for 9090
Handling connection for 9090
Handling connection for 9090
Handling connection for 9090
Handling connection for 9090
Handling connection for 9090
Handling connection for 9090
Handling connection for 9090
Handling connection for 9090
Handling connection for 9090
Handling connection for 9090
Handling connection for 9090
Handling connection for 9090
Handling connection for 9090
Handling connection for 9090
Handling connection for 9090
Handling connection for 9090
Handling connection for 9090
Handling connection for 9090
Handling connection for 9090
Handling connection for 9090
Handling connection for 9090
Handling connection for 9090
Handling connection for 9090
Handling connection for 9090
Handling connection for 9090
Handling connection for 9090
Handling connection for 9090
Handling connection for 9090
Handling connection for 9090
Handling connection for 9090
Handling connection for 9090
Handling connection for 9090
Handling connection for 9090
Handling connection for 9090
Handling connection for 9090
Handling connection for 9090
Handling connection for 9090
Handling connection for 9090
Handling connection for 9090
Handling connection for 9090
Handling connection for 9090
Handling connection for 9090
Handling connection for 9090
Handling connection for 9090
Handling connection for 9090
Handling connection for 9090
Handling connection for 9090
Handling connection for 9090
Handling connection for 9090
Handling connection for 9090
Handling connection for 9090
Handling connection for 9090
Handling connection for 9090
Handling connection for 9090
Handling connection for 9090
Handling connection for 9090
Handling connection for 9090
Handling connection for 9090
Handling connection for 9090
Handling connection for 9090
Handling connection for 9090
Handling connection for 9090
Handling connection for 9090
Handling connection for 9090
Handling connection for 9090
Handling connection for 9090
Handling connection for 9090
Handling connection for 9090
Handling connection for 9090
Handling connection for 9090
Handling connection for 9090
Handling connection for 9090
Handling connection for 9090
Handling connection for 9090
Handling connection for 9090
Handling connection for 9090
Handling connection for 9090
Handling connection for 9090
Handling connection for 9090
Handling connection for 9090
Handling connection for 9090
Handling connection for 9090
Handling connection for 9090
Handling connection for 9090
Handling connection for 9090
Handling connection for 9090
Handling connection for 9090
Handling connection for 9090
Handling connection for 9090
Handling connection for 9090
Handling connection for 9090
Handling connection for 9090
Handling connection for 9090
Handling connection for 9090
Handling connection for 9090
Handling connection for 9090
Handling connection for 9090
Handling connection for 9090
Handling connection for 9090
Handling connection for 9090
Handling connection for 9090
Handling connection for 9090
Handling connection for 9090
Handling connection for 9090
Handling connection for 9090
Handling connection for 9090
Handling connection for 9090
Handling connection for 9090
Handling connection for 9090
Handling connection for 9090
Handling connection for 9090
Handling connection for 9090
Handling connection for 9090
Handling connection for 9090
Handling connection for 9090
Handling connection for 9090
Handling connection for 9090
Handling connection for 9090
Handling connection for 9090
Handling connection for 9090
Handling connection for 9090
Handling connection for 9090
Handling connection for 9090
Handling connection for 9090
Handling connection for 9090
Handling connection for 9090
Handling connection for 9090
Handling connection for 9090
Handling connection for 9090
Handling connection for 9090
Handling connection for 9090
Handling connection for 9090
Handling connection for 9090
Handling connection for 9090
Handling connection for 9090
Handling connection for 9090
Handling connection for 9090
Handling connection for 9090
Handling connection for 9090
Handling connection for 9090
Handling connection for 9090
Handling connection for 9090
Handling connection for 9090
Handling connection for 9090
Handling connection for 9090
Handling connection for 9090
Handling connection for 9090
Handling connection for 9090
Handling connection for 9090
Handling connection for 9090
Handling connection for 9090
Handling connection for 9090
Handling connection for 9090
Handling connection for 9090
Handling connection for 9090
Handling connection for 9090
Handling connection for 9090
Handling connection for 9090
Handling connection for 9090
Handling connection for 9090
Handling connection for 9090
Handling connection for 9090
Handling connection for 9090
Handling connection for 9090
Handling connection for 9090
Handling connection for 9090
Handling connection for 9090
Handling connection for 9090
Handling connection for 9090
Handling connection for 9090
Handling connection for 9090
Handling connection for 9090
Handling connection for 9090
Handling connection for 9090
Handling connection for 9090
Handling connection for 9090
Handling connection for 9090
Handling connection for 9090
Handling connection for 9090
Handling connection for 9090
Handling connection for 9090
Handling connection for 9090
Handling connection for 9090
Handling connection for 9090
Handling connection for 9090
Handling connection for 9090
Handling connection for 9090
Handling connection for 9090
Handling connection for 9090
Handling connection for 9090
Handling connection for 9090
Handling connection for 9090
Handling connection for 9090
Handling connection for 9090
Handling connection for 9090
Handling connection for 9090
Handling connection for 9090
Handling connection for 9090
Handling connection for 9090
Handling connection for 9090
Handling connection for 9090
Handling connection for 9090
Handling connection for 9090
Handling connection for 9090
Handling connection for 9090
Handling connection for 9090
Handling connection for 9090
Handling connection for 9090
Handling connection for 9090
Handling connection for 9090
Handling connection for 9090
Handling connection for 9090
Handling connection for 9090
Handling connection for 9090
Handling connection for 9090
Handling connection for 9090
Handling connection for 9090
Handling connection for 9090
Handling connection for 9090
Handling connection for 9090
Handling connection for 9090
Handling connection for 9090
Handling connection for 9090
Handling connection for 9090
Handling connection for 9090
Handling connection for 9090
Handling connection for 9090
Handling connection for 9090
Handling connection for 9090
Handling connection for 9090
Handling connection for 9090
Handling connection for 9090
Handling connection for 9090
Handling connection for 9090
Handling connection for 9090
Handling connection for 9090
Handling connection for 9090
Handling connection for 9090
Handling connection for 9090
Handling connection for 9090
Handling connection for 9090
Handling connection for 9090
Handling connection for 9090
Handling connection for 9090
Handling connection for 9090
Handling connection for 9090
Handling connection for 9090
Handling connection for 9090
Handling connection for 9090
Handling connection for 9090
Handling connection for 9090
Handling connection for 9090
Handling connection for 9090
Handling connection for 9090
Handling connection for 9090
Handling connection for 9090
Handling connection for 9090
Handling connection for 9090
Handling connection for 9090
Handling connection for 9090
Handling connection for 9090
Handling connection for 9090
Handling connection for 9090
Handling connection for 9090
Handling connection for 9090
Handling connection for 9090
Handling connection for 9090
Handling connection for 9090
Handling connection for 9090
Handling connection for 9090
Handling connection for 9090
Handling connection for 9090
Handling connection for 9090
Handling connection for 9090
Handling connection for 9090
Handling connection for 9090
Handling connection for 9090
Handling connection for 9090
Handling connection for 9090
Handling connection for 9090
Handling connection for 9090
Handling connection for 9090
Handling connection for 9090
Handling connection for 9090
Handling connection for 9090
Handling connection for 9090
Handling connection for 9090
Handling connection for 9090
Handling connection for 9090
Handling connection for 9090
Handling connection for 9090
Handling connection for 9090
Handling connection for 9090
Handling connection for 9090
Handling connection for 9090
Handling connection for 9090
Handling connection for 9090
Handling connection for 9090
Handling connection for 9090
Handling connection for 9090
Handling connection for 9090
Handling connection for 9090
Handling connection for 9090
Handling connection for 9090
Handling connection for 9090
Handling connection for 9090
Handling connection for 9090
Handling connection for 9090
Handling connection for 9090
Handling connection for 9090
Handling connection for 9090
Handling connection for 9090
Handling connection for 9090
Handling connection for 9090
Handling connection for 9090
Handling connection for 9090
Handling connection for 9090
Handling connection for 9090
Handling connection for 9090
Handling connection for 9090
Handling connection for 9090
Handling connection for 9090
Handling connection for 9090
Handling connection for 9090
Handling connection for 9090
Handling connection for 9090
Handling connection for 9090
Handling connection for 9090
Handling connection for 9090
Handling connection for 9090
Handling connection for 9090
Handling connection for 9090
Handling connection for 9090
Handling connection for 9090
Handling connection for 9090
Handling connection for 9090
Handling connection for 9090
Handling connection for 9090
Handling connection for 9090
Handling connection for 9090
Handling connection for 9090
Handling connection for 9090
Handling connection for 9090
Handling connection for 9090
Handling connection for 9090
Handling connection for 9090
Handling connection for 9090
Handling connection for 9090
Handling connection for 9090
Handling connection for 9090
Handling connection for 9090
Handling connection for 9090
Handling connection for 9090
Handling connection for 9090
Handling connection for 9090
Handling connection for 9090
Handling connection for 9090
Handling connection for 9090
Handling connection for 9090
Handling connection for 9090
Handling connection for 9090
Handling connection for 9090
Handling connection for 9090
Handling connection for 9090
Handling connection for 9090
Handling connection for 9090
Handling connection for 9090
Handling connection for 9090
Handling connection for 9090
Handling connection for 9090
Handling connection for 9090
Handling connection for 9090
Handling connection for 9090
Handling connection for 9090
Handling connection for 9090
Handling connection for 9090
Handling connection for 9090
Handling connection for 9090
Handling connection for 9090
Handling connection for 9090
Handling connection for 9090
Handling connection for 9090
Handling connection for 9090
Handling connection for 9090
Handling connection for 9090
Handling connection for 9090
Handling connection for 9090
Handling connection for 9090
Handling connection for 9090
Handling connection for 9090
Handling connection for 9090
Handling connection for 9090
Handling connection for 9090
Handling connection for 9090
Handling connection for 9090
Handling connection for 9090
Handling connection for 9090
Handling connection for 9090
Handling connection for 9090
Handling connection for 9090
Handling connection for 9090
Handling connection for 9090
Handling connection for 9090
Handling connection for 9090
Handling connection for 9090
Handling connection for 9090
Handling connection for 9090
Handling connection for 9090
Handling connection for 9090
Handling connection for 9090
Handling connection for 9090
Handling connection for 9090
Handling connection for 9090
Handling connection for 9090
Handling connection for 9090
Handling connection for 9090
Handling connection for 9090
Handling connection for 9090
Handling connection for 9090
Handling connection for 9090
Handling connection for 9090
Handling connection for 9090
Handling connection for 9090
Handling connection for 9090
Handling connection for 9090
Handling connection for 9090
Handling connection for 9090
Handling connection for 9090
Handling connection for 9090
Handling connection for 9090
Handling connection for 9090
Handling connection for 9090
Handling connection for 9090
Handling connection for 9090
Handling connection for 9090
Handling connection for 9090
Handling connection for 9090
Handling connection for 9090
Handling connection for 9090
Handling connection for 9090
Handling connection for 9090
Handling connection for 9090
Handling connection for 9090
Handling connection for 9090
Handling connection for 9090
Handling connection for 9090
Handling connection for 9090
Handling connection for 9090
Handling connection for 9090
Handling connection for 9090
Handling connection for 9090
Handling connection for 9090
Handling connection for 9090
Handling connection for 9090
Handling connection for 9090
Handling connection for 9090
Handling connection for 9090
Handling connection for 9090
Handling connection for 9090
Handling connection for 9090
Handling connection for 9090
Handling connection for 9090
Handling connection for 9090
Handling connection for 9090
Handling connection for 9090
Handling connection for 9090
Handling connection for 9090
Handling connection for 9090
Handling connection for 9090
Handling connection for 9090
Handling connection for 9090
Handling connection for 9090
Handling connection for 9090
Handling connection for 9090
Handling connection for 9090
Handling connection for 9090
Handling connection for 9090
Handling connection for 9090
Handling connection for 9090
Handling connection for 9090
Handling connection for 9090
Handling connection for 9090
Handling connection for 9090
Handling connection for 9090
Handling connection for 9090
Handling connection for 9090
Handling connection for 9090
Handling connection for 9090
Handling connection for 9090
Handling connection for 9090
Handling connection for 9090
Handling connection for 9090
Handling connection for 9090
Handling connection for 9090
Handling connection for 9090
Handling connection for 9090
Handling connection for 9090
Handling connection for 9090
Handling connection for 9090
Handling connection for 9090
Handling connection for 9090
Handling connection for 9090
Handling connection for 9090
Handling connection for 9090
Handling connection for 9090
Handling connection for 9090
Handling connection for 9090
Handling connection for 9090
Handling connection for 9090
Handling connection for 9090
Handling connection for 9090
Handling connection for 9090
Handling connection for 9090
Handling connection for 9090
Handling connection for 9090
Handling connection for 9090
Handling connection for 9090
Handling connection for 9090
Handling connection for 9090
Handling connection for 9090
Handling connection for 9090
Handling connection for 9090
Handling connection for 9090
Handling connection for 9090
Handling connection for 9090
Handling connection for 9090
Handling connection for 9090
Handling connection for 9090
Handling connection for 9090
Handling connection for 9090
Handling connection for 9090
Handling connection for 9090
Handling connection for 9090
Handling connection for 9090
Handling connection for 9090
Handling connection for 9090
Handling connection for 9090
Handling connection for 9090
Handling connection for 9090
Handling connection for 9090
Handling connection for 9090
Handling connection for 9090
Handling connection for 9090
Handling connection for 9090
Handling connection for 9090
Handling connection for 9090
Handling connection for 9090
Handling connection for 9090
Handling connection for 9090
Handling connection for 9090
Handling connection for 9090
Handling connection for 9090
Handling connection for 9090
Handling connection for 9090
Handling connection for 9090
Handling connection for 9090
Handling connection for 9090
Handling connection for 9090
Handling connection for 9090
Handling connection for 9090
Handling connection for 9090
Handling connection for 9090
Handling connection for 9090
Handling connection for 9090
Handling connection for 9090
Handling connection for 9090
Handling connection for 9090
Handling connection for 9090
Handling connection for 9090
Handling connection for 9090
Handling connection for 9090
Handling connection for 9090
Handling connection for 9090
Handling connection for 9090
Handling connection for 9090
Handling connection for 9090
Handling connection for 9090
Handling connection for 9090
Handling connection for 9090
Handling connection for 9090
Handling connection for 9090
Handling connection for 9090
Handling connection for 9090
Handling connection for 9090
Handling connection for 9090
Handling connection for 9090
Handling connection for 9090
Handling connection for 9090
Handling connection for 9090
Handling connection for 9090
Handling connection for 9090
Handling connection for 9090
Handling connection for 9090
Handling connection for 9090
Handling connection for 9090
Handling connection for 9090
Handling connection for 9090
Handling connection for 9090
Handling connection for 9090
Handling connection for 9090
Handling connection for 9090
Handling connection for 9090
Handling connection for 9090
Handling connection for 9090
Handling connection for 9090
Handling connection for 9090
Handling connection for 9090
Handling connection for 9090
Handling connection for 9090
Handling connection for 9090
Handling connection for 9090
Handling connection for 9090
Handling connection for 9090
Handling connection for 9090
Handling connection for 9090
Handling connection for 9090
Handling connection for 9090
Handling connection for 9090
Handling connection for 9090
Handling connection for 9090
Handling connection for 9090
Handling connection for 9090
Handling connection for 9090
Handling connection for 9090
Handling connection for 9090
Handling connection for 9090
Handling connection for 9090
Handling connection for 9090
Handling connection for 9090
Handling connection for 9090
Handling connection for 9090
Handling connection for 9090
Handling connection for 9090
Handling connection for 9090
Handling connection for 9090
Handling connection for 9090
Handling connection for 9090
Handling connection for 9090
Handling connection for 9090
Handling connection for 9090
Handling connection for 9090
Handling connection for 9090
Handling connection for 9090
Handling connection for 9090
Handling connection for 9090
Handling connection for 9090
Handling connection for 9090
Handling connection for 9090
Handling connection for 9090
Handling connection for 9090
Handling connection for 9090
Handling connection for 9090
Handling connection for 9090
Handling connection for 9090
Handling connection for 9090
Handling connection for 9090
Handling connection for 9090
Handling connection for 9090
Handling connection for 9090
Handling connection for 9090
Handling connection for 9090
Handling connection for 9090
Handling connection for 9090
Handling connection for 9090
Handling connection for 9090
Handling connection for 9090
Handling connection for 9090
Handling connection for 9090
Handling connection for 9090
Handling connection for 9090
Handling connection for 9090
Handling connection for 9090
Handling connection for 9090
Handling connection for 9090
Handling connection for 9090
Handling connection for 9090
Handling connection for 9090
Handling connection for 9090
Handling connection for 9090
Handling connection for 9090
Handling connection for 9090
Handling connection for 9090
Handling connection for 9090
Handling connection for 9090
Handling connection for 9090
Handling connection for 9090
Handling connection for 9090
Handling connection for 9090
Handling connection for 9090
Handling connection for 9090
Handling connection for 9090
Handling connection for 9090
Handling connection for 9090
Handling connection for 9090
Handling connection for 9090
Handling connection for 9090
Handling connection for 9090
Handling connection for 9090
Handling connection for 9090
Handling connection for 9090
Handling connection for 9090
Handling connection for 9090
[2025-05-11 15:54:04] Fase 1 - Baseline concluída
[2025-05-11 15:54:04] Interrompendo coleta de métricas (PID: 615475)...
[2025-05-11 15:54:04] Coleta de métricas finalizada.
[2025-05-11 15:54:04] Fase '1 - Baseline' concluída.
[2025-05-11 15:54:04] Modo não interativo: continuando automaticamente para a próxima fase...
[2025-05-11 15:54:04] === Fase 2 - Attack ===
[2025-05-11 15:54:04] Coletando métricas a cada 5 segundos...
[2025-05-11 15:54:04] Coleta de métricas iniciada com PID: 641261 (log: /home/phil/Projects/k8s-noisy-lab/results/2025-05-11/15-51-11/firsts-analisys-4/round-1/2 - Attack/logs/metrics_collection.log)
[2025-05-11 15:54:04] Iniciando fase: 2 - Attack com duração máxima de 150s
[2025-05-11 15:54:04] Implantando tenant-b (atacante noisy neighbor)...
[2025-05-11 15:54:04] Prometheus não está acessível via localhost:9090, tentando configurar port-forward...
deployment.apps/stress-ng created
deployment.apps/traffic-generator created
deployment.apps/traffic-server created
configmap/nginx-traffic-server-config created
service/traffic-server created
[2025-05-11 15:54:04] Aguardando inicialização dos serviços do tenant-b...
[2025-05-11 15:54:05] Configurando port-forward para o Prometheus...
[2025-05-11 15:54:05] Aguardando port-forward para o Prometheus (tentativa 1/15)...
[2025-05-11 15:54:07] Port-forward para o Prometheus configurado com sucesso (PID: 641705)
deployment.apps/traffic-generator condition met
error: timed out waiting for the condition on deployments/traffic-server
[2025-05-11 15:56:13] Timeout aguardando pelo traffic-server no tenant-b
deployment.apps/stress-ng condition met
Error from server (NotFound): deployments.apps "iperf-server" not found
[2025-05-11 15:56:13] Timeout aguardando pelo iperf-server no tenant-b
[2025-05-11 15:56:13] Verificando todos os tenants após a implantação do atacante...
[2025-05-11 15:56:13] Verificando se todos os tenants relevantes para a fase 'attack' estão prontos...
[2025-05-11 15:56:14] Aguardando pods no namespace tenant-a ficarem prontos (timeout: 60s)...
[2025-05-11 15:56:14] Status dos pods em tenant-a:
[2025-05-11 15:56:14] Detalhes dos pods com problemas:
[2025-05-11 15:56:19] Aguardando pods no namespace tenant-a... (5/60s) - 1 pods ainda não prontos, 0 não em execução
[2025-05-11 15:56:24] Aguardando pods no namespace tenant-a... (10/60s) - 1 pods ainda não prontos, 0 não em execução
[2025-05-11 15:56:30] Status dos pods em tenant-a:
[2025-05-11 15:56:30] Detalhes dos pods com problemas:
[2025-05-11 15:56:34] Timeout de fase 2 - Attack atingido. Matando processo 641267
[2025-05-11 15:56:34] Fase 2 - Attack concluída
[2025-05-11 15:56:34] Interrompendo coleta de métricas (PID: 641261)...
[2025-05-11 15:56:34] Coleta de métricas finalizada.
[2025-05-11 15:56:34] Fase '2 - Attack' concluída.
[2025-05-11 15:56:34] Modo não interativo: continuando automaticamente para a próxima fase...
[2025-05-11 15:56:34] === Fase 3 - Recovery ===
[2025-05-11 15:56:34] Coleta de métricas iniciada com PID: 668862 (log: /home/phil/Projects/k8s-noisy-lab/results/2025-05-11/15-51-11/firsts-analisys-4/round-1/3 - Recovery/logs/metrics_collection.log)
[2025-05-11 15:56:34] Iniciando fase: 3 - Recovery com duração máxima de 100s
[2025-05-11 15:56:34] Coletando métricas a cada 5 segundos...
[2025-05-11 15:56:34] Removendo tenant-b (atacante)...
[2025-05-11 15:56:34] Prometheus não está acessível via localhost:9090, tentando configurar port-forward...
deployment.apps "stress-ng" deleted
deployment.apps "traffic-generator" deleted
deployment.apps "traffic-server" deleted
configmap "nginx-traffic-server-config" deleted
service "traffic-server" deleted
[2025-05-11 15:56:34] Verificando recuperação do tenant-a, tenant-c e tenant-d...
[2025-05-11 15:56:34] Verificando se todos os tenants relevantes para a fase 'recovery' estão prontos...
[2025-05-11 15:56:34] Aguardando pods no namespace tenant-a ficarem prontos (timeout: 120s)...
[2025-05-11 15:56:35] Status dos pods em tenant-a:
[2025-05-11 15:56:35] Detalhes dos pods com problemas:
[2025-05-11 15:56:35] Configurando port-forward para o Prometheus...
[2025-05-11 15:56:35] Aguardando port-forward para o Prometheus (tentativa 1/15)...
[2025-05-11 15:56:37] Port-forward para o Prometheus configurado com sucesso (PID: 669108)
[2025-05-11 15:56:40] Aguardando pods no namespace tenant-a... (5/120s) - 1 pods ainda não prontos, 0 não em execução
[2025-05-11 15:56:45] Aguardando pods no namespace tenant-a... (10/120s) - 1 pods ainda não prontos, 0 não em execução
[2025-05-11 15:56:51] Status dos pods em tenant-a:
[2025-05-11 15:56:51] Detalhes dos pods com problemas:
[2025-05-11 15:56:56] Aguardando pods no namespace tenant-a... (20/120s) - 1 pods ainda não prontos, 0 não em execução
[2025-05-11 15:57:01] Aguardando pods no namespace tenant-a... (25/120s) - 1 pods ainda não prontos, 0 não em execução
[2025-05-11 15:57:06] Status dos pods em tenant-a:
[2025-05-11 15:57:06] Detalhes dos pods com problemas:
[2025-05-11 15:57:12] Aguardando pods no namespace tenant-a... (35/120s) - 1 pods ainda não prontos, 0 não em execução
[2025-05-11 15:57:17] Aguardando pods no namespace tenant-a... (40/120s) - 1 pods ainda não prontos, 0 não em execução
[2025-05-11 15:57:22] Status dos pods em tenant-a:
[2025-05-11 15:57:22] Detalhes dos pods com problemas:
[2025-05-11 15:57:27] Aguardando pods no namespace tenant-a... (50/120s) - 1 pods ainda não prontos, 0 não em execução
[2025-05-11 15:57:33] Aguardando pods no namespace tenant-a... (55/120s) - 1 pods ainda não prontos, 0 não em execução
[2025-05-11 15:57:38] Status dos pods em tenant-a:
[2025-05-11 15:57:38] Detalhes dos pods com problemas:
[2025-05-11 15:57:43] Aguardando pods no namespace tenant-a... (65/120s) - 1 pods ainda não prontos, 0 não em execução
[2025-05-11 15:57:48] Aguardando pods no namespace tenant-a... (70/120s) - 1 pods ainda não prontos, 0 não em execução
[2025-05-11 15:57:53] Status dos pods em tenant-a:
[2025-05-11 15:57:53] Detalhes dos pods com problemas:
[2025-05-11 15:57:59] Aguardando pods no namespace tenant-a... (80/120s) - 1 pods ainda não prontos, 0 não em execução
[2025-05-11 15:58:04] Aguardando pods no namespace tenant-a... (85/120s) - 1 pods ainda não prontos, 0 não em execução
[2025-05-11 15:58:09] Status dos pods em tenant-a:
[2025-05-11 15:58:09] Detalhes dos pods com problemas:
[2025-05-11 15:58:14] Timeout de fase 3 - Recovery atingido. Matando processo 668866
[2025-05-11 15:58:14] Fase 3 - Recovery concluída
[2025-05-11 15:58:14] Interrompendo coleta de métricas (PID: 668862)...
[2025-05-11 15:58:14] Coleta de métricas finalizada.
[2025-05-11 15:58:14] Round 1/1 concluído com sucesso!
[2025-05-11 15:58:14] Modo não interativo: limpando automaticamente os recursos dos tenants...
[2025-05-11 15:58:14] Limpando todos os tenants após o experimento...
namespace "tenant-a" deleted
namespace "tenant-b" deleted
namespace "tenant-c" deleted
namespace "tenant-d" deleted
[2025-05-11 15:58:53] Tenants removidos com sucesso.
[2025-05-11 15:58:53] Recursos dos tenants removidos.
[2025-05-11 15:58:53] ======= EXPERIMENTO CONCLUÍDO =======
[2025-05-11 15:58:53] Data/hora de início: 2025/05/11 15:51:11
[2025-05-11 15:58:53] Data/hora de término: 2025/05/11 15:58:53
[2025-05-11 15:58:53] Duração total: 401 segundos (6 minutos)
[2025-05-11 15:58:53] Métricas e logs salvos em: /home/phil/Projects/k8s-noisy-lab/results/2025-05-11/15-51-11/firsts-analisys-4
[2025-05-11 15:58:53] Para visualizar os resultados no Grafana:
[2025-05-11 15:58:53] kubectl -n monitoring port-forward svc/prometheus-grafana 3000:80
[2025-05-11 15:58:53] Abra seu navegador em http://localhost:3000 (usuário: admin, senha: admin)
[2025-05-11 15:58:53] ===== INTERRUPÇÃO DETECTADA =====
[2025-05-11 15:58:53] Experimento terminado com erro (código: 0)
[2025-05-11 15:58:53] Realizando limpeza de recursos...
[2025-05-11 15:58:53] Interrompendo port-forwards em execução...
[2025-05-11 15:58:53] Removendo recursos do tenant-b (atacante)...
[2025-05-11 15:58:53] Modo não interativo: limpando automaticamente todos os recursos dos tenants...
[2025-05-11 15:58:53] Limpando todos os tenants após o experimento...
[2025-05-11 15:58:53] Tenants removidos com sucesso.
[2025-05-11 15:58:53] Recursos dos tenants removidos.
[2025-05-11 15:58:53] Limpeza de emergência concluída.
[2025-05-11 15:58:53] Métricas e logs parciais salvos em: /home/phil/Projects/k8s-noisy-lab/results/2025-05-11/15-51-11/firsts-analisys-4
[2025-05-11 15:58:53] ===== FIM DO EXPERIMENTO (INTERROMPIDO) =====
