[2025-05-09 03:55:37] Iniciando experimento: cpu-noisy
[2025-05-09 03:55:37] Log sendo salvo em: /home/phil/Projects/k8s-noisy-lab/results/2025-05-09/03-55-37/cpu-noisy/experiment.log
[2025-05-09 03:55:37] Verificando pré-requisitos...
[2025-05-09 03:55:37] Métricas serão salvas em: /home/phil/Projects/k8s-noisy-lab/results/2025-05-09/03-55-37/cpu-noisy
[2025-05-09 03:55:37] Validando recursos do cluster...
[0;35m==========================================[0m
[0;35m     VERIFICAÇÃO PRÉ-EXPERIMENTO         [0m
[0;35m==========================================[0m
[0;35mVerificando conectividade com o cluster...[0m
[0;32m✓ Conexão com o cluster estabelecida com sucesso[0m
[0;35mVerificando estado dos nós do cluster...[0m
[0;32m✓ O cluster possui 1 nós disponíveis[0m
[0;35mVerificando recursos disponíveis no cluster...[0m
CPU: [0;35m11600[0m cores
Memória: [0;35m30.73[0m GB
[0;32m✓ Recursos do cluster são suficientes para o experimento[0m
[0;35mVerificando namespaces necessárias...[0m
[0;32m✓ Namespace 'tenant-a' encontrada[0m
[0;32m✓ Namespace 'tenant-b' encontrada[0m
[0;32m✓ Namespace 'tenant-c' encontrada[0m
[0;32m✓ Namespace 'monitoring' encontrada[0m
[0;35mVerificando disponibilidade do Prometheus...[0m
[0;32m✓ Prometheus está rodando e pronto[0m
[0;35mVerificando disponibilidade das métricas essenciais...[0m
[0;32m✓ Métrica 'container_cpu_usage_seconds_total' disponível[0m
[0;32m✓ Métrica 'container_memory_working_set_bytes' disponível[0m
[0;32m✓ Métrica 'container_network_receive_bytes_total' disponível[0m
[0;32m✓ Métrica 'container_network_transmit_bytes_total' disponível[0m
[0;32m✓ Métrica 'container_cpu_cfs_throttled_periods_total' disponível[0m
[0;32m✓ Métrica 'container_cpu_cfs_periods_total' disponível[0m
[0;35mVerificando permissões necessárias...[0m
[0;35mVerificando CRDs do Prometheus Operator...[0m
[0;32m✓ CRD 'servicemonitors.monitoring.coreos.com' encontrada[0m
[0;32m✓ CRD 'prometheusrules.monitoring.coreos.com' encontrada[0m
[0;35m==========================================[0m
[0;32m✓ Cluster validado com sucesso para o experimento[0m
[0;35m==========================================[0m

Informações adicionais:
- O experimento utiliza métricas da cAdvisor integradas ao kubelet
- As queries do Prometheus usam principalmente métricas rate() com 1m de janela
- Os workloads são distribuídos em 3 tenants para simular o cenário de noisy neighbour

Recomendações finais:
- Certifique-se de ter pelo menos 15-20% de recursos livres além dos solicitados
- Se estiver usando Minikube, use a opção '--driver=docker' para melhor desempenho
- Verifique se não há outros processos consumindo recursos significativos nos nós
[2025-05-09 03:55:41] Criando namespaces...
resourcequota/tenant-a-quota configured
resourcequota/tenant-b-quota configured
resourcequota/tenant-c-quota configured
namespace/tenant-a unchanged
namespace/tenant-b unchanged
namespace/tenant-c unchanged
[2025-05-09 03:55:42] Aplicando resource quotas...
resourcequota/tenant-a-quota configured
resourcequota/tenant-b-quota configured
resourcequota/tenant-c-quota configured
[2025-05-09 03:55:42] Stack de observabilidade já instalada.
[2025-05-09 03:55:42] Aguardando inicialização do Prometheus...
Error from server (NotFound): deployments.apps "prometheus-kube-prometheus-prometheus" not found
[2025-05-09 03:55:42] Não foi possível detectar o deployment do Prometheus. Continuando mesmo assim...
[2025-05-09 03:55:42] Configurando port-forward para o Prometheus...
Unable to listen on port 9090: Listeners failed to create with the following errors: [unable to create listener: Error listen tcp4 127.0.0.1:9090: bind: address already in use unable to create listener: Error listen tcp6 [::1]:9090: bind: address already in use]
error: unable to listen on any of the requested ports: [{9090 9090}]
[2025-05-09 03:55:47] Port-forward para Prometheus configurado com sucesso
[2025-05-09 03:55:47] ======= INÍCIO DO EXPERIMENTO: cpu-noisy =======
[2025-05-09 03:55:47] Data: 2025/05/09, Hora: 03:55:37
[2025-05-09 03:55:47] Número de rounds: 1
[2025-05-09 03:55:47] Duração das fases: Baseline=60s, Ataque=60s, Recuperação=60s
[2025-05-09 03:55:47] ===== ROUND 1/1 =====
[2025-05-09 03:55:47] === Fase 1: BASELINE ===
[2025-05-09 03:55:47] Limpando workloads anteriores...
deployment.apps "cpu-stress" deleted
deployment.apps "memory-stress" deleted
deployment.apps "iperf-client" deleted
deployment.apps "cpu-stress" deleted
deployment.apps "memory-stress" deleted
deployment.apps "iperf-server" deleted
service "iperf-server" deleted
[2025-05-09 03:55:57] Iniciando fase: baseline (duração máxima: 60s)
[2025-05-09 03:55:57] Implantando tenant-a (referência)...
deployment.apps/cpu-stress created
deployment.apps/memory-stress created
deployment.apps/iperf-server created
service/iperf-server created
[2025-05-09 03:55:57] Aguardando inicialização dos serviços do tenant-a...
deployment.apps/iperf-server condition met
[2025-05-09 03:56:13] Implantando tenant-c (vítima)...
deployment.apps/cpu-stress created
deployment.apps/memory-stress created
deployment.apps/iperf-client created
[2025-05-09 03:56:13] Aguardando inicialização dos workloads do tenant-c...
[2025-05-09 03:56:28] Coletando métricas para a fase: baseline (Round 1)...
Traceback (most recent call last):
  File "<string>", line 4, in <module>
    from prometheus_metrics import main
  File "/home/phil/Projects/k8s-noisy-lab/prometheus_metrics/main.py", line 12, in <module>
    from prometheus_metrics.processors.data_processor import MetricsDataProcessor
  File "/home/phil/Projects/k8s-noisy-lab/prometheus_metrics/processors/data_processor.py", line 5, in <module>
    import pandas as pd
ModuleNotFoundError: No module named 'pandas'
[2025-05-09 03:56:28] ⚠️ Aviso: Problema na coleta de métricas. Continuando o experimento...
[2025-05-09 03:56:28] Coletando informações do cluster...
error: Metrics API not available
error: Metrics API not available
[2025-05-09 03:56:29] Capturando métricas via API do Prometheus...
[2025-05-09 03:57:27] ⚠️ Timeout atingido para fase baseline. Forçando continuação...
[2025-05-09 03:57:27] Fase baseline concluída
[2025-05-09 03:57:27] === Fase 2: ATAQUES ===
[2025-05-09 03:57:27] Iniciando fase: attack (duração máxima: 60s)
[2025-05-09 03:57:27] Implantando tenant-b (noisy neighbour)...
deployment.apps/cpu-stress created
deployment.apps/memory-stress created
deployment.apps/iperf-client created
[2025-05-09 03:57:28] Aguardando inicialização dos workloads do tenant-b...
[2025-05-09 03:57:43] Coletando métricas para a fase: attack-start (Round 1)...
Traceback (most recent call last):
  File "<string>", line 4, in <module>
    from prometheus_metrics import main
  File "/home/phil/Projects/k8s-noisy-lab/prometheus_metrics/main.py", line 12, in <module>
    from prometheus_metrics.processors.data_processor import MetricsDataProcessor
  File "/home/phil/Projects/k8s-noisy-lab/prometheus_metrics/processors/data_processor.py", line 5, in <module>
    import pandas as pd
ModuleNotFoundError: No module named 'pandas'
[2025-05-09 03:57:43] ⚠️ Aviso: Problema na coleta de métricas. Continuando o experimento...
[2025-05-09 03:57:43] Coletando informações do cluster...
error: Metrics API not available
error: Metrics API not available
[2025-05-09 03:57:43] Capturando métricas via API do Prometheus...
[2025-05-09 03:58:43] Coletando métricas para a fase: attack-end (Round 1)...
Traceback (most recent call last):
  File "<string>", line 4, in <module>
    from prometheus_metrics import main
  File "/home/phil/Projects/k8s-noisy-lab/prometheus_metrics/main.py", line 12, in <module>
    from prometheus_metrics.processors.data_processor import MetricsDataProcessor
  File "/home/phil/Projects/k8s-noisy-lab/prometheus_metrics/processors/data_processor.py", line 5, in <module>
    import pandas as pd
ModuleNotFoundError: No module named 'pandas'
[2025-05-09 03:58:43] ⚠️ Aviso: Problema na coleta de métricas. Continuando o experimento...
[2025-05-09 03:58:43] Coletando informações do cluster...
error: Metrics API not available
error: Metrics API not available
[2025-05-09 03:58:43] Capturando métricas via API do Prometheus...
[2025-05-09 03:58:44] Fase attack concluída
[2025-05-09 03:58:44] === Fase 3: RECUPERAÇÃO ===
[2025-05-09 03:58:44] Iniciando fase: recovery (duração máxima: 60s)
[2025-05-09 03:58:44] Removendo tenant-b (noisy neighbour)...
deployment.apps "cpu-stress" deleted
deployment.apps "memory-stress" deleted
deployment.apps "iperf-client" deleted
[2025-05-09 03:58:44] Aguardando remoção completa do tenant-b...
[2025-05-09 03:58:59] Coletando métricas para a fase: recovery-start (Round 1)...
Traceback (most recent call last):
  File "<string>", line 4, in <module>
    from prometheus_metrics import main
  File "/home/phil/Projects/k8s-noisy-lab/prometheus_metrics/main.py", line 12, in <module>
    from prometheus_metrics.processors.data_processor import MetricsDataProcessor
  File "/home/phil/Projects/k8s-noisy-lab/prometheus_metrics/processors/data_processor.py", line 5, in <module>
    import pandas as pd
ModuleNotFoundError: No module named 'pandas'
[2025-05-09 03:58:59] ⚠️ Aviso: Problema na coleta de métricas. Continuando o experimento...
[2025-05-09 03:58:59] Coletando informações do cluster...
error: Metrics API not available
error: Metrics API not available
[2025-05-09 03:58:59] Capturando métricas via API do Prometheus...
[2025-05-09 03:59:59] Coletando métricas para a fase: recovery-end (Round 1)...
Traceback (most recent call last):
  File "<string>", line 4, in <module>
    from prometheus_metrics import main
  File "/home/phil/Projects/k8s-noisy-lab/prometheus_metrics/main.py", line 12, in <module>
    from prometheus_metrics.processors.data_processor import MetricsDataProcessor
  File "/home/phil/Projects/k8s-noisy-lab/prometheus_metrics/processors/data_processor.py", line 5, in <module>
    import pandas as pd
ModuleNotFoundError: No module named 'pandas'
[2025-05-09 03:59:59] ⚠️ Aviso: Problema na coleta de métricas. Continuando o experimento...
[2025-05-09 03:59:59] Coletando informações do cluster...
error: Metrics API not available
error: Metrics API not available
[2025-05-09 03:59:59] Capturando métricas via API do Prometheus...
[2025-05-09 04:00:00] Fase recovery concluída
[2025-05-09 04:00:00] Round 1/1 concluído com sucesso!
[2025-05-09 04:00:00] Coletando métricas para a fase: final (Round all)...
Traceback (most recent call last):
  File "<string>", line 4, in <module>
    from prometheus_metrics import main
  File "/home/phil/Projects/k8s-noisy-lab/prometheus_metrics/main.py", line 12, in <module>
    from prometheus_metrics.processors.data_processor import MetricsDataProcessor
  File "/home/phil/Projects/k8s-noisy-lab/prometheus_metrics/processors/data_processor.py", line 5, in <module>
    import pandas as pd
ModuleNotFoundError: No module named 'pandas'
[2025-05-09 04:00:00] ⚠️ Aviso: Problema na coleta de métricas. Continuando o experimento...
[2025-05-09 04:00:00] Coletando informações do cluster...
error: Metrics API not available
error: Metrics API not available
[2025-05-09 04:00:00] Capturando métricas via API do Prometheus...
[2025-05-09 04:00:00] Interrompendo port-forward do Prometheus...
[2025-05-09 04:00:00] ======= EXPERIMENTO CONCLUÍDO =======
[2025-05-09 04:00:00] Data/hora de início: 2025/05/09 03:55:37
[2025-05-09 04:00:00] Data/hora de término: 2025/05/09 04:00:00
[2025-05-09 04:00:00] Duração total: 253 segundos (4 minutos)
[2025-05-09 04:00:00] Métricas e logs salvos em: /home/phil/Projects/k8s-noisy-lab/results/2025-05-09/03-55-37/cpu-noisy
[2025-05-09 04:00:00] Para visualizar os resultados no Grafana:
[2025-05-09 04:00:00] kubectl -n monitoring port-forward svc/prometheus-grafana 3000:80
[2025-05-09 04:00:00] Abra seu navegador em http://localhost:3000 (usuário: admin, senha: admin)
