[20250511_150146] Iniciando coleta de métricas a cada 5 segundos
[20250511_150146] Métricas configuradas para coleta: 38
[20250511_150146] Verificando acesso ao Prometheus...
[20250511_150146] Prometheus já está acessível via localhost:9090
[20250511_150146] Testando consulta ao Prometheus...
[20250511_150146] Alvos do Prometheus: 68 ativos, 317 descartados
Filesystem      Size  Used Avail Use% Mounted on
/dev/nvme0n1p3  465G   28G  434G   6% /
devtmpfs        4.0M     0  4.0M   0% /dev
tmpfs            16G   14M   16G   1% /dev/shm
efivarfs        128K   50K   74K  41% /sys/firmware/efi/efivars
tmpfs           6.3G  2.3M  6.3G   1% /run
tmpfs           1.0M     0  1.0M   0% /run/credentials/systemd-journald.service
tmpfs            16G  5.1M   16G   1% /tmp
/dev/nvme0n1p3  465G   28G  434G   6% /home
/dev/nvme0n1p2  974M  463M  444M  52% /boot
/dev/nvme0n1p1  599M   53M  547M   9% /boot/efi
tmpfs           1.0M     0  1.0M   0% /run/credentials/systemd-resolved.service
tmpfs           3.2G  184K  3.2G   1% /run/user/1000
[20250511_150146] DEBUG: Verificando permissões de escrita em /home/phil/Projects/k8s-noisy-lab/results/2025-05-11/14-55-53/firsts-analisys-1
Escrita permitida
[20250511_150146] DEBUG: Número total de métricas: 38
[20250511_150146] Verificando pods em todos os namespaces:
NAMESPACE        NAME                                                     READY   STATUS              RESTARTS   AGE
ingress-nginx    ingress-nginx-controller-77ff9b8cfc-pxppq                1/1     Running             0          36m
kube-system      calico-kube-controllers-5745477d4d-x72lp                 1/1     Running             0          39m
kube-system      calico-node-lpsv9                                        1/1     Running             0          39m
kube-system      coredns-668d6bf9bc-n7rts                                 1/1     Running             0          39m
kube-system      etcd-minikube                                            1/1     Running             0          39m
kube-system      kube-apiserver-minikube                                  1/1     Running             0          39m
kube-system      kube-controller-manager-minikube                         1/1     Running             0          39m
kube-system      kube-proxy-h4mr6                                         1/1     Running             0          39m
kube-system      kube-scheduler-minikube                                  1/1     Running             0          39m
kube-system      metrics-server-7fbb699795-4l2vd                          1/1     Running             0          39m
kube-system      storage-provisioner                                      1/1     Running             0          39m
metallb-system   controller-bb5f47665-9rcc4                               1/1     Running             0          34m
metallb-system   speaker-7662w                                            1/1     Running             0          34m
monitoring       alertmanager-prometheus-kube-prometheus-alertmanager-0   2/2     Running             0          38m
monitoring       blackbox-exporter-849545489b-wtt89                       1/1     Running             0          32m
monitoring       prometheus-grafana-779f94ccc5-5lk4r                      3/3     Running             0          38m
monitoring       prometheus-kube-prometheus-operator-58dbc8bb4f-ctfhn     1/1     Running             0          38m
monitoring       prometheus-kube-state-metrics-5bc7f89f46-svw6t           1/1     Running             0          38m
monitoring       prometheus-prometheus-kube-prometheus-prometheus-0       2/2     Running             0          38m
monitoring       prometheus-prometheus-node-exporter-xrbld                1/1     Running             0          38m
tenant-a         iperf-server-d79fbdf6c-jsdtl                             1/1     Running             0          5m
tenant-a         nginx-benchmark-2hzk2                                    0/1     Completed           0          5m
tenant-a         nginx-deployment-56fc57d4-75bcl                          1/1     Running             0          5m
tenant-a         nginx-deployment-56fc57d4-gn54r                          1/1     Running             0          5m
tenant-a         nginx-deployment-56fc57d4-tdcfm                          1/1     Running             0          5m
tenant-b         stress-ng-6764fc7965-hwzsz                               0/1     ContainerCreating   0          0s
tenant-b         stress-ng-6764fc7965-nfg44                               0/1     Pending             0          0s
tenant-b         traffic-generator-85fb77744d-dxvqk                       0/1     ContainerCreating   0          0s
tenant-b         traffic-generator-85fb77744d-m5v4c                       0/1     Pending             0          0s
tenant-b         traffic-generator-85fb77744d-nsrnx                       0/1     Pending             0          0s
tenant-c         continuous-memory-stress-vjlsj                           0/1     Completed           0          4m58s
tenant-c         memory-monitor-cfd7584c6-57l8s                           1/1     Running             0          4m58s
tenant-c         redis-deployment-6f5c56db8b-c57xn                        1/1     Running             0          4m58s
tenant-d         cpu-intensive-continuous-czhpd                           0/1     Completed           0          4m58s
tenant-d         disk-intensive-continuous-flnnz                          1/1     Running             0          2m55s
tenant-d         pgbench-continuous-workload-b22m6                        0/1     Completed           0          4m58s
tenant-d         pgbench-init-8g454                                       0/1     Completed           0          4m58s
tenant-d         postgres-5dc855c4cc-dtwsh                                2/2     Running             0          4m58s
[20250511_150146] WARN: sem dados para cpu_throttled_time
[20250511_150146] WARN: sem dados para memory_usage_noisy_victim_ratio
[20250511_150146] WARN: sem dados para resource_dominance_index
[20250511_150146] WARN: sem dados para cpu_throttled_ratio
[20250511_150146] WARN: sem dados para memory_pressure
[20250511_150146] WARN: sem dados para postgres_connections
[20250511_150146] WARN: sem dados para postgres_transactions
[20250511_150146] WARN: sem dados para cpu_usage_noisy_victim_ratio
[20250511_150146] WARN: sem dados para postgres_disk_io
[20250511_150146] WARN: sem dados para network_usage_noisy_victim_ratio
[20250511_150146] WARN: sem dados para latency_process_time
[20250511_150146] INFO: Coletadas 123 métricas com sucesso (falhas: 0, total até agora: sucesso=1, falha=0)
[20250511_150152] WARN: sem dados para cpu_throttled_time
[20250511_150152] WARN: sem dados para resource_dominance_index
[20250511_150152] WARN: sem dados para cpu_throttled_ratio
[20250511_150152] WARN: sem dados para memory_pressure
[20250511_150152] WARN: sem dados para postgres_connections
[20250511_150152] WARN: sem dados para postgres_transactions
[20250511_150152] WARN: sem dados para cpu_usage_noisy_victim_ratio
[20250511_150152] WARN: sem dados para postgres_disk_io
[20250511_150152] WARN: sem dados para network_usage_noisy_victim_ratio
[20250511_150152] WARN: sem dados para latency_process_time
[20250511_150152] INFO: Coletadas 135 métricas com sucesso (falhas: 0, total até agora: sucesso=2, falha=0)
[20250511_150159] WARN: sem dados para cpu_throttled_time
[20250511_150159] WARN: sem dados para resource_dominance_index
[20250511_150159] WARN: sem dados para cpu_throttled_ratio
[20250511_150159] WARN: sem dados para memory_pressure
[20250511_150159] WARN: sem dados para postgres_connections
[20250511_150159] WARN: sem dados para postgres_transactions
[20250511_150159] WARN: sem dados para cpu_usage_noisy_victim_ratio
[20250511_150159] WARN: sem dados para postgres_disk_io
[20250511_150159] WARN: sem dados para latency_process_time
[20250511_150159] INFO: Coletadas 145 métricas com sucesso (falhas: 0, total até agora: sucesso=3, falha=0)
[20250511_150205] WARN: sem dados para cpu_throttled_time
[20250511_150205] WARN: sem dados para cpu_throttled_ratio
[20250511_150205] WARN: sem dados para memory_pressure
[20250511_150205] WARN: sem dados para postgres_connections
[20250511_150205] WARN: sem dados para postgres_transactions
[20250511_150205] WARN: sem dados para postgres_disk_io
[20250511_150205] WARN: sem dados para latency_process_time
[20250511_150205] INFO: Coletadas 154 métricas com sucesso (falhas: 0, total até agora: sucesso=4, falha=0)
[20250511_150211] WARN: sem dados para cpu_throttled_time
[20250511_150211] WARN: sem dados para cpu_throttled_ratio
[20250511_150211] WARN: sem dados para memory_pressure
[20250511_150211] WARN: sem dados para postgres_connections
[20250511_150211] WARN: sem dados para postgres_transactions
[20250511_150211] WARN: sem dados para postgres_disk_io
[20250511_150211] WARN: sem dados para latency_process_time
[20250511_150211] INFO: Coletadas 154 métricas com sucesso (falhas: 0, total até agora: sucesso=5, falha=0)
[20250511_150218] WARN: sem dados para cpu_throttled_time
[20250511_150218] WARN: sem dados para cpu_throttled_ratio
[20250511_150218] WARN: sem dados para memory_pressure
[20250511_150218] WARN: sem dados para postgres_connections
[20250511_150218] WARN: sem dados para postgres_transactions
[20250511_150218] WARN: sem dados para postgres_disk_io
[20250511_150218] WARN: sem dados para latency_process_time
[20250511_150218] INFO: Coletadas 154 métricas com sucesso (falhas: 0, total até agora: sucesso=6, falha=0)
[20250511_150224] WARN: sem dados para cpu_throttled_time
[20250511_150224] WARN: sem dados para cpu_throttled_ratio
[20250511_150224] WARN: sem dados para memory_pressure
[20250511_150224] WARN: sem dados para postgres_connections
[20250511_150224] WARN: sem dados para postgres_transactions
[20250511_150224] WARN: sem dados para postgres_disk_io
[20250511_150224] WARN: sem dados para latency_process_time
[20250511_150224] INFO: Coletadas 154 métricas com sucesso (falhas: 0, total até agora: sucesso=7, falha=0)
[20250511_150230] WARN: sem dados para cpu_throttled_time
[20250511_150230] WARN: sem dados para cpu_throttled_ratio
[20250511_150230] WARN: sem dados para memory_pressure
[20250511_150230] WARN: sem dados para postgres_connections
[20250511_150230] WARN: sem dados para postgres_transactions
[20250511_150230] WARN: sem dados para postgres_disk_io
[20250511_150230] WARN: sem dados para latency_process_time
[20250511_150230] INFO: Coletadas 154 métricas com sucesso (falhas: 0, total até agora: sucesso=8, falha=0)
[20250511_150237] WARN: sem dados para cpu_throttled_time
[20250511_150237] WARN: sem dados para cpu_throttled_ratio
[20250511_150237] WARN: sem dados para memory_pressure
[20250511_150237] WARN: sem dados para postgres_connections
[20250511_150237] WARN: sem dados para postgres_transactions
[20250511_150237] WARN: sem dados para postgres_disk_io
[20250511_150237] WARN: sem dados para latency_process_time
[20250511_150237] INFO: Coletadas 154 métricas com sucesso (falhas: 0, total até agora: sucesso=9, falha=0)
[20250511_150243] WARN: sem dados para cpu_throttled_time
[20250511_150243] WARN: sem dados para cpu_throttled_ratio
[20250511_150243] WARN: sem dados para memory_pressure
[20250511_150243] WARN: sem dados para postgres_connections
[20250511_150243] WARN: sem dados para postgres_transactions
[20250511_150243] WARN: sem dados para postgres_disk_io
[20250511_150243] WARN: sem dados para latency_process_time
[20250511_150243] INFO: Coletadas 154 métricas com sucesso (falhas: 0, total até agora: sucesso=10, falha=0)
[20250511_150249] Verificando pods em todos os namespaces:
NAMESPACE        NAME                                                     READY   STATUS      RESTARTS   AGE
ingress-nginx    ingress-nginx-controller-77ff9b8cfc-pxppq                1/1     Running     0          37m
kube-system      calico-kube-controllers-5745477d4d-x72lp                 1/1     Running     0          40m
kube-system      calico-node-lpsv9                                        1/1     Running     0          40m
kube-system      coredns-668d6bf9bc-n7rts                                 1/1     Running     0          40m
kube-system      etcd-minikube                                            1/1     Running     0          40m
kube-system      kube-apiserver-minikube                                  1/1     Running     0          40m
kube-system      kube-controller-manager-minikube                         1/1     Running     0          40m
kube-system      kube-proxy-h4mr6                                         1/1     Running     0          40m
kube-system      kube-scheduler-minikube                                  1/1     Running     0          40m
kube-system      metrics-server-7fbb699795-4l2vd                          1/1     Running     0          40m
kube-system      storage-provisioner                                      1/1     Running     0          40m
metallb-system   controller-bb5f47665-9rcc4                               1/1     Running     0          35m
metallb-system   speaker-7662w                                            1/1     Running     0          35m
monitoring       alertmanager-prometheus-kube-prometheus-alertmanager-0   2/2     Running     0          39m
monitoring       blackbox-exporter-849545489b-wtt89                       1/1     Running     0          33m
monitoring       prometheus-grafana-779f94ccc5-5lk4r                      3/3     Running     0          39m
monitoring       prometheus-kube-prometheus-operator-58dbc8bb4f-ctfhn     1/1     Running     0          39m
monitoring       prometheus-kube-state-metrics-5bc7f89f46-svw6t           1/1     Running     0          39m
monitoring       prometheus-prometheus-kube-prometheus-prometheus-0       2/2     Running     0          39m
monitoring       prometheus-prometheus-node-exporter-xrbld                1/1     Running     0          39m
tenant-a         iperf-server-d79fbdf6c-jsdtl                             1/1     Running     0          6m3s
tenant-a         nginx-benchmark-2hzk2                                    0/1     Completed   0          6m3s
tenant-a         nginx-deployment-56fc57d4-75bcl                          1/1     Running     0          6m3s
tenant-a         nginx-deployment-56fc57d4-gn54r                          1/1     Running     0          6m3s
tenant-a         nginx-deployment-56fc57d4-tdcfm                          1/1     Running     0          6m3s
tenant-b         stress-ng-6764fc7965-hwzsz                               1/1     Running     0          63s
tenant-b         stress-ng-6764fc7965-nfg44                               1/1     Running     0          63s
tenant-b         traffic-generator-85fb77744d-dxvqk                       1/1     Running     0          63s
tenant-b         traffic-generator-85fb77744d-m5v4c                       1/1     Running     0          63s
tenant-b         traffic-generator-85fb77744d-nsrnx                       1/1     Running     0          63s
tenant-c         continuous-memory-stress-vjlsj                           0/1     Completed   0          6m1s
tenant-c         memory-monitor-cfd7584c6-57l8s                           1/1     Running     0          6m1s
tenant-c         redis-deployment-6f5c56db8b-c57xn                        1/1     Running     0          6m1s
tenant-d         cpu-intensive-continuous-czhpd                           0/1     Completed   0          6m1s
tenant-d         disk-intensive-continuous-flnnz                          1/1     Running     0          3m58s
tenant-d         pgbench-continuous-workload-b22m6                        0/1     Completed   0          6m1s
tenant-d         pgbench-init-8g454                                       0/1     Completed   0          6m1s
tenant-d         postgres-5dc855c4cc-dtwsh                                2/2     Running     0          6m1s
[20250511_150249] WARN: sem dados para cpu_throttled_time
[20250511_150249] WARN: sem dados para cpu_throttled_ratio
[20250511_150249] WARN: sem dados para memory_pressure
[20250511_150249] WARN: sem dados para postgres_connections
[20250511_150249] WARN: sem dados para postgres_transactions
[20250511_150249] WARN: sem dados para postgres_disk_io
[20250511_150249] WARN: sem dados para latency_process_time
[20250511_150249] INFO: Coletadas 154 métricas com sucesso (falhas: 0, total até agora: sucesso=11, falha=0)
[20250511_150256] WARN: sem dados para cpu_throttled_time
[20250511_150256] WARN: sem dados para cpu_throttled_ratio
[20250511_150256] WARN: sem dados para memory_pressure
[20250511_150256] WARN: sem dados para postgres_connections
[20250511_150256] WARN: sem dados para postgres_transactions
[20250511_150256] WARN: sem dados para postgres_disk_io
[20250511_150256] WARN: sem dados para latency_process_time
[20250511_150256] INFO: Coletadas 154 métricas com sucesso (falhas: 0, total até agora: sucesso=12, falha=0)
[20250511_150302] WARN: sem dados para cpu_throttled_time
[20250511_150302] WARN: sem dados para cpu_throttled_ratio
[20250511_150302] WARN: sem dados para memory_pressure
[20250511_150302] WARN: sem dados para postgres_connections
[20250511_150302] WARN: sem dados para postgres_transactions
[20250511_150302] WARN: sem dados para postgres_disk_io
[20250511_150302] WARN: sem dados para latency_process_time
[20250511_150302] INFO: Coletadas 154 métricas com sucesso (falhas: 0, total até agora: sucesso=13, falha=0)
[20250511_150308] WARN: sem dados para cpu_throttled_time
[20250511_150308] WARN: sem dados para cpu_throttled_ratio
[20250511_150308] WARN: sem dados para memory_pressure
[20250511_150308] WARN: sem dados para postgres_connections
[20250511_150308] WARN: sem dados para postgres_transactions
[20250511_150308] WARN: sem dados para postgres_disk_io
[20250511_150308] WARN: sem dados para latency_process_time
[20250511_150308] INFO: Coletadas 154 métricas com sucesso (falhas: 0, total até agora: sucesso=14, falha=0)
[20250511_150314] WARN: sem dados para cpu_throttled_time
[20250511_150314] WARN: sem dados para cpu_throttled_ratio
[20250511_150314] WARN: sem dados para memory_pressure
[20250511_150314] WARN: sem dados para postgres_connections
[20250511_150314] WARN: sem dados para postgres_transactions
[20250511_150314] WARN: sem dados para postgres_disk_io
[20250511_150314] WARN: sem dados para latency_process_time
[20250511_150314] INFO: Coletadas 154 métricas com sucesso (falhas: 0, total até agora: sucesso=15, falha=0)
[20250511_150321] WARN: sem dados para cpu_throttled_time
[20250511_150321] WARN: sem dados para cpu_throttled_ratio
[20250511_150321] WARN: sem dados para memory_pressure
[20250511_150321] WARN: sem dados para postgres_connections
[20250511_150321] WARN: sem dados para postgres_transactions
[20250511_150321] WARN: sem dados para postgres_disk_io
[20250511_150321] WARN: sem dados para latency_process_time
[20250511_150321] INFO: Coletadas 154 métricas com sucesso (falhas: 0, total até agora: sucesso=16, falha=0)
[20250511_150327] WARN: sem dados para cpu_throttled_time
[20250511_150327] WARN: sem dados para cpu_throttled_ratio
[20250511_150327] WARN: sem dados para memory_pressure
[20250511_150327] WARN: sem dados para postgres_connections
[20250511_150327] WARN: sem dados para postgres_transactions
[20250511_150327] WARN: sem dados para postgres_disk_io
[20250511_150327] WARN: sem dados para latency_process_time
[20250511_150327] INFO: Coletadas 154 métricas com sucesso (falhas: 0, total até agora: sucesso=17, falha=0)
[20250511_150334] WARN: sem dados para cpu_throttled_time
[20250511_150334] WARN: sem dados para cpu_throttled_ratio
[20250511_150334] WARN: sem dados para memory_pressure
[20250511_150334] WARN: sem dados para postgres_connections
[20250511_150334] WARN: sem dados para postgres_transactions
[20250511_150334] WARN: sem dados para postgres_disk_io
[20250511_150334] WARN: sem dados para latency_process_time
[20250511_150334] INFO: Coletadas 154 métricas com sucesso (falhas: 0, total até agora: sucesso=18, falha=0)
[20250511_150340] WARN: sem dados para cpu_throttled_time
[20250511_150340] WARN: sem dados para cpu_throttled_ratio
[20250511_150340] WARN: sem dados para memory_pressure
[20250511_150340] WARN: sem dados para postgres_connections
[20250511_150340] WARN: sem dados para postgres_transactions
[20250511_150340] WARN: sem dados para postgres_disk_io
[20250511_150340] WARN: sem dados para latency_process_time
[20250511_150340] INFO: Coletadas 153 métricas com sucesso (falhas: 0, total até agora: sucesso=19, falha=0)
[20250511_150347] WARN: sem dados para cpu_throttled_time
[20250511_150347] WARN: sem dados para cpu_throttled_ratio
[20250511_150347] WARN: sem dados para memory_pressure
[20250511_150347] WARN: sem dados para postgres_connections
[20250511_150347] WARN: sem dados para postgres_transactions
[20250511_150347] WARN: sem dados para postgres_disk_io
[20250511_150347] WARN: sem dados para latency_process_time
[20250511_150347] INFO: Coletadas 153 métricas com sucesso (falhas: 0, total até agora: sucesso=20, falha=0)
[20250511_150353] Verificando pods em todos os namespaces:
NAMESPACE        NAME                                                     READY   STATUS      RESTARTS   AGE
ingress-nginx    ingress-nginx-controller-77ff9b8cfc-pxppq                1/1     Running     0          38m
kube-system      calico-kube-controllers-5745477d4d-x72lp                 1/1     Running     0          41m
kube-system      calico-node-lpsv9                                        1/1     Running     0          41m
kube-system      coredns-668d6bf9bc-n7rts                                 1/1     Running     0          41m
kube-system      etcd-minikube                                            1/1     Running     0          41m
kube-system      kube-apiserver-minikube                                  1/1     Running     0          41m
kube-system      kube-controller-manager-minikube                         1/1     Running     0          41m
kube-system      kube-proxy-h4mr6                                         1/1     Running     0          41m
kube-system      kube-scheduler-minikube                                  1/1     Running     0          41m
kube-system      metrics-server-7fbb699795-4l2vd                          1/1     Running     0          41m
kube-system      storage-provisioner                                      1/1     Running     0          41m
metallb-system   controller-bb5f47665-9rcc4                               1/1     Running     0          36m
metallb-system   speaker-7662w                                            1/1     Running     0          36m
monitoring       alertmanager-prometheus-kube-prometheus-alertmanager-0   2/2     Running     0          40m
monitoring       blackbox-exporter-849545489b-wtt89                       1/1     Running     0          34m
monitoring       prometheus-grafana-779f94ccc5-5lk4r                      3/3     Running     0          40m
monitoring       prometheus-kube-prometheus-operator-58dbc8bb4f-ctfhn     1/1     Running     0          40m
monitoring       prometheus-kube-state-metrics-5bc7f89f46-svw6t           1/1     Running     0          40m
monitoring       prometheus-prometheus-kube-prometheus-prometheus-0       2/2     Running     0          40m
monitoring       prometheus-prometheus-node-exporter-xrbld                1/1     Running     0          40m
tenant-a         iperf-server-d79fbdf6c-jsdtl                             1/1     Running     0          7m7s
tenant-a         nginx-benchmark-2hzk2                                    0/1     Completed   0          7m7s
tenant-a         nginx-deployment-56fc57d4-75bcl                          1/1     Running     0          7m7s
tenant-a         nginx-deployment-56fc57d4-gn54r                          1/1     Running     0          7m7s
tenant-a         nginx-deployment-56fc57d4-tdcfm                          1/1     Running     0          7m7s
tenant-b         stress-ng-6764fc7965-hwzsz                               1/1     Running     0          2m7s
tenant-b         stress-ng-6764fc7965-nfg44                               1/1     Running     0          2m7s
tenant-b         traffic-generator-85fb77744d-dxvqk                       1/1     Running     0          2m7s
tenant-b         traffic-generator-85fb77744d-m5v4c                       1/1     Running     0          2m7s
tenant-b         traffic-generator-85fb77744d-nsrnx                       1/1     Running     0          2m7s
tenant-c         continuous-memory-stress-vjlsj                           0/1     Completed   0          7m5s
tenant-c         memory-monitor-cfd7584c6-57l8s                           1/1     Running     0          7m5s
tenant-c         redis-deployment-6f5c56db8b-c57xn                        1/1     Running     0          7m5s
tenant-d         cpu-intensive-continuous-czhpd                           0/1     Completed   0          7m5s
tenant-d         disk-intensive-continuous-flnnz                          0/1     Completed   0          5m2s
tenant-d         pgbench-continuous-workload-b22m6                        0/1     Completed   0          7m5s
tenant-d         pgbench-init-8g454                                       0/1     Completed   0          7m5s
tenant-d         postgres-5dc855c4cc-dtwsh                                2/2     Running     0          7m5s
[20250511_150353] WARN: sem dados para cpu_throttled_time
[20250511_150353] WARN: sem dados para cpu_throttled_ratio
[20250511_150353] WARN: sem dados para memory_pressure
[20250511_150353] WARN: sem dados para postgres_connections
[20250511_150353] WARN: sem dados para postgres_transactions
[20250511_150353] WARN: sem dados para postgres_disk_io
[20250511_150353] WARN: sem dados para latency_process_time
[20250511_150353] INFO: Coletadas 153 métricas com sucesso (falhas: 0, total até agora: sucesso=21, falha=0)
[20250511_150359] WARN: sem dados para cpu_throttled_time
[20250511_150359] WARN: sem dados para cpu_throttled_ratio
[20250511_150359] WARN: sem dados para memory_pressure
[20250511_150359] WARN: sem dados para postgres_connections
[20250511_150359] WARN: sem dados para postgres_transactions
[20250511_150359] WARN: sem dados para postgres_disk_io
[20250511_150359] WARN: sem dados para latency_process_time
[20250511_150359] INFO: Coletadas 153 métricas com sucesso (falhas: 0, total até agora: sucesso=22, falha=0)
[20250511_150405] WARN: sem dados para cpu_throttled_time
[20250511_150405] WARN: sem dados para cpu_throttled_ratio
[20250511_150405] WARN: sem dados para memory_pressure
[20250511_150405] WARN: sem dados para postgres_connections
[20250511_150405] WARN: sem dados para postgres_transactions
[20250511_150405] WARN: sem dados para postgres_disk_io
[20250511_150405] WARN: sem dados para latency_process_time
[20250511_150405] INFO: Coletadas 153 métricas com sucesso (falhas: 0, total até agora: sucesso=23, falha=0)
[20250511_150412] WARN: sem dados para cpu_throttled_time
[20250511_150412] WARN: sem dados para cpu_throttled_ratio
[20250511_150412] WARN: sem dados para memory_pressure
[20250511_150412] WARN: sem dados para postgres_connections
[20250511_150412] WARN: sem dados para postgres_transactions
[20250511_150412] WARN: sem dados para postgres_disk_io
[20250511_150412] WARN: sem dados para latency_process_time
[20250511_150412] INFO: Coletadas 153 métricas com sucesso (falhas: 0, total até agora: sucesso=24, falha=0)
[20250511_150418] WARN: sem dados para cpu_throttled_time
[20250511_150418] WARN: sem dados para cpu_throttled_ratio
[20250511_150418] WARN: sem dados para memory_pressure
[20250511_150418] WARN: sem dados para postgres_connections
[20250511_150418] WARN: sem dados para postgres_transactions
[20250511_150418] WARN: sem dados para postgres_disk_io
[20250511_150418] WARN: sem dados para latency_process_time
[20250511_150418] INFO: Coletadas 153 métricas com sucesso (falhas: 0, total até agora: sucesso=25, falha=0)
[20250511_150425] WARN: sem dados para cpu_throttled_time
[20250511_150425] WARN: sem dados para cpu_throttled_ratio
[20250511_150425] WARN: sem dados para memory_pressure
[20250511_150425] WARN: sem dados para postgres_connections
[20250511_150425] WARN: sem dados para postgres_transactions
[20250511_150425] WARN: sem dados para postgres_disk_io
[20250511_150425] WARN: sem dados para latency_process_time
[20250511_150425] INFO: Coletadas 153 métricas com sucesso (falhas: 0, total até agora: sucesso=26, falha=0)
[20250511_150431] WARN: sem dados para cpu_throttled_time
[20250511_150431] WARN: sem dados para cpu_throttled_ratio
[20250511_150431] WARN: sem dados para memory_pressure
[20250511_150431] WARN: sem dados para postgres_connections
[20250511_150431] WARN: sem dados para postgres_transactions
[20250511_150431] WARN: sem dados para postgres_disk_io
[20250511_150431] WARN: sem dados para latency_process_time
[20250511_150431] INFO: Coletadas 153 métricas com sucesso (falhas: 0, total até agora: sucesso=27, falha=0)
[20250511_150437] WARN: sem dados para cpu_throttled_time
[20250511_150437] WARN: sem dados para cpu_throttled_ratio
[20250511_150437] WARN: sem dados para memory_pressure
[20250511_150437] WARN: sem dados para postgres_connections
[20250511_150437] WARN: sem dados para postgres_transactions
[20250511_150437] WARN: sem dados para postgres_disk_io
[20250511_150437] WARN: sem dados para latency_process_time
[20250511_150437] INFO: Coletadas 153 métricas com sucesso (falhas: 0, total até agora: sucesso=28, falha=0)
[20250511_150444] WARN: sem dados para cpu_throttled_time
[20250511_150444] WARN: sem dados para cpu_throttled_ratio
[20250511_150444] WARN: sem dados para memory_pressure
[20250511_150444] WARN: sem dados para postgres_connections
[20250511_150444] WARN: sem dados para postgres_transactions
[20250511_150444] WARN: sem dados para postgres_disk_io
[20250511_150444] WARN: sem dados para latency_process_time
[20250511_150444] INFO: Coletadas 153 métricas com sucesso (falhas: 0, total até agora: sucesso=29, falha=0)
[20250511_150450] WARN: sem dados para cpu_throttled_time
[20250511_150450] WARN: sem dados para cpu_throttled_ratio
[20250511_150450] WARN: sem dados para memory_pressure
[20250511_150450] WARN: sem dados para postgres_connections
[20250511_150450] WARN: sem dados para postgres_transactions
[20250511_150450] WARN: sem dados para postgres_disk_io
[20250511_150450] WARN: sem dados para latency_process_time
[20250511_150450] INFO: Coletadas 153 métricas com sucesso (falhas: 0, total até agora: sucesso=30, falha=0)
