[20250511_155404] Iniciando coleta de métricas a cada 5 segundos
[20250511_155404] Métricas configuradas para coleta: 38
[20250511_155404] Verificando acesso ao Prometheus...
[20250511_155404] Prometheus não está acessível via localhost:9090
[20250511_155405] Listando pods do Prometheus:
No resources found in monitoring namespace.
NAME                                                 READY   STATUS    RESTARTS   AGE
prometheus-prometheus-kube-prometheus-prometheus-0   2/2     Running   0          90m
[20250511_155405] Listando serviços do Prometheus:
prometheus-grafana                        ClusterIP   10.106.212.140   <none>        80/TCP                       90m
prometheus-kube-prometheus-alertmanager   ClusterIP   10.99.137.217    <none>        9093/TCP,8080/TCP            90m
prometheus-kube-prometheus-operator       ClusterIP   10.105.243.116   <none>        443/TCP                      90m
prometheus-kube-prometheus-prometheus     ClusterIP   10.111.121.152   <none>        9090/TCP,8080/TCP            90m
prometheus-kube-state-metrics             ClusterIP   10.99.34.242     <none>        8080/TCP                     90m
prometheus-operated                       ClusterIP   None             <none>        9090/TCP                     90m
prometheus-prometheus-node-exporter       ClusterIP   10.105.135.222   <none>        9100/TCP                     90m
[20250511_155405] Encontrado serviço do Prometheus: prometheus-operated
[20250511_155405] Iniciando port-forward: kubectl port-forward --namespace monitoring svc/prometheus-operated 9090:9090
[20250511_155405] Port-forward iniciado com PID: 641705
[20250511_155405] Aguardando port-forward, tentativa 1/15
Forwarding from 127.0.0.1:9090 -> 9090
Forwarding from [::1]:9090 -> 9090
Handling connection for 9090
[20250511_155407] Port-forward para o Prometheus configurado com sucesso
[20250511_155407] Testando consulta ao Prometheus...
Handling connection for 9090
Handling connection for 9090
[20250511_155407] Alvos do Prometheus: 68 ativos, 317 descartados
Filesystem      Size  Used Avail Use% Mounted on
/dev/nvme0n1p3  465G   28G  434G   6% /
devtmpfs        4.0M     0  4.0M   0% /dev
tmpfs            16G   26M   16G   1% /dev/shm
efivarfs        128K   50K   74K  41% /sys/firmware/efi/efivars
tmpfs           6.3G  2.3M  6.3G   1% /run
tmpfs           1.0M     0  1.0M   0% /run/credentials/systemd-journald.service
tmpfs            16G  5.1M   16G   1% /tmp
/dev/nvme0n1p3  465G   28G  434G   6% /home
/dev/nvme0n1p2  974M  463M  444M  52% /boot
/dev/nvme0n1p1  599M   53M  547M   9% /boot/efi
tmpfs           1.0M     0  1.0M   0% /run/credentials/systemd-resolved.service
tmpfs           3.2G  192K  3.2G   1% /run/user/1000
[20250511_155407] DEBUG: Verificando permissões de escrita em /home/phil/Projects/k8s-noisy-lab/results/2025-05-11/15-51-11/firsts-analisys-4
Escrita permitida
[20250511_155407] DEBUG: Número total de métricas: 38
[20250511_155407] Verificando pods em todos os namespaces:
NAMESPACE        NAME                                                     READY   STATUS              RESTARTS   AGE
ingress-nginx    ingress-nginx-controller-77ff9b8cfc-pxppq                1/1     Running             0          89m
kube-system      calico-kube-controllers-5745477d4d-x72lp                 1/1     Running             0          91m
kube-system      calico-node-lpsv9                                        1/1     Running             0          91m
kube-system      coredns-668d6bf9bc-n7rts                                 1/1     Running             0          91m
kube-system      etcd-minikube                                            1/1     Running             0          91m
kube-system      kube-apiserver-minikube                                  1/1     Running             0          91m
kube-system      kube-controller-manager-minikube                         1/1     Running             0          91m
kube-system      kube-proxy-h4mr6                                         1/1     Running             0          91m
kube-system      kube-scheduler-minikube                                  1/1     Running             0          91m
kube-system      metrics-server-7fbb699795-4l2vd                          1/1     Running             0          91m
kube-system      storage-provisioner                                      1/1     Running             0          91m
metallb-system   controller-bb5f47665-9rcc4                               1/1     Running             0          86m
metallb-system   speaker-7662w                                            1/1     Running             0          86m
monitoring       alertmanager-prometheus-kube-prometheus-alertmanager-0   2/2     Running             0          90m
monitoring       blackbox-exporter-849545489b-wtt89                       1/1     Running             0          85m
monitoring       prometheus-grafana-779f94ccc5-5lk4r                      3/3     Running             0          90m
monitoring       prometheus-kube-prometheus-operator-58dbc8bb4f-ctfhn     1/1     Running             0          90m
monitoring       prometheus-kube-state-metrics-5bc7f89f46-svw6t           1/1     Running             0          90m
monitoring       prometheus-prometheus-kube-prometheus-prometheus-0       2/2     Running             0          90m
monitoring       prometheus-prometheus-node-exporter-xrbld                1/1     Running             0          90m
tenant-a         iperf-server-d79fbdf6c-426xr                             1/1     Running             0          2m33s
tenant-a         nginx-benchmark-hfk8l                                    0/1     Completed           0          2m33s
tenant-a         nginx-deployment-56fc57d4-gj97h                          1/1     Running             0          2m33s
tenant-a         nginx-deployment-56fc57d4-pwm26                          1/1     Running             0          2m33s
tenant-a         nginx-deployment-56fc57d4-zjf2q                          1/1     Running             0          2m33s
tenant-b         stress-ng-6764fc7965-54tgn                               0/1     Running             0          3s
tenant-b         stress-ng-6764fc7965-6td5k                               0/1     ContainerCreating   0          3s
tenant-b         traffic-generator-85fb77744d-chmgf                       0/1     ContainerCreating   0          3s
tenant-b         traffic-generator-85fb77744d-dczdw                       0/1     ContainerCreating   0          3s
tenant-b         traffic-generator-85fb77744d-fqlcw                       0/1     ContainerCreating   0          3s
tenant-c         continuous-memory-stress-9qxvl                           1/1     Running             0          2m32s
tenant-c         memory-monitor-cfd7584c6-6j9gb                           1/1     Running             0          2m32s
tenant-c         redis-deployment-6f5c56db8b-wg8lg                        1/1     Running             0          2m32s
tenant-d         cpu-intensive-continuous-dhlzc                           1/1     Running             0          2m31s
tenant-d         disk-intensive-continuous-cwv8k                          1/1     Running             0          28s
tenant-d         pgbench-continuous-workload-679z8                        1/1     Running             0          2m31s
tenant-d         pgbench-init-fljjx                                       0/1     Completed           0          2m31s
tenant-d         postgres-5dc855c4cc-2j8tg                                2/2     Running             0          2m31s
Handling connection for 9090
[20250511_155407] WARN: sem dados para cpu_throttled_time
Handling connection for 9090
[20250511_155407] WARN: sem dados para memory_usage_noisy_victim_ratio
Handling connection for 9090
Handling connection for 9090
Handling connection for 9090
Handling connection for 9090
Handling connection for 9090
Handling connection for 9090
Handling connection for 9090
Handling connection for 9090
[20250511_155407] WARN: sem dados para resource_dominance_index
Handling connection for 9090
Handling connection for 9090
[20250511_155407] WARN: sem dados para cpu_throttled_ratio
Handling connection for 9090
[20250511_155407] WARN: sem dados para memory_pressure
Handling connection for 9090
Handling connection for 9090
Handling connection for 9090
Handling connection for 9090
[20250511_155407] WARN: sem dados para postgres_connections
Handling connection for 9090
Handling connection for 9090
Handling connection for 9090
[20250511_155407] WARN: sem dados para postgres_transactions
Handling connection for 9090
[20250511_155407] WARN: sem dados para cpu_usage_noisy_victim_ratio
Handling connection for 9090
Handling connection for 9090
Handling connection for 9090
Handling connection for 9090
Handling connection for 9090
Handling connection for 9090
Handling connection for 9090
Handling connection for 9090
[20250511_155407] WARN: sem dados para postgres_disk_io
Handling connection for 9090
Handling connection for 9090
Handling connection for 9090
Handling connection for 9090
[20250511_155407] WARN: sem dados para network_usage_noisy_victim_ratio
Handling connection for 9090
[20250511_155407] WARN: sem dados para latency_process_time
Handling connection for 9090
Handling connection for 9090
Handling connection for 9090
Handling connection for 9090
[20250511_155407] INFO: Coletadas 130 métricas com sucesso (falhas: 0, total até agora: sucesso=1, falha=0)
Handling connection for 9090
[20250511_155414] WARN: sem dados para cpu_throttled_time
Handling connection for 9090
Handling connection for 9090
Handling connection for 9090
Handling connection for 9090
Handling connection for 9090
Handling connection for 9090
Handling connection for 9090
Handling connection for 9090
Handling connection for 9090
[20250511_155414] WARN: sem dados para resource_dominance_index
Handling connection for 9090
Handling connection for 9090
[20250511_155414] WARN: sem dados para cpu_throttled_ratio
Handling connection for 9090
[20250511_155414] WARN: sem dados para memory_pressure
Handling connection for 9090
Handling connection for 9090
Handling connection for 9090
Handling connection for 9090
[20250511_155414] WARN: sem dados para postgres_connections
Handling connection for 9090
Handling connection for 9090
Handling connection for 9090
[20250511_155414] WARN: sem dados para postgres_transactions
Handling connection for 9090
[20250511_155414] WARN: sem dados para cpu_usage_noisy_victim_ratio
Handling connection for 9090
Handling connection for 9090
Handling connection for 9090
Handling connection for 9090
Handling connection for 9090
Handling connection for 9090
Handling connection for 9090
Handling connection for 9090
[20250511_155414] WARN: sem dados para postgres_disk_io
Handling connection for 9090
Handling connection for 9090
Handling connection for 9090
Handling connection for 9090
[20250511_155414] WARN: sem dados para network_usage_noisy_victim_ratio
Handling connection for 9090
[20250511_155414] WARN: sem dados para latency_process_time
Handling connection for 9090
Handling connection for 9090
Handling connection for 9090
Handling connection for 9090
[20250511_155414] INFO: Coletadas 142 métricas com sucesso (falhas: 0, total até agora: sucesso=2, falha=0)
Handling connection for 9090
[20250511_155420] WARN: sem dados para cpu_throttled_time
Handling connection for 9090
Handling connection for 9090
Handling connection for 9090
Handling connection for 9090
Handling connection for 9090
Handling connection for 9090
Handling connection for 9090
Handling connection for 9090
Handling connection for 9090
Handling connection for 9090
Handling connection for 9090
[20250511_155420] WARN: sem dados para cpu_throttled_ratio
Handling connection for 9090
[20250511_155420] WARN: sem dados para memory_pressure
Handling connection for 9090
Handling connection for 9090
Handling connection for 9090
Handling connection for 9090
[20250511_155420] WARN: sem dados para postgres_connections
Handling connection for 9090
Handling connection for 9090
Handling connection for 9090
[20250511_155420] WARN: sem dados para postgres_transactions
Handling connection for 9090
Handling connection for 9090
Handling connection for 9090
Handling connection for 9090
Handling connection for 9090
Handling connection for 9090
Handling connection for 9090
Handling connection for 9090
Handling connection for 9090
[20250511_155420] WARN: sem dados para postgres_disk_io
Handling connection for 9090
Handling connection for 9090
Handling connection for 9090
Handling connection for 9090
Handling connection for 9090
[20250511_155420] WARN: sem dados para latency_process_time
Handling connection for 9090
Handling connection for 9090
Handling connection for 9090
Handling connection for 9090
[20250511_155420] INFO: Coletadas 155 métricas com sucesso (falhas: 0, total até agora: sucesso=3, falha=0)
Handling connection for 9090
[20250511_155427] WARN: sem dados para cpu_throttled_time
Handling connection for 9090
Handling connection for 9090
Handling connection for 9090
Handling connection for 9090
Handling connection for 9090
Handling connection for 9090
Handling connection for 9090
Handling connection for 9090
Handling connection for 9090
Handling connection for 9090
Handling connection for 9090
[20250511_155427] WARN: sem dados para cpu_throttled_ratio
Handling connection for 9090
[20250511_155427] WARN: sem dados para memory_pressure
Handling connection for 9090
Handling connection for 9090
Handling connection for 9090
Handling connection for 9090
[20250511_155427] WARN: sem dados para postgres_connections
Handling connection for 9090
Handling connection for 9090
Handling connection for 9090
[20250511_155427] WARN: sem dados para postgres_transactions
Handling connection for 9090
Handling connection for 9090
Handling connection for 9090
Handling connection for 9090
Handling connection for 9090
Handling connection for 9090
Handling connection for 9090
Handling connection for 9090
Handling connection for 9090
[20250511_155427] WARN: sem dados para postgres_disk_io
Handling connection for 9090
Handling connection for 9090
Handling connection for 9090
Handling connection for 9090
Handling connection for 9090
[20250511_155427] WARN: sem dados para latency_process_time
Handling connection for 9090
Handling connection for 9090
Handling connection for 9090
Handling connection for 9090
[20250511_155427] INFO: Coletadas 155 métricas com sucesso (falhas: 0, total até agora: sucesso=4, falha=0)
Handling connection for 9090
[20250511_155434] WARN: sem dados para cpu_throttled_time
Handling connection for 9090
Handling connection for 9090
Handling connection for 9090
Handling connection for 9090
Handling connection for 9090
Handling connection for 9090
Handling connection for 9090
Handling connection for 9090
Handling connection for 9090
Handling connection for 9090
Handling connection for 9090
[20250511_155434] WARN: sem dados para cpu_throttled_ratio
Handling connection for 9090
[20250511_155434] WARN: sem dados para memory_pressure
Handling connection for 9090
Handling connection for 9090
Handling connection for 9090
Handling connection for 9090
[20250511_155434] WARN: sem dados para postgres_connections
Handling connection for 9090
Handling connection for 9090
Handling connection for 9090
[20250511_155434] WARN: sem dados para postgres_transactions
Handling connection for 9090
Handling connection for 9090
Handling connection for 9090
Handling connection for 9090
Handling connection for 9090
Handling connection for 9090
Handling connection for 9090
Handling connection for 9090
Handling connection for 9090
[20250511_155434] WARN: sem dados para postgres_disk_io
Handling connection for 9090
Handling connection for 9090
Handling connection for 9090
Handling connection for 9090
Handling connection for 9090
[20250511_155434] WARN: sem dados para latency_process_time
Handling connection for 9090
Handling connection for 9090
Handling connection for 9090
Handling connection for 9090
[20250511_155434] INFO: Coletadas 156 métricas com sucesso (falhas: 0, total até agora: sucesso=5, falha=0)
Handling connection for 9090
[20250511_155440] WARN: sem dados para cpu_throttled_time
Handling connection for 9090
Handling connection for 9090
Handling connection for 9090
Handling connection for 9090
Handling connection for 9090
Handling connection for 9090
Handling connection for 9090
Handling connection for 9090
Handling connection for 9090
Handling connection for 9090
Handling connection for 9090
[20250511_155440] WARN: sem dados para cpu_throttled_ratio
Handling connection for 9090
[20250511_155440] WARN: sem dados para memory_pressure
Handling connection for 9090
Handling connection for 9090
Handling connection for 9090
Handling connection for 9090
[20250511_155440] WARN: sem dados para postgres_connections
Handling connection for 9090
Handling connection for 9090
Handling connection for 9090
[20250511_155440] WARN: sem dados para postgres_transactions
Handling connection for 9090
Handling connection for 9090
Handling connection for 9090
Handling connection for 9090
Handling connection for 9090
Handling connection for 9090
Handling connection for 9090
Handling connection for 9090
Handling connection for 9090
[20250511_155440] WARN: sem dados para postgres_disk_io
Handling connection for 9090
Handling connection for 9090
Handling connection for 9090
Handling connection for 9090
Handling connection for 9090
[20250511_155440] WARN: sem dados para latency_process_time
Handling connection for 9090
Handling connection for 9090
Handling connection for 9090
Handling connection for 9090
[20250511_155440] INFO: Coletadas 156 métricas com sucesso (falhas: 0, total até agora: sucesso=6, falha=0)
Handling connection for 9090
[20250511_155447] WARN: sem dados para cpu_throttled_time
Handling connection for 9090
Handling connection for 9090
Handling connection for 9090
Handling connection for 9090
Handling connection for 9090
Handling connection for 9090
Handling connection for 9090
Handling connection for 9090
Handling connection for 9090
Handling connection for 9090
Handling connection for 9090
[20250511_155447] WARN: sem dados para cpu_throttled_ratio
Handling connection for 9090
[20250511_155447] WARN: sem dados para memory_pressure
Handling connection for 9090
Handling connection for 9090
Handling connection for 9090
Handling connection for 9090
[20250511_155447] WARN: sem dados para postgres_connections
Handling connection for 9090
Handling connection for 9090
Handling connection for 9090
[20250511_155447] WARN: sem dados para postgres_transactions
Handling connection for 9090
Handling connection for 9090
Handling connection for 9090
Handling connection for 9090
Handling connection for 9090
Handling connection for 9090
Handling connection for 9090
Handling connection for 9090
Handling connection for 9090
[20250511_155447] WARN: sem dados para postgres_disk_io
Handling connection for 9090
Handling connection for 9090
Handling connection for 9090
Handling connection for 9090
Handling connection for 9090
[20250511_155447] WARN: sem dados para latency_process_time
Handling connection for 9090
Handling connection for 9090
Handling connection for 9090
Handling connection for 9090
[20250511_155447] INFO: Coletadas 156 métricas com sucesso (falhas: 0, total até agora: sucesso=7, falha=0)
Handling connection for 9090
[20250511_155453] WARN: sem dados para cpu_throttled_time
Handling connection for 9090
Handling connection for 9090
Handling connection for 9090
Handling connection for 9090
Handling connection for 9090
Handling connection for 9090
Handling connection for 9090
Handling connection for 9090
Handling connection for 9090
Handling connection for 9090
Handling connection for 9090
[20250511_155453] WARN: sem dados para cpu_throttled_ratio
Handling connection for 9090
[20250511_155453] WARN: sem dados para memory_pressure
Handling connection for 9090
Handling connection for 9090
Handling connection for 9090
Handling connection for 9090
[20250511_155453] WARN: sem dados para postgres_connections
Handling connection for 9090
Handling connection for 9090
Handling connection for 9090
[20250511_155453] WARN: sem dados para postgres_transactions
Handling connection for 9090
Handling connection for 9090
Handling connection for 9090
Handling connection for 9090
Handling connection for 9090
Handling connection for 9090
Handling connection for 9090
Handling connection for 9090
Handling connection for 9090
[20250511_155453] WARN: sem dados para postgres_disk_io
Handling connection for 9090
Handling connection for 9090
Handling connection for 9090
Handling connection for 9090
Handling connection for 9090
[20250511_155453] WARN: sem dados para latency_process_time
Handling connection for 9090
Handling connection for 9090
Handling connection for 9090
Handling connection for 9090
[20250511_155453] INFO: Coletadas 156 métricas com sucesso (falhas: 0, total até agora: sucesso=8, falha=0)
Handling connection for 9090
[20250511_155500] WARN: sem dados para cpu_throttled_time
Handling connection for 9090
Handling connection for 9090
Handling connection for 9090
Handling connection for 9090
Handling connection for 9090
Handling connection for 9090
Handling connection for 9090
Handling connection for 9090
Handling connection for 9090
Handling connection for 9090
Handling connection for 9090
[20250511_155500] WARN: sem dados para cpu_throttled_ratio
Handling connection for 9090
[20250511_155500] WARN: sem dados para memory_pressure
Handling connection for 9090
Handling connection for 9090
Handling connection for 9090
Handling connection for 9090
[20250511_155500] WARN: sem dados para postgres_connections
Handling connection for 9090
Handling connection for 9090
Handling connection for 9090
[20250511_155500] WARN: sem dados para postgres_transactions
Handling connection for 9090
Handling connection for 9090
Handling connection for 9090
Handling connection for 9090
Handling connection for 9090
Handling connection for 9090
Handling connection for 9090
Handling connection for 9090
Handling connection for 9090
[20250511_155500] WARN: sem dados para postgres_disk_io
Handling connection for 9090
Handling connection for 9090
Handling connection for 9090
Handling connection for 9090
Handling connection for 9090
[20250511_155500] WARN: sem dados para latency_process_time
Handling connection for 9090
Handling connection for 9090
Handling connection for 9090
Handling connection for 9090
[20250511_155500] INFO: Coletadas 156 métricas com sucesso (falhas: 0, total até agora: sucesso=9, falha=0)
Handling connection for 9090
[20250511_155506] WARN: sem dados para cpu_throttled_time
Handling connection for 9090
Handling connection for 9090
Handling connection for 9090
Handling connection for 9090
Handling connection for 9090
Handling connection for 9090
Handling connection for 9090
Handling connection for 9090
Handling connection for 9090
Handling connection for 9090
Handling connection for 9090
[20250511_155506] WARN: sem dados para cpu_throttled_ratio
Handling connection for 9090
[20250511_155506] WARN: sem dados para memory_pressure
Handling connection for 9090
Handling connection for 9090
Handling connection for 9090
Handling connection for 9090
[20250511_155506] WARN: sem dados para postgres_connections
Handling connection for 9090
Handling connection for 9090
Handling connection for 9090
[20250511_155506] WARN: sem dados para postgres_transactions
Handling connection for 9090
Handling connection for 9090
Handling connection for 9090
Handling connection for 9090
Handling connection for 9090
Handling connection for 9090
Handling connection for 9090
Handling connection for 9090
Handling connection for 9090
[20250511_155506] WARN: sem dados para postgres_disk_io
Handling connection for 9090
Handling connection for 9090
Handling connection for 9090
Handling connection for 9090
Handling connection for 9090
[20250511_155506] WARN: sem dados para latency_process_time
Handling connection for 9090
Handling connection for 9090
Handling connection for 9090
Handling connection for 9090
[20250511_155506] INFO: Coletadas 156 métricas com sucesso (falhas: 0, total até agora: sucesso=10, falha=0)
[20250511_155512] Verificando pods em todos os namespaces:
NAMESPACE        NAME                                                     READY   STATUS      RESTARTS   AGE
ingress-nginx    ingress-nginx-controller-77ff9b8cfc-pxppq                1/1     Running     0          90m
kube-system      calico-kube-controllers-5745477d4d-x72lp                 1/1     Running     0          92m
kube-system      calico-node-lpsv9                                        1/1     Running     0          92m
kube-system      coredns-668d6bf9bc-n7rts                                 1/1     Running     0          92m
kube-system      etcd-minikube                                            1/1     Running     0          93m
kube-system      kube-apiserver-minikube                                  1/1     Running     0          93m
kube-system      kube-controller-manager-minikube                         1/1     Running     0          93m
kube-system      kube-proxy-h4mr6                                         1/1     Running     0          92m
kube-system      kube-scheduler-minikube                                  1/1     Running     0          93m
kube-system      metrics-server-7fbb699795-4l2vd                          1/1     Running     0          92m
kube-system      storage-provisioner                                      1/1     Running     0          92m
metallb-system   controller-bb5f47665-9rcc4                               1/1     Running     0          87m
metallb-system   speaker-7662w                                            1/1     Running     0          87m
monitoring       alertmanager-prometheus-kube-prometheus-alertmanager-0   2/2     Running     0          91m
monitoring       blackbox-exporter-849545489b-wtt89                       1/1     Running     0          86m
monitoring       prometheus-grafana-779f94ccc5-5lk4r                      3/3     Running     0          91m
monitoring       prometheus-kube-prometheus-operator-58dbc8bb4f-ctfhn     1/1     Running     0          91m
monitoring       prometheus-kube-state-metrics-5bc7f89f46-svw6t           1/1     Running     0          91m
monitoring       prometheus-prometheus-kube-prometheus-prometheus-0       2/2     Running     0          91m
monitoring       prometheus-prometheus-node-exporter-xrbld                1/1     Running     0          91m
tenant-a         iperf-server-d79fbdf6c-426xr                             1/1     Running     0          3m39s
tenant-a         nginx-benchmark-hfk8l                                    0/1     Completed   0          3m39s
tenant-a         nginx-deployment-56fc57d4-gj97h                          1/1     Running     0          3m39s
tenant-a         nginx-deployment-56fc57d4-pwm26                          1/1     Running     0          3m39s
tenant-a         nginx-deployment-56fc57d4-zjf2q                          1/1     Running     0          3m39s
tenant-b         stress-ng-6764fc7965-54tgn                               1/1     Running     0          69s
tenant-b         stress-ng-6764fc7965-6td5k                               1/1     Running     0          69s
tenant-b         traffic-generator-85fb77744d-chmgf                       1/1     Running     0          69s
tenant-b         traffic-generator-85fb77744d-dczdw                       1/1     Running     0          69s
tenant-b         traffic-generator-85fb77744d-fqlcw                       1/1     Running     0          69s
tenant-c         continuous-memory-stress-9qxvl                           1/1     Running     0          3m38s
tenant-c         memory-monitor-cfd7584c6-6j9gb                           1/1     Running     0          3m38s
tenant-c         redis-deployment-6f5c56db8b-wg8lg                        1/1     Running     0          3m38s
tenant-d         cpu-intensive-continuous-dhlzc                           1/1     Running     0          3m37s
tenant-d         disk-intensive-continuous-cwv8k                          1/1     Running     0          94s
tenant-d         pgbench-continuous-workload-679z8                        0/1     Completed   0          3m37s
tenant-d         pgbench-init-fljjx                                       0/1     Completed   0          3m37s
tenant-d         postgres-5dc855c4cc-2j8tg                                2/2     Running     0          3m37s
Handling connection for 9090
[20250511_155512] WARN: sem dados para cpu_throttled_time
Handling connection for 9090
Handling connection for 9090
Handling connection for 9090
Handling connection for 9090
Handling connection for 9090
Handling connection for 9090
Handling connection for 9090
Handling connection for 9090
Handling connection for 9090
Handling connection for 9090
Handling connection for 9090
[20250511_155512] WARN: sem dados para cpu_throttled_ratio
Handling connection for 9090
[20250511_155512] WARN: sem dados para memory_pressure
Handling connection for 9090
Handling connection for 9090
Handling connection for 9090
Handling connection for 9090
[20250511_155512] WARN: sem dados para postgres_connections
Handling connection for 9090
Handling connection for 9090
Handling connection for 9090
[20250511_155512] WARN: sem dados para postgres_transactions
Handling connection for 9090
Handling connection for 9090
Handling connection for 9090
Handling connection for 9090
Handling connection for 9090
Handling connection for 9090
Handling connection for 9090
Handling connection for 9090
Handling connection for 9090
[20250511_155512] WARN: sem dados para postgres_disk_io
Handling connection for 9090
Handling connection for 9090
Handling connection for 9090
Handling connection for 9090
Handling connection for 9090
[20250511_155512] WARN: sem dados para latency_process_time
Handling connection for 9090
Handling connection for 9090
Handling connection for 9090
Handling connection for 9090
[20250511_155512] INFO: Coletadas 156 métricas com sucesso (falhas: 0, total até agora: sucesso=11, falha=0)
Handling connection for 9090
[20250511_155520] WARN: sem dados para cpu_throttled_time
Handling connection for 9090
Handling connection for 9090
Handling connection for 9090
Handling connection for 9090
Handling connection for 9090
Handling connection for 9090
Handling connection for 9090
Handling connection for 9090
Handling connection for 9090
Handling connection for 9090
Handling connection for 9090
[20250511_155520] WARN: sem dados para cpu_throttled_ratio
Handling connection for 9090
[20250511_155520] WARN: sem dados para memory_pressure
Handling connection for 9090
Handling connection for 9090
Handling connection for 9090
Handling connection for 9090
[20250511_155520] WARN: sem dados para postgres_connections
Handling connection for 9090
Handling connection for 9090
Handling connection for 9090
[20250511_155520] WARN: sem dados para postgres_transactions
Handling connection for 9090
Handling connection for 9090
Handling connection for 9090
Handling connection for 9090
Handling connection for 9090
Handling connection for 9090
Handling connection for 9090
Handling connection for 9090
Handling connection for 9090
[20250511_155520] WARN: sem dados para postgres_disk_io
Handling connection for 9090
Handling connection for 9090
Handling connection for 9090
Handling connection for 9090
Handling connection for 9090
[20250511_155520] WARN: sem dados para latency_process_time
Handling connection for 9090
Handling connection for 9090
Handling connection for 9090
Handling connection for 9090
[20250511_155520] INFO: Coletadas 155 métricas com sucesso (falhas: 0, total até agora: sucesso=12, falha=0)
Handling connection for 9090
[20250511_155526] WARN: sem dados para cpu_throttled_time
Handling connection for 9090
Handling connection for 9090
Handling connection for 9090
Handling connection for 9090
Handling connection for 9090
Handling connection for 9090
Handling connection for 9090
Handling connection for 9090
Handling connection for 9090
Handling connection for 9090
Handling connection for 9090
[20250511_155526] WARN: sem dados para cpu_throttled_ratio
Handling connection for 9090
[20250511_155526] WARN: sem dados para memory_pressure
Handling connection for 9090
Handling connection for 9090
Handling connection for 9090
Handling connection for 9090
[20250511_155526] WARN: sem dados para postgres_connections
Handling connection for 9090
Handling connection for 9090
Handling connection for 9090
[20250511_155526] WARN: sem dados para postgres_transactions
Handling connection for 9090
Handling connection for 9090
Handling connection for 9090
Handling connection for 9090
Handling connection for 9090
Handling connection for 9090
Handling connection for 9090
Handling connection for 9090
Handling connection for 9090
[20250511_155526] WARN: sem dados para postgres_disk_io
Handling connection for 9090
Handling connection for 9090
Handling connection for 9090
Handling connection for 9090
Handling connection for 9090
[20250511_155526] WARN: sem dados para latency_process_time
Handling connection for 9090
Handling connection for 9090
Handling connection for 9090
Handling connection for 9090
[20250511_155526] INFO: Coletadas 155 métricas com sucesso (falhas: 0, total até agora: sucesso=13, falha=0)
Handling connection for 9090
[20250511_155533] WARN: sem dados para cpu_throttled_time
Handling connection for 9090
Handling connection for 9090
Handling connection for 9090
Handling connection for 9090
Handling connection for 9090
Handling connection for 9090
Handling connection for 9090
Handling connection for 9090
Handling connection for 9090
Handling connection for 9090
Handling connection for 9090
[20250511_155533] WARN: sem dados para cpu_throttled_ratio
Handling connection for 9090
[20250511_155533] WARN: sem dados para memory_pressure
Handling connection for 9090
Handling connection for 9090
Handling connection for 9090
Handling connection for 9090
[20250511_155533] WARN: sem dados para postgres_connections
Handling connection for 9090
Handling connection for 9090
Handling connection for 9090
[20250511_155533] WARN: sem dados para postgres_transactions
Handling connection for 9090
Handling connection for 9090
Handling connection for 9090
Handling connection for 9090
Handling connection for 9090
Handling connection for 9090
Handling connection for 9090
Handling connection for 9090
Handling connection for 9090
[20250511_155533] WARN: sem dados para postgres_disk_io
Handling connection for 9090
Handling connection for 9090
Handling connection for 9090
Handling connection for 9090
Handling connection for 9090
[20250511_155533] WARN: sem dados para latency_process_time
Handling connection for 9090
Handling connection for 9090
Handling connection for 9090
Handling connection for 9090
[20250511_155533] INFO: Coletadas 155 métricas com sucesso (falhas: 0, total até agora: sucesso=14, falha=0)
Handling connection for 9090
[20250511_155541] WARN: sem dados para cpu_throttled_time
Handling connection for 9090
Handling connection for 9090
Handling connection for 9090
Handling connection for 9090
Handling connection for 9090
Handling connection for 9090
Handling connection for 9090
Handling connection for 9090
Handling connection for 9090
Handling connection for 9090
Handling connection for 9090
[20250511_155541] WARN: sem dados para cpu_throttled_ratio
Handling connection for 9090
[20250511_155541] WARN: sem dados para memory_pressure
Handling connection for 9090
Handling connection for 9090
Handling connection for 9090
Handling connection for 9090
[20250511_155541] WARN: sem dados para postgres_connections
Handling connection for 9090
Handling connection for 9090
Handling connection for 9090
[20250511_155541] WARN: sem dados para postgres_transactions
Handling connection for 9090
Handling connection for 9090
Handling connection for 9090
Handling connection for 9090
Handling connection for 9090
Handling connection for 9090
Handling connection for 9090
Handling connection for 9090
Handling connection for 9090
[20250511_155541] WARN: sem dados para postgres_disk_io
Handling connection for 9090
Handling connection for 9090
Handling connection for 9090
Handling connection for 9090
Handling connection for 9090
[20250511_155541] WARN: sem dados para latency_process_time
Handling connection for 9090
Handling connection for 9090
Handling connection for 9090
Handling connection for 9090
[20250511_155541] INFO: Coletadas 155 métricas com sucesso (falhas: 0, total até agora: sucesso=15, falha=0)
Handling connection for 9090
[20250511_155547] WARN: sem dados para cpu_throttled_time
Handling connection for 9090
Handling connection for 9090
Handling connection for 9090
Handling connection for 9090
Handling connection for 9090
Handling connection for 9090
Handling connection for 9090
Handling connection for 9090
Handling connection for 9090
Handling connection for 9090
Handling connection for 9090
[20250511_155547] WARN: sem dados para cpu_throttled_ratio
Handling connection for 9090
[20250511_155547] WARN: sem dados para memory_pressure
Handling connection for 9090
Handling connection for 9090
Handling connection for 9090
Handling connection for 9090
[20250511_155547] WARN: sem dados para postgres_connections
Handling connection for 9090
Handling connection for 9090
Handling connection for 9090
[20250511_155547] WARN: sem dados para postgres_transactions
Handling connection for 9090
Handling connection for 9090
Handling connection for 9090
Handling connection for 9090
Handling connection for 9090
Handling connection for 9090
Handling connection for 9090
Handling connection for 9090
Handling connection for 9090
[20250511_155547] WARN: sem dados para postgres_disk_io
Handling connection for 9090
Handling connection for 9090
Handling connection for 9090
Handling connection for 9090
Handling connection for 9090
[20250511_155547] WARN: sem dados para latency_process_time
Handling connection for 9090
Handling connection for 9090
Handling connection for 9090
Handling connection for 9090
[20250511_155547] INFO: Coletadas 155 métricas com sucesso (falhas: 0, total até agora: sucesso=16, falha=0)
Handling connection for 9090
[20250511_155554] WARN: sem dados para cpu_throttled_time
Handling connection for 9090
Handling connection for 9090
Handling connection for 9090
Handling connection for 9090
Handling connection for 9090
Handling connection for 9090
Handling connection for 9090
Handling connection for 9090
Handling connection for 9090
Handling connection for 9090
Handling connection for 9090
[20250511_155554] WARN: sem dados para cpu_throttled_ratio
Handling connection for 9090
[20250511_155554] WARN: sem dados para memory_pressure
Handling connection for 9090
Handling connection for 9090
Handling connection for 9090
Handling connection for 9090
[20250511_155554] WARN: sem dados para postgres_connections
Handling connection for 9090
Handling connection for 9090
Handling connection for 9090
[20250511_155554] WARN: sem dados para postgres_transactions
Handling connection for 9090
Handling connection for 9090
Handling connection for 9090
Handling connection for 9090
Handling connection for 9090
Handling connection for 9090
Handling connection for 9090
Handling connection for 9090
Handling connection for 9090
[20250511_155554] WARN: sem dados para postgres_disk_io
Handling connection for 9090
Handling connection for 9090
Handling connection for 9090
Handling connection for 9090
Handling connection for 9090
[20250511_155554] WARN: sem dados para latency_process_time
Handling connection for 9090
Handling connection for 9090
Handling connection for 9090
Handling connection for 9090
[20250511_155554] INFO: Coletadas 155 métricas com sucesso (falhas: 0, total até agora: sucesso=17, falha=0)
Handling connection for 9090
[20250511_155600] WARN: sem dados para cpu_throttled_time
Handling connection for 9090
Handling connection for 9090
Handling connection for 9090
Handling connection for 9090
Handling connection for 9090
Handling connection for 9090
Handling connection for 9090
Handling connection for 9090
Handling connection for 9090
Handling connection for 9090
Handling connection for 9090
[20250511_155600] WARN: sem dados para cpu_throttled_ratio
Handling connection for 9090
[20250511_155600] WARN: sem dados para memory_pressure
Handling connection for 9090
Handling connection for 9090
Handling connection for 9090
Handling connection for 9090
[20250511_155600] WARN: sem dados para postgres_connections
Handling connection for 9090
Handling connection for 9090
Handling connection for 9090
[20250511_155600] WARN: sem dados para postgres_transactions
Handling connection for 9090
Handling connection for 9090
Handling connection for 9090
Handling connection for 9090
Handling connection for 9090
Handling connection for 9090
Handling connection for 9090
Handling connection for 9090
Handling connection for 9090
[20250511_155600] WARN: sem dados para postgres_disk_io
Handling connection for 9090
Handling connection for 9090
Handling connection for 9090
Handling connection for 9090
Handling connection for 9090
[20250511_155600] WARN: sem dados para latency_process_time
Handling connection for 9090
Handling connection for 9090
Handling connection for 9090
Handling connection for 9090
[20250511_155600] INFO: Coletadas 155 métricas com sucesso (falhas: 0, total até agora: sucesso=18, falha=0)
Handling connection for 9090
[20250511_155607] WARN: sem dados para cpu_throttled_time
Handling connection for 9090
Handling connection for 9090
Handling connection for 9090
Handling connection for 9090
Handling connection for 9090
Handling connection for 9090
Handling connection for 9090
Handling connection for 9090
Handling connection for 9090
Handling connection for 9090
Handling connection for 9090
[20250511_155607] WARN: sem dados para cpu_throttled_ratio
Handling connection for 9090
[20250511_155607] WARN: sem dados para memory_pressure
Handling connection for 9090
Handling connection for 9090
Handling connection for 9090
Handling connection for 9090
[20250511_155607] WARN: sem dados para postgres_connections
Handling connection for 9090
Handling connection for 9090
Handling connection for 9090
[20250511_155607] WARN: sem dados para postgres_transactions
Handling connection for 9090
Handling connection for 9090
Handling connection for 9090
Handling connection for 9090
Handling connection for 9090
Handling connection for 9090
Handling connection for 9090
Handling connection for 9090
Handling connection for 9090
[20250511_155607] WARN: sem dados para postgres_disk_io
Handling connection for 9090
Handling connection for 9090
Handling connection for 9090
Handling connection for 9090
Handling connection for 9090
[20250511_155607] WARN: sem dados para latency_process_time
Handling connection for 9090
Handling connection for 9090
Handling connection for 9090
Handling connection for 9090
[20250511_155607] INFO: Coletadas 155 métricas com sucesso (falhas: 0, total até agora: sucesso=19, falha=0)
Handling connection for 9090
[20250511_155614] WARN: sem dados para cpu_throttled_time
Handling connection for 9090
Handling connection for 9090
Handling connection for 9090
Handling connection for 9090
Handling connection for 9090
Handling connection for 9090
Handling connection for 9090
Handling connection for 9090
Handling connection for 9090
Handling connection for 9090
Handling connection for 9090
[20250511_155614] WARN: sem dados para cpu_throttled_ratio
Handling connection for 9090
[20250511_155614] WARN: sem dados para memory_pressure
Handling connection for 9090
Handling connection for 9090
Handling connection for 9090
Handling connection for 9090
[20250511_155614] WARN: sem dados para postgres_connections
Handling connection for 9090
Handling connection for 9090
Handling connection for 9090
[20250511_155614] WARN: sem dados para postgres_transactions
Handling connection for 9090
Handling connection for 9090
Handling connection for 9090
Handling connection for 9090
Handling connection for 9090
Handling connection for 9090
Handling connection for 9090
Handling connection for 9090
Handling connection for 9090
[20250511_155614] WARN: sem dados para postgres_disk_io
Handling connection for 9090
Handling connection for 9090
Handling connection for 9090
Handling connection for 9090
Handling connection for 9090
[20250511_155614] WARN: sem dados para latency_process_time
Handling connection for 9090
Handling connection for 9090
Handling connection for 9090
Handling connection for 9090
[20250511_155614] INFO: Coletadas 154 métricas com sucesso (falhas: 0, total até agora: sucesso=20, falha=0)
[20250511_155620] Verificando pods em todos os namespaces:
NAMESPACE        NAME                                                     READY   STATUS      RESTARTS   AGE
ingress-nginx    ingress-nginx-controller-77ff9b8cfc-pxppq                1/1     Running     0          91m
kube-system      calico-kube-controllers-5745477d4d-x72lp                 1/1     Running     0          94m
kube-system      calico-node-lpsv9                                        1/1     Running     0          94m
kube-system      coredns-668d6bf9bc-n7rts                                 1/1     Running     0          94m
kube-system      etcd-minikube                                            1/1     Running     0          94m
kube-system      kube-apiserver-minikube                                  1/1     Running     0          94m
kube-system      kube-controller-manager-minikube                         1/1     Running     0          94m
kube-system      kube-proxy-h4mr6                                         1/1     Running     0          94m
kube-system      kube-scheduler-minikube                                  1/1     Running     0          94m
kube-system      metrics-server-7fbb699795-4l2vd                          1/1     Running     0          94m
kube-system      storage-provisioner                                      1/1     Running     0          94m
metallb-system   controller-bb5f47665-9rcc4                               1/1     Running     0          89m
metallb-system   speaker-7662w                                            1/1     Running     0          89m
monitoring       alertmanager-prometheus-kube-prometheus-alertmanager-0   2/2     Running     0          92m
monitoring       blackbox-exporter-849545489b-wtt89                       1/1     Running     0          87m
monitoring       prometheus-grafana-779f94ccc5-5lk4r                      3/3     Running     0          93m
monitoring       prometheus-kube-prometheus-operator-58dbc8bb4f-ctfhn     1/1     Running     0          93m
monitoring       prometheus-kube-state-metrics-5bc7f89f46-svw6t           1/1     Running     0          93m
monitoring       prometheus-prometheus-kube-prometheus-prometheus-0       2/2     Running     0          92m
monitoring       prometheus-prometheus-node-exporter-xrbld                1/1     Running     0          93m
tenant-a         iperf-server-d79fbdf6c-426xr                             1/1     Running     0          4m46s
tenant-a         nginx-benchmark-hfk8l                                    0/1     Completed   0          4m46s
tenant-a         nginx-deployment-56fc57d4-gj97h                          1/1     Running     0          4m46s
tenant-a         nginx-deployment-56fc57d4-pwm26                          1/1     Running     0          4m46s
tenant-a         nginx-deployment-56fc57d4-zjf2q                          1/1     Running     0          4m46s
tenant-b         stress-ng-6764fc7965-54tgn                               1/1     Running     0          2m16s
tenant-b         stress-ng-6764fc7965-6td5k                               1/1     Running     0          2m16s
tenant-b         traffic-generator-85fb77744d-chmgf                       1/1     Running     0          2m16s
tenant-b         traffic-generator-85fb77744d-dczdw                       1/1     Running     0          2m16s
tenant-b         traffic-generator-85fb77744d-fqlcw                       1/1     Running     0          2m16s
tenant-c         continuous-memory-stress-9qxvl                           1/1     Running     0          4m45s
tenant-c         memory-monitor-cfd7584c6-6j9gb                           1/1     Running     0          4m45s
tenant-c         redis-deployment-6f5c56db8b-wg8lg                        1/1     Running     0          4m45s
tenant-d         cpu-intensive-continuous-dhlzc                           0/1     Completed   0          4m44s
tenant-d         disk-intensive-continuous-cwv8k                          1/1     Running     0          2m41s
tenant-d         pgbench-continuous-workload-679z8                        0/1     Completed   0          4m44s
tenant-d         pgbench-init-fljjx                                       0/1     Completed   0          4m44s
tenant-d         postgres-5dc855c4cc-2j8tg                                2/2     Running     0          4m44s
Handling connection for 9090
[20250511_155620] WARN: sem dados para cpu_throttled_time
Handling connection for 9090
Handling connection for 9090
Handling connection for 9090
Handling connection for 9090
Handling connection for 9090
Handling connection for 9090
Handling connection for 9090
Handling connection for 9090
Handling connection for 9090
Handling connection for 9090
Handling connection for 9090
[20250511_155620] WARN: sem dados para cpu_throttled_ratio
Handling connection for 9090
[20250511_155620] WARN: sem dados para memory_pressure
Handling connection for 9090
Handling connection for 9090
Handling connection for 9090
Handling connection for 9090
[20250511_155620] WARN: sem dados para postgres_connections
Handling connection for 9090
Handling connection for 9090
Handling connection for 9090
[20250511_155620] WARN: sem dados para postgres_transactions
Handling connection for 9090
Handling connection for 9090
Handling connection for 9090
Handling connection for 9090
Handling connection for 9090
Handling connection for 9090
Handling connection for 9090
Handling connection for 9090
Handling connection for 9090
[20250511_155620] WARN: sem dados para postgres_disk_io
Handling connection for 9090
Handling connection for 9090
Handling connection for 9090
Handling connection for 9090
Handling connection for 9090
[20250511_155620] WARN: sem dados para latency_process_time
Handling connection for 9090
Handling connection for 9090
Handling connection for 9090
Handling connection for 9090
[20250511_155620] INFO: Coletadas 154 métricas com sucesso (falhas: 0, total até agora: sucesso=21, falha=0)
Handling connection for 9090
[20250511_155626] WARN: sem dados para cpu_throttled_time
Handling connection for 9090
Handling connection for 9090
Handling connection for 9090
Handling connection for 9090
Handling connection for 9090
Handling connection for 9090
Handling connection for 9090
Handling connection for 9090
Handling connection for 9090
Handling connection for 9090
Handling connection for 9090
[20250511_155626] WARN: sem dados para cpu_throttled_ratio
Handling connection for 9090
[20250511_155626] WARN: sem dados para memory_pressure
Handling connection for 9090
Handling connection for 9090
Handling connection for 9090
Handling connection for 9090
[20250511_155626] WARN: sem dados para postgres_connections
Handling connection for 9090
Handling connection for 9090
Handling connection for 9090
[20250511_155626] WARN: sem dados para postgres_transactions
Handling connection for 9090
Handling connection for 9090
Handling connection for 9090
Handling connection for 9090
Handling connection for 9090
Handling connection for 9090
Handling connection for 9090
Handling connection for 9090
Handling connection for 9090
[20250511_155626] WARN: sem dados para postgres_disk_io
Handling connection for 9090
Handling connection for 9090
Handling connection for 9090
Handling connection for 9090
Handling connection for 9090
[20250511_155626] WARN: sem dados para latency_process_time
Handling connection for 9090
Handling connection for 9090
Handling connection for 9090
Handling connection for 9090
[20250511_155626] INFO: Coletadas 154 métricas com sucesso (falhas: 0, total até agora: sucesso=22, falha=0)
Handling connection for 9090
[20250511_155633] WARN: sem dados para cpu_throttled_time
Handling connection for 9090
Handling connection for 9090
Handling connection for 9090
Handling connection for 9090
Handling connection for 9090
Handling connection for 9090
Handling connection for 9090
Handling connection for 9090
Handling connection for 9090
Handling connection for 9090
Handling connection for 9090
[20250511_155633] WARN: sem dados para cpu_throttled_ratio
Handling connection for 9090
[20250511_155633] WARN: sem dados para memory_pressure
Handling connection for 9090
Handling connection for 9090
Handling connection for 9090
Handling connection for 9090
[20250511_155633] WARN: sem dados para postgres_connections
Handling connection for 9090
