[20250511_153645] Iniciando coleta de métricas a cada 5 segundos
[20250511_153645] Métricas configuradas para coleta: 38
[20250511_153645] Verificando acesso ao Prometheus...
[20250511_153645] Prometheus já está acessível via localhost:9090
[20250511_153645] Testando consulta ao Prometheus...
[20250511_153645] Alvos do Prometheus: 73 ativos, 317 descartados
Filesystem      Size  Used Avail Use% Mounted on
/dev/nvme0n1p3  465G   28G  434G   6% /
devtmpfs        4.0M     0  4.0M   0% /dev
tmpfs            16G   29M   16G   1% /dev/shm
efivarfs        128K   50K   74K  41% /sys/firmware/efi/efivars
tmpfs           6.3G  2.3M  6.3G   1% /run
tmpfs           1.0M     0  1.0M   0% /run/credentials/systemd-journald.service
tmpfs            16G  5.1M   16G   1% /tmp
/dev/nvme0n1p3  465G   28G  434G   6% /home
/dev/nvme0n1p2  974M  463M  444M  52% /boot
/dev/nvme0n1p1  599M   53M  547M   9% /boot/efi
tmpfs           1.0M     0  1.0M   0% /run/credentials/systemd-resolved.service
tmpfs           3.2G  180K  3.2G   1% /run/user/1000
[20250511_153646] DEBUG: Verificando permissões de escrita em /home/phil/Projects/k8s-noisy-lab/results/2025-05-11/15-32-29/firsts-analisys-3
Escrita permitida
[20250511_153646] DEBUG: Número total de métricas: 38
[20250511_153646] Verificando pods em todos os namespaces:
NAMESPACE        NAME                                                     READY   STATUS        RESTARTS   AGE
ingress-nginx    ingress-nginx-controller-77ff9b8cfc-pxppq                1/1     Running       0          71m
kube-system      calico-kube-controllers-5745477d4d-x72lp                 1/1     Running       0          74m
kube-system      calico-node-lpsv9                                        1/1     Running       0          74m
kube-system      coredns-668d6bf9bc-n7rts                                 1/1     Running       0          74m
kube-system      etcd-minikube                                            1/1     Running       0          74m
kube-system      kube-apiserver-minikube                                  1/1     Running       0          74m
kube-system      kube-controller-manager-minikube                         1/1     Running       0          74m
kube-system      kube-proxy-h4mr6                                         1/1     Running       0          74m
kube-system      kube-scheduler-minikube                                  1/1     Running       0          74m
kube-system      metrics-server-7fbb699795-4l2vd                          1/1     Running       0          74m
kube-system      storage-provisioner                                      1/1     Running       0          74m
metallb-system   controller-bb5f47665-9rcc4                               1/1     Running       0          69m
metallb-system   speaker-7662w                                            1/1     Running       0          69m
monitoring       alertmanager-prometheus-kube-prometheus-alertmanager-0   2/2     Running       0          73m
monitoring       blackbox-exporter-849545489b-wtt89                       1/1     Running       0          67m
monitoring       prometheus-grafana-779f94ccc5-5lk4r                      3/3     Running       0          73m
monitoring       prometheus-kube-prometheus-operator-58dbc8bb4f-ctfhn     1/1     Running       0          73m
monitoring       prometheus-kube-state-metrics-5bc7f89f46-svw6t           1/1     Running       0          73m
monitoring       prometheus-prometheus-kube-prometheus-prometheus-0       2/2     Running       0          73m
monitoring       prometheus-prometheus-node-exporter-xrbld                1/1     Running       0          73m
tenant-a         iperf-server-d79fbdf6c-4mjgq                             1/1     Running       0          3m21s
tenant-a         nginx-benchmark-75wms                                    0/1     Completed     0          3m21s
tenant-a         nginx-deployment-56fc57d4-ng6kc                          1/1     Running       0          3m21s
tenant-a         nginx-deployment-56fc57d4-sgz9r                          1/1     Running       0          3m21s
tenant-a         nginx-deployment-56fc57d4-zv5pn                          1/1     Running       0          3m21s
tenant-b         stress-ng-6764fc7965-68pvg                               1/1     Terminating   0          101s
tenant-b         stress-ng-6764fc7965-929f4                               1/1     Terminating   0          101s
tenant-b         traffic-generator-85fb77744d-cktbv                       1/1     Terminating   0          101s
tenant-b         traffic-generator-85fb77744d-jk5kp                       1/1     Terminating   0          101s
tenant-b         traffic-generator-85fb77744d-ls6pf                       1/1     Terminating   0          101s
tenant-c         continuous-memory-stress-c5f2r                           1/1     Running       0          3m19s
tenant-c         memory-monitor-cfd7584c6-9tl46                           1/1     Running       0          3m19s
tenant-c         redis-deployment-6f5c56db8b-rx857                        1/1     Running       0          3m19s
tenant-d         cpu-intensive-continuous-mbhqf                           1/1     Running       0          3m19s
tenant-d         disk-intensive-continuous-8jll9                          1/1     Running       0          76s
tenant-d         pgbench-continuous-workload-brb58                        0/1     Completed     0          3m19s
tenant-d         pgbench-init-cj26k                                       0/1     Completed     0          3m19s
tenant-d         postgres-5dc855c4cc-h4mt2                                2/2     Running       0          3m19s
[20250511_153646] WARN: sem dados para cpu_throttled_time
[20250511_153646] WARN: sem dados para cpu_throttled_ratio
[20250511_153646] WARN: sem dados para memory_pressure
[20250511_153646] WARN: sem dados para postgres_connections
[20250511_153646] WARN: sem dados para postgres_transactions
[20250511_153646] WARN: sem dados para postgres_disk_io
[20250511_153646] WARN: sem dados para latency_process_time
[20250511_153646] INFO: Coletadas 193 métricas com sucesso (falhas: 0, total até agora: sucesso=1, falha=0)
[20250511_153654] WARN: sem dados para cpu_throttled_time
[20250511_153654] WARN: sem dados para cpu_throttled_ratio
[20250511_153654] WARN: sem dados para memory_pressure
[20250511_153654] WARN: sem dados para postgres_connections
[20250511_153654] WARN: sem dados para postgres_transactions
[20250511_153654] WARN: sem dados para postgres_disk_io
[20250511_153654] WARN: sem dados para latency_process_time
[20250511_153654] INFO: Coletadas 193 métricas com sucesso (falhas: 0, total até agora: sucesso=2, falha=0)
[20250511_153701] WARN: sem dados para cpu_throttled_time
[20250511_153701] WARN: sem dados para cpu_throttled_ratio
[20250511_153701] WARN: sem dados para memory_pressure
[20250511_153701] WARN: sem dados para postgres_connections
[20250511_153701] WARN: sem dados para postgres_transactions
[20250511_153701] WARN: sem dados para postgres_disk_io
[20250511_153701] WARN: sem dados para latency_process_time
[20250511_153701] INFO: Coletadas 193 métricas com sucesso (falhas: 0, total até agora: sucesso=3, falha=0)
[20250511_153708] WARN: sem dados para cpu_throttled_time
[20250511_153708] WARN: sem dados para cpu_throttled_ratio
[20250511_153708] WARN: sem dados para memory_pressure
[20250511_153708] WARN: sem dados para postgres_connections
[20250511_153708] WARN: sem dados para postgres_transactions
[20250511_153708] WARN: sem dados para postgres_disk_io
[20250511_153708] WARN: sem dados para latency_process_time
[20250511_153708] INFO: Coletadas 192 métricas com sucesso (falhas: 0, total até agora: sucesso=4, falha=0)
[20250511_153715] WARN: sem dados para cpu_throttled_time
[20250511_153715] WARN: sem dados para cpu_throttled_ratio
[20250511_153715] WARN: sem dados para memory_pressure
[20250511_153715] WARN: sem dados para postgres_connections
[20250511_153715] WARN: sem dados para postgres_transactions
[20250511_153715] WARN: sem dados para postgres_disk_io
[20250511_153715] WARN: sem dados para latency_process_time
[20250511_153715] INFO: Coletadas 192 métricas com sucesso (falhas: 0, total até agora: sucesso=5, falha=0)
[20250511_153722] WARN: sem dados para cpu_throttled_time
[20250511_153722] WARN: sem dados para memory_usage_noisy_victim_ratio
[20250511_153722] WARN: sem dados para resource_dominance_index
[20250511_153722] WARN: sem dados para cpu_throttled_ratio
[20250511_153722] WARN: sem dados para memory_pressure
[20250511_153722] WARN: sem dados para postgres_connections
[20250511_153722] WARN: sem dados para postgres_transactions
[20250511_153722] WARN: sem dados para postgres_disk_io
[20250511_153722] WARN: sem dados para latency_process_time
[20250511_153722] INFO: Coletadas 179 métricas com sucesso (falhas: 0, total até agora: sucesso=6, falha=0)
[20250511_153728] WARN: sem dados para cpu_throttled_time
[20250511_153728] WARN: sem dados para memory_usage_noisy_victim_ratio
[20250511_153728] WARN: sem dados para resource_dominance_index
[20250511_153728] WARN: sem dados para cpu_throttled_ratio
[20250511_153728] WARN: sem dados para memory_pressure
[20250511_153728] WARN: sem dados para postgres_connections
[20250511_153728] WARN: sem dados para postgres_transactions
[20250511_153728] WARN: sem dados para postgres_disk_io
[20250511_153728] WARN: sem dados para latency_process_time
[20250511_153728] INFO: Coletadas 179 métricas com sucesso (falhas: 0, total até agora: sucesso=7, falha=0)
[20250511_153734] WARN: sem dados para cpu_throttled_time
[20250511_153734] WARN: sem dados para memory_usage_noisy_victim_ratio
[20250511_153734] WARN: sem dados para resource_dominance_index
[20250511_153734] WARN: sem dados para cpu_throttled_ratio
[20250511_153734] WARN: sem dados para memory_pressure
[20250511_153734] WARN: sem dados para postgres_connections
[20250511_153734] WARN: sem dados para postgres_transactions
[20250511_153734] WARN: sem dados para postgres_disk_io
[20250511_153734] WARN: sem dados para latency_process_time
[20250511_153734] INFO: Coletadas 179 métricas com sucesso (falhas: 0, total até agora: sucesso=8, falha=0)
[20250511_153741] WARN: sem dados para cpu_throttled_time
[20250511_153741] WARN: sem dados para memory_usage_noisy_victim_ratio
[20250511_153741] WARN: sem dados para resource_dominance_index
[20250511_153741] WARN: sem dados para cpu_throttled_ratio
[20250511_153741] WARN: sem dados para memory_pressure
[20250511_153741] WARN: sem dados para postgres_connections
[20250511_153741] WARN: sem dados para postgres_transactions
[20250511_153741] WARN: sem dados para postgres_disk_io
[20250511_153741] WARN: sem dados para latency_process_time
[20250511_153741] INFO: Coletadas 179 métricas com sucesso (falhas: 0, total até agora: sucesso=9, falha=0)
[20250511_153747] WARN: sem dados para cpu_throttled_time
[20250511_153747] WARN: sem dados para memory_usage_noisy_victim_ratio
[20250511_153747] WARN: sem dados para resource_dominance_index
[20250511_153747] WARN: sem dados para cpu_throttled_ratio
[20250511_153747] WARN: sem dados para memory_pressure
[20250511_153747] WARN: sem dados para postgres_connections
[20250511_153747] WARN: sem dados para postgres_transactions
[20250511_153747] WARN: sem dados para postgres_disk_io
[20250511_153747] WARN: sem dados para latency_process_time
[20250511_153747] INFO: Coletadas 165 métricas com sucesso (falhas: 0, total até agora: sucesso=10, falha=0)
[20250511_153753] Verificando pods em todos os namespaces:
NAMESPACE        NAME                                                     READY   STATUS      RESTARTS   AGE
ingress-nginx    ingress-nginx-controller-77ff9b8cfc-pxppq                1/1     Running     0          72m
kube-system      calico-kube-controllers-5745477d4d-x72lp                 1/1     Running     0          75m
kube-system      calico-node-lpsv9                                        1/1     Running     0          75m
kube-system      coredns-668d6bf9bc-n7rts                                 1/1     Running     0          75m
kube-system      etcd-minikube                                            1/1     Running     0          75m
kube-system      kube-apiserver-minikube                                  1/1     Running     0          75m
kube-system      kube-controller-manager-minikube                         1/1     Running     0          75m
kube-system      kube-proxy-h4mr6                                         1/1     Running     0          75m
kube-system      kube-scheduler-minikube                                  1/1     Running     0          75m
kube-system      metrics-server-7fbb699795-4l2vd                          1/1     Running     0          75m
kube-system      storage-provisioner                                      1/1     Running     0          75m
metallb-system   controller-bb5f47665-9rcc4                               1/1     Running     0          70m
metallb-system   speaker-7662w                                            1/1     Running     0          70m
monitoring       alertmanager-prometheus-kube-prometheus-alertmanager-0   2/2     Running     0          74m
monitoring       blackbox-exporter-849545489b-wtt89                       1/1     Running     0          68m
monitoring       prometheus-grafana-779f94ccc5-5lk4r                      3/3     Running     0          74m
monitoring       prometheus-kube-prometheus-operator-58dbc8bb4f-ctfhn     1/1     Running     0          74m
monitoring       prometheus-kube-state-metrics-5bc7f89f46-svw6t           1/1     Running     0          74m
monitoring       prometheus-prometheus-kube-prometheus-prometheus-0       2/2     Running     0          74m
monitoring       prometheus-prometheus-node-exporter-xrbld                1/1     Running     0          74m
tenant-a         iperf-server-d79fbdf6c-4mjgq                             1/1     Running     0          4m28s
tenant-a         nginx-benchmark-75wms                                    0/1     Completed   0          4m28s
tenant-a         nginx-deployment-56fc57d4-ng6kc                          1/1     Running     0          4m28s
tenant-a         nginx-deployment-56fc57d4-sgz9r                          1/1     Running     0          4m28s
tenant-a         nginx-deployment-56fc57d4-zv5pn                          1/1     Running     0          4m28s
tenant-c         continuous-memory-stress-c5f2r                           0/1     Completed   0          4m26s
tenant-c         memory-monitor-cfd7584c6-9tl46                           1/1     Running     0          4m26s
tenant-c         redis-deployment-6f5c56db8b-rx857                        1/1     Running     0          4m26s
tenant-d         cpu-intensive-continuous-mbhqf                           0/1     Completed   0          4m26s
tenant-d         disk-intensive-continuous-8jll9                          1/1     Running     0          2m23s
tenant-d         pgbench-continuous-workload-brb58                        0/1     Completed   0          4m26s
tenant-d         pgbench-init-cj26k                                       0/1     Completed   0          4m26s
tenant-d         postgres-5dc855c4cc-h4mt2                                2/2     Running     0          4m26s
[20250511_153753] WARN: sem dados para cpu_throttled_time
[20250511_153753] WARN: sem dados para memory_usage_noisy_victim_ratio
[20250511_153753] WARN: sem dados para resource_dominance_index
[20250511_153753] WARN: sem dados para cpu_throttled_ratio
[20250511_153753] WARN: sem dados para memory_pressure
[20250511_153753] WARN: sem dados para postgres_connections
[20250511_153753] WARN: sem dados para postgres_transactions
[20250511_153753] WARN: sem dados para postgres_disk_io
[20250511_153753] WARN: sem dados para latency_process_time
[20250511_153753] INFO: Coletadas 157 métricas com sucesso (falhas: 0, total até agora: sucesso=11, falha=0)
[20250511_153759] WARN: sem dados para cpu_throttled_time
[20250511_153759] WARN: sem dados para memory_usage_noisy_victim_ratio
[20250511_153759] WARN: sem dados para resource_dominance_index
[20250511_153759] WARN: sem dados para cpu_throttled_ratio
[20250511_153759] WARN: sem dados para memory_pressure
[20250511_153759] WARN: sem dados para postgres_connections
[20250511_153759] WARN: sem dados para postgres_transactions
[20250511_153759] WARN: sem dados para cpu_usage_noisy_victim_ratio
[20250511_153759] WARN: sem dados para postgres_disk_io
[20250511_153759] WARN: sem dados para network_usage_noisy_victim_ratio
[20250511_153759] WARN: sem dados para latency_process_time
[20250511_153759] INFO: Coletadas 147 métricas com sucesso (falhas: 0, total até agora: sucesso=12, falha=0)
[20250511_153805] WARN: sem dados para cpu_throttled_time
[20250511_153805] WARN: sem dados para memory_usage_noisy_victim_ratio
[20250511_153805] WARN: sem dados para resource_dominance_index
[20250511_153805] WARN: sem dados para cpu_throttled_ratio
[20250511_153805] WARN: sem dados para memory_pressure
[20250511_153805] WARN: sem dados para postgres_connections
[20250511_153805] WARN: sem dados para postgres_transactions
[20250511_153805] WARN: sem dados para cpu_usage_noisy_victim_ratio
[20250511_153805] WARN: sem dados para postgres_disk_io
[20250511_153805] WARN: sem dados para network_usage_noisy_victim_ratio
[20250511_153805] WARN: sem dados para latency_process_time
[20250511_153805] INFO: Coletadas 146 métricas com sucesso (falhas: 0, total até agora: sucesso=13, falha=0)
[20250511_153811] WARN: sem dados para cpu_throttled_time
[20250511_153811] WARN: sem dados para memory_usage_noisy_victim_ratio
[20250511_153811] WARN: sem dados para resource_dominance_index
[20250511_153811] WARN: sem dados para cpu_throttled_ratio
[20250511_153811] WARN: sem dados para memory_pressure
[20250511_153811] WARN: sem dados para postgres_connections
[20250511_153811] WARN: sem dados para postgres_transactions
[20250511_153811] WARN: sem dados para cpu_usage_noisy_victim_ratio
[20250511_153811] WARN: sem dados para postgres_disk_io
[20250511_153811] WARN: sem dados para network_usage_noisy_victim_ratio
[20250511_153811] WARN: sem dados para latency_process_time
[20250511_153811] INFO: Coletadas 145 métricas com sucesso (falhas: 0, total até agora: sucesso=14, falha=0)
[20250511_153818] WARN: sem dados para cpu_throttled_time
[20250511_153818] WARN: sem dados para memory_usage_noisy_victim_ratio
[20250511_153818] WARN: sem dados para resource_dominance_index
[20250511_153818] WARN: sem dados para cpu_throttled_ratio
[20250511_153818] WARN: sem dados para memory_pressure
[20250511_153818] WARN: sem dados para postgres_connections
[20250511_153818] WARN: sem dados para postgres_transactions
[20250511_153818] WARN: sem dados para cpu_usage_noisy_victim_ratio
[20250511_153818] WARN: sem dados para postgres_disk_io
[20250511_153818] WARN: sem dados para network_usage_noisy_victim_ratio
[20250511_153818] WARN: sem dados para latency_process_time
[20250511_153818] INFO: Coletadas 131 métricas com sucesso (falhas: 0, total até agora: sucesso=15, falha=0)
[20250511_153824] WARN: sem dados para cpu_throttled_time
[20250511_153824] WARN: sem dados para memory_usage_noisy_victim_ratio
[20250511_153824] WARN: sem dados para resource_dominance_index
[20250511_153824] WARN: sem dados para cpu_throttled_ratio
[20250511_153824] WARN: sem dados para memory_pressure
[20250511_153824] WARN: sem dados para postgres_connections
[20250511_153824] WARN: sem dados para postgres_transactions
[20250511_153824] WARN: sem dados para cpu_usage_noisy_victim_ratio
[20250511_153824] WARN: sem dados para postgres_disk_io
[20250511_153824] WARN: sem dados para network_usage_noisy_victim_ratio
[20250511_153824] WARN: sem dados para latency_process_time
[20250511_153824] INFO: Coletadas 128 métricas com sucesso (falhas: 0, total até agora: sucesso=16, falha=0)
