[2025-05-10 16:57:21] Namespace 'tenant-a' já existe.
[2025-05-10 16:57:21] Namespace 'tenant-b' já existe.
[2025-05-10 16:57:21] Namespace 'tenant-c' já existe.
[2025-05-10 16:57:21] Namespace 'monitoring' já existe.
[2025-05-10 16:57:21] Namespace 'ingress-nginx' já existe.
[2025-05-10 16:57:21] Iniciando experimento: add-metrics-1
[2025-05-10 16:57:21] Log sendo salvo em: /home/phil/Projects/k8s-noisy-lab/results/2025-05-10/16-57-21/add-metrics-1/experiment.log
[2025-05-10 16:57:21] Verificando pré-requisitos...
[2025-05-10 16:57:21] Métricas serão salvas em: /home/phil/Projects/k8s-noisy-lab/results/2025-05-10/16-57-21/add-metrics-1
[2025-05-10 16:57:21] Validando recursos do cluster...
[0;35m==========================================[0m
[0;35m     VERIFICAÇÃO PRÉ-EXPERIMENTO         [0m
[0;35m==========================================[0m
[0;35mVerificando conectividade com o cluster...[0m
[0;32m✓ Conexão com o cluster estabelecida com sucesso[0m
[0;35mVerificando estado dos nós do cluster...[0m
[0;32m✓ O cluster possui 1 nós disponíveis[0m
[0;35mVerificando recursos disponíveis no cluster...[0m
CPU: [0;35m11600[0m cores
Memória: [0;35m30.73[0m GB
[0;32m✓ Recursos do cluster são suficientes para o experimento[0m
[0;35mVerificando namespaces necessárias...[0m
[0;32m✓ Namespace 'tenant-a' encontrada[0m
[0;32m✓ Namespace 'tenant-b' encontrada[0m
[0;32m✓ Namespace 'tenant-c' encontrada[0m
[0;32m✓ Namespace 'monitoring' encontrada[0m
[0;35mVerificando disponibilidade do Prometheus...[0m
[0;32m✓ Prometheus está rodando e pronto[0m
[0;35mVerificando disponibilidade das métricas essenciais...[0m
