[20250511_152129] Iniciando coleta de métricas a cada 5 segundos
[20250511_152129] Métricas configuradas para coleta: 38
[20250511_152129] Verificando acesso ao Prometheus...
[20250511_152129] Prometheus já está acessível via localhost:9090
[20250511_152129] Testando consulta ao Prometheus...
[20250511_152129] Alvos do Prometheus: 59 ativos, 311 descartados
Filesystem      Size  Used Avail Use% Mounted on
/dev/nvme0n1p3  465G   27G  435G   6% /
devtmpfs        4.0M     0  4.0M   0% /dev
tmpfs            16G   32M   16G   1% /dev/shm
efivarfs        128K   50K   74K  41% /sys/firmware/efi/efivars
tmpfs           6.3G  2.3M  6.3G   1% /run
tmpfs           1.0M     0  1.0M   0% /run/credentials/systemd-journald.service
tmpfs            16G  5.1M   16G   1% /tmp
/dev/nvme0n1p3  465G   27G  435G   6% /home
/dev/nvme0n1p2  974M  463M  444M  52% /boot
/dev/nvme0n1p1  599M   53M  547M   9% /boot/efi
tmpfs           1.0M     0  1.0M   0% /run/credentials/systemd-resolved.service
tmpfs           3.2G  184K  3.2G   1% /run/user/1000
[20250511_152129] DEBUG: Verificando permissões de escrita em /home/phil/Projects/k8s-noisy-lab/results/2025-05-11/15-20-34/firsts-analisys-2
Escrita permitida
[20250511_152129] DEBUG: Número total de métricas: 38
[20250511_152129] Verificando pods em todos os namespaces:
NAMESPACE        NAME                                                     READY   STATUS              RESTARTS   AGE
ingress-nginx    ingress-nginx-controller-77ff9b8cfc-pxppq                1/1     Running             0          56m
kube-system      calico-kube-controllers-5745477d4d-x72lp                 1/1     Running             0          59m
kube-system      calico-node-lpsv9                                        1/1     Running             0          59m
kube-system      coredns-668d6bf9bc-n7rts                                 1/1     Running             0          59m
kube-system      etcd-minikube                                            1/1     Running             0          59m
kube-system      kube-apiserver-minikube                                  1/1     Running             0          59m
kube-system      kube-controller-manager-minikube                         1/1     Running             0          59m
kube-system      kube-proxy-h4mr6                                         1/1     Running             0          59m
kube-system      kube-scheduler-minikube                                  1/1     Running             0          59m
kube-system      metrics-server-7fbb699795-4l2vd                          1/1     Running             0          59m
kube-system      storage-provisioner                                      1/1     Running             0          59m
metallb-system   controller-bb5f47665-9rcc4                               1/1     Running             0          54m
metallb-system   speaker-7662w                                            1/1     Running             0          54m
monitoring       alertmanager-prometheus-kube-prometheus-alertmanager-0   2/2     Running             0          57m
monitoring       blackbox-exporter-849545489b-wtt89                       1/1     Running             0          52m
monitoring       prometheus-grafana-779f94ccc5-5lk4r                      3/3     Running             0          58m
monitoring       prometheus-kube-prometheus-operator-58dbc8bb4f-ctfhn     1/1     Running             0          58m
monitoring       prometheus-kube-state-metrics-5bc7f89f46-svw6t           1/1     Running             0          58m
monitoring       prometheus-prometheus-kube-prometheus-prometheus-0       2/2     Running             0          57m
monitoring       prometheus-prometheus-node-exporter-xrbld                1/1     Running             0          58m
tenant-a         nginx-deployment-56fc57d4-2m225                          0/1     ContainerCreating   0          0s
tenant-a         nginx-deployment-56fc57d4-s2zxg                          0/1     ContainerCreating   0          0s
tenant-a         nginx-deployment-56fc57d4-sl9hw                          0/1     ContainerCreating   0          0s
[20250511_152129] WARN: sem dados para cpu_throttled_time
[20250511_152129] WARN: sem dados para cpu_throttled_ratio
[20250511_152129] WARN: sem dados para memory_pressure
[20250511_152129] WARN: sem dados para postgres_connections
[20250511_152129] WARN: sem dados para postgres_transactions
[20250511_152129] WARN: sem dados para postgres_disk_io
[20250511_152129] WARN: sem dados para latency_process_time
[20250511_152129] INFO: Coletadas 126 métricas com sucesso (falhas: 0, total até agora: sucesso=1, falha=0)
[20250511_152135] WARN: sem dados para cpu_throttled_time
[20250511_152135] WARN: sem dados para memory_usage_noisy_victim_ratio
[20250511_152135] WARN: sem dados para resource_dominance_index
[20250511_152135] WARN: sem dados para cpu_throttled_ratio
[20250511_152135] WARN: sem dados para memory_pressure
[20250511_152135] WARN: sem dados para postgres_connections
[20250511_152135] WARN: sem dados para postgres_transactions
[20250511_152135] WARN: sem dados para postgres_disk_io
[20250511_152135] WARN: sem dados para latency_process_time
[20250511_152135] INFO: Coletadas 140 métricas com sucesso (falhas: 0, total até agora: sucesso=2, falha=0)
[20250511_152141] WARN: sem dados para cpu_throttled_time
[20250511_152141] WARN: sem dados para memory_usage_noisy_victim_ratio
[20250511_152141] WARN: sem dados para resource_dominance_index
[20250511_152141] WARN: sem dados para cpu_throttled_ratio
[20250511_152141] WARN: sem dados para memory_pressure
[20250511_152141] WARN: sem dados para postgres_connections
[20250511_152141] WARN: sem dados para postgres_transactions
[20250511_152141] WARN: sem dados para postgres_disk_io
[20250511_152141] WARN: sem dados para latency_process_time
[20250511_152141] INFO: Coletadas 154 métricas com sucesso (falhas: 0, total até agora: sucesso=3, falha=0)
[20250511_152148] WARN: sem dados para cpu_throttled_time
[20250511_152148] WARN: sem dados para memory_usage_noisy_victim_ratio
[20250511_152148] WARN: sem dados para resource_dominance_index
[20250511_152148] WARN: sem dados para cpu_throttled_ratio
[20250511_152148] WARN: sem dados para memory_pressure
[20250511_152148] WARN: sem dados para disk_io_tenant_d
[20250511_152148] WARN: sem dados para postgres_connections
[20250511_152148] WARN: sem dados para postgres_transactions
[20250511_152148] WARN: sem dados para disk_tenant_d_vs_other_ratio
[20250511_152148] WARN: sem dados para postgres_disk_io
[20250511_152148] WARN: sem dados para latency_process_time
[20250511_152148] INFO: Coletadas 143 métricas com sucesso (falhas: 0, total até agora: sucesso=4, falha=0)
[20250511_152154] WARN: sem dados para cpu_throttled_time
[20250511_152154] WARN: sem dados para memory_usage_noisy_victim_ratio
[20250511_152154] WARN: sem dados para resource_dominance_index
[20250511_152154] WARN: sem dados para cpu_throttled_ratio
[20250511_152154] WARN: sem dados para memory_pressure
[20250511_152154] WARN: sem dados para postgres_connections
[20250511_152154] WARN: sem dados para postgres_transactions
[20250511_152154] WARN: sem dados para postgres_disk_io
[20250511_152154] WARN: sem dados para latency_process_time
[20250511_152154] INFO: Coletadas 166 métricas com sucesso (falhas: 0, total até agora: sucesso=5, falha=0)
[20250511_152200] WARN: sem dados para cpu_throttled_time
[20250511_152200] WARN: sem dados para memory_usage_noisy_victim_ratio
[20250511_152200] WARN: sem dados para resource_dominance_index
[20250511_152200] WARN: sem dados para cpu_throttled_ratio
[20250511_152200] WARN: sem dados para memory_pressure
[20250511_152200] WARN: sem dados para postgres_connections
[20250511_152200] WARN: sem dados para postgres_transactions
[20250511_152200] WARN: sem dados para postgres_disk_io
[20250511_152200] WARN: sem dados para latency_process_time
[20250511_152200] INFO: Coletadas 166 métricas com sucesso (falhas: 0, total até agora: sucesso=6, falha=0)
[20250511_152207] WARN: sem dados para cpu_throttled_time
[20250511_152207] WARN: sem dados para memory_usage_noisy_victim_ratio
[20250511_152207] WARN: sem dados para resource_dominance_index
[20250511_152207] WARN: sem dados para cpu_throttled_ratio
[20250511_152207] WARN: sem dados para memory_pressure
[20250511_152207] WARN: sem dados para postgres_connections
[20250511_152207] WARN: sem dados para postgres_transactions
[20250511_152207] WARN: sem dados para postgres_disk_io
[20250511_152207] WARN: sem dados para latency_process_time
[20250511_152207] INFO: Coletadas 166 métricas com sucesso (falhas: 0, total até agora: sucesso=7, falha=0)
[20250511_152213] WARN: sem dados para cpu_throttled_time
[20250511_152213] WARN: sem dados para memory_usage_noisy_victim_ratio
[20250511_152213] WARN: sem dados para resource_dominance_index
[20250511_152213] WARN: sem dados para cpu_throttled_ratio
[20250511_152213] WARN: sem dados para memory_pressure
[20250511_152213] WARN: sem dados para postgres_connections
[20250511_152213] WARN: sem dados para postgres_transactions
[20250511_152213] WARN: sem dados para cpu_usage_noisy_victim_ratio
[20250511_152213] WARN: sem dados para postgres_disk_io
[20250511_152213] WARN: sem dados para network_usage_noisy_victim_ratio
[20250511_152213] WARN: sem dados para latency_process_time
[20250511_152213] INFO: Coletadas 155 métricas com sucesso (falhas: 0, total até agora: sucesso=8, falha=0)
[20250511_152219] WARN: sem dados para cpu_throttled_time
[20250511_152219] WARN: sem dados para memory_usage_noisy_victim_ratio
[20250511_152219] WARN: sem dados para resource_dominance_index
[20250511_152219] WARN: sem dados para cpu_throttled_ratio
[20250511_152219] WARN: sem dados para memory_pressure
[20250511_152219] WARN: sem dados para postgres_connections
[20250511_152219] WARN: sem dados para postgres_transactions
[20250511_152219] WARN: sem dados para cpu_usage_noisy_victim_ratio
[20250511_152219] WARN: sem dados para postgres_disk_io
[20250511_152219] WARN: sem dados para network_usage_noisy_victim_ratio
[20250511_152219] WARN: sem dados para latency_process_time
[20250511_152219] INFO: Coletadas 155 métricas com sucesso (falhas: 0, total até agora: sucesso=9, falha=0)
[20250511_152225] WARN: sem dados para cpu_throttled_time
[20250511_152225] WARN: sem dados para memory_usage_noisy_victim_ratio
[20250511_152225] WARN: sem dados para resource_dominance_index
[20250511_152225] WARN: sem dados para cpu_throttled_ratio
[20250511_152225] WARN: sem dados para memory_pressure
[20250511_152225] WARN: sem dados para postgres_connections
[20250511_152225] WARN: sem dados para postgres_transactions
[20250511_152225] WARN: sem dados para cpu_usage_noisy_victim_ratio
[20250511_152225] WARN: sem dados para postgres_disk_io
[20250511_152225] WARN: sem dados para network_usage_noisy_victim_ratio
[20250511_152225] WARN: sem dados para latency_process_time
[20250511_152225] INFO: Coletadas 155 métricas com sucesso (falhas: 0, total até agora: sucesso=10, falha=0)
[20250511_152232] Verificando pods em todos os namespaces:
NAMESPACE        NAME                                                     READY   STATUS    RESTARTS   AGE
ingress-nginx    ingress-nginx-controller-77ff9b8cfc-pxppq                1/1     Running   0          57m
kube-system      calico-kube-controllers-5745477d4d-x72lp                 1/1     Running   0          60m
kube-system      calico-node-lpsv9                                        1/1     Running   0          60m
kube-system      coredns-668d6bf9bc-n7rts                                 1/1     Running   0          60m
kube-system      etcd-minikube                                            1/1     Running   0          60m
kube-system      kube-apiserver-minikube                                  1/1     Running   0          60m
kube-system      kube-controller-manager-minikube                         1/1     Running   0          60m
kube-system      kube-proxy-h4mr6                                         1/1     Running   0          60m
kube-system      kube-scheduler-minikube                                  1/1     Running   0          60m
kube-system      metrics-server-7fbb699795-4l2vd                          1/1     Running   0          60m
kube-system      storage-provisioner                                      1/1     Running   0          60m
metallb-system   controller-bb5f47665-9rcc4                               1/1     Running   0          55m
metallb-system   speaker-7662w                                            1/1     Running   0          55m
monitoring       alertmanager-prometheus-kube-prometheus-alertmanager-0   2/2     Running   0          58m
monitoring       blackbox-exporter-849545489b-wtt89                       1/1     Running   0          53m
monitoring       prometheus-grafana-779f94ccc5-5lk4r                      3/3     Running   0          59m
monitoring       prometheus-kube-prometheus-operator-58dbc8bb4f-ctfhn     1/1     Running   0          59m
monitoring       prometheus-kube-state-metrics-5bc7f89f46-svw6t           1/1     Running   0          59m
monitoring       prometheus-prometheus-kube-prometheus-prometheus-0       2/2     Running   0          58m
monitoring       prometheus-prometheus-node-exporter-xrbld                1/1     Running   0          59m
tenant-a         iperf-server-d79fbdf6c-fct9p                             1/1     Running   0          63s
tenant-a         nginx-benchmark-5nsvs                                    1/1     Running   0          63s
tenant-a         nginx-deployment-56fc57d4-2m225                          1/1     Running   0          63s
tenant-a         nginx-deployment-56fc57d4-s2zxg                          1/1     Running   0          63s
tenant-a         nginx-deployment-56fc57d4-sl9hw                          1/1     Running   0          63s
tenant-c         continuous-memory-stress-jbd2q                           1/1     Running   0          61s
tenant-c         memory-monitor-cfd7584c6-6gfvj                           1/1     Running   0          61s
tenant-c         redis-deployment-6f5c56db8b-4nkm5                        1/1     Running   0          61s
tenant-d         cpu-intensive-continuous-8sw5f                           1/1     Running   0          61s
tenant-d         pgbench-continuous-workload-z5jjp                        1/1     Running   0          61s
tenant-d         pgbench-init-vcbsv                                       1/1     Running   0          61s
tenant-d         postgres-5dc855c4cc-wrgxm                                2/2     Running   0          61s
[20250511_152232] WARN: sem dados para cpu_throttled_time
[20250511_152232] WARN: sem dados para memory_usage_noisy_victim_ratio
[20250511_152232] WARN: sem dados para resource_dominance_index
[20250511_152232] WARN: sem dados para cpu_throttled_ratio
[20250511_152232] WARN: sem dados para memory_pressure
[20250511_152232] WARN: sem dados para postgres_connections
[20250511_152232] WARN: sem dados para postgres_transactions
[20250511_152232] WARN: sem dados para cpu_usage_noisy_victim_ratio
[20250511_152232] WARN: sem dados para postgres_disk_io
[20250511_152232] WARN: sem dados para network_usage_noisy_victim_ratio
[20250511_152232] WARN: sem dados para latency_process_time
[20250511_152232] INFO: Coletadas 155 métricas com sucesso (falhas: 0, total até agora: sucesso=11, falha=0)
[20250511_152238] WARN: sem dados para cpu_throttled_time
[20250511_152238] WARN: sem dados para memory_usage_noisy_victim_ratio
[20250511_152238] WARN: sem dados para resource_dominance_index
[20250511_152238] WARN: sem dados para cpu_throttled_ratio
[20250511_152238] WARN: sem dados para memory_pressure
[20250511_152238] WARN: sem dados para postgres_connections
[20250511_152238] WARN: sem dados para postgres_transactions
[20250511_152238] WARN: sem dados para cpu_usage_noisy_victim_ratio
[20250511_152238] WARN: sem dados para postgres_disk_io
[20250511_152238] WARN: sem dados para network_usage_noisy_victim_ratio
[20250511_152238] WARN: sem dados para latency_process_time
[20250511_152238] INFO: Coletadas 155 métricas com sucesso (falhas: 0, total até agora: sucesso=12, falha=0)
[20250511_152244] WARN: sem dados para cpu_throttled_time
[20250511_152244] WARN: sem dados para memory_usage_noisy_victim_ratio
[20250511_152244] WARN: sem dados para resource_dominance_index
[20250511_152244] WARN: sem dados para cpu_throttled_ratio
[20250511_152244] WARN: sem dados para memory_pressure
[20250511_152244] WARN: sem dados para postgres_connections
[20250511_152244] WARN: sem dados para postgres_transactions
[20250511_152244] WARN: sem dados para cpu_usage_noisy_victim_ratio
[20250511_152244] WARN: sem dados para postgres_disk_io
[20250511_152244] WARN: sem dados para network_usage_noisy_victim_ratio
[20250511_152244] WARN: sem dados para latency_process_time
[20250511_152244] INFO: Coletadas 155 métricas com sucesso (falhas: 0, total até agora: sucesso=13, falha=0)
[20250511_152251] WARN: sem dados para cpu_throttled_time
[20250511_152251] WARN: sem dados para memory_usage_noisy_victim_ratio
[20250511_152251] WARN: sem dados para resource_dominance_index
[20250511_152251] WARN: sem dados para cpu_throttled_ratio
[20250511_152251] WARN: sem dados para memory_pressure
[20250511_152251] WARN: sem dados para postgres_connections
[20250511_152251] WARN: sem dados para postgres_transactions
[20250511_152251] WARN: sem dados para cpu_usage_noisy_victim_ratio
[20250511_152251] WARN: sem dados para postgres_disk_io
[20250511_152251] WARN: sem dados para network_usage_noisy_victim_ratio
[20250511_152251] WARN: sem dados para latency_process_time
[20250511_152251] INFO: Coletadas 155 métricas com sucesso (falhas: 0, total até agora: sucesso=14, falha=0)
[20250511_152257] WARN: sem dados para cpu_throttled_time
[20250511_152257] WARN: sem dados para memory_usage_noisy_victim_ratio
[20250511_152257] WARN: sem dados para resource_dominance_index
[20250511_152257] WARN: sem dados para cpu_throttled_ratio
[20250511_152257] WARN: sem dados para memory_pressure
[20250511_152257] WARN: sem dados para postgres_connections
[20250511_152257] WARN: sem dados para postgres_transactions
[20250511_152257] WARN: sem dados para cpu_usage_noisy_victim_ratio
[20250511_152257] WARN: sem dados para postgres_disk_io
[20250511_152257] WARN: sem dados para network_usage_noisy_victim_ratio
[20250511_152257] WARN: sem dados para latency_process_time
[20250511_152257] INFO: Coletadas 155 métricas com sucesso (falhas: 0, total até agora: sucesso=15, falha=0)
[20250511_152303] WARN: sem dados para cpu_throttled_time
[20250511_152303] WARN: sem dados para memory_usage_noisy_victim_ratio
[20250511_152303] WARN: sem dados para resource_dominance_index
[20250511_152303] WARN: sem dados para cpu_throttled_ratio
[20250511_152303] WARN: sem dados para memory_pressure
[20250511_152303] WARN: sem dados para postgres_connections
[20250511_152303] WARN: sem dados para postgres_transactions
[20250511_152303] WARN: sem dados para cpu_usage_noisy_victim_ratio
[20250511_152303] WARN: sem dados para postgres_disk_io
[20250511_152303] WARN: sem dados para network_usage_noisy_victim_ratio
[20250511_152303] WARN: sem dados para latency_process_time
[20250511_152303] INFO: Coletadas 155 métricas com sucesso (falhas: 0, total até agora: sucesso=16, falha=0)
[20250511_152309] WARN: sem dados para cpu_throttled_time
[20250511_152309] WARN: sem dados para memory_usage_noisy_victim_ratio
[20250511_152309] WARN: sem dados para resource_dominance_index
[20250511_152309] WARN: sem dados para cpu_throttled_ratio
[20250511_152309] WARN: sem dados para memory_pressure
[20250511_152309] WARN: sem dados para postgres_connections
[20250511_152309] WARN: sem dados para postgres_transactions
[20250511_152309] WARN: sem dados para cpu_usage_noisy_victim_ratio
[20250511_152309] WARN: sem dados para postgres_disk_io
[20250511_152309] WARN: sem dados para network_usage_noisy_victim_ratio
[20250511_152309] WARN: sem dados para latency_process_time
[20250511_152309] INFO: Coletadas 155 métricas com sucesso (falhas: 0, total até agora: sucesso=17, falha=0)
[20250511_152316] WARN: sem dados para cpu_throttled_time
[20250511_152316] WARN: sem dados para memory_usage_noisy_victim_ratio
[20250511_152316] WARN: sem dados para resource_dominance_index
[20250511_152316] WARN: sem dados para cpu_throttled_ratio
[20250511_152316] WARN: sem dados para memory_pressure
[20250511_152316] WARN: sem dados para postgres_connections
[20250511_152316] WARN: sem dados para postgres_transactions
[20250511_152316] WARN: sem dados para cpu_usage_noisy_victim_ratio
[20250511_152316] WARN: sem dados para postgres_disk_io
[20250511_152316] WARN: sem dados para network_usage_noisy_victim_ratio
[20250511_152316] WARN: sem dados para latency_process_time
[20250511_152316] INFO: Coletadas 155 métricas com sucesso (falhas: 0, total até agora: sucesso=18, falha=0)
[20250511_152322] WARN: sem dados para cpu_throttled_time
[20250511_152322] WARN: sem dados para memory_usage_noisy_victim_ratio
[20250511_152322] WARN: sem dados para resource_dominance_index
[20250511_152322] WARN: sem dados para cpu_throttled_ratio
[20250511_152322] WARN: sem dados para memory_pressure
[20250511_152322] WARN: sem dados para postgres_connections
[20250511_152322] WARN: sem dados para postgres_transactions
[20250511_152322] WARN: sem dados para cpu_usage_noisy_victim_ratio
[20250511_152322] WARN: sem dados para postgres_disk_io
[20250511_152322] WARN: sem dados para network_usage_noisy_victim_ratio
[20250511_152322] WARN: sem dados para latency_process_time
[20250511_152322] INFO: Coletadas 155 métricas com sucesso (falhas: 0, total até agora: sucesso=19, falha=0)
[20250511_152328] WARN: sem dados para cpu_throttled_time
[20250511_152328] WARN: sem dados para memory_usage_noisy_victim_ratio
[20250511_152328] WARN: sem dados para resource_dominance_index
[20250511_152328] WARN: sem dados para cpu_throttled_ratio
[20250511_152328] WARN: sem dados para memory_pressure
[20250511_152328] WARN: sem dados para postgres_connections
[20250511_152328] WARN: sem dados para postgres_transactions
[20250511_152328] WARN: sem dados para cpu_usage_noisy_victim_ratio
[20250511_152328] WARN: sem dados para postgres_disk_io
[20250511_152328] WARN: sem dados para network_usage_noisy_victim_ratio
[20250511_152328] WARN: sem dados para latency_process_time
[20250511_152328] INFO: Coletadas 155 métricas com sucesso (falhas: 0, total até agora: sucesso=20, falha=0)
[20250511_152335] Verificando pods em todos os namespaces:
NAMESPACE        NAME                                                     READY   STATUS              RESTARTS   AGE
ingress-nginx    ingress-nginx-controller-77ff9b8cfc-pxppq                1/1     Running             0          58m
kube-system      calico-kube-controllers-5745477d4d-x72lp                 1/1     Running             0          61m
kube-system      calico-node-lpsv9                                        1/1     Running             0          61m
kube-system      coredns-668d6bf9bc-n7rts                                 1/1     Running             0          61m
kube-system      etcd-minikube                                            1/1     Running             0          61m
kube-system      kube-apiserver-minikube                                  1/1     Running             0          61m
kube-system      kube-controller-manager-minikube                         1/1     Running             0          61m
kube-system      kube-proxy-h4mr6                                         1/1     Running             0          61m
kube-system      kube-scheduler-minikube                                  1/1     Running             0          61m
kube-system      metrics-server-7fbb699795-4l2vd                          1/1     Running             0          61m
kube-system      storage-provisioner                                      1/1     Running             0          61m
metallb-system   controller-bb5f47665-9rcc4                               1/1     Running             0          56m
metallb-system   speaker-7662w                                            1/1     Running             0          56m
monitoring       alertmanager-prometheus-kube-prometheus-alertmanager-0   2/2     Running             0          60m
monitoring       blackbox-exporter-849545489b-wtt89                       1/1     Running             0          54m
monitoring       prometheus-grafana-779f94ccc5-5lk4r                      3/3     Running             0          60m
monitoring       prometheus-kube-prometheus-operator-58dbc8bb4f-ctfhn     1/1     Running             0          60m
monitoring       prometheus-kube-state-metrics-5bc7f89f46-svw6t           1/1     Running             0          60m
monitoring       prometheus-prometheus-kube-prometheus-prometheus-0       2/2     Running             0          60m
monitoring       prometheus-prometheus-node-exporter-xrbld                1/1     Running             0          60m
tenant-a         iperf-server-d79fbdf6c-fct9p                             1/1     Running             0          2m6s
tenant-a         nginx-benchmark-5nsvs                                    1/1     Running             0          2m6s
tenant-a         nginx-deployment-56fc57d4-2m225                          1/1     Running             0          2m6s
tenant-a         nginx-deployment-56fc57d4-s2zxg                          1/1     Running             0          2m6s
tenant-a         nginx-deployment-56fc57d4-sl9hw                          1/1     Running             0          2m6s
tenant-c         continuous-memory-stress-jbd2q                           1/1     Running             0          2m4s
tenant-c         memory-monitor-cfd7584c6-6gfvj                           1/1     Running             0          2m4s
tenant-c         redis-deployment-6f5c56db8b-4nkm5                        1/1     Running             0          2m4s
tenant-d         cpu-intensive-continuous-8sw5f                           1/1     Running             0          2m4s
tenant-d         disk-intensive-continuous-sq6p6                          0/1     ContainerCreating   0          1s
tenant-d         pgbench-continuous-workload-z5jjp                        1/1     Running             0          2m4s
tenant-d         pgbench-init-vcbsv                                       0/1     Completed           0          2m4s
tenant-d         postgres-5dc855c4cc-wrgxm                                2/2     Running             0          2m4s
[20250511_152335] WARN: sem dados para cpu_throttled_time
[20250511_152335] WARN: sem dados para memory_usage_noisy_victim_ratio
[20250511_152335] WARN: sem dados para resource_dominance_index
[20250511_152335] WARN: sem dados para cpu_throttled_ratio
[20250511_152335] WARN: sem dados para memory_pressure
[20250511_152335] WARN: sem dados para postgres_connections
[20250511_152335] WARN: sem dados para postgres_transactions
[20250511_152335] WARN: sem dados para cpu_usage_noisy_victim_ratio
[20250511_152335] WARN: sem dados para postgres_disk_io
[20250511_152335] WARN: sem dados para network_usage_noisy_victim_ratio
[20250511_152335] WARN: sem dados para latency_process_time
[20250511_152335] INFO: Coletadas 156 métricas com sucesso (falhas: 0, total até agora: sucesso=21, falha=0)
[20250511_152341] WARN: sem dados para cpu_throttled_time
[20250511_152341] WARN: sem dados para memory_usage_noisy_victim_ratio
[20250511_152341] WARN: sem dados para resource_dominance_index
[20250511_152341] WARN: sem dados para cpu_throttled_ratio
[20250511_152341] WARN: sem dados para memory_pressure
[20250511_152341] WARN: sem dados para postgres_connections
[20250511_152341] WARN: sem dados para postgres_transactions
[20250511_152341] WARN: sem dados para cpu_usage_noisy_victim_ratio
[20250511_152341] WARN: sem dados para postgres_disk_io
[20250511_152341] WARN: sem dados para network_usage_noisy_victim_ratio
[20250511_152341] WARN: sem dados para latency_process_time
[20250511_152341] INFO: Coletadas 159 métricas com sucesso (falhas: 0, total até agora: sucesso=22, falha=0)
[20250511_152347] WARN: sem dados para cpu_throttled_time
[20250511_152347] WARN: sem dados para memory_usage_noisy_victim_ratio
[20250511_152347] WARN: sem dados para resource_dominance_index
[20250511_152347] WARN: sem dados para cpu_throttled_ratio
[20250511_152347] WARN: sem dados para memory_pressure
[20250511_152347] WARN: sem dados para postgres_connections
[20250511_152347] WARN: sem dados para postgres_transactions
[20250511_152347] WARN: sem dados para cpu_usage_noisy_victim_ratio
[20250511_152347] WARN: sem dados para postgres_disk_io
[20250511_152347] WARN: sem dados para network_usage_noisy_victim_ratio
[20250511_152347] WARN: sem dados para latency_process_time
[20250511_152347] INFO: Coletadas 159 métricas com sucesso (falhas: 0, total até agora: sucesso=23, falha=0)
[20250511_152354] WARN: sem dados para cpu_throttled_time
[20250511_152354] WARN: sem dados para memory_usage_noisy_victim_ratio
[20250511_152354] WARN: sem dados para resource_dominance_index
[20250511_152354] WARN: sem dados para cpu_throttled_ratio
[20250511_152354] WARN: sem dados para memory_pressure
[20250511_152354] WARN: sem dados para postgres_connections
[20250511_152354] WARN: sem dados para postgres_transactions
[20250511_152354] WARN: sem dados para cpu_usage_noisy_victim_ratio
[20250511_152354] WARN: sem dados para postgres_disk_io
[20250511_152354] WARN: sem dados para network_usage_noisy_victim_ratio
[20250511_152354] WARN: sem dados para latency_process_time
[20250511_152354] INFO: Coletadas 159 métricas com sucesso (falhas: 0, total até agora: sucesso=24, falha=0)
[20250511_152400] WARN: sem dados para cpu_throttled_time
[20250511_152400] WARN: sem dados para memory_usage_noisy_victim_ratio
[20250511_152400] WARN: sem dados para resource_dominance_index
[20250511_152400] WARN: sem dados para cpu_throttled_ratio
[20250511_152400] WARN: sem dados para memory_pressure
[20250511_152400] WARN: sem dados para postgres_connections
[20250511_152400] WARN: sem dados para postgres_transactions
[20250511_152400] WARN: sem dados para cpu_usage_noisy_victim_ratio
[20250511_152400] WARN: sem dados para postgres_disk_io
[20250511_152400] WARN: sem dados para network_usage_noisy_victim_ratio
[20250511_152400] WARN: sem dados para latency_process_time
[20250511_152400] INFO: Coletadas 160 métricas com sucesso (falhas: 0, total até agora: sucesso=25, falha=0)
[20250511_152407] WARN: sem dados para cpu_throttled_time
[20250511_152407] WARN: sem dados para memory_usage_noisy_victim_ratio
[20250511_152407] WARN: sem dados para resource_dominance_index
[20250511_152407] WARN: sem dados para cpu_throttled_ratio
[20250511_152407] WARN: sem dados para memory_pressure
[20250511_152407] WARN: sem dados para postgres_connections
[20250511_152407] WARN: sem dados para postgres_transactions
[20250511_152407] WARN: sem dados para cpu_usage_noisy_victim_ratio
[20250511_152407] WARN: sem dados para postgres_disk_io
[20250511_152407] WARN: sem dados para network_usage_noisy_victim_ratio
[20250511_152407] WARN: sem dados para latency_process_time
[20250511_152407] INFO: Coletadas 160 métricas com sucesso (falhas: 0, total até agora: sucesso=26, falha=0)
[20250511_152413] WARN: sem dados para cpu_throttled_time
[20250511_152413] WARN: sem dados para memory_usage_noisy_victim_ratio
[20250511_152413] WARN: sem dados para resource_dominance_index
[20250511_152413] WARN: sem dados para cpu_throttled_ratio
[20250511_152413] WARN: sem dados para memory_pressure
[20250511_152413] WARN: sem dados para postgres_connections
[20250511_152413] WARN: sem dados para postgres_transactions
[20250511_152413] WARN: sem dados para cpu_usage_noisy_victim_ratio
[20250511_152413] WARN: sem dados para postgres_disk_io
[20250511_152413] WARN: sem dados para network_usage_noisy_victim_ratio
[20250511_152413] WARN: sem dados para latency_process_time
[20250511_152413] INFO: Coletadas 160 métricas com sucesso (falhas: 0, total até agora: sucesso=27, falha=0)
[20250511_152420] WARN: sem dados para cpu_throttled_time
[20250511_152420] WARN: sem dados para memory_usage_noisy_victim_ratio
[20250511_152420] WARN: sem dados para resource_dominance_index
[20250511_152420] WARN: sem dados para cpu_throttled_ratio
[20250511_152420] WARN: sem dados para memory_pressure
[20250511_152420] WARN: sem dados para postgres_connections
[20250511_152420] WARN: sem dados para postgres_transactions
[20250511_152420] WARN: sem dados para cpu_usage_noisy_victim_ratio
[20250511_152420] WARN: sem dados para postgres_disk_io
[20250511_152420] WARN: sem dados para network_usage_noisy_victim_ratio
[20250511_152420] WARN: sem dados para latency_process_time
[20250511_152420] INFO: Coletadas 160 métricas com sucesso (falhas: 0, total até agora: sucesso=28, falha=0)
[20250511_152426] WARN: sem dados para cpu_throttled_time
[20250511_152426] WARN: sem dados para memory_usage_noisy_victim_ratio
[20250511_152426] WARN: sem dados para resource_dominance_index
[20250511_152426] WARN: sem dados para cpu_throttled_ratio
[20250511_152426] WARN: sem dados para memory_pressure
[20250511_152426] WARN: sem dados para postgres_connections
[20250511_152426] WARN: sem dados para postgres_transactions
[20250511_152426] WARN: sem dados para cpu_usage_noisy_victim_ratio
[20250511_152426] WARN: sem dados para postgres_disk_io
[20250511_152426] WARN: sem dados para network_usage_noisy_victim_ratio
[20250511_152426] WARN: sem dados para latency_process_time
[20250511_152426] INFO: Coletadas 160 métricas com sucesso (falhas: 0, total até agora: sucesso=29, falha=0)
[20250511_152433] WARN: sem dados para cpu_throttled_time
[20250511_152433] WARN: sem dados para memory_usage_noisy_victim_ratio
[20250511_152433] WARN: sem dados para resource_dominance_index
[20250511_152433] WARN: sem dados para cpu_throttled_ratio
[20250511_152433] WARN: sem dados para memory_pressure
[20250511_152433] WARN: sem dados para postgres_connections
[20250511_152433] WARN: sem dados para postgres_transactions
[20250511_152433] WARN: sem dados para cpu_usage_noisy_victim_ratio
[20250511_152433] WARN: sem dados para postgres_disk_io
[20250511_152433] WARN: sem dados para network_usage_noisy_victim_ratio
[20250511_152433] WARN: sem dados para latency_process_time
[20250511_152433] INFO: Coletadas 160 métricas com sucesso (falhas: 0, total até agora: sucesso=30, falha=0)
[20250511_152439] Verificando pods em todos os namespaces:
NAMESPACE        NAME                                                     READY   STATUS      RESTARTS   AGE
ingress-nginx    ingress-nginx-controller-77ff9b8cfc-pxppq                1/1     Running     0          59m
kube-system      calico-kube-controllers-5745477d4d-x72lp                 1/1     Running     0          62m
kube-system      calico-node-lpsv9                                        1/1     Running     0          62m
kube-system      coredns-668d6bf9bc-n7rts                                 1/1     Running     0          62m
kube-system      etcd-minikube                                            1/1     Running     0          62m
kube-system      kube-apiserver-minikube                                  1/1     Running     0          62m
kube-system      kube-controller-manager-minikube                         1/1     Running     0          62m
kube-system      kube-proxy-h4mr6                                         1/1     Running     0          62m
kube-system      kube-scheduler-minikube                                  1/1     Running     0          62m
kube-system      metrics-server-7fbb699795-4l2vd                          1/1     Running     0          62m
kube-system      storage-provisioner                                      1/1     Running     0          62m
metallb-system   controller-bb5f47665-9rcc4                               1/1     Running     0          57m
metallb-system   speaker-7662w                                            1/1     Running     0          57m
monitoring       alertmanager-prometheus-kube-prometheus-alertmanager-0   2/2     Running     0          61m
monitoring       blackbox-exporter-849545489b-wtt89                       1/1     Running     0          55m
monitoring       prometheus-grafana-779f94ccc5-5lk4r                      3/3     Running     0          61m
monitoring       prometheus-kube-prometheus-operator-58dbc8bb4f-ctfhn     1/1     Running     0          61m
monitoring       prometheus-kube-state-metrics-5bc7f89f46-svw6t           1/1     Running     0          61m
monitoring       prometheus-prometheus-kube-prometheus-prometheus-0       2/2     Running     0          61m
monitoring       prometheus-prometheus-node-exporter-xrbld                1/1     Running     0          61m
tenant-a         iperf-server-d79fbdf6c-fct9p                             1/1     Running     0          3m10s
tenant-a         nginx-benchmark-5nsvs                                    1/1     Running     0          3m10s
tenant-a         nginx-deployment-56fc57d4-2m225                          1/1     Running     0          3m10s
tenant-a         nginx-deployment-56fc57d4-s2zxg                          1/1     Running     0          3m10s
tenant-a         nginx-deployment-56fc57d4-sl9hw                          1/1     Running     0          3m10s
tenant-c         continuous-memory-stress-jbd2q                           1/1     Running     0          3m8s
tenant-c         memory-monitor-cfd7584c6-6gfvj                           1/1     Running     0          3m8s
tenant-c         redis-deployment-6f5c56db8b-4nkm5                        1/1     Running     0          3m8s
tenant-d         cpu-intensive-continuous-8sw5f                           1/1     Running     0          3m8s
tenant-d         disk-intensive-continuous-sq6p6                          1/1     Running     0          65s
tenant-d         pgbench-continuous-workload-z5jjp                        0/1     Completed   0          3m8s
tenant-d         pgbench-init-vcbsv                                       0/1     Completed   0          3m8s
tenant-d         postgres-5dc855c4cc-wrgxm                                2/2     Running     0          3m8s
[20250511_152439] WARN: sem dados para cpu_throttled_time
[20250511_152439] WARN: sem dados para memory_usage_noisy_victim_ratio
[20250511_152439] WARN: sem dados para resource_dominance_index
[20250511_152439] WARN: sem dados para cpu_throttled_ratio
[20250511_152439] WARN: sem dados para memory_pressure
[20250511_152439] WARN: sem dados para postgres_connections
[20250511_152439] WARN: sem dados para postgres_transactions
[20250511_152439] WARN: sem dados para cpu_usage_noisy_victim_ratio
[20250511_152439] WARN: sem dados para postgres_disk_io
[20250511_152439] WARN: sem dados para network_usage_noisy_victim_ratio
[20250511_152439] WARN: sem dados para latency_process_time
[20250511_152439] INFO: Coletadas 160 métricas com sucesso (falhas: 0, total até agora: sucesso=31, falha=0)
[20250511_152445] WARN: sem dados para cpu_throttled_time
[20250511_152445] WARN: sem dados para memory_usage_noisy_victim_ratio
[20250511_152445] WARN: sem dados para resource_dominance_index
[20250511_152445] WARN: sem dados para cpu_throttled_ratio
[20250511_152445] WARN: sem dados para memory_pressure
[20250511_152445] WARN: sem dados para postgres_connections
[20250511_152445] WARN: sem dados para postgres_transactions
[20250511_152445] WARN: sem dados para cpu_usage_noisy_victim_ratio
[20250511_152445] WARN: sem dados para postgres_disk_io
[20250511_152445] WARN: sem dados para network_usage_noisy_victim_ratio
[20250511_152445] WARN: sem dados para latency_process_time
[20250511_152445] INFO: Coletadas 160 métricas com sucesso (falhas: 0, total até agora: sucesso=32, falha=0)
[20250511_152452] WARN: sem dados para cpu_throttled_time
[20250511_152452] WARN: sem dados para memory_usage_noisy_victim_ratio
[20250511_152452] WARN: sem dados para resource_dominance_index
[20250511_152452] WARN: sem dados para cpu_throttled_ratio
[20250511_152452] WARN: sem dados para memory_pressure
[20250511_152452] WARN: sem dados para postgres_connections
[20250511_152452] WARN: sem dados para postgres_transactions
[20250511_152452] WARN: sem dados para cpu_usage_noisy_victim_ratio
[20250511_152452] WARN: sem dados para postgres_disk_io
[20250511_152452] WARN: sem dados para network_usage_noisy_victim_ratio
[20250511_152452] WARN: sem dados para latency_process_time
[20250511_152452] INFO: Coletadas 160 métricas com sucesso (falhas: 0, total até agora: sucesso=33, falha=0)
[20250511_152458] WARN: sem dados para cpu_throttled_time
[20250511_152458] WARN: sem dados para memory_usage_noisy_victim_ratio
[20250511_152458] WARN: sem dados para resource_dominance_index
[20250511_152458] WARN: sem dados para cpu_throttled_ratio
[20250511_152458] WARN: sem dados para memory_pressure
[20250511_152458] WARN: sem dados para postgres_connections
[20250511_152458] WARN: sem dados para postgres_transactions
[20250511_152458] WARN: sem dados para cpu_usage_noisy_victim_ratio
[20250511_152458] WARN: sem dados para postgres_disk_io
[20250511_152458] WARN: sem dados para network_usage_noisy_victim_ratio
[20250511_152458] WARN: sem dados para latency_process_time
[20250511_152458] INFO: Coletadas 160 métricas com sucesso (falhas: 0, total até agora: sucesso=34, falha=0)
[20250511_152504] WARN: sem dados para cpu_throttled_time
[20250511_152504] WARN: sem dados para memory_usage_noisy_victim_ratio
[20250511_152504] WARN: sem dados para resource_dominance_index
[20250511_152504] WARN: sem dados para cpu_throttled_ratio
[20250511_152504] WARN: sem dados para memory_pressure
[20250511_152504] WARN: sem dados para postgres_connections
[20250511_152504] WARN: sem dados para postgres_transactions
[20250511_152504] WARN: sem dados para cpu_usage_noisy_victim_ratio
[20250511_152504] WARN: sem dados para postgres_disk_io
[20250511_152504] WARN: sem dados para network_usage_noisy_victim_ratio
[20250511_152504] WARN: sem dados para latency_process_time
[20250511_152504] INFO: Coletadas 160 métricas com sucesso (falhas: 0, total até agora: sucesso=35, falha=0)
[20250511_152511] WARN: sem dados para cpu_throttled_time
[20250511_152511] WARN: sem dados para memory_usage_noisy_victim_ratio
[20250511_152511] WARN: sem dados para resource_dominance_index
[20250511_152511] WARN: sem dados para cpu_throttled_ratio
[20250511_152511] WARN: sem dados para memory_pressure
[20250511_152511] WARN: sem dados para postgres_connections
[20250511_152511] WARN: sem dados para postgres_transactions
[20250511_152511] WARN: sem dados para cpu_usage_noisy_victim_ratio
[20250511_152511] WARN: sem dados para postgres_disk_io
[20250511_152511] WARN: sem dados para network_usage_noisy_victim_ratio
[20250511_152511] WARN: sem dados para latency_process_time
[20250511_152511] INFO: Coletadas 160 métricas com sucesso (falhas: 0, total até agora: sucesso=36, falha=0)
[20250511_152517] WARN: sem dados para cpu_throttled_time
[20250511_152517] WARN: sem dados para memory_usage_noisy_victim_ratio
[20250511_152517] WARN: sem dados para resource_dominance_index
[20250511_152517] WARN: sem dados para cpu_throttled_ratio
[20250511_152517] WARN: sem dados para memory_pressure
[20250511_152517] WARN: sem dados para postgres_connections
[20250511_152517] WARN: sem dados para postgres_transactions
[20250511_152517] WARN: sem dados para cpu_usage_noisy_victim_ratio
[20250511_152517] WARN: sem dados para postgres_disk_io
[20250511_152517] WARN: sem dados para network_usage_noisy_victim_ratio
[20250511_152517] WARN: sem dados para latency_process_time
[20250511_152517] INFO: Coletadas 159 métricas com sucesso (falhas: 0, total até agora: sucesso=37, falha=0)
[20250511_152524] WARN: sem dados para cpu_throttled_time
[20250511_152524] WARN: sem dados para memory_usage_noisy_victim_ratio
[20250511_152524] WARN: sem dados para resource_dominance_index
[20250511_152524] WARN: sem dados para cpu_throttled_ratio
[20250511_152524] WARN: sem dados para memory_pressure
[20250511_152524] WARN: sem dados para postgres_connections
[20250511_152524] WARN: sem dados para postgres_transactions
[20250511_152524] WARN: sem dados para cpu_usage_noisy_victim_ratio
[20250511_152524] WARN: sem dados para postgres_disk_io
[20250511_152524] WARN: sem dados para network_usage_noisy_victim_ratio
[20250511_152524] WARN: sem dados para latency_process_time
[20250511_152524] INFO: Coletadas 159 métricas com sucesso (falhas: 0, total até agora: sucesso=38, falha=0)
[20250511_152530] WARN: sem dados para cpu_throttled_time
[20250511_152530] WARN: sem dados para memory_usage_noisy_victim_ratio
[20250511_152530] WARN: sem dados para resource_dominance_index
[20250511_152530] WARN: sem dados para cpu_throttled_ratio
[20250511_152530] WARN: sem dados para memory_pressure
[20250511_152530] WARN: sem dados para postgres_connections
[20250511_152530] WARN: sem dados para postgres_transactions
[20250511_152530] WARN: sem dados para cpu_usage_noisy_victim_ratio
[20250511_152530] WARN: sem dados para postgres_disk_io
[20250511_152530] WARN: sem dados para network_usage_noisy_victim_ratio
[20250511_152530] WARN: sem dados para latency_process_time
[20250511_152530] INFO: Coletadas 159 métricas com sucesso (falhas: 0, total até agora: sucesso=39, falha=0)
[20250511_152536] WARN: sem dados para cpu_throttled_time
[20250511_152536] WARN: sem dados para memory_usage_noisy_victim_ratio
[20250511_152536] WARN: sem dados para resource_dominance_index
[20250511_152536] WARN: sem dados para cpu_throttled_ratio
[20250511_152536] WARN: sem dados para memory_pressure
[20250511_152536] WARN: sem dados para postgres_connections
[20250511_152536] WARN: sem dados para postgres_transactions
[20250511_152536] WARN: sem dados para cpu_usage_noisy_victim_ratio
[20250511_152536] WARN: sem dados para postgres_disk_io
[20250511_152536] WARN: sem dados para network_usage_noisy_victim_ratio
[20250511_152536] WARN: sem dados para latency_process_time
[20250511_152536] INFO: Coletadas 159 métricas com sucesso (falhas: 0, total até agora: sucesso=40, falha=0)
[20250511_152543] Verificando pods em todos os namespaces:
NAMESPACE        NAME                                                     READY   STATUS      RESTARTS   AGE
ingress-nginx    ingress-nginx-controller-77ff9b8cfc-pxppq                1/1     Running     0          60m
kube-system      calico-kube-controllers-5745477d4d-x72lp                 1/1     Running     0          63m
kube-system      calico-node-lpsv9                                        1/1     Running     0          63m
kube-system      coredns-668d6bf9bc-n7rts                                 1/1     Running     0          63m
kube-system      etcd-minikube                                            1/1     Running     0          63m
kube-system      kube-apiserver-minikube                                  1/1     Running     0          63m
kube-system      kube-controller-manager-minikube                         1/1     Running     0          63m
kube-system      kube-proxy-h4mr6                                         1/1     Running     0          63m
kube-system      kube-scheduler-minikube                                  1/1     Running     0          63m
kube-system      metrics-server-7fbb699795-4l2vd                          1/1     Running     0          63m
kube-system      storage-provisioner                                      1/1     Running     0          63m
metallb-system   controller-bb5f47665-9rcc4                               1/1     Running     0          58m
metallb-system   speaker-7662w                                            1/1     Running     0          58m
monitoring       alertmanager-prometheus-kube-prometheus-alertmanager-0   2/2     Running     0          62m
monitoring       blackbox-exporter-849545489b-wtt89                       1/1     Running     0          56m
monitoring       prometheus-grafana-779f94ccc5-5lk4r                      3/3     Running     0          62m
monitoring       prometheus-kube-prometheus-operator-58dbc8bb4f-ctfhn     1/1     Running     0          62m
monitoring       prometheus-kube-state-metrics-5bc7f89f46-svw6t           1/1     Running     0          62m
monitoring       prometheus-prometheus-kube-prometheus-prometheus-0       2/2     Running     0          62m
monitoring       prometheus-prometheus-node-exporter-xrbld                1/1     Running     0          62m
tenant-a         iperf-server-d79fbdf6c-fct9p                             1/1     Running     0          4m14s
tenant-a         nginx-benchmark-5nsvs                                    1/1     Running     0          4m14s
tenant-a         nginx-deployment-56fc57d4-2m225                          1/1     Running     0          4m14s
tenant-a         nginx-deployment-56fc57d4-s2zxg                          1/1     Running     0          4m14s
tenant-a         nginx-deployment-56fc57d4-sl9hw                          1/1     Running     0          4m14s
tenant-c         continuous-memory-stress-jbd2q                           1/1     Running     0          4m12s
tenant-c         memory-monitor-cfd7584c6-6gfvj                           1/1     Running     0          4m12s
tenant-c         redis-deployment-6f5c56db8b-4nkm5                        1/1     Running     0          4m12s
tenant-d         cpu-intensive-continuous-8sw5f                           0/1     Completed   0          4m12s
tenant-d         disk-intensive-continuous-sq6p6                          1/1     Running     0          2m9s
tenant-d         pgbench-continuous-workload-z5jjp                        0/1     Completed   0          4m12s
tenant-d         pgbench-init-vcbsv                                       0/1     Completed   0          4m12s
tenant-d         postgres-5dc855c4cc-wrgxm                                2/2     Running     0          4m12s
[20250511_152543] WARN: sem dados para cpu_throttled_time
[20250511_152543] WARN: sem dados para memory_usage_noisy_victim_ratio
[20250511_152543] WARN: sem dados para resource_dominance_index
[20250511_152543] WARN: sem dados para cpu_throttled_ratio
[20250511_152543] WARN: sem dados para memory_pressure
[20250511_152543] WARN: sem dados para postgres_connections
[20250511_152543] WARN: sem dados para postgres_transactions
[20250511_152543] WARN: sem dados para cpu_usage_noisy_victim_ratio
[20250511_152543] WARN: sem dados para postgres_disk_io
[20250511_152543] WARN: sem dados para network_usage_noisy_victim_ratio
[20250511_152543] WARN: sem dados para latency_process_time
[20250511_152543] INFO: Coletadas 159 métricas com sucesso (falhas: 0, total até agora: sucesso=41, falha=0)
[20250511_152549] WARN: sem dados para cpu_throttled_time
[20250511_152549] WARN: sem dados para memory_usage_noisy_victim_ratio
[20250511_152549] WARN: sem dados para resource_dominance_index
[20250511_152549] WARN: sem dados para cpu_throttled_ratio
[20250511_152549] WARN: sem dados para memory_pressure
[20250511_152549] WARN: sem dados para postgres_connections
[20250511_152549] WARN: sem dados para postgres_transactions
[20250511_152549] WARN: sem dados para cpu_usage_noisy_victim_ratio
[20250511_152549] WARN: sem dados para postgres_disk_io
[20250511_152549] WARN: sem dados para network_usage_noisy_victim_ratio
[20250511_152549] WARN: sem dados para latency_process_time
[20250511_152549] INFO: Coletadas 159 métricas com sucesso (falhas: 0, total até agora: sucesso=42, falha=0)
[20250511_152555] WARN: sem dados para cpu_throttled_time
[20250511_152555] WARN: sem dados para memory_usage_noisy_victim_ratio
[20250511_152555] WARN: sem dados para resource_dominance_index
[20250511_152555] WARN: sem dados para cpu_throttled_ratio
[20250511_152555] WARN: sem dados para memory_pressure
[20250511_152555] WARN: sem dados para postgres_connections
[20250511_152555] WARN: sem dados para postgres_transactions
[20250511_152555] WARN: sem dados para cpu_usage_noisy_victim_ratio
[20250511_152555] WARN: sem dados para postgres_disk_io
[20250511_152555] WARN: sem dados para network_usage_noisy_victim_ratio
[20250511_152555] WARN: sem dados para latency_process_time
[20250511_152555] INFO: Coletadas 133 métricas com sucesso (falhas: 0, total até agora: sucesso=43, falha=0)
[20250511_152601] WARN: sem dados para cpu_throttled_time
[20250511_152601] WARN: sem dados para memory_usage_noisy_victim_ratio
[20250511_152601] WARN: sem dados para resource_dominance_index
[20250511_152601] WARN: sem dados para cpu_throttled_ratio
[20250511_152601] WARN: sem dados para memory_pressure
[20250511_152601] WARN: sem dados para postgres_connections
[20250511_152601] WARN: sem dados para postgres_transactions
[20250511_152601] WARN: sem dados para cpu_usage_noisy_victim_ratio
[20250511_152601] WARN: sem dados para postgres_disk_io
[20250511_152601] WARN: sem dados para network_usage_noisy_victim_ratio
[20250511_152601] WARN: sem dados para latency_process_time
[20250511_152601] INFO: Coletadas 133 métricas com sucesso (falhas: 0, total até agora: sucesso=44, falha=0)
[20250511_152608] WARN: sem dados para cpu_throttled_time
[20250511_152608] WARN: sem dados para memory_usage_noisy_victim_ratio
[20250511_152608] WARN: sem dados para resource_dominance_index
[20250511_152608] WARN: sem dados para cpu_throttled_ratio
[20250511_152608] WARN: sem dados para memory_pressure
[20250511_152608] WARN: sem dados para postgres_connections
[20250511_152608] WARN: sem dados para postgres_transactions
[20250511_152608] WARN: sem dados para cpu_usage_noisy_victim_ratio
[20250511_152608] WARN: sem dados para postgres_disk_io
[20250511_152608] WARN: sem dados para network_usage_noisy_victim_ratio
[20250511_152608] WARN: sem dados para latency_process_time
[20250511_152608] INFO: Coletadas 133 métricas com sucesso (falhas: 0, total até agora: sucesso=45, falha=0)
[20250511_152614] WARN: sem dados para cpu_throttled_time
[20250511_152614] WARN: sem dados para memory_usage_noisy_victim_ratio
[20250511_152614] WARN: sem dados para resource_dominance_index
[20250511_152614] WARN: sem dados para cpu_throttled_ratio
[20250511_152614] WARN: sem dados para memory_pressure
[20250511_152614] WARN: sem dados para postgres_connections
[20250511_152614] WARN: sem dados para postgres_transactions
[20250511_152614] WARN: sem dados para cpu_usage_noisy_victim_ratio
[20250511_152614] WARN: sem dados para postgres_disk_io
[20250511_152614] WARN: sem dados para network_usage_noisy_victim_ratio
[20250511_152614] WARN: sem dados para latency_process_time
[20250511_152614] INFO: Coletadas 132 métricas com sucesso (falhas: 0, total até agora: sucesso=46, falha=0)
[20250511_152621] WARN: sem dados para cpu_throttled_time
[20250511_152621] WARN: sem dados para memory_usage_noisy_victim_ratio
[20250511_152621] WARN: sem dados para resource_dominance_index
[20250511_152621] WARN: sem dados para cpu_throttled_ratio
[20250511_152621] WARN: sem dados para memory_pressure
[20250511_152621] WARN: sem dados para postgres_connections
[20250511_152621] WARN: sem dados para postgres_transactions
[20250511_152621] WARN: sem dados para cpu_usage_noisy_victim_ratio
[20250511_152621] WARN: sem dados para postgres_disk_io
[20250511_152621] WARN: sem dados para network_usage_noisy_victim_ratio
[20250511_152621] WARN: sem dados para latency_process_time
[20250511_152621] INFO: Coletadas 125 métricas com sucesso (falhas: 0, total até agora: sucesso=47, falha=0)
[20250511_152627] WARN: sem dados para cpu_throttled_time
[20250511_152627] WARN: sem dados para memory_usage_noisy_victim_ratio
[20250511_152627] WARN: sem dados para resource_dominance_index
[20250511_152627] WARN: sem dados para cpu_throttled_ratio
[20250511_152627] WARN: sem dados para memory_pressure
[20250511_152627] WARN: sem dados para postgres_connections
[20250511_152627] WARN: sem dados para postgres_transactions
[20250511_152627] WARN: sem dados para cpu_usage_noisy_victim_ratio
[20250511_152627] WARN: sem dados para postgres_disk_io
[20250511_152627] WARN: sem dados para network_usage_noisy_victim_ratio
[20250511_152627] WARN: sem dados para latency_process_time
[20250511_152627] INFO: Coletadas 119 métricas com sucesso (falhas: 0, total até agora: sucesso=48, falha=0)
