[2025-05-11 16:09:56] Handlers de sinal configurados. Use CTRL+C para interromper o experimento com limpeza segura.
[2025-05-11 16:09:56] Iniciando experimento: firsts-analisys-5
[2025-05-11 16:09:56] Log sendo salvo em: /home/phil/Projects/k8s-noisy-lab/results/2025-05-11/16-09-56/firsts-analisys-5/experiment.log
[2025-05-11 16:09:56] Verificando pré-requisitos...
[2025-05-11 16:09:56] Métricas serão salvas em: /home/phil/Projects/k8s-noisy-lab/results/2025-05-11/16-09-56/firsts-analisys-5
[2025-05-11 16:09:56] Intervalo de coleta: 5 segundos
[2025-05-11 16:09:56] Validando recursos do cluster...
[0;35m==========================================[0m
[0;35m     VERIFICAÇÃO PRÉ-EXPERIMENTO         [0m
[0;35m==========================================[0m
[0;35mVerificando conectividade com o cluster...[0m
[0;32m✓ Conexão com o cluster estabelecida com sucesso[0m
[0;35mVerificando estado dos nós do cluster...[0m
[0;32m✓ O cluster possui 1 nós disponíveis[0m
[0;35mVerificando recursos disponíveis no cluster...[0m
CPU: [0;35m11[0m cores
Memória: [0;35m28.73[0m GB
[0;32m✓ Recursos do cluster são suficientes para o experimento[0m
[0;35mVerificando namespaces necessárias...[0m
[0;33mNamespace 'tenant-a' não encontrada - será criada durante a execução[0m
[0;33mNamespace 'tenant-b' não encontrada - será criada durante a execução[0m
[0;33mNamespace 'tenant-c' não encontrada - será criada durante a execução[0m
[0;32m✓ Namespace 'monitoring' encontrada[0m
[0;35mVerificando disponibilidade do Prometheus...[0m
[0;32m✓ Prometheus está rodando e pronto[0m
[0;35mVerificando disponibilidade das métricas essenciais...[0m
[0;33m⚠️ Métrica 'container_cpu_usage_seconds_total' não encontrada[0m
[0;33m  Esta métrica é necessária para o experimento de noisy neighbours.[0m
[0;33m⚠️ Métrica 'container_memory_working_set_bytes' não encontrada[0m
[0;33m  Esta métrica é necessária para o experimento de noisy neighbours.[0m
[0;33m⚠️ Métrica 'container_network_receive_bytes_total' não encontrada[0m
[0;33m  Esta métrica é necessária para o experimento de noisy neighbours.[0m
[0;33m⚠️ Métrica 'container_network_transmit_bytes_total' não encontrada[0m
[0;33m  Esta métrica é necessária para o experimento de noisy neighbours.[0m
[0;33m⚠️ Métrica 'container_cpu_cfs_throttled_periods_total' não encontrada[0m
[0;33m  Esta métrica é necessária para o experimento de noisy neighbours.[0m
[0;33m⚠️ Métrica 'container_cpu_cfs_periods_total' não encontrada[0m
[0;33m  Esta métrica é necessária para o experimento de noisy neighbours.[0m
[0;35mVerificando permissões necessárias...[0m
[0;35mVerificando CRDs do Prometheus Operator...[0m
[0;32m✓ CRD 'servicemonitors.monitoring.coreos.com' encontrada[0m
[0;32m✓ CRD 'prometheusrules.monitoring.coreos.com' encontrada[0m
[0;35m==========================================[0m
[0;32m✓ Cluster validado com sucesso para o experimento[0m
[0;35m==========================================[0m

Informações adicionais:
- O experimento utiliza métricas da cAdvisor integradas ao kubelet
- As queries do Prometheus usam principalmente métricas rate() com 1m de janela
- Os workloads são distribuídos em 3 tenants para simular o cenário de noisy neighbour

Recomendações finais:
- Certifique-se de ter pelo menos 15-20% de recursos livres além dos solicitados
- Se estiver usando Minikube, use a opção '--driver=docker' para melhor desempenho
- Verifique se não há outros processos consumindo recursos significativos nos nós
[2025-05-11 16:10:00] Criando namespaces...
[2025-05-11 16:10:00] Namespace 'tenant-a' não existe. Criando...
[2025-05-11 16:10:00] Namespace 'tenant-b' não existe. Criando...
[2025-05-11 16:10:00] Namespace 'tenant-c' não existe. Criando...
[2025-05-11 16:10:00] Namespace 'tenant-d' não existe. Criando...
[2025-05-11 16:10:00] Namespace 'monitoring' já existe.
[2025-05-11 16:10:00] Namespace 'ingress-nginx' já existe.
NAME              STATUS   AGE
default           Active   107m
ingress-nginx     Active   107m
kube-node-lease   Active   107m
kube-public       Active   107m
kube-system       Active   107m
metallb-system    Active   102m
monitoring        Active   107m
tenant-a          Active   0s
tenant-b          Active   0s
tenant-c          Active   0s
tenant-d          Active   0s
[2025-05-11 16:10:05] Aplicando resource quotas...
resourcequota/tenant-a-quota created
resourcequota/tenant-b-quota created
resourcequota/tenant-c-quota created
resourcequota/tenant-d-quota created
[2025-05-11 16:10:11] Verificando quotas de recursos...
NAMESPACE   NAME             AGE   REQUEST                                         LIMIT
tenant-a    tenant-a-quota   5s    requests.cpu: 0/1500m, requests.memory: 0/2Gi   limits.cpu: 0/3, limits.memory: 0/4Gi
tenant-b    tenant-b-quota   5s    requests.cpu: 0/3, requests.memory: 0/4Gi       limits.cpu: 0/6, limits.memory: 0/8Gi
tenant-c    tenant-c-quota   5s    requests.cpu: 0/1500m, requests.memory: 0/3Gi   limits.cpu: 0/3, limits.memory: 0/6Gi
tenant-d    tenant-d-quota   5s    requests.cpu: 0/2, requests.memory: 0/2Gi       limits.cpu: 0/4, limits.memory: 0/4Gi
[2025-05-11 16:10:11] Namespace 'monitoring' já existe.
[2025-05-11 16:10:11] Verificando o estado do Prometheus...
[2025-05-11 16:10:11] Verificando pods do Prometheus...
[2025-05-11 16:10:11] Verificando serviços do Prometheus...
[2025-05-11 16:10:11] Encontrado serviço do Prometheus: prometheus-operated
[2025-05-11 16:10:13] Configurando port-forward para o Prometheus...
Forwarding from 127.0.0.1:9090 -> 9090
Forwarding from [::1]:9090 -> 9090
Handling connection for 9090
[2025-05-11 16:10:18] Prometheus está acessível via localhost:9090
Handling connection for 9090
[2025-05-11 16:10:18] Prometheus tem 53 targets ativos
[2025-05-11 16:10:18] Verificação do Prometheus concluída
[2025-05-11 16:10:18] Ajustando durações nos manifestos de acordo com as durações das fases...
[2025-05-11 16:10:18] Duração total do experimento (estimada): 400s para 1 rounds
[2025-05-11 16:10:18] Duração mínima dos workloads: 520s (inclui margem de segurança de 30%)
[2025-05-11 16:10:18]   - Ajustada duração do nginx-benchmark para 1680s
[2025-05-11 16:10:18]   - Ajustada duração do continuous-memory-stress para 1680s
[2025-05-11 16:10:18]   - Ajustada duração dos workloads contínuos do tenant-d para 1680s
[2025-05-11 16:10:18]   - Ajustado timeout do stress-ng para 210s
[2025-05-11 16:10:18] Manifestos ajustados com sucesso!
[2025-05-11 16:10:18]   - Verificadas configurações adicionais de duração no tenant-a
[2025-05-11 16:10:18] ======= INÍCIO DO EXPERIMENTO: firsts-analisys-5 =======
[2025-05-11 16:10:18] Data: 2025/05/11, Hora: 16:09:56
[2025-05-11 16:10:18] Número de rounds: 1
[2025-05-11 16:10:18] Duração das fases: Baseline=150s, Ataque=150s, Recuperação=100s
[2025-05-11 16:10:18] Intervalo de coleta de métricas: 5s
[2025-05-11 16:10:18] ===== ROUND 1/1 =====
[2025-05-11 16:10:18] Limpando workloads para começar o round 1 com um ambiente limpo...
error parsing /home/phil/Projects/k8s-noisy-lab/manifests/tenant-d/cpu-disk-workload.yaml: error converting YAML to JSON: yaml: line 94: could not find expected ':'
[2025-05-11 16:10:18] Aguardando finalização completa dos recursos anteriores...
[2025-05-11 16:10:18] === Fase 1 - Baseline ===
[2025-05-11 16:10:18] Coletando métricas a cada 5 segundos...
[2025-05-11 16:10:18] Coleta de métricas iniciada com PID: 705577 (log: /home/phil/Projects/k8s-noisy-lab/results/2025-05-11/16-09-56/firsts-analisys-5/round-1/1 - Baseline/logs/metrics_collection.log)
[2025-05-11 16:10:18] Iniciando fase: 1 - Baseline com duração máxima de 150s
[2025-05-11 16:10:18] Implantando tenant-a (sensível à rede)...
Handling connection for 9090
[2025-05-11 16:10:18] Prometheus já está acessível via localhost:9090
Handling connection for 9090
Handling connection for 9090
deployment.apps/nginx-deployment created
configmap/nginx-config created
service/nginx created
job.batch/nginx-benchmark created
deployment.apps/iperf-server created
Handling connection for 9090
service/iperf-server created
[2025-05-11 16:10:19] Aguardando inicialização dos serviços do tenant-a...
Handling connection for 9090
Handling connection for 9090
Handling connection for 9090
Handling connection for 9090
Handling connection for 9090
Handling connection for 9090
Handling connection for 9090
Handling connection for 9090
Handling connection for 9090
Handling connection for 9090
Handling connection for 9090
Handling connection for 9090
Handling connection for 9090
Handling connection for 9090
Handling connection for 9090
Handling connection for 9090
Handling connection for 9090
Handling connection for 9090
Handling connection for 9090
Handling connection for 9090
Handling connection for 9090
Handling connection for 9090
Handling connection for 9090
Handling connection for 9090
Handling connection for 9090
Handling connection for 9090
Handling connection for 9090
Handling connection for 9090
Handling connection for 9090
Handling connection for 9090
Handling connection for 9090
Handling connection for 9090
Handling connection for 9090
Handling connection for 9090
Handling connection for 9090
Handling connection for 9090
Handling connection for 9090
deployment.apps/nginx-deployment condition met
[2025-05-11 16:10:21] Implantando tenant-c (vítima)...
service/redis created
deployment.apps/redis-deployment created
job.batch/continuous-memory-stress created
deployment.apps/memory-monitor created
[2025-05-11 16:10:21] Implantando tenant-d (CPU e Disco)...
persistentvolumeclaim/postgres-data created
configmap/postgres-config created
service/postgres created
deployment.apps/postgres created
job.batch/pgbench-init created
job.batch/pgbench-continuous-workload created
job.batch/cpu-intensive-continuous created
job.batch/disk-intensive-continuous created
error: error parsing /home/phil/Projects/k8s-noisy-lab/manifests/tenant-d/cpu-disk-workload.yaml: error converting YAML to JSON: yaml: line 94: could not find expected ':'
Handling connection for 9090
Handling connection for 9090
Handling connection for 9090
Handling connection for 9090
Handling connection for 9090
Handling connection for 9090
Handling connection for 9090
Handling connection for 9090
Handling connection for 9090
Handling connection for 9090
Handling connection for 9090
Handling connection for 9090
Handling connection for 9090
Handling connection for 9090
Handling connection for 9090
Handling connection for 9090
Handling connection for 9090
Handling connection for 9090
Handling connection for 9090
Handling connection for 9090
Handling connection for 9090
Handling connection for 9090
Handling connection for 9090
Handling connection for 9090
Handling connection for 9090
Handling connection for 9090
Handling connection for 9090
Handling connection for 9090
Handling connection for 9090
Handling connection for 9090
Handling connection for 9090
Handling connection for 9090
Handling connection for 9090
Handling connection for 9090
Handling connection for 9090
Handling connection for 9090
Handling connection for 9090
Handling connection for 9090
Handling connection for 9090
Handling connection for 9090
Handling connection for 9090
Handling connection for 9090
Handling connection for 9090
Handling connection for 9090
Handling connection for 9090
Handling connection for 9090
Handling connection for 9090
Handling connection for 9090
Handling connection for 9090
Handling connection for 9090
Handling connection for 9090
Handling connection for 9090
Handling connection for 9090
Handling connection for 9090
Handling connection for 9090
Handling connection for 9090
Handling connection for 9090
Handling connection for 9090
Handling connection for 9090
Handling connection for 9090
Handling connection for 9090
Handling connection for 9090
Handling connection for 9090
Handling connection for 9090
Handling connection for 9090
Handling connection for 9090
Handling connection for 9090
Handling connection for 9090
Handling connection for 9090
Handling connection for 9090
Handling connection for 9090
Handling connection for 9090
Handling connection for 9090
Handling connection for 9090
Handling connection for 9090
Handling connection for 9090
Handling connection for 9090
Handling connection for 9090
Handling connection for 9090
Handling connection for 9090
Handling connection for 9090
Handling connection for 9090
Handling connection for 9090
Handling connection for 9090
Handling connection for 9090
Handling connection for 9090
Handling connection for 9090
Handling connection for 9090
Handling connection for 9090
Handling connection for 9090
Handling connection for 9090
Handling connection for 9090
Handling connection for 9090
Handling connection for 9090
Handling connection for 9090
Handling connection for 9090
Handling connection for 9090
Handling connection for 9090
Handling connection for 9090
Handling connection for 9090
Handling connection for 9090
Handling connection for 9090
Handling connection for 9090
Handling connection for 9090
Handling connection for 9090
Handling connection for 9090
Handling connection for 9090
Handling connection for 9090
Handling connection for 9090
Handling connection for 9090
Handling connection for 9090
Handling connection for 9090
Handling connection for 9090
Handling connection for 9090
Handling connection for 9090
Handling connection for 9090
Handling connection for 9090
Handling connection for 9090
Handling connection for 9090
Handling connection for 9090
Handling connection for 9090
Handling connection for 9090
Handling connection for 9090
Handling connection for 9090
Handling connection for 9090
Handling connection for 9090
Handling connection for 9090
Handling connection for 9090
Handling connection for 9090
Handling connection for 9090
Handling connection for 9090
Handling connection for 9090
Handling connection for 9090
Handling connection for 9090
Handling connection for 9090
Handling connection for 9090
Handling connection for 9090
Handling connection for 9090
Handling connection for 9090
Handling connection for 9090
Handling connection for 9090
Handling connection for 9090
Handling connection for 9090
Handling connection for 9090
Handling connection for 9090
Handling connection for 9090
Handling connection for 9090
Handling connection for 9090
Handling connection for 9090
Handling connection for 9090
Handling connection for 9090
Handling connection for 9090
Handling connection for 9090
Handling connection for 9090
Handling connection for 9090
Handling connection for 9090
Handling connection for 9090
Handling connection for 9090
Handling connection for 9090
Handling connection for 9090
Handling connection for 9090
Handling connection for 9090
Handling connection for 9090
Handling connection for 9090
Handling connection for 9090
Handling connection for 9090
Handling connection for 9090
Handling connection for 9090
Handling connection for 9090
Handling connection for 9090
Handling connection for 9090
Handling connection for 9090
Handling connection for 9090
Handling connection for 9090
Handling connection for 9090
Handling connection for 9090
Handling connection for 9090
Handling connection for 9090
Handling connection for 9090
Handling connection for 9090
Handling connection for 9090
Handling connection for 9090
Handling connection for 9090
Handling connection for 9090
Handling connection for 9090
Handling connection for 9090
Handling connection for 9090
Handling connection for 9090
Handling connection for 9090
Handling connection for 9090
Handling connection for 9090
Handling connection for 9090
Handling connection for 9090
Handling connection for 9090
Handling connection for 9090
Handling connection for 9090
Handling connection for 9090
Handling connection for 9090
Handling connection for 9090
Handling connection for 9090
Handling connection for 9090
Handling connection for 9090
Handling connection for 9090
Handling connection for 9090
Handling connection for 9090
Handling connection for 9090
Handling connection for 9090
Handling connection for 9090
Handling connection for 9090
Handling connection for 9090
Handling connection for 9090
Handling connection for 9090
Handling connection for 9090
Handling connection for 9090
Handling connection for 9090
Handling connection for 9090
Handling connection for 9090
Handling connection for 9090
Handling connection for 9090
Handling connection for 9090
Handling connection for 9090
Handling connection for 9090
Handling connection for 9090
Handling connection for 9090
Handling connection for 9090
Handling connection for 9090
Handling connection for 9090
Handling connection for 9090
Handling connection for 9090
Handling connection for 9090
Handling connection for 9090
Handling connection for 9090
Handling connection for 9090
Handling connection for 9090
Handling connection for 9090
Handling connection for 9090
Handling connection for 9090
Handling connection for 9090
Handling connection for 9090
Handling connection for 9090
Handling connection for 9090
Handling connection for 9090
Handling connection for 9090
Handling connection for 9090
Handling connection for 9090
Handling connection for 9090
Handling connection for 9090
Handling connection for 9090
Handling connection for 9090
Handling connection for 9090
Handling connection for 9090
Handling connection for 9090
Handling connection for 9090
Handling connection for 9090
Handling connection for 9090
Handling connection for 9090
Handling connection for 9090
Handling connection for 9090
Handling connection for 9090
Handling connection for 9090
Handling connection for 9090
Handling connection for 9090
Handling connection for 9090
Handling connection for 9090
Handling connection for 9090
Handling connection for 9090
Handling connection for 9090
Handling connection for 9090
Handling connection for 9090
Handling connection for 9090
Handling connection for 9090
Handling connection for 9090
Handling connection for 9090
Handling connection for 9090
Handling connection for 9090
Handling connection for 9090
Handling connection for 9090
Handling connection for 9090
Handling connection for 9090
Handling connection for 9090
Handling connection for 9090
Handling connection for 9090
Handling connection for 9090
Handling connection for 9090
Handling connection for 9090
Handling connection for 9090
Handling connection for 9090
Handling connection for 9090
Handling connection for 9090
Handling connection for 9090
Handling connection for 9090
Handling connection for 9090
Handling connection for 9090
Handling connection for 9090
Handling connection for 9090
Handling connection for 9090
Handling connection for 9090
Handling connection for 9090
Handling connection for 9090
Handling connection for 9090
Handling connection for 9090
Handling connection for 9090
Handling connection for 9090
Handling connection for 9090
Handling connection for 9090
Handling connection for 9090
Handling connection for 9090
Handling connection for 9090
Handling connection for 9090
Handling connection for 9090
Handling connection for 9090
Handling connection for 9090
Handling connection for 9090
Handling connection for 9090
Handling connection for 9090
Handling connection for 9090
Handling connection for 9090
Handling connection for 9090
Handling connection for 9090
Handling connection for 9090
Handling connection for 9090
Handling connection for 9090
Handling connection for 9090
Handling connection for 9090
Handling connection for 9090
Handling connection for 9090
Handling connection for 9090
Handling connection for 9090
Handling connection for 9090
Handling connection for 9090
Handling connection for 9090
Handling connection for 9090
Handling connection for 9090
Handling connection for 9090
Handling connection for 9090
Handling connection for 9090
Handling connection for 9090
Handling connection for 9090
Handling connection for 9090
Handling connection for 9090
Handling connection for 9090
Handling connection for 9090
Handling connection for 9090
Handling connection for 9090
Handling connection for 9090
Handling connection for 9090
Handling connection for 9090
Handling connection for 9090
Handling connection for 9090
Handling connection for 9090
Handling connection for 9090
Handling connection for 9090
Handling connection for 9090
Handling connection for 9090
Handling connection for 9090
Handling connection for 9090
Handling connection for 9090
Handling connection for 9090
Handling connection for 9090
Handling connection for 9090
Handling connection for 9090
Handling connection for 9090
Handling connection for 9090
Handling connection for 9090
Handling connection for 9090
Handling connection for 9090
Handling connection for 9090
Handling connection for 9090
Handling connection for 9090
Handling connection for 9090
Handling connection for 9090
Handling connection for 9090
Handling connection for 9090
Handling connection for 9090
Handling connection for 9090
Handling connection for 9090
Handling connection for 9090
Handling connection for 9090
Handling connection for 9090
Handling connection for 9090
Handling connection for 9090
Handling connection for 9090
Handling connection for 9090
Handling connection for 9090
Handling connection for 9090
Handling connection for 9090
Handling connection for 9090
Handling connection for 9090
Handling connection for 9090
Handling connection for 9090
Handling connection for 9090
Handling connection for 9090
Handling connection for 9090
Handling connection for 9090
Handling connection for 9090
Handling connection for 9090
Handling connection for 9090
Handling connection for 9090
Handling connection for 9090
Handling connection for 9090
Handling connection for 9090
Handling connection for 9090
Handling connection for 9090
Handling connection for 9090
Handling connection for 9090
Handling connection for 9090
Handling connection for 9090
Handling connection for 9090
Handling connection for 9090
Handling connection for 9090
Handling connection for 9090
Handling connection for 9090
Handling connection for 9090
Handling connection for 9090
Handling connection for 9090
Handling connection for 9090
Handling connection for 9090
Handling connection for 9090
Handling connection for 9090
Handling connection for 9090
Handling connection for 9090
Handling connection for 9090
Handling connection for 9090
Handling connection for 9090
Handling connection for 9090
Handling connection for 9090
Handling connection for 9090
Handling connection for 9090
Handling connection for 9090
Handling connection for 9090
Handling connection for 9090
Handling connection for 9090
Handling connection for 9090
Handling connection for 9090
Handling connection for 9090
Handling connection for 9090
Handling connection for 9090
Handling connection for 9090
Handling connection for 9090
Handling connection for 9090
Handling connection for 9090
Handling connection for 9090
Handling connection for 9090
Handling connection for 9090
Handling connection for 9090
Handling connection for 9090
Handling connection for 9090
Handling connection for 9090
Handling connection for 9090
Handling connection for 9090
Handling connection for 9090
Handling connection for 9090
Handling connection for 9090
Handling connection for 9090
Handling connection for 9090
Handling connection for 9090
Handling connection for 9090
Handling connection for 9090
Handling connection for 9090
Handling connection for 9090
Handling connection for 9090
Handling connection for 9090
Handling connection for 9090
Handling connection for 9090
Handling connection for 9090
Handling connection for 9090
Handling connection for 9090
Handling connection for 9090
Handling connection for 9090
Handling connection for 9090
Handling connection for 9090
Handling connection for 9090
Handling connection for 9090
Handling connection for 9090
Handling connection for 9090
Handling connection for 9090
Handling connection for 9090
Handling connection for 9090
Handling connection for 9090
Handling connection for 9090
Handling connection for 9090
Handling connection for 9090
Handling connection for 9090
Handling connection for 9090
Handling connection for 9090
Handling connection for 9090
Handling connection for 9090
Handling connection for 9090
Handling connection for 9090
Handling connection for 9090
Handling connection for 9090
Handling connection for 9090
Handling connection for 9090
Handling connection for 9090
Handling connection for 9090
Handling connection for 9090
Handling connection for 9090
Handling connection for 9090
Handling connection for 9090
Handling connection for 9090
Handling connection for 9090
Handling connection for 9090
Handling connection for 9090
Handling connection for 9090
Handling connection for 9090
Handling connection for 9090
Handling connection for 9090
Handling connection for 9090
Handling connection for 9090
Handling connection for 9090
Handling connection for 9090
Handling connection for 9090
Handling connection for 9090
Handling connection for 9090
Handling connection for 9090
Handling connection for 9090
Handling connection for 9090
Handling connection for 9090
Handling connection for 9090
Handling connection for 9090
Handling connection for 9090
Handling connection for 9090
Handling connection for 9090
Handling connection for 9090
Handling connection for 9090
Handling connection for 9090
Handling connection for 9090
Handling connection for 9090
Handling connection for 9090
Handling connection for 9090
Handling connection for 9090
Handling connection for 9090
Handling connection for 9090
Handling connection for 9090
Handling connection for 9090
Handling connection for 9090
Handling connection for 9090
Handling connection for 9090
Handling connection for 9090
Handling connection for 9090
Handling connection for 9090
Handling connection for 9090
Handling connection for 9090
Handling connection for 9090
Handling connection for 9090
Handling connection for 9090
Handling connection for 9090
Handling connection for 9090
Handling connection for 9090
Handling connection for 9090
Handling connection for 9090
Handling connection for 9090
Handling connection for 9090
Handling connection for 9090
Handling connection for 9090
Handling connection for 9090
Handling connection for 9090
Handling connection for 9090
Handling connection for 9090
Handling connection for 9090
Handling connection for 9090
Handling connection for 9090
Handling connection for 9090
Handling connection for 9090
Handling connection for 9090
Handling connection for 9090
Handling connection for 9090
Handling connection for 9090
Handling connection for 9090
Handling connection for 9090
Handling connection for 9090
Handling connection for 9090
Handling connection for 9090
Handling connection for 9090
Handling connection for 9090
Handling connection for 9090
Handling connection for 9090
Handling connection for 9090
Handling connection for 9090
Handling connection for 9090
Handling connection for 9090
Handling connection for 9090
Handling connection for 9090
Handling connection for 9090
Handling connection for 9090
Handling connection for 9090
Handling connection for 9090
Handling connection for 9090
Handling connection for 9090
Handling connection for 9090
Handling connection for 9090
Handling connection for 9090
Handling connection for 9090
Handling connection for 9090
Handling connection for 9090
Handling connection for 9090
Handling connection for 9090
Handling connection for 9090
Handling connection for 9090
Handling connection for 9090
Handling connection for 9090
Handling connection for 9090
Handling connection for 9090
Handling connection for 9090
Handling connection for 9090
Handling connection for 9090
Handling connection for 9090
Handling connection for 9090
[2025-05-11 16:11:56] ===== INTERRUPÇÃO DETECTADA =====
[2025-05-11 16:11:56] Experimento interrompido pelo usuário (CTRL+C)
[2025-05-11 16:11:56] Realizando limpeza de recursos...
[2025-05-11 16:11:56] Interrompendo port-forwards em execução...
[2025-05-11 16:11:56] Removendo recursos do tenant-b (atacante)...
[2025-05-11 16:11:56] Modo não interativo: limpando automaticamente todos os recursos dos tenants...
[2025-05-11 16:11:56] Limpando todos os tenants após o experimento...
namespace "tenant-a" deleted
namespace "tenant-b" deleted
namespace "tenant-c" deleted
namespace "tenant-d" deleted
[2025-05-11 16:11:57] ===== INTERRUPÇÃO DETECTADA =====
[2025-05-11 16:11:57] Experimento interrompido pelo usuário (CTRL+C)
[2025-05-11 16:11:57] Realizando limpeza de recursos...
[2025-05-11 16:11:57] Interrompendo port-forwards em execução...
[2025-05-11 16:11:57] Removendo recursos do tenant-b (atacante)...
[2025-05-11 16:11:57] Modo não interativo: limpando automaticamente todos os recursos dos tenants...
[2025-05-11 16:11:57] Limpando todos os tenants após o experimento...
namespace "tenant-a" deleted
namespace "tenant-b" deleted
namespace "tenant-c" deleted
namespace "tenant-d" deleted
[2025-05-11 16:11:57] ===== INTERRUPÇÃO DETECTADA =====
[2025-05-11 16:11:57] Experimento interrompido pelo usuário (CTRL+C)
[2025-05-11 16:11:57] Realizando limpeza de recursos...
[2025-05-11 16:11:57] Interrompendo port-forwards em execução...
[2025-05-11 16:11:57] Removendo recursos do tenant-b (atacante)...
[2025-05-11 16:11:57] Modo não interativo: limpando automaticamente todos os recursos dos tenants...
[2025-05-11 16:11:57] Limpando todos os tenants após o experimento...
namespace "tenant-a" deleted
namespace "tenant-b" deleted
namespace "tenant-c" deleted
namespace "tenant-d" deleted
[2025-05-11 16:11:57] ===== INTERRUPÇÃO DETECTADA =====
[2025-05-11 16:11:57] Experimento interrompido pelo usuário (CTRL+C)
[2025-05-11 16:11:57] Realizando limpeza de recursos...
[2025-05-11 16:11:57] Interrompendo port-forwards em execução...
[2025-05-11 16:11:57] Removendo recursos do tenant-b (atacante)...
[2025-05-11 16:11:57] Modo não interativo: limpando automaticamente todos os recursos dos tenants...
[2025-05-11 16:11:57] Limpando todos os tenants após o experimento...
namespace "tenant-a" deleted
namespace "tenant-b" deleted
namespace "tenant-c" deleted
namespace "tenant-d" deleted
[2025-05-11 16:11:57] ===== INTERRUPÇÃO DETECTADA =====
[2025-05-11 16:11:57] Experimento interrompido pelo usuário (CTRL+C)
[2025-05-11 16:11:57] Realizando limpeza de recursos...
[2025-05-11 16:11:57] Interrompendo port-forwards em execução...
[2025-05-11 16:11:57] Removendo recursos do tenant-b (atacante)...
[2025-05-11 16:11:57] Modo não interativo: limpando automaticamente todos os recursos dos tenants...
[2025-05-11 16:11:57] Limpando todos os tenants após o experimento...
namespace "tenant-a" deleted
namespace "tenant-b" deleted
namespace "tenant-c" deleted
namespace "tenant-d" deleted
[2025-05-11 16:11:57] ===== INTERRUPÇÃO DETECTADA =====
[2025-05-11 16:11:57] Experimento interrompido pelo usuário (CTRL+C)
[2025-05-11 16:11:57] Realizando limpeza de recursos...
[2025-05-11 16:11:57] Interrompendo port-forwards em execução...
[2025-05-11 16:11:57] Removendo recursos do tenant-b (atacante)...
[2025-05-11 16:11:57] Modo não interativo: limpando automaticamente todos os recursos dos tenants...
[2025-05-11 16:11:57] Limpando todos os tenants após o experimento...
namespace "tenant-a" deleted
namespace "tenant-b" deleted
namespace "tenant-c" deleted
namespace "tenant-d" deleted
[2025-05-11 16:11:58] ===== INTERRUPÇÃO DETECTADA =====
[2025-05-11 16:11:58] Experimento interrompido pelo usuário (CTRL+C)
[2025-05-11 16:11:58] Realizando limpeza de recursos...
[2025-05-11 16:11:58] Interrompendo port-forwards em execução...
[2025-05-11 16:11:58] Removendo recursos do tenant-b (atacante)...
[2025-05-11 16:11:58] Modo não interativo: limpando automaticamente todos os recursos dos tenants...
[2025-05-11 16:11:58] Limpando todos os tenants após o experimento...
namespace "tenant-a" deleted
namespace "tenant-b" deleted
namespace "tenant-c" deleted
namespace "tenant-d" deleted
[2025-05-11 16:12:37] Tenants removidos com sucesso.
[2025-05-11 16:12:37] Recursos dos tenants removidos.
[2025-05-11 16:12:37] Limpeza de emergência concluída.
[2025-05-11 16:12:37] Métricas e logs parciais salvos em: /home/phil/Projects/k8s-noisy-lab/results/2025-05-11/16-09-56/firsts-analisys-5
[2025-05-11 16:12:37] ===== FIM DO EXPERIMENTO (INTERROMPIDO) =====
[2025-05-11 16:12:37] ===== INTERRUPÇÃO DETECTADA =====
[2025-05-11 16:12:37] Experimento terminado com erro (código: 1)
[2025-05-11 16:12:37] Realizando limpeza de recursos...
[2025-05-11 16:12:37] Interrompendo port-forwards em execução...
[2025-05-11 16:12:37] Removendo recursos do tenant-b (atacante)...
[2025-05-11 16:12:38] Modo não interativo: limpando automaticamente todos os recursos dos tenants...
[2025-05-11 16:12:38] Limpando todos os tenants após o experimento...
[2025-05-11 16:12:38] Tenants removidos com sucesso.
[2025-05-11 16:12:38] Recursos dos tenants removidos.
[2025-05-11 16:12:38] Limpeza de emergência concluída.
[2025-05-11 16:12:38] Métricas e logs parciais salvos em: /home/phil/Projects/k8s-noisy-lab/results/2025-05-11/16-09-56/firsts-analisys-5
[2025-05-11 16:12:38] ===== FIM DO EXPERIMENTO (INTERROMPIDO) =====
