[2025-05-09 04:46:41] Iniciando experimento: cpu-noisy
[2025-05-09 04:46:41] Log sendo salvo em: /home/phil/Projects/k8s-noisy-lab/results/2025-05-09/04-46-41/cpu-noisy/experiment.log
[2025-05-09 04:46:41] Verificando pré-requisitos...
[2025-05-09 04:46:41] Métricas serão salvas em: /home/phil/Projects/k8s-noisy-lab/results/2025-05-09/04-46-41/cpu-noisy
[2025-05-09 04:46:41] Validando recursos do cluster...
[0;35m==========================================[0m
[0;35m     VERIFICAÇÃO PRÉ-EXPERIMENTO         [0m
[0;35m==========================================[0m
[0;35mVerificando conectividade com o cluster...[0m
[0;32m✓ Conexão com o cluster estabelecida com sucesso[0m
[0;35mVerificando estado dos nós do cluster...[0m
[0;32m✓ O cluster possui 1 nós disponíveis[0m
[0;35mVerificando recursos disponíveis no cluster...[0m
CPU: [0;35m11600[0m cores
Memória: [0;35m30.73[0m GB
[0;32m✓ Recursos do cluster são suficientes para o experimento[0m
[0;35mVerificando namespaces necessárias...[0m
[0;32m✓ Namespace 'tenant-a' encontrada[0m
[0;32m✓ Namespace 'tenant-b' encontrada[0m
[0;32m✓ Namespace 'tenant-c' encontrada[0m
[0;32m✓ Namespace 'monitoring' encontrada[0m
[0;35mVerificando disponibilidade do Prometheus...[0m
[0;32m✓ Prometheus está rodando e pronto[0m
[0;35mVerificando disponibilidade das métricas essenciais...[0m
[0;33m⚠️ Métrica 'container_cpu_usage_seconds_total' não encontrada[0m
[0;33m  Esta métrica é necessária para o experimento de noisy neighbours.[0m
[0;33m⚠️ Métrica 'container_memory_working_set_bytes' não encontrada[0m
[0;33m  Esta métrica é necessária para o experimento de noisy neighbours.[0m
[0;33m⚠️ Métrica 'container_network_receive_bytes_total' não encontrada[0m
[0;33m  Esta métrica é necessária para o experimento de noisy neighbours.[0m
[0;33m⚠️ Métrica 'container_network_transmit_bytes_total' não encontrada[0m
[0;33m  Esta métrica é necessária para o experimento de noisy neighbours.[0m
[0;33m⚠️ Métrica 'container_cpu_cfs_throttled_periods_total' não encontrada[0m
[0;33m  Esta métrica é necessária para o experimento de noisy neighbours.[0m
[0;33m⚠️ Métrica 'container_cpu_cfs_periods_total' não encontrada[0m
[0;33m  Esta métrica é necessária para o experimento de noisy neighbours.[0m
[0;35mVerificando permissões necessárias...[0m
[0;35mVerificando CRDs do Prometheus Operator...[0m
[0;32m✓ CRD 'servicemonitors.monitoring.coreos.com' encontrada[0m
[0;32m✓ CRD 'prometheusrules.monitoring.coreos.com' encontrada[0m
[0;35m==========================================[0m
[0;32m✓ Cluster validado com sucesso para o experimento[0m
[0;35m==========================================[0m

Informações adicionais:
- O experimento utiliza métricas da cAdvisor integradas ao kubelet
- As queries do Prometheus usam principalmente métricas rate() com 1m de janela
- Os workloads são distribuídos em 3 tenants para simular o cenário de noisy neighbour

Recomendações finais:
- Certifique-se de ter pelo menos 15-20% de recursos livres além dos solicitados
- Se estiver usando Minikube, use a opção '--driver=docker' para melhor desempenho
- Verifique se não há outros processos consumindo recursos significativos nos nós
[2025-05-09 04:46:45] Criando namespaces...
resourcequota/tenant-a-quota created
resourcequota/tenant-b-quota created
resourcequota/tenant-c-quota created
Warning: resource namespaces/tenant-a is missing the kubectl.kubernetes.io/last-applied-configuration annotation which is required by kubectl apply. kubectl apply should only be used on resources created declaratively by either kubectl create --save-config or kubectl apply. The missing annotation will be patched automatically.
namespace/tenant-a configured
Warning: resource namespaces/tenant-b is missing the kubectl.kubernetes.io/last-applied-configuration annotation which is required by kubectl apply. kubectl apply should only be used on resources created declaratively by either kubectl create --save-config or kubectl apply. The missing annotation will be patched automatically.
namespace/tenant-b configured
Warning: resource namespaces/tenant-c is missing the kubectl.kubernetes.io/last-applied-configuration annotation which is required by kubectl apply. kubectl apply should only be used on resources created declaratively by either kubectl create --save-config or kubectl apply. The missing annotation will be patched automatically.
namespace/tenant-c configured
[2025-05-09 04:46:45] Aplicando resource quotas...
resourcequota/tenant-a-quota configured
resourcequota/tenant-b-quota configured
resourcequota/tenant-c-quota configured
[2025-05-09 04:46:45] Stack de observabilidade já instalada.
[2025-05-09 04:46:45] Aguardando inicialização do Prometheus...
error: timed out waiting for the condition on pods/prometheus-kube-prometheus-operator-58dbc8bb4f-jxkkr
[2025-05-09 04:51:45] Não foi possível detectar o deployment do Prometheus. Continuando mesmo assim...
[2025-05-09 04:51:45] Configurando port-forward para o Prometheus...
[2025-05-09 04:51:50] Port-forward para Prometheus configurado com sucesso
[2025-05-09 04:51:50] ======= INÍCIO DO EXPERIMENTO: cpu-noisy =======
[2025-05-09 04:51:50] Data: 2025/05/09, Hora: 04:46:41
[2025-05-09 04:51:50] Número de rounds: 1
[2025-05-09 04:51:50] Duração das fases: Baseline=60s, Ataque=60s, Recuperação=60s
[2025-05-09 04:51:50] ===== ROUND 1/1 =====
[2025-05-09 04:51:50] === Fase 1: BASELINE ===
[2025-05-09 04:51:50] Limpando workloads anteriores...
[2025-05-09 04:52:01] Iniciando fase: baseline (duração máxima: 60s)
[2025-05-09 04:52:01] Implantando tenant-a (referência)...
deployment.apps/cpu-stress created
deployment.apps/memory-stress created
deployment.apps/iperf-server created
service/iperf-server created
[2025-05-09 04:52:01] Aguardando inicialização dos serviços do tenant-a...
deployment.apps/iperf-server condition met
[2025-05-09 04:52:24] Implantando tenant-c (vítima)...
deployment.apps/cpu-stress created
deployment.apps/memory-stress created
deployment.apps/iperf-client created
[2025-05-09 04:52:24] Aguardando inicialização dos workloads do tenant-c...
[2025-05-09 04:52:39] Coletando métricas para a fase: baseline (Round 1)...
[2025-05-09 04:52:39] Coletando informações do cluster...
error: Metrics API not available
error: Metrics API not available
[2025-05-09 04:52:40] Capturando métricas via API do Prometheus...
[2025-05-09 04:52:40] Capturando métricas específicas para noisy neighbours...
[2025-05-09 04:53:31] ⚠️ Timeout atingido para fase baseline. Forçando continuação...
[2025-05-09 04:53:31] Fase baseline concluída
[2025-05-09 04:53:31] === Fase 2: ATAQUES ===
[2025-05-09 04:53:31] Iniciando fase: attack (duração máxima: 60s)
[2025-05-09 04:53:31] Implantando tenant-b (noisy neighbour)...
deployment.apps/cpu-stress created
deployment.apps/memory-stress created
deployment.apps/iperf-client created
[2025-05-09 04:53:31] Aguardando inicialização dos workloads do tenant-b...
[2025-05-09 04:53:46] Coletando métricas para a fase: attack-start (Round 1)...
[2025-05-09 04:53:46] Coletando informações do cluster...
error: Metrics API not available
error: Metrics API not available
[2025-05-09 04:53:46] Capturando métricas via API do Prometheus...
[2025-05-09 04:53:46] Capturando métricas específicas para noisy neighbours...
[2025-05-09 04:54:46] Coletando métricas para a fase: attack-end (Round 1)...
[2025-05-09 04:54:46] Coletando informações do cluster...
error: Metrics API not available
error: Metrics API not available
[2025-05-09 04:54:46] Capturando métricas via API do Prometheus...
[2025-05-09 04:54:46] Capturando métricas específicas para noisy neighbours...
[2025-05-09 04:54:47] Fase attack concluída
[2025-05-09 04:54:47] === Fase 3: RECUPERAÇÃO ===
[2025-05-09 04:54:47] Iniciando fase: recovery (duração máxima: 60s)
[2025-05-09 04:54:47] Removendo tenant-b (noisy neighbour)...
deployment.apps "cpu-stress" deleted
deployment.apps "memory-stress" deleted
deployment.apps "iperf-client" deleted
[2025-05-09 04:54:47] Aguardando remoção completa do tenant-b...
[2025-05-09 04:55:02] Coletando métricas para a fase: recovery-start (Round 1)...
[2025-05-09 04:55:02] Coletando informações do cluster...
error: Metrics API not available
error: Metrics API not available
[2025-05-09 04:55:02] Capturando métricas via API do Prometheus...
[2025-05-09 04:55:02] Capturando métricas específicas para noisy neighbours...
[2025-05-09 04:56:02] Coletando métricas para a fase: recovery-end (Round 1)...
[2025-05-09 04:56:02] Coletando informações do cluster...
error: Metrics API not available
error: Metrics API not available
[2025-05-09 04:56:02] Capturando métricas via API do Prometheus...
[2025-05-09 04:56:02] Capturando métricas específicas para noisy neighbours...
[2025-05-09 04:56:03] Fase recovery concluída
[2025-05-09 04:56:03] Round 1/1 concluído com sucesso!
