[20250511_144908] Iniciando coleta de métricas a cada 5 segundos
[20250511_144908] Métricas configuradas para coleta: 38
[20250511_144908] Verificando acesso ao Prometheus...
[20250511_144908] Prometheus já está acessível via localhost:9090
[20250511_144908] Testando consulta ao Prometheus...
[20250511_144908] Alvos do Prometheus: 73 ativos, 317 descartados
Filesystem      Size  Used Avail Use% Mounted on
/dev/nvme0n1p3  465G   28G  434G   6% /
devtmpfs        4.0M     0  4.0M   0% /dev
tmpfs            16G   12K   16G   1% /dev/shm
efivarfs        128K   50K   74K  41% /sys/firmware/efi/efivars
tmpfs           6.3G  2.3M  6.3G   1% /run
tmpfs           1.0M     0  1.0M   0% /run/credentials/systemd-journald.service
tmpfs            16G  108K   16G   1% /tmp
/dev/nvme0n1p3  465G   28G  434G   6% /home
/dev/nvme0n1p2  974M  463M  444M  52% /boot
/dev/nvme0n1p1  599M   53M  547M   9% /boot/efi
tmpfs           1.0M     0  1.0M   0% /run/credentials/systemd-resolved.service
tmpfs           3.2G  172K  3.2G   1% /run/user/1000
[20250511_144908] DEBUG: Verificando permissões de escrita em /home/phil/Projects/k8s-noisy-lab/results/2025-05-11/14-28-46/firsts-analisys
Escrita permitida
[20250511_144908] DEBUG: Número total de métricas: 38
[20250511_144908] Verificando pods em todos os namespaces:
NAMESPACE        NAME                                                     READY   STATUS        RESTARTS        AGE
ingress-nginx    ingress-nginx-controller-77ff9b8cfc-pxppq                1/1     Running       0               24m
kube-system      calico-kube-controllers-5745477d4d-x72lp                 1/1     Running       0               26m
kube-system      calico-node-lpsv9                                        1/1     Running       0               26m
kube-system      coredns-668d6bf9bc-n7rts                                 1/1     Running       0               26m
kube-system      etcd-minikube                                            1/1     Running       0               26m
kube-system      kube-apiserver-minikube                                  1/1     Running       0               26m
kube-system      kube-controller-manager-minikube                         1/1     Running       0               26m
kube-system      kube-proxy-h4mr6                                         1/1     Running       0               26m
kube-system      kube-scheduler-minikube                                  1/1     Running       0               26m
kube-system      metrics-server-7fbb699795-4l2vd                          1/1     Running       0               26m
kube-system      storage-provisioner                                      1/1     Running       0               26m
metallb-system   controller-bb5f47665-9rcc4                               1/1     Running       0               21m
metallb-system   speaker-7662w                                            1/1     Running       0               21m
monitoring       alertmanager-prometheus-kube-prometheus-alertmanager-0   2/2     Running       0               25m
monitoring       blackbox-exporter-849545489b-wtt89                       1/1     Running       0               20m
monitoring       prometheus-grafana-779f94ccc5-5lk4r                      3/3     Running       0               25m
monitoring       prometheus-kube-prometheus-operator-58dbc8bb4f-ctfhn     1/1     Running       0               25m
monitoring       prometheus-kube-state-metrics-5bc7f89f46-svw6t           1/1     Running       0               25m
monitoring       prometheus-prometheus-kube-prometheus-prometheus-0       2/2     Running       0               25m
monitoring       prometheus-prometheus-node-exporter-xrbld                1/1     Running       0               25m
tenant-a         iperf-server-d79fbdf6c-qjqz9                             1/1     Running       0               20m
tenant-a         nginx-benchmark-dkk7l                                    0/1     Completed     0               20m
tenant-a         nginx-deployment-56fc57d4-fpfz9                          1/1     Running       0               20m
tenant-a         nginx-deployment-56fc57d4-klrxk                          1/1     Running       0               20m
tenant-a         nginx-deployment-56fc57d4-kqmzs                          1/1     Running       0               20m
tenant-b         stress-ng-6764fc7965-dz99l                               1/1     Terminating   2 (2m44s ago)   15m
tenant-b         stress-ng-6764fc7965-tbxtl                               1/1     Terminating   2 (2m51s ago)   15m
tenant-b         traffic-generator-85fb77744d-999jr                       1/1     Terminating   0               15m
tenant-b         traffic-generator-85fb77744d-jnmtz                       1/1     Terminating   0               15m
tenant-b         traffic-generator-85fb77744d-s4bqs                       1/1     Terminating   0               15m
tenant-c         continuous-memory-stress-mrb4p                           1/1     Running       0               19m
tenant-c         memory-monitor-cfd7584c6-r6ptx                           1/1     Running       0               19m
tenant-c         redis-deployment-6f5c56db8b-7ccsd                        1/1     Running       0               19m
tenant-d         cpu-intensive-continuous-z687p                           0/1     Completed     0               19m
tenant-d         disk-intensive-continuous-xmkbm                          0/1     Completed     0               17m
tenant-d         pgbench-continuous-workload-ch9sl                        0/1     Completed     0               19m
tenant-d         pgbench-init-fb68l                                       0/1     Completed     0               19m
tenant-d         postgres-5dc855c4cc-jr5v2                                2/2     Running       0               19m
[20250511_144908] WARN: sem dados para cpu_throttled_time
[20250511_144908] WARN: sem dados para cpu_throttled_ratio
[20250511_144908] WARN: sem dados para memory_pressure
[20250511_144908] WARN: sem dados para postgres_connections
[20250511_144908] WARN: sem dados para postgres_transactions
[20250511_144908] WARN: sem dados para postgres_disk_io
[20250511_144908] WARN: sem dados para latency_process_time
[20250511_144908] INFO: Coletadas 153 métricas com sucesso (falhas: 0, total até agora: sucesso=1, falha=0)
[20250511_144915] WARN: sem dados para cpu_throttled_time
[20250511_144915] WARN: sem dados para cpu_throttled_ratio
[20250511_144915] WARN: sem dados para memory_pressure
[20250511_144915] WARN: sem dados para postgres_connections
[20250511_144915] WARN: sem dados para postgres_transactions
[20250511_144915] WARN: sem dados para postgres_disk_io
[20250511_144915] WARN: sem dados para latency_process_time
[20250511_144915] INFO: Coletadas 153 métricas com sucesso (falhas: 0, total até agora: sucesso=2, falha=0)
[20250511_144921] WARN: sem dados para cpu_throttled_time
[20250511_144921] WARN: sem dados para cpu_throttled_ratio
[20250511_144921] WARN: sem dados para memory_pressure
[20250511_144921] WARN: sem dados para postgres_connections
[20250511_144921] WARN: sem dados para postgres_transactions
[20250511_144921] WARN: sem dados para postgres_disk_io
[20250511_144921] WARN: sem dados para latency_process_time
[20250511_144921] INFO: Coletadas 153 métricas com sucesso (falhas: 0, total até agora: sucesso=3, falha=0)
[20250511_144927] WARN: sem dados para cpu_throttled_time
[20250511_144927] WARN: sem dados para cpu_throttled_ratio
[20250511_144927] WARN: sem dados para memory_pressure
[20250511_144927] WARN: sem dados para postgres_connections
[20250511_144927] WARN: sem dados para postgres_transactions
[20250511_144927] WARN: sem dados para postgres_disk_io
[20250511_144927] WARN: sem dados para latency_process_time
[20250511_144927] INFO: Coletadas 153 métricas com sucesso (falhas: 0, total até agora: sucesso=4, falha=0)
[20250511_144934] WARN: sem dados para cpu_throttled_time
[20250511_144934] WARN: sem dados para cpu_throttled_ratio
[20250511_144934] WARN: sem dados para memory_pressure
[20250511_144934] WARN: sem dados para postgres_connections
[20250511_144934] WARN: sem dados para postgres_transactions
[20250511_144934] WARN: sem dados para postgres_disk_io
[20250511_144934] WARN: sem dados para latency_process_time
[20250511_144934] INFO: Coletadas 153 métricas com sucesso (falhas: 0, total até agora: sucesso=5, falha=0)
[20250511_144940] WARN: sem dados para cpu_throttled_time
[20250511_144940] WARN: sem dados para memory_usage_noisy_victim_ratio
[20250511_144940] WARN: sem dados para resource_dominance_index
[20250511_144940] WARN: sem dados para cpu_throttled_ratio
[20250511_144940] WARN: sem dados para memory_pressure
[20250511_144940] WARN: sem dados para postgres_connections
[20250511_144940] WARN: sem dados para postgres_transactions
[20250511_144940] WARN: sem dados para postgres_disk_io
[20250511_144940] WARN: sem dados para latency_process_time
[20250511_144940] INFO: Coletadas 145 métricas com sucesso (falhas: 0, total até agora: sucesso=6, falha=0)
[20250511_144946] WARN: sem dados para cpu_throttled_time
[20250511_144946] WARN: sem dados para memory_usage_noisy_victim_ratio
[20250511_144946] WARN: sem dados para resource_dominance_index
[20250511_144946] WARN: sem dados para cpu_throttled_ratio
[20250511_144946] WARN: sem dados para memory_pressure
[20250511_144946] WARN: sem dados para postgres_connections
[20250511_144946] WARN: sem dados para postgres_transactions
[20250511_144946] WARN: sem dados para postgres_disk_io
[20250511_144946] WARN: sem dados para latency_process_time
[20250511_144946] INFO: Coletadas 140 métricas com sucesso (falhas: 0, total até agora: sucesso=7, falha=0)
[20250511_144952] WARN: sem dados para cpu_throttled_time
[20250511_144952] WARN: sem dados para memory_usage_noisy_victim_ratio
[20250511_144952] WARN: sem dados para resource_dominance_index
[20250511_144952] WARN: sem dados para cpu_throttled_ratio
[20250511_144952] WARN: sem dados para memory_pressure
[20250511_144952] WARN: sem dados para postgres_connections
[20250511_144952] WARN: sem dados para postgres_transactions
[20250511_144952] WARN: sem dados para postgres_disk_io
[20250511_144952] WARN: sem dados para latency_process_time
[20250511_144952] INFO: Coletadas 140 métricas com sucesso (falhas: 0, total até agora: sucesso=8, falha=0)
[20250511_144958] WARN: sem dados para cpu_throttled_time
[20250511_144958] WARN: sem dados para memory_usage_noisy_victim_ratio
[20250511_144958] WARN: sem dados para resource_dominance_index
[20250511_144958] WARN: sem dados para cpu_throttled_ratio
[20250511_144958] WARN: sem dados para memory_pressure
[20250511_144958] WARN: sem dados para postgres_connections
[20250511_144958] WARN: sem dados para postgres_transactions
[20250511_144958] WARN: sem dados para postgres_disk_io
[20250511_144958] WARN: sem dados para latency_process_time
[20250511_144958] INFO: Coletadas 140 métricas com sucesso (falhas: 0, total até agora: sucesso=9, falha=0)
[20250511_145004] WARN: sem dados para cpu_throttled_time
[20250511_145004] WARN: sem dados para memory_usage_noisy_victim_ratio
[20250511_145004] WARN: sem dados para resource_dominance_index
[20250511_145004] WARN: sem dados para cpu_throttled_ratio
[20250511_145004] WARN: sem dados para memory_pressure
[20250511_145004] WARN: sem dados para postgres_connections
[20250511_145004] WARN: sem dados para postgres_transactions
[20250511_145004] WARN: sem dados para postgres_disk_io
[20250511_145004] WARN: sem dados para latency_process_time
[20250511_145004] INFO: Coletadas 140 métricas com sucesso (falhas: 0, total até agora: sucesso=10, falha=0)
[20250511_145010] Verificando pods em todos os namespaces:
NAMESPACE        NAME                                                     READY   STATUS      RESTARTS   AGE
ingress-nginx    ingress-nginx-controller-77ff9b8cfc-pxppq                1/1     Running     0          25m
kube-system      calico-kube-controllers-5745477d4d-x72lp                 1/1     Running     0          27m
kube-system      calico-node-lpsv9                                        1/1     Running     0          27m
kube-system      coredns-668d6bf9bc-n7rts                                 1/1     Running     0          27m
kube-system      etcd-minikube                                            1/1     Running     0          27m
kube-system      kube-apiserver-minikube                                  1/1     Running     0          27m
kube-system      kube-controller-manager-minikube                         1/1     Running     0          27m
kube-system      kube-proxy-h4mr6                                         1/1     Running     0          27m
kube-system      kube-scheduler-minikube                                  1/1     Running     0          27m
kube-system      metrics-server-7fbb699795-4l2vd                          1/1     Running     0          27m
kube-system      storage-provisioner                                      1/1     Running     0          27m
metallb-system   controller-bb5f47665-9rcc4                               1/1     Running     0          22m
metallb-system   speaker-7662w                                            1/1     Running     0          22m
monitoring       alertmanager-prometheus-kube-prometheus-alertmanager-0   2/2     Running     0          26m
monitoring       blackbox-exporter-849545489b-wtt89                       1/1     Running     0          21m
monitoring       prometheus-grafana-779f94ccc5-5lk4r                      3/3     Running     0          26m
monitoring       prometheus-kube-prometheus-operator-58dbc8bb4f-ctfhn     1/1     Running     0          26m
monitoring       prometheus-kube-state-metrics-5bc7f89f46-svw6t           1/1     Running     0          26m
monitoring       prometheus-prometheus-kube-prometheus-prometheus-0       2/2     Running     0          26m
monitoring       prometheus-prometheus-node-exporter-xrbld                1/1     Running     0          26m
tenant-a         iperf-server-d79fbdf6c-qjqz9                             1/1     Running     0          21m
tenant-a         nginx-benchmark-dkk7l                                    0/1     Completed   0          21m
tenant-a         nginx-deployment-56fc57d4-fpfz9                          1/1     Running     0          21m
tenant-a         nginx-deployment-56fc57d4-klrxk                          1/1     Running     0          21m
tenant-a         nginx-deployment-56fc57d4-kqmzs                          1/1     Running     0          21m
tenant-c         continuous-memory-stress-mrb4p                           1/1     Running     0          20m
tenant-c         memory-monitor-cfd7584c6-r6ptx                           1/1     Running     0          20m
tenant-c         redis-deployment-6f5c56db8b-7ccsd                        1/1     Running     0          20m
tenant-d         cpu-intensive-continuous-z687p                           0/1     Completed   0          20m
tenant-d         disk-intensive-continuous-xmkbm                          0/1     Completed   0          18m
tenant-d         pgbench-continuous-workload-ch9sl                        0/1     Completed   0          20m
tenant-d         pgbench-init-fb68l                                       0/1     Completed   0          20m
tenant-d         postgres-5dc855c4cc-jr5v2                                2/2     Running     0          20m
[20250511_145010] WARN: sem dados para cpu_throttled_time
[20250511_145010] WARN: sem dados para memory_usage_noisy_victim_ratio
[20250511_145010] WARN: sem dados para resource_dominance_index
[20250511_145010] WARN: sem dados para cpu_throttled_ratio
[20250511_145010] WARN: sem dados para memory_pressure
[20250511_145010] WARN: sem dados para postgres_connections
[20250511_145010] WARN: sem dados para postgres_transactions
[20250511_145010] WARN: sem dados para postgres_disk_io
[20250511_145010] WARN: sem dados para latency_process_time
[20250511_145010] INFO: Coletadas 140 métricas com sucesso (falhas: 0, total até agora: sucesso=11, falha=0)
[20250511_145016] WARN: sem dados para cpu_throttled_time
[20250511_145016] WARN: sem dados para memory_usage_noisy_victim_ratio
[20250511_145016] WARN: sem dados para resource_dominance_index
[20250511_145016] WARN: sem dados para cpu_throttled_ratio
[20250511_145016] WARN: sem dados para memory_pressure
[20250511_145016] WARN: sem dados para postgres_connections
[20250511_145016] WARN: sem dados para postgres_transactions
[20250511_145016] WARN: sem dados para postgres_disk_io
[20250511_145016] WARN: sem dados para latency_process_time
[20250511_145016] INFO: Coletadas 140 métricas com sucesso (falhas: 0, total até agora: sucesso=12, falha=0)
[20250511_145022] WARN: sem dados para cpu_throttled_time
[20250511_145022] WARN: sem dados para memory_usage_noisy_victim_ratio
[20250511_145022] WARN: sem dados para resource_dominance_index
[20250511_145022] WARN: sem dados para cpu_throttled_ratio
[20250511_145022] WARN: sem dados para memory_pressure
[20250511_145022] WARN: sem dados para postgres_connections
[20250511_145022] WARN: sem dados para postgres_transactions
[20250511_145022] WARN: sem dados para cpu_usage_noisy_victim_ratio
[20250511_145022] WARN: sem dados para postgres_disk_io
[20250511_145022] WARN: sem dados para network_usage_noisy_victim_ratio
[20250511_145022] WARN: sem dados para latency_process_time
[20250511_145022] INFO: Coletadas 129 métricas com sucesso (falhas: 0, total até agora: sucesso=13, falha=0)
[20250511_145028] WARN: sem dados para cpu_throttled_time
[20250511_145028] WARN: sem dados para memory_usage_noisy_victim_ratio
[20250511_145028] WARN: sem dados para resource_dominance_index
[20250511_145028] WARN: sem dados para cpu_throttled_ratio
[20250511_145028] WARN: sem dados para memory_pressure
[20250511_145028] WARN: sem dados para postgres_connections
[20250511_145028] WARN: sem dados para postgres_transactions
[20250511_145028] WARN: sem dados para cpu_usage_noisy_victim_ratio
[20250511_145028] WARN: sem dados para postgres_disk_io
[20250511_145028] WARN: sem dados para network_usage_noisy_victim_ratio
[20250511_145028] WARN: sem dados para latency_process_time
[20250511_145028] INFO: Coletadas 129 métricas com sucesso (falhas: 0, total até agora: sucesso=14, falha=0)
[20250511_145033] WARN: sem dados para cpu_throttled_time
[20250511_145033] WARN: sem dados para memory_usage_noisy_victim_ratio
[20250511_145033] WARN: sem dados para resource_dominance_index
[20250511_145033] WARN: sem dados para cpu_throttled_ratio
[20250511_145033] WARN: sem dados para memory_pressure
[20250511_145033] WARN: sem dados para postgres_connections
[20250511_145033] WARN: sem dados para postgres_transactions
[20250511_145033] WARN: sem dados para cpu_usage_noisy_victim_ratio
[20250511_145033] WARN: sem dados para postgres_disk_io
[20250511_145033] WARN: sem dados para network_usage_noisy_victim_ratio
[20250511_145033] WARN: sem dados para latency_process_time
[20250511_145033] INFO: Coletadas 129 métricas com sucesso (falhas: 0, total até agora: sucesso=15, falha=0)
[20250511_145040] WARN: sem dados para cpu_throttled_time
[20250511_145040] WARN: sem dados para memory_usage_noisy_victim_ratio
[20250511_145040] WARN: sem dados para resource_dominance_index
[20250511_145040] WARN: sem dados para cpu_throttled_ratio
[20250511_145040] WARN: sem dados para memory_pressure
[20250511_145040] WARN: sem dados para postgres_connections
[20250511_145040] WARN: sem dados para postgres_transactions
[20250511_145040] WARN: sem dados para cpu_usage_noisy_victim_ratio
[20250511_145040] WARN: sem dados para postgres_disk_io
[20250511_145040] WARN: sem dados para network_usage_noisy_victim_ratio
[20250511_145040] WARN: sem dados para latency_process_time
[20250511_145040] INFO: Coletadas 129 métricas com sucesso (falhas: 0, total até agora: sucesso=16, falha=0)
[20250511_145046] WARN: sem dados para cpu_throttled_time
[20250511_145046] WARN: sem dados para memory_usage_noisy_victim_ratio
[20250511_145046] WARN: sem dados para resource_dominance_index
[20250511_145046] WARN: sem dados para cpu_throttled_ratio
[20250511_145046] WARN: sem dados para memory_pressure
[20250511_145046] WARN: sem dados para postgres_connections
[20250511_145046] WARN: sem dados para postgres_transactions
[20250511_145046] WARN: sem dados para cpu_usage_noisy_victim_ratio
[20250511_145046] WARN: sem dados para postgres_disk_io
[20250511_145046] WARN: sem dados para network_usage_noisy_victim_ratio
[20250511_145046] WARN: sem dados para latency_process_time
[20250511_145046] INFO: Coletadas 129 métricas com sucesso (falhas: 0, total até agora: sucesso=17, falha=0)
[20250511_145052] WARN: sem dados para cpu_throttled_time
[20250511_145052] WARN: sem dados para memory_usage_noisy_victim_ratio
[20250511_145052] WARN: sem dados para resource_dominance_index
[20250511_145052] WARN: sem dados para cpu_throttled_ratio
[20250511_145052] WARN: sem dados para memory_pressure
[20250511_145052] WARN: sem dados para postgres_connections
[20250511_145052] WARN: sem dados para postgres_transactions
[20250511_145052] WARN: sem dados para cpu_usage_noisy_victim_ratio
[20250511_145052] WARN: sem dados para postgres_disk_io
[20250511_145052] WARN: sem dados para network_usage_noisy_victim_ratio
[20250511_145052] WARN: sem dados para latency_process_time
[20250511_145052] INFO: Coletadas 129 métricas com sucesso (falhas: 0, total até agora: sucesso=18, falha=0)
[20250511_145057] WARN: sem dados para cpu_throttled_time
[20250511_145057] WARN: sem dados para memory_usage_noisy_victim_ratio
[20250511_145057] WARN: sem dados para resource_dominance_index
[20250511_145057] WARN: sem dados para cpu_throttled_ratio
[20250511_145057] WARN: sem dados para memory_pressure
[20250511_145057] WARN: sem dados para postgres_connections
[20250511_145057] WARN: sem dados para postgres_transactions
[20250511_145057] WARN: sem dados para cpu_usage_noisy_victim_ratio
[20250511_145057] WARN: sem dados para postgres_disk_io
[20250511_145057] WARN: sem dados para network_usage_noisy_victim_ratio
[20250511_145057] WARN: sem dados para latency_process_time
[20250511_145057] INFO: Coletadas 129 métricas com sucesso (falhas: 0, total até agora: sucesso=19, falha=0)
[20250511_145103] WARN: sem dados para cpu_throttled_time
[20250511_145103] WARN: sem dados para memory_usage_noisy_victim_ratio
[20250511_145103] WARN: sem dados para resource_dominance_index
[20250511_145103] WARN: sem dados para cpu_throttled_ratio
[20250511_145103] WARN: sem dados para memory_pressure
[20250511_145103] WARN: sem dados para postgres_connections
[20250511_145103] WARN: sem dados para postgres_transactions
[20250511_145103] WARN: sem dados para cpu_usage_noisy_victim_ratio
[20250511_145103] WARN: sem dados para postgres_disk_io
[20250511_145103] WARN: sem dados para network_usage_noisy_victim_ratio
[20250511_145103] WARN: sem dados para latency_process_time
[20250511_145103] INFO: Coletadas 129 métricas com sucesso (falhas: 0, total até agora: sucesso=20, falha=0)
[20250511_145109] Verificando pods em todos os namespaces:
NAMESPACE        NAME                                                     READY   STATUS      RESTARTS   AGE
ingress-nginx    ingress-nginx-controller-77ff9b8cfc-pxppq                1/1     Running     0          26m
kube-system      calico-kube-controllers-5745477d4d-x72lp                 1/1     Running     0          28m
kube-system      calico-node-lpsv9                                        1/1     Running     0          28m
kube-system      coredns-668d6bf9bc-n7rts                                 1/1     Running     0          28m
kube-system      etcd-minikube                                            1/1     Running     0          28m
kube-system      kube-apiserver-minikube                                  1/1     Running     0          28m
kube-system      kube-controller-manager-minikube                         1/1     Running     0          28m
kube-system      kube-proxy-h4mr6                                         1/1     Running     0          28m
kube-system      kube-scheduler-minikube                                  1/1     Running     0          28m
kube-system      metrics-server-7fbb699795-4l2vd                          1/1     Running     0          28m
kube-system      storage-provisioner                                      1/1     Running     0          28m
metallb-system   controller-bb5f47665-9rcc4                               1/1     Running     0          23m
metallb-system   speaker-7662w                                            1/1     Running     0          23m
monitoring       alertmanager-prometheus-kube-prometheus-alertmanager-0   2/2     Running     0          27m
monitoring       blackbox-exporter-849545489b-wtt89                       1/1     Running     0          22m
monitoring       prometheus-grafana-779f94ccc5-5lk4r                      3/3     Running     0          27m
monitoring       prometheus-kube-prometheus-operator-58dbc8bb4f-ctfhn     1/1     Running     0          27m
monitoring       prometheus-kube-state-metrics-5bc7f89f46-svw6t           1/1     Running     0          27m
monitoring       prometheus-prometheus-kube-prometheus-prometheus-0       2/2     Running     0          27m
monitoring       prometheus-prometheus-node-exporter-xrbld                1/1     Running     0          27m
tenant-a         iperf-server-d79fbdf6c-qjqz9                             1/1     Running     0          22m
tenant-a         nginx-benchmark-dkk7l                                    0/1     Completed   0          22m
tenant-a         nginx-deployment-56fc57d4-fpfz9                          1/1     Running     0          22m
tenant-a         nginx-deployment-56fc57d4-klrxk                          1/1     Running     0          22m
tenant-a         nginx-deployment-56fc57d4-kqmzs                          1/1     Running     0          22m
tenant-c         continuous-memory-stress-mrb4p                           1/1     Running     0          21m
tenant-c         memory-monitor-cfd7584c6-r6ptx                           1/1     Running     0          21m
tenant-c         redis-deployment-6f5c56db8b-7ccsd                        1/1     Running     0          21m
tenant-d         cpu-intensive-continuous-z687p                           0/1     Completed   0          21m
tenant-d         disk-intensive-continuous-xmkbm                          0/1     Completed   0          19m
tenant-d         pgbench-continuous-workload-ch9sl                        0/1     Completed   0          21m
tenant-d         pgbench-init-fb68l                                       0/1     Completed   0          21m
tenant-d         postgres-5dc855c4cc-jr5v2                                2/2     Running     0          21m
[20250511_145109] WARN: sem dados para cpu_throttled_time
[20250511_145109] WARN: sem dados para memory_usage_noisy_victim_ratio
[20250511_145109] WARN: sem dados para resource_dominance_index
[20250511_145109] WARN: sem dados para cpu_throttled_ratio
[20250511_145109] WARN: sem dados para memory_pressure
[20250511_145109] WARN: sem dados para postgres_connections
[20250511_145109] WARN: sem dados para postgres_transactions
[20250511_145109] WARN: sem dados para cpu_usage_noisy_victim_ratio
[20250511_145109] WARN: sem dados para postgres_disk_io
[20250511_145109] WARN: sem dados para network_usage_noisy_victim_ratio
[20250511_145109] WARN: sem dados para latency_process_time
[20250511_145109] INFO: Coletadas 129 métricas com sucesso (falhas: 0, total até agora: sucesso=21, falha=0)
[20250511_145115] WARN: sem dados para cpu_throttled_time
[20250511_145115] WARN: sem dados para memory_usage_noisy_victim_ratio
[20250511_145115] WARN: sem dados para resource_dominance_index
[20250511_145115] WARN: sem dados para cpu_throttled_ratio
[20250511_145115] WARN: sem dados para memory_pressure
[20250511_145115] WARN: sem dados para postgres_connections
[20250511_145115] WARN: sem dados para postgres_transactions
[20250511_145115] WARN: sem dados para cpu_usage_noisy_victim_ratio
[20250511_145115] WARN: sem dados para postgres_disk_io
[20250511_145115] WARN: sem dados para network_usage_noisy_victim_ratio
[20250511_145115] WARN: sem dados para latency_process_time
[20250511_145115] INFO: Coletadas 129 métricas com sucesso (falhas: 0, total até agora: sucesso=22, falha=0)
[20250511_145121] WARN: sem dados para cpu_throttled_time
[20250511_145121] WARN: sem dados para memory_usage_noisy_victim_ratio
[20250511_145121] WARN: sem dados para resource_dominance_index
[20250511_145121] WARN: sem dados para cpu_throttled_ratio
[20250511_145121] WARN: sem dados para memory_pressure
[20250511_145121] WARN: sem dados para postgres_connections
[20250511_145121] WARN: sem dados para postgres_transactions
[20250511_145121] WARN: sem dados para cpu_usage_noisy_victim_ratio
[20250511_145121] WARN: sem dados para postgres_disk_io
[20250511_145121] WARN: sem dados para network_usage_noisy_victim_ratio
[20250511_145121] WARN: sem dados para latency_process_time
[20250511_145121] INFO: Coletadas 129 métricas com sucesso (falhas: 0, total até agora: sucesso=23, falha=0)
[20250511_145127] WARN: sem dados para cpu_throttled_time
[20250511_145127] WARN: sem dados para memory_usage_noisy_victim_ratio
[20250511_145127] WARN: sem dados para resource_dominance_index
[20250511_145127] WARN: sem dados para cpu_throttled_ratio
[20250511_145127] WARN: sem dados para memory_pressure
[20250511_145127] WARN: sem dados para postgres_connections
[20250511_145127] WARN: sem dados para postgres_transactions
[20250511_145127] WARN: sem dados para cpu_usage_noisy_victim_ratio
[20250511_145127] WARN: sem dados para postgres_disk_io
[20250511_145127] WARN: sem dados para network_usage_noisy_victim_ratio
[20250511_145127] WARN: sem dados para latency_process_time
[20250511_145127] INFO: Coletadas 129 métricas com sucesso (falhas: 0, total até agora: sucesso=24, falha=0)
[20250511_145133] WARN: sem dados para cpu_throttled_time
[20250511_145133] WARN: sem dados para memory_usage_noisy_victim_ratio
[20250511_145133] WARN: sem dados para resource_dominance_index
[20250511_145133] WARN: sem dados para cpu_throttled_ratio
[20250511_145133] WARN: sem dados para memory_pressure
[20250511_145133] WARN: sem dados para postgres_connections
[20250511_145133] WARN: sem dados para postgres_transactions
[20250511_145133] WARN: sem dados para cpu_usage_noisy_victim_ratio
[20250511_145133] WARN: sem dados para postgres_disk_io
[20250511_145133] WARN: sem dados para network_usage_noisy_victim_ratio
[20250511_145133] WARN: sem dados para latency_process_time
[20250511_145133] INFO: Coletadas 129 métricas com sucesso (falhas: 0, total até agora: sucesso=25, falha=0)
[20250511_145139] WARN: sem dados para cpu_throttled_time
[20250511_145139] WARN: sem dados para memory_usage_noisy_victim_ratio
[20250511_145139] WARN: sem dados para resource_dominance_index
[20250511_145139] WARN: sem dados para cpu_throttled_ratio
[20250511_145139] WARN: sem dados para memory_pressure
[20250511_145139] WARN: sem dados para postgres_connections
[20250511_145139] WARN: sem dados para postgres_transactions
[20250511_145139] WARN: sem dados para cpu_usage_noisy_victim_ratio
[20250511_145139] WARN: sem dados para postgres_disk_io
[20250511_145139] WARN: sem dados para network_usage_noisy_victim_ratio
[20250511_145139] WARN: sem dados para latency_process_time
[20250511_145139] INFO: Coletadas 129 métricas com sucesso (falhas: 0, total até agora: sucesso=26, falha=0)
[20250511_145145] WARN: sem dados para cpu_throttled_time
[20250511_145145] WARN: sem dados para memory_usage_noisy_victim_ratio
[20250511_145145] WARN: sem dados para resource_dominance_index
[20250511_145145] WARN: sem dados para cpu_throttled_ratio
[20250511_145145] WARN: sem dados para memory_pressure
[20250511_145145] WARN: sem dados para postgres_connections
[20250511_145145] WARN: sem dados para postgres_transactions
[20250511_145145] WARN: sem dados para cpu_usage_noisy_victim_ratio
[20250511_145145] WARN: sem dados para postgres_disk_io
[20250511_145145] WARN: sem dados para network_usage_noisy_victim_ratio
[20250511_145145] WARN: sem dados para latency_process_time
[20250511_145145] INFO: Coletadas 129 métricas com sucesso (falhas: 0, total até agora: sucesso=27, falha=0)
[20250511_145151] WARN: sem dados para cpu_throttled_time
[20250511_145151] WARN: sem dados para memory_usage_noisy_victim_ratio
[20250511_145151] WARN: sem dados para resource_dominance_index
[20250511_145151] WARN: sem dados para cpu_throttled_ratio
[20250511_145151] WARN: sem dados para memory_pressure
[20250511_145151] WARN: sem dados para postgres_connections
[20250511_145151] WARN: sem dados para postgres_transactions
[20250511_145151] WARN: sem dados para cpu_usage_noisy_victim_ratio
[20250511_145151] WARN: sem dados para postgres_disk_io
[20250511_145151] WARN: sem dados para network_usage_noisy_victim_ratio
[20250511_145151] WARN: sem dados para latency_process_time
[20250511_145151] INFO: Coletadas 129 métricas com sucesso (falhas: 0, total até agora: sucesso=28, falha=0)
[20250511_145157] WARN: sem dados para cpu_throttled_time
[20250511_145157] WARN: sem dados para memory_usage_noisy_victim_ratio
[20250511_145157] WARN: sem dados para resource_dominance_index
[20250511_145157] WARN: sem dados para cpu_throttled_ratio
[20250511_145157] WARN: sem dados para memory_pressure
[20250511_145157] WARN: sem dados para postgres_connections
[20250511_145157] WARN: sem dados para postgres_transactions
[20250511_145157] WARN: sem dados para cpu_usage_noisy_victim_ratio
[20250511_145157] WARN: sem dados para postgres_disk_io
[20250511_145157] WARN: sem dados para network_usage_noisy_victim_ratio
[20250511_145157] WARN: sem dados para latency_process_time
[20250511_145157] INFO: Coletadas 129 métricas com sucesso (falhas: 0, total até agora: sucesso=29, falha=0)
[20250511_145203] WARN: sem dados para cpu_throttled_time
[20250511_145203] WARN: sem dados para memory_usage_noisy_victim_ratio
[20250511_145203] WARN: sem dados para resource_dominance_index
[20250511_145203] WARN: sem dados para cpu_throttled_ratio
[20250511_145203] WARN: sem dados para memory_pressure
[20250511_145203] WARN: sem dados para postgres_connections
[20250511_145203] WARN: sem dados para postgres_transactions
[20250511_145203] WARN: sem dados para cpu_usage_noisy_victim_ratio
[20250511_145203] WARN: sem dados para postgres_disk_io
[20250511_145203] WARN: sem dados para network_usage_noisy_victim_ratio
[20250511_145203] WARN: sem dados para latency_process_time
[20250511_145203] INFO: Coletadas 129 métricas com sucesso (falhas: 0, total até agora: sucesso=30, falha=0)
[20250511_145209] Verificando pods em todos os namespaces:
NAMESPACE        NAME                                                     READY   STATUS      RESTARTS   AGE
ingress-nginx    ingress-nginx-controller-77ff9b8cfc-pxppq                1/1     Running     0          27m
kube-system      calico-kube-controllers-5745477d4d-x72lp                 1/1     Running     0          29m
kube-system      calico-node-lpsv9                                        1/1     Running     0          29m
kube-system      coredns-668d6bf9bc-n7rts                                 1/1     Running     0          29m
kube-system      etcd-minikube                                            1/1     Running     0          29m
kube-system      kube-apiserver-minikube                                  1/1     Running     0          29m
kube-system      kube-controller-manager-minikube                         1/1     Running     0          29m
kube-system      kube-proxy-h4mr6                                         1/1     Running     0          29m
kube-system      kube-scheduler-minikube                                  1/1     Running     0          29m
kube-system      metrics-server-7fbb699795-4l2vd                          1/1     Running     0          29m
kube-system      storage-provisioner                                      1/1     Running     0          29m
metallb-system   controller-bb5f47665-9rcc4                               1/1     Running     0          24m
metallb-system   speaker-7662w                                            1/1     Running     0          24m
monitoring       alertmanager-prometheus-kube-prometheus-alertmanager-0   2/2     Running     0          28m
monitoring       blackbox-exporter-849545489b-wtt89                       1/1     Running     0          23m
monitoring       prometheus-grafana-779f94ccc5-5lk4r                      3/3     Running     0          28m
monitoring       prometheus-kube-prometheus-operator-58dbc8bb4f-ctfhn     1/1     Running     0          28m
monitoring       prometheus-kube-state-metrics-5bc7f89f46-svw6t           1/1     Running     0          28m
monitoring       prometheus-prometheus-kube-prometheus-prometheus-0       2/2     Running     0          28m
monitoring       prometheus-prometheus-node-exporter-xrbld                1/1     Running     0          28m
tenant-a         iperf-server-d79fbdf6c-qjqz9                             1/1     Running     0          23m
tenant-a         nginx-benchmark-dkk7l                                    0/1     Completed   0          23m
tenant-a         nginx-deployment-56fc57d4-fpfz9                          1/1     Running     0          23m
tenant-a         nginx-deployment-56fc57d4-klrxk                          1/1     Running     0          23m
tenant-a         nginx-deployment-56fc57d4-kqmzs                          1/1     Running     0          23m
tenant-c         continuous-memory-stress-mrb4p                           1/1     Running     0          22m
tenant-c         memory-monitor-cfd7584c6-r6ptx                           1/1     Running     0          22m
tenant-c         redis-deployment-6f5c56db8b-7ccsd                        1/1     Running     0          22m
tenant-d         cpu-intensive-continuous-z687p                           0/1     Completed   0          22m
tenant-d         disk-intensive-continuous-xmkbm                          0/1     Completed   0          20m
tenant-d         pgbench-continuous-workload-ch9sl                        0/1     Completed   0          22m
tenant-d         pgbench-init-fb68l                                       0/1     Completed   0          22m
tenant-d         postgres-5dc855c4cc-jr5v2                                2/2     Running     0          22m
[20250511_145209] WARN: sem dados para cpu_throttled_time
[20250511_145209] WARN: sem dados para memory_usage_noisy_victim_ratio
[20250511_145209] WARN: sem dados para resource_dominance_index
[20250511_145209] WARN: sem dados para cpu_throttled_ratio
[20250511_145209] WARN: sem dados para memory_pressure
[20250511_145209] WARN: sem dados para postgres_connections
[20250511_145209] WARN: sem dados para postgres_transactions
[20250511_145209] WARN: sem dados para cpu_usage_noisy_victim_ratio
[20250511_145209] WARN: sem dados para postgres_disk_io
[20250511_145209] WARN: sem dados para network_usage_noisy_victim_ratio
[20250511_145209] WARN: sem dados para latency_process_time
[20250511_145209] INFO: Coletadas 129 métricas com sucesso (falhas: 0, total até agora: sucesso=31, falha=0)
[20250511_145215] WARN: sem dados para cpu_throttled_time
[20250511_145215] WARN: sem dados para memory_usage_noisy_victim_ratio
[20250511_145215] WARN: sem dados para resource_dominance_index
[20250511_145215] WARN: sem dados para cpu_throttled_ratio
[20250511_145215] WARN: sem dados para memory_pressure
[20250511_145215] WARN: sem dados para postgres_connections
[20250511_145215] WARN: sem dados para postgres_transactions
[20250511_145215] WARN: sem dados para cpu_usage_noisy_victim_ratio
[20250511_145215] WARN: sem dados para postgres_disk_io
[20250511_145215] WARN: sem dados para network_usage_noisy_victim_ratio
[20250511_145215] WARN: sem dados para latency_process_time
[20250511_145215] INFO: Coletadas 129 métricas com sucesso (falhas: 0, total até agora: sucesso=32, falha=0)
[20250511_145221] WARN: sem dados para cpu_throttled_time
[20250511_145221] WARN: sem dados para memory_usage_noisy_victim_ratio
[20250511_145221] WARN: sem dados para resource_dominance_index
[20250511_145221] WARN: sem dados para cpu_throttled_ratio
[20250511_145221] WARN: sem dados para memory_pressure
[20250511_145221] WARN: sem dados para postgres_connections
[20250511_145221] WARN: sem dados para postgres_transactions
[20250511_145221] WARN: sem dados para cpu_usage_noisy_victim_ratio
[20250511_145221] WARN: sem dados para postgres_disk_io
[20250511_145221] WARN: sem dados para network_usage_noisy_victim_ratio
[20250511_145221] WARN: sem dados para latency_process_time
[20250511_145221] INFO: Coletadas 129 métricas com sucesso (falhas: 0, total até agora: sucesso=33, falha=0)
[20250511_145227] WARN: sem dados para cpu_throttled_time
[20250511_145227] WARN: sem dados para memory_usage_noisy_victim_ratio
[20250511_145227] WARN: sem dados para resource_dominance_index
[20250511_145227] WARN: sem dados para cpu_throttled_ratio
[20250511_145227] WARN: sem dados para memory_pressure
[20250511_145227] WARN: sem dados para postgres_connections
[20250511_145227] WARN: sem dados para postgres_transactions
[20250511_145227] WARN: sem dados para cpu_usage_noisy_victim_ratio
[20250511_145227] WARN: sem dados para postgres_disk_io
[20250511_145227] WARN: sem dados para network_usage_noisy_victim_ratio
[20250511_145227] WARN: sem dados para latency_process_time
[20250511_145227] INFO: Coletadas 129 métricas com sucesso (falhas: 0, total até agora: sucesso=34, falha=0)
[20250511_145233] WARN: sem dados para cpu_throttled_time
[20250511_145233] WARN: sem dados para memory_usage_noisy_victim_ratio
[20250511_145233] WARN: sem dados para resource_dominance_index
[20250511_145233] WARN: sem dados para cpu_throttled_ratio
[20250511_145233] WARN: sem dados para memory_pressure
[20250511_145233] WARN: sem dados para postgres_connections
[20250511_145233] WARN: sem dados para postgres_transactions
[20250511_145233] WARN: sem dados para cpu_usage_noisy_victim_ratio
[20250511_145233] WARN: sem dados para postgres_disk_io
[20250511_145233] WARN: sem dados para network_usage_noisy_victim_ratio
[20250511_145233] WARN: sem dados para latency_process_time
[20250511_145233] INFO: Coletadas 129 métricas com sucesso (falhas: 0, total até agora: sucesso=35, falha=0)
[20250511_145239] WARN: sem dados para cpu_throttled_time
[20250511_145239] WARN: sem dados para memory_usage_noisy_victim_ratio
[20250511_145239] WARN: sem dados para resource_dominance_index
[20250511_145239] WARN: sem dados para cpu_throttled_ratio
[20250511_145239] WARN: sem dados para memory_pressure
[20250511_145239] WARN: sem dados para postgres_connections
[20250511_145239] WARN: sem dados para postgres_transactions
[20250511_145239] WARN: sem dados para cpu_usage_noisy_victim_ratio
[20250511_145239] WARN: sem dados para postgres_disk_io
[20250511_145239] WARN: sem dados para network_usage_noisy_victim_ratio
[20250511_145239] WARN: sem dados para latency_process_time
[20250511_145239] INFO: Coletadas 129 métricas com sucesso (falhas: 0, total até agora: sucesso=36, falha=0)
[20250511_145245] WARN: sem dados para cpu_throttled_time
[20250511_145245] WARN: sem dados para memory_usage_noisy_victim_ratio
[20250511_145245] WARN: sem dados para resource_dominance_index
[20250511_145245] WARN: sem dados para cpu_throttled_ratio
[20250511_145245] WARN: sem dados para memory_pressure
[20250511_145245] WARN: sem dados para postgres_connections
[20250511_145245] WARN: sem dados para postgres_transactions
[20250511_145245] WARN: sem dados para cpu_usage_noisy_victim_ratio
[20250511_145245] WARN: sem dados para postgres_disk_io
[20250511_145245] WARN: sem dados para network_usage_noisy_victim_ratio
[20250511_145245] WARN: sem dados para latency_process_time
[20250511_145245] INFO: Coletadas 129 métricas com sucesso (falhas: 0, total até agora: sucesso=37, falha=0)
[20250511_145251] WARN: sem dados para cpu_throttled_time
[20250511_145251] WARN: sem dados para memory_usage_noisy_victim_ratio
[20250511_145251] WARN: sem dados para resource_dominance_index
[20250511_145251] WARN: sem dados para cpu_throttled_ratio
[20250511_145251] WARN: sem dados para memory_pressure
[20250511_145251] WARN: sem dados para postgres_connections
[20250511_145251] WARN: sem dados para postgres_transactions
[20250511_145251] WARN: sem dados para cpu_usage_noisy_victim_ratio
[20250511_145251] WARN: sem dados para postgres_disk_io
[20250511_145251] WARN: sem dados para network_usage_noisy_victim_ratio
[20250511_145251] WARN: sem dados para latency_process_time
[20250511_145251] INFO: Coletadas 129 métricas com sucesso (falhas: 0, total até agora: sucesso=38, falha=0)
[20250511_145257] WARN: sem dados para cpu_throttled_time
[20250511_145257] WARN: sem dados para memory_usage_noisy_victim_ratio
[20250511_145257] WARN: sem dados para resource_dominance_index
[20250511_145257] WARN: sem dados para cpu_throttled_ratio
[20250511_145257] WARN: sem dados para memory_pressure
[20250511_145257] WARN: sem dados para postgres_connections
[20250511_145257] WARN: sem dados para postgres_transactions
[20250511_145257] WARN: sem dados para cpu_usage_noisy_victim_ratio
[20250511_145257] WARN: sem dados para postgres_disk_io
[20250511_145257] WARN: sem dados para network_usage_noisy_victim_ratio
[20250511_145257] WARN: sem dados para latency_process_time
[20250511_145257] INFO: Coletadas 129 métricas com sucesso (falhas: 0, total até agora: sucesso=39, falha=0)
[20250511_145303] WARN: sem dados para cpu_throttled_time
[20250511_145303] WARN: sem dados para memory_usage_noisy_victim_ratio
[20250511_145303] WARN: sem dados para resource_dominance_index
[20250511_145303] WARN: sem dados para cpu_throttled_ratio
[20250511_145303] WARN: sem dados para memory_pressure
[20250511_145303] WARN: sem dados para postgres_connections
[20250511_145303] WARN: sem dados para postgres_transactions
[20250511_145303] WARN: sem dados para cpu_usage_noisy_victim_ratio
[20250511_145303] WARN: sem dados para postgres_disk_io
[20250511_145303] WARN: sem dados para network_usage_noisy_victim_ratio
[20250511_145303] WARN: sem dados para latency_process_time
[20250511_145303] INFO: Coletadas 129 métricas com sucesso (falhas: 0, total até agora: sucesso=40, falha=0)
[20250511_145309] Verificando pods em todos os namespaces:
NAMESPACE        NAME                                                     READY   STATUS      RESTARTS   AGE
ingress-nginx    ingress-nginx-controller-77ff9b8cfc-pxppq                1/1     Running     0          28m
kube-system      calico-kube-controllers-5745477d4d-x72lp                 1/1     Running     0          30m
kube-system      calico-node-lpsv9                                        1/1     Running     0          30m
kube-system      coredns-668d6bf9bc-n7rts                                 1/1     Running     0          30m
kube-system      etcd-minikube                                            1/1     Running     0          30m
kube-system      kube-apiserver-minikube                                  1/1     Running     0          30m
kube-system      kube-controller-manager-minikube                         1/1     Running     0          30m
kube-system      kube-proxy-h4mr6                                         1/1     Running     0          30m
kube-system      kube-scheduler-minikube                                  1/1     Running     0          30m
kube-system      metrics-server-7fbb699795-4l2vd                          1/1     Running     0          30m
kube-system      storage-provisioner                                      1/1     Running     0          30m
metallb-system   controller-bb5f47665-9rcc4                               1/1     Running     0          25m
metallb-system   speaker-7662w                                            1/1     Running     0          25m
monitoring       alertmanager-prometheus-kube-prometheus-alertmanager-0   2/2     Running     0          29m
monitoring       blackbox-exporter-849545489b-wtt89                       1/1     Running     0          24m
monitoring       prometheus-grafana-779f94ccc5-5lk4r                      3/3     Running     0          29m
monitoring       prometheus-kube-prometheus-operator-58dbc8bb4f-ctfhn     1/1     Running     0          29m
monitoring       prometheus-kube-state-metrics-5bc7f89f46-svw6t           1/1     Running     0          29m
monitoring       prometheus-prometheus-kube-prometheus-prometheus-0       2/2     Running     0          29m
monitoring       prometheus-prometheus-node-exporter-xrbld                1/1     Running     0          29m
tenant-a         iperf-server-d79fbdf6c-qjqz9                             1/1     Running     0          24m
tenant-a         nginx-benchmark-dkk7l                                    0/1     Completed   0          24m
tenant-a         nginx-deployment-56fc57d4-fpfz9                          1/1     Running     0          24m
tenant-a         nginx-deployment-56fc57d4-klrxk                          1/1     Running     0          24m
tenant-a         nginx-deployment-56fc57d4-kqmzs                          1/1     Running     0          24m
tenant-c         continuous-memory-stress-mrb4p                           1/1     Running     0          23m
tenant-c         memory-monitor-cfd7584c6-r6ptx                           1/1     Running     0          23m
tenant-c         redis-deployment-6f5c56db8b-7ccsd                        1/1     Running     0          23m
tenant-d         cpu-intensive-continuous-z687p                           0/1     Completed   0          23m
tenant-d         disk-intensive-continuous-xmkbm                          0/1     Completed   0          21m
tenant-d         pgbench-continuous-workload-ch9sl                        0/1     Completed   0          23m
tenant-d         pgbench-init-fb68l                                       0/1     Completed   0          23m
tenant-d         postgres-5dc855c4cc-jr5v2                                2/2     Running     0          23m
[20250511_145309] WARN: sem dados para cpu_throttled_time
[20250511_145309] WARN: sem dados para memory_usage_noisy_victim_ratio
[20250511_145309] WARN: sem dados para resource_dominance_index
[20250511_145309] WARN: sem dados para cpu_throttled_ratio
[20250511_145309] WARN: sem dados para memory_pressure
[20250511_145309] WARN: sem dados para postgres_connections
[20250511_145309] WARN: sem dados para postgres_transactions
[20250511_145309] WARN: sem dados para cpu_usage_noisy_victim_ratio
[20250511_145309] WARN: sem dados para postgres_disk_io
[20250511_145309] WARN: sem dados para network_usage_noisy_victim_ratio
[20250511_145309] WARN: sem dados para latency_process_time
[20250511_145309] INFO: Coletadas 129 métricas com sucesso (falhas: 0, total até agora: sucesso=41, falha=0)
[20250511_145315] WARN: sem dados para cpu_throttled_time
[20250511_145315] WARN: sem dados para memory_usage_noisy_victim_ratio
[20250511_145315] WARN: sem dados para resource_dominance_index
[20250511_145315] WARN: sem dados para cpu_throttled_ratio
[20250511_145315] WARN: sem dados para memory_pressure
[20250511_145315] WARN: sem dados para postgres_connections
[20250511_145315] WARN: sem dados para postgres_transactions
[20250511_145315] WARN: sem dados para cpu_usage_noisy_victim_ratio
[20250511_145315] WARN: sem dados para postgres_disk_io
[20250511_145315] WARN: sem dados para network_usage_noisy_victim_ratio
[20250511_145315] WARN: sem dados para latency_process_time
[20250511_145315] INFO: Coletadas 129 métricas com sucesso (falhas: 0, total até agora: sucesso=42, falha=0)
[20250511_145321] WARN: sem dados para cpu_throttled_time
[20250511_145321] WARN: sem dados para memory_usage_noisy_victim_ratio
[20250511_145321] WARN: sem dados para resource_dominance_index
[20250511_145321] WARN: sem dados para cpu_throttled_ratio
[20250511_145321] WARN: sem dados para memory_pressure
[20250511_145321] WARN: sem dados para postgres_connections
[20250511_145321] WARN: sem dados para postgres_transactions
[20250511_145321] WARN: sem dados para cpu_usage_noisy_victim_ratio
[20250511_145321] WARN: sem dados para postgres_disk_io
[20250511_145321] WARN: sem dados para network_usage_noisy_victim_ratio
[20250511_145321] WARN: sem dados para latency_process_time
[20250511_145321] INFO: Coletadas 129 métricas com sucesso (falhas: 0, total até agora: sucesso=43, falha=0)
[20250511_145327] WARN: sem dados para cpu_throttled_time
[20250511_145327] WARN: sem dados para memory_usage_noisy_victim_ratio
[20250511_145327] WARN: sem dados para resource_dominance_index
[20250511_145327] WARN: sem dados para cpu_throttled_ratio
[20250511_145327] WARN: sem dados para memory_pressure
[20250511_145327] WARN: sem dados para postgres_connections
[20250511_145327] WARN: sem dados para postgres_transactions
[20250511_145327] WARN: sem dados para cpu_usage_noisy_victim_ratio
[20250511_145327] WARN: sem dados para postgres_disk_io
[20250511_145327] WARN: sem dados para network_usage_noisy_victim_ratio
[20250511_145327] WARN: sem dados para latency_process_time
[20250511_145327] INFO: Coletadas 129 métricas com sucesso (falhas: 0, total até agora: sucesso=44, falha=0)
[20250511_145333] WARN: sem dados para cpu_throttled_time
[20250511_145333] WARN: sem dados para memory_usage_noisy_victim_ratio
[20250511_145333] WARN: sem dados para resource_dominance_index
[20250511_145333] WARN: sem dados para cpu_throttled_ratio
[20250511_145333] WARN: sem dados para memory_pressure
[20250511_145333] WARN: sem dados para postgres_connections
[20250511_145333] WARN: sem dados para postgres_transactions
[20250511_145333] WARN: sem dados para cpu_usage_noisy_victim_ratio
[20250511_145333] WARN: sem dados para postgres_disk_io
[20250511_145333] WARN: sem dados para network_usage_noisy_victim_ratio
[20250511_145333] WARN: sem dados para latency_process_time
[20250511_145333] INFO: Coletadas 129 métricas com sucesso (falhas: 0, total até agora: sucesso=45, falha=0)
[20250511_145339] WARN: sem dados para cpu_throttled_time
[20250511_145339] WARN: sem dados para memory_usage_noisy_victim_ratio
[20250511_145339] WARN: sem dados para resource_dominance_index
[20250511_145339] WARN: sem dados para cpu_throttled_ratio
[20250511_145339] WARN: sem dados para memory_pressure
[20250511_145339] WARN: sem dados para postgres_connections
[20250511_145339] WARN: sem dados para postgres_transactions
[20250511_145339] WARN: sem dados para cpu_usage_noisy_victim_ratio
[20250511_145339] WARN: sem dados para postgres_disk_io
[20250511_145339] WARN: sem dados para network_usage_noisy_victim_ratio
[20250511_145339] WARN: sem dados para latency_process_time
[20250511_145339] INFO: Coletadas 129 métricas com sucesso (falhas: 0, total até agora: sucesso=46, falha=0)
[20250511_145345] WARN: sem dados para cpu_throttled_time
[20250511_145345] WARN: sem dados para memory_usage_noisy_victim_ratio
[20250511_145345] WARN: sem dados para resource_dominance_index
[20250511_145345] WARN: sem dados para cpu_throttled_ratio
[20250511_145345] WARN: sem dados para memory_pressure
[20250511_145345] WARN: sem dados para postgres_connections
[20250511_145345] WARN: sem dados para postgres_transactions
[20250511_145345] WARN: sem dados para cpu_usage_noisy_victim_ratio
[20250511_145345] WARN: sem dados para postgres_disk_io
[20250511_145345] WARN: sem dados para network_usage_noisy_victim_ratio
[20250511_145345] WARN: sem dados para latency_process_time
[20250511_145345] INFO: Coletadas 129 métricas com sucesso (falhas: 0, total até agora: sucesso=47, falha=0)
[20250511_145351] WARN: sem dados para cpu_throttled_time
[20250511_145351] WARN: sem dados para memory_usage_noisy_victim_ratio
[20250511_145351] WARN: sem dados para resource_dominance_index
[20250511_145351] WARN: sem dados para cpu_throttled_ratio
[20250511_145351] WARN: sem dados para memory_pressure
[20250511_145351] WARN: sem dados para postgres_connections
[20250511_145351] WARN: sem dados para postgres_transactions
[20250511_145351] WARN: sem dados para cpu_usage_noisy_victim_ratio
[20250511_145351] WARN: sem dados para postgres_disk_io
[20250511_145351] WARN: sem dados para network_usage_noisy_victim_ratio
[20250511_145351] WARN: sem dados para latency_process_time
[20250511_145351] INFO: Coletadas 129 métricas com sucesso (falhas: 0, total até agora: sucesso=48, falha=0)
[20250511_145356] WARN: sem dados para cpu_throttled_time
[20250511_145356] WARN: sem dados para memory_usage_noisy_victim_ratio
[20250511_145356] WARN: sem dados para resource_dominance_index
[20250511_145356] WARN: sem dados para cpu_throttled_ratio
[20250511_145356] WARN: sem dados para memory_pressure
[20250511_145356] WARN: sem dados para postgres_connections
[20250511_145356] WARN: sem dados para postgres_transactions
[20250511_145356] WARN: sem dados para cpu_usage_noisy_victim_ratio
[20250511_145356] WARN: sem dados para postgres_disk_io
[20250511_145356] WARN: sem dados para network_usage_noisy_victim_ratio
[20250511_145356] WARN: sem dados para latency_process_time
[20250511_145356] INFO: Coletadas 129 métricas com sucesso (falhas: 0, total até agora: sucesso=49, falha=0)
[20250511_145402] WARN: sem dados para cpu_throttled_time
[20250511_145402] WARN: sem dados para memory_usage_noisy_victim_ratio
[20250511_145402] WARN: sem dados para resource_dominance_index
[20250511_145402] WARN: sem dados para cpu_throttled_ratio
[20250511_145402] WARN: sem dados para memory_pressure
[20250511_145402] WARN: sem dados para postgres_connections
[20250511_145402] WARN: sem dados para postgres_transactions
[20250511_145402] WARN: sem dados para cpu_usage_noisy_victim_ratio
[20250511_145402] WARN: sem dados para postgres_disk_io
[20250511_145402] WARN: sem dados para network_usage_noisy_victim_ratio
[20250511_145402] WARN: sem dados para latency_process_time
[20250511_145402] INFO: Coletadas 129 métricas com sucesso (falhas: 0, total até agora: sucesso=50, falha=0)
[20250511_145408] Verificando pods em todos os namespaces:
NAMESPACE        NAME                                                     READY   STATUS      RESTARTS   AGE
ingress-nginx    ingress-nginx-controller-77ff9b8cfc-pxppq                1/1     Running     0          29m
kube-system      calico-kube-controllers-5745477d4d-x72lp                 1/1     Running     0          31m
kube-system      calico-node-lpsv9                                        1/1     Running     0          31m
kube-system      coredns-668d6bf9bc-n7rts                                 1/1     Running     0          31m
kube-system      etcd-minikube                                            1/1     Running     0          31m
kube-system      kube-apiserver-minikube                                  1/1     Running     0          31m
kube-system      kube-controller-manager-minikube                         1/1     Running     0          31m
kube-system      kube-proxy-h4mr6                                         1/1     Running     0          31m
kube-system      kube-scheduler-minikube                                  1/1     Running     0          31m
kube-system      metrics-server-7fbb699795-4l2vd                          1/1     Running     0          31m
kube-system      storage-provisioner                                      1/1     Running     0          31m
metallb-system   controller-bb5f47665-9rcc4                               1/1     Running     0          26m
metallb-system   speaker-7662w                                            1/1     Running     0          26m
monitoring       alertmanager-prometheus-kube-prometheus-alertmanager-0   2/2     Running     0          30m
monitoring       blackbox-exporter-849545489b-wtt89                       1/1     Running     0          25m
monitoring       prometheus-grafana-779f94ccc5-5lk4r                      3/3     Running     0          30m
monitoring       prometheus-kube-prometheus-operator-58dbc8bb4f-ctfhn     1/1     Running     0          30m
monitoring       prometheus-kube-state-metrics-5bc7f89f46-svw6t           1/1     Running     0          30m
monitoring       prometheus-prometheus-kube-prometheus-prometheus-0       2/2     Running     0          30m
monitoring       prometheus-prometheus-node-exporter-xrbld                1/1     Running     0          30m
tenant-a         iperf-server-d79fbdf6c-qjqz9                             1/1     Running     0          25m
tenant-a         nginx-benchmark-dkk7l                                    0/1     Completed   0          25m
tenant-a         nginx-deployment-56fc57d4-fpfz9                          1/1     Running     0          25m
tenant-a         nginx-deployment-56fc57d4-klrxk                          1/1     Running     0          25m
tenant-a         nginx-deployment-56fc57d4-kqmzs                          1/1     Running     0          25m
tenant-c         continuous-memory-stress-mrb4p                           1/1     Running     0          24m
tenant-c         memory-monitor-cfd7584c6-r6ptx                           1/1     Running     0          24m
tenant-c         redis-deployment-6f5c56db8b-7ccsd                        1/1     Running     0          24m
tenant-d         cpu-intensive-continuous-z687p                           0/1     Completed   0          24m
tenant-d         disk-intensive-continuous-xmkbm                          0/1     Completed   0          22m
tenant-d         pgbench-continuous-workload-ch9sl                        0/1     Completed   0          24m
tenant-d         pgbench-init-fb68l                                       0/1     Completed   0          24m
tenant-d         postgres-5dc855c4cc-jr5v2                                2/2     Running     0          24m
[20250511_145408] WARN: sem dados para cpu_throttled_time
[20250511_145408] WARN: sem dados para memory_usage_noisy_victim_ratio
[20250511_145408] WARN: sem dados para resource_dominance_index
[20250511_145408] WARN: sem dados para cpu_throttled_ratio
[20250511_145408] WARN: sem dados para memory_pressure
[20250511_145408] WARN: sem dados para postgres_connections
[20250511_145408] WARN: sem dados para postgres_transactions
[20250511_145408] WARN: sem dados para cpu_usage_noisy_victim_ratio
[20250511_145408] WARN: sem dados para postgres_disk_io
[20250511_145408] WARN: sem dados para network_usage_noisy_victim_ratio
[20250511_145408] WARN: sem dados para latency_process_time
[20250511_145408] INFO: Coletadas 129 métricas com sucesso (falhas: 0, total até agora: sucesso=51, falha=0)
[20250511_145414] WARN: sem dados para cpu_throttled_time
[20250511_145414] WARN: sem dados para memory_usage_noisy_victim_ratio
[20250511_145414] WARN: sem dados para resource_dominance_index
[20250511_145414] WARN: sem dados para cpu_throttled_ratio
[20250511_145414] WARN: sem dados para memory_pressure
[20250511_145414] WARN: sem dados para postgres_connections
[20250511_145414] WARN: sem dados para postgres_transactions
[20250511_145414] WARN: sem dados para cpu_usage_noisy_victim_ratio
[20250511_145414] WARN: sem dados para postgres_disk_io
[20250511_145414] WARN: sem dados para network_usage_noisy_victim_ratio
[20250511_145414] WARN: sem dados para latency_process_time
[20250511_145414] INFO: Coletadas 129 métricas com sucesso (falhas: 0, total até agora: sucesso=52, falha=0)
[20250511_145420] WARN: sem dados para cpu_throttled_time
[20250511_145420] WARN: sem dados para memory_usage_noisy_victim_ratio
[20250511_145420] WARN: sem dados para resource_dominance_index
[20250511_145420] WARN: sem dados para cpu_throttled_ratio
[20250511_145420] WARN: sem dados para memory_pressure
[20250511_145420] WARN: sem dados para postgres_connections
[20250511_145420] WARN: sem dados para postgres_transactions
[20250511_145420] WARN: sem dados para cpu_usage_noisy_victim_ratio
[20250511_145420] WARN: sem dados para postgres_disk_io
[20250511_145420] WARN: sem dados para network_usage_noisy_victim_ratio
[20250511_145420] WARN: sem dados para latency_process_time
[20250511_145420] INFO: Coletadas 128 métricas com sucesso (falhas: 0, total até agora: sucesso=53, falha=0)
[20250511_145426] WARN: sem dados para cpu_throttled_time
[20250511_145426] WARN: sem dados para memory_usage_noisy_victim_ratio
[20250511_145426] WARN: sem dados para resource_dominance_index
[20250511_145426] WARN: sem dados para cpu_throttled_ratio
[20250511_145426] WARN: sem dados para memory_pressure
[20250511_145426] WARN: sem dados para postgres_connections
[20250511_145426] WARN: sem dados para postgres_transactions
[20250511_145426] WARN: sem dados para cpu_usage_noisy_victim_ratio
[20250511_145426] WARN: sem dados para postgres_disk_io
[20250511_145426] WARN: sem dados para network_usage_noisy_victim_ratio
[20250511_145426] WARN: sem dados para latency_process_time
[20250511_145426] INFO: Coletadas 128 métricas com sucesso (falhas: 0, total até agora: sucesso=54, falha=0)
[20250511_145432] WARN: sem dados para cpu_throttled_time
[20250511_145432] WARN: sem dados para memory_usage_noisy_victim_ratio
[20250511_145432] WARN: sem dados para resource_dominance_index
[20250511_145432] WARN: sem dados para cpu_throttled_ratio
[20250511_145432] WARN: sem dados para memory_pressure
[20250511_145432] WARN: sem dados para postgres_connections
[20250511_145432] WARN: sem dados para postgres_transactions
[20250511_145432] WARN: sem dados para cpu_usage_noisy_victim_ratio
[20250511_145432] WARN: sem dados para postgres_disk_io
[20250511_145432] WARN: sem dados para network_usage_noisy_victim_ratio
[20250511_145432] WARN: sem dados para latency_process_time
[20250511_145432] INFO: Coletadas 118 métricas com sucesso (falhas: 0, total até agora: sucesso=55, falha=0)
[20250511_145438] WARN: sem dados para cpu_throttled_time
[20250511_145438] WARN: sem dados para memory_usage_noisy_victim_ratio
[20250511_145438] WARN: sem dados para resource_dominance_index
[20250511_145438] WARN: sem dados para cpu_throttled_ratio
[20250511_145438] WARN: sem dados para memory_pressure
[20250511_145438] WARN: sem dados para postgres_connections
[20250511_145438] WARN: sem dados para postgres_transactions
[20250511_145438] WARN: sem dados para cpu_usage_noisy_victim_ratio
[20250511_145438] WARN: sem dados para postgres_disk_io
[20250511_145438] WARN: sem dados para network_usage_noisy_victim_ratio
[20250511_145438] WARN: sem dados para latency_process_time
[20250511_145438] INFO: Coletadas 118 métricas com sucesso (falhas: 0, total até agora: sucesso=56, falha=0)
[20250511_145444] WARN: sem dados para cpu_throttled_time
[20250511_145444] WARN: sem dados para memory_usage_noisy_victim_ratio
[20250511_145444] WARN: sem dados para resource_dominance_index
[20250511_145444] WARN: sem dados para cpu_throttled_ratio
[20250511_145444] WARN: sem dados para memory_pressure
[20250511_145444] WARN: sem dados para postgres_connections
[20250511_145444] WARN: sem dados para postgres_transactions
[20250511_145444] WARN: sem dados para cpu_usage_noisy_victim_ratio
[20250511_145444] WARN: sem dados para postgres_disk_io
[20250511_145444] WARN: sem dados para network_usage_noisy_victim_ratio
[20250511_145444] WARN: sem dados para latency_process_time
[20250511_145444] INFO: Coletadas 118 métricas com sucesso (falhas: 0, total até agora: sucesso=57, falha=0)
[20250511_145450] WARN: sem dados para cpu_throttled_time
[20250511_145450] WARN: sem dados para memory_usage_noisy_victim_ratio
[20250511_145450] WARN: sem dados para resource_dominance_index
[20250511_145450] WARN: sem dados para cpu_throttled_ratio
[20250511_145450] WARN: sem dados para memory_pressure
[20250511_145450] WARN: sem dados para postgres_connections
[20250511_145450] WARN: sem dados para postgres_transactions
[20250511_145450] WARN: sem dados para cpu_usage_noisy_victim_ratio
[20250511_145450] WARN: sem dados para postgres_disk_io
[20250511_145450] WARN: sem dados para network_usage_noisy_victim_ratio
[20250511_145450] WARN: sem dados para latency_process_time
[20250511_145450] INFO: Coletadas 118 métricas com sucesso (falhas: 0, total até agora: sucesso=58, falha=0)
[20250511_145456] WARN: sem dados para cpu_throttled_time
[20250511_145456] WARN: sem dados para memory_usage_noisy_victim_ratio
[20250511_145456] WARN: sem dados para resource_dominance_index
[20250511_145456] WARN: sem dados para cpu_throttled_ratio
[20250511_145456] WARN: sem dados para memory_pressure
[20250511_145456] WARN: sem dados para postgres_connections
[20250511_145456] WARN: sem dados para postgres_transactions
[20250511_145456] WARN: sem dados para cpu_usage_noisy_victim_ratio
[20250511_145456] WARN: sem dados para postgres_disk_io
[20250511_145456] WARN: sem dados para network_usage_noisy_victim_ratio
[20250511_145456] WARN: sem dados para latency_process_time
[20250511_145456] INFO: Coletadas 118 métricas com sucesso (falhas: 0, total até agora: sucesso=59, falha=0)
[20250511_145502] WARN: sem dados para cpu_throttled_time
[20250511_145502] WARN: sem dados para memory_usage_noisy_victim_ratio
[20250511_145502] WARN: sem dados para resource_dominance_index
[20250511_145502] WARN: sem dados para cpu_throttled_ratio
[20250511_145502] WARN: sem dados para memory_pressure
[20250511_145502] WARN: sem dados para postgres_connections
[20250511_145502] WARN: sem dados para postgres_transactions
[20250511_145502] WARN: sem dados para cpu_usage_noisy_victim_ratio
[20250511_145502] WARN: sem dados para postgres_disk_io
[20250511_145502] WARN: sem dados para network_usage_noisy_victim_ratio
[20250511_145502] WARN: sem dados para latency_process_time
[20250511_145502] INFO: Coletadas 117 métricas com sucesso (falhas: 0, total até agora: sucesso=60, falha=0)
[20250511_145508] Verificando pods em todos os namespaces:
NAMESPACE        NAME                                                     READY   STATUS      RESTARTS   AGE
ingress-nginx    ingress-nginx-controller-77ff9b8cfc-pxppq                1/1     Running     0          30m
kube-system      calico-kube-controllers-5745477d4d-x72lp                 1/1     Running     0          32m
kube-system      calico-node-lpsv9                                        1/1     Running     0          32m
kube-system      coredns-668d6bf9bc-n7rts                                 1/1     Running     0          32m
kube-system      etcd-minikube                                            1/1     Running     0          32m
kube-system      kube-apiserver-minikube                                  1/1     Running     0          32m
kube-system      kube-controller-manager-minikube                         1/1     Running     0          32m
kube-system      kube-proxy-h4mr6                                         1/1     Running     0          32m
kube-system      kube-scheduler-minikube                                  1/1     Running     0          32m
kube-system      metrics-server-7fbb699795-4l2vd                          1/1     Running     0          32m
kube-system      storage-provisioner                                      1/1     Running     0          32m
metallb-system   controller-bb5f47665-9rcc4                               1/1     Running     0          27m
metallb-system   speaker-7662w                                            1/1     Running     0          27m
monitoring       alertmanager-prometheus-kube-prometheus-alertmanager-0   2/2     Running     0          31m
monitoring       blackbox-exporter-849545489b-wtt89                       1/1     Running     0          26m
monitoring       prometheus-grafana-779f94ccc5-5lk4r                      3/3     Running     0          31m
monitoring       prometheus-kube-prometheus-operator-58dbc8bb4f-ctfhn     1/1     Running     0          31m
monitoring       prometheus-kube-state-metrics-5bc7f89f46-svw6t           1/1     Running     0          31m
monitoring       prometheus-prometheus-kube-prometheus-prometheus-0       2/2     Running     0          31m
monitoring       prometheus-prometheus-node-exporter-xrbld                1/1     Running     0          31m
tenant-a         iperf-server-d79fbdf6c-qjqz9                             1/1     Running     0          26m
tenant-a         nginx-benchmark-dkk7l                                    0/1     Completed   0          26m
tenant-a         nginx-deployment-56fc57d4-fpfz9                          1/1     Running     0          26m
tenant-a         nginx-deployment-56fc57d4-klrxk                          1/1     Running     0          26m
tenant-a         nginx-deployment-56fc57d4-kqmzs                          1/1     Running     0          26m
tenant-c         continuous-memory-stress-mrb4p                           1/1     Running     0          25m
tenant-c         memory-monitor-cfd7584c6-r6ptx                           1/1     Running     0          25m
tenant-c         redis-deployment-6f5c56db8b-7ccsd                        1/1     Running     0          25m
tenant-d         cpu-intensive-continuous-z687p                           0/1     Completed   0          25m
tenant-d         disk-intensive-continuous-xmkbm                          0/1     Completed   0          23m
tenant-d         pgbench-continuous-workload-ch9sl                        0/1     Completed   0          25m
tenant-d         pgbench-init-fb68l                                       0/1     Completed   0          25m
tenant-d         postgres-5dc855c4cc-jr5v2                                2/2     Running     0          25m
[20250511_145508] WARN: sem dados para cpu_throttled_time
[20250511_145508] WARN: sem dados para memory_usage_noisy_victim_ratio
[20250511_145508] WARN: sem dados para resource_dominance_index
[20250511_145508] WARN: sem dados para cpu_throttled_ratio
[20250511_145508] WARN: sem dados para memory_pressure
[20250511_145508] WARN: sem dados para postgres_connections
[20250511_145508] WARN: sem dados para postgres_transactions
[20250511_145508] WARN: sem dados para cpu_usage_noisy_victim_ratio
[20250511_145508] WARN: sem dados para postgres_disk_io
[20250511_145508] WARN: sem dados para network_usage_noisy_victim_ratio
[20250511_145508] WARN: sem dados para latency_process_time
[20250511_145508] INFO: Coletadas 117 métricas com sucesso (falhas: 0, total até agora: sucesso=61, falha=0)
[20250511_145514] WARN: sem dados para cpu_throttled_time
[20250511_145514] WARN: sem dados para memory_usage_noisy_victim_ratio
[20250511_145514] WARN: sem dados para resource_dominance_index
[20250511_145514] WARN: sem dados para cpu_throttled_ratio
[20250511_145514] WARN: sem dados para memory_pressure
[20250511_145514] WARN: sem dados para postgres_connections
[20250511_145514] WARN: sem dados para postgres_transactions
[20250511_145514] WARN: sem dados para cpu_usage_noisy_victim_ratio
[20250511_145514] WARN: sem dados para postgres_disk_io
[20250511_145514] WARN: sem dados para network_usage_noisy_victim_ratio
[20250511_145514] WARN: sem dados para latency_process_time
[20250511_145514] INFO: Coletadas 117 métricas com sucesso (falhas: 0, total até agora: sucesso=62, falha=0)
[20250511_145520] WARN: sem dados para cpu_throttled_time
[20250511_145520] WARN: sem dados para memory_usage_noisy_victim_ratio
[20250511_145520] WARN: sem dados para resource_dominance_index
[20250511_145520] WARN: sem dados para cpu_throttled_ratio
[20250511_145520] WARN: sem dados para memory_pressure
[20250511_145520] WARN: sem dados para postgres_connections
[20250511_145520] WARN: sem dados para postgres_transactions
[20250511_145520] WARN: sem dados para cpu_usage_noisy_victim_ratio
[20250511_145520] WARN: sem dados para postgres_disk_io
[20250511_145520] WARN: sem dados para network_usage_noisy_victim_ratio
[20250511_145520] WARN: sem dados para latency_process_time
[20250511_145520] INFO: Coletadas 117 métricas com sucesso (falhas: 0, total até agora: sucesso=63, falha=0)
[20250511_145526] WARN: sem dados para cpu_throttled_time
[20250511_145526] WARN: sem dados para memory_usage_noisy_victim_ratio
[20250511_145526] WARN: sem dados para resource_dominance_index
[20250511_145526] WARN: sem dados para cpu_throttled_ratio
[20250511_145526] WARN: sem dados para memory_pressure
[20250511_145526] WARN: sem dados para postgres_connections
[20250511_145526] WARN: sem dados para postgres_transactions
[20250511_145526] WARN: sem dados para cpu_usage_noisy_victim_ratio
[20250511_145526] WARN: sem dados para postgres_disk_io
[20250511_145526] WARN: sem dados para network_usage_noisy_victim_ratio
[20250511_145526] WARN: sem dados para latency_process_time
[20250511_145526] INFO: Coletadas 117 métricas com sucesso (falhas: 0, total até agora: sucesso=64, falha=0)
