[2025-05-11 16:07:57] Handlers de sinal configurados. Use CTRL+C para interromper o experimento com limpeza segura.
[2025-05-11 16:07:57] Iniciando experimento: firsts-analisys-4
[2025-05-11 16:07:57] Log sendo salvo em: /home/phil/Projects/k8s-noisy-lab/results/2025-05-11/16-07-57/firsts-analisys-4/experiment.log
[2025-05-11 16:07:57] Verificando pré-requisitos...
[2025-05-11 16:07:57] Métricas serão salvas em: /home/phil/Projects/k8s-noisy-lab/results/2025-05-11/16-07-57/firsts-analisys-4
[2025-05-11 16:07:57] Intervalo de coleta: 5 segundos
[2025-05-11 16:07:57] Validando recursos do cluster...
[0;35m==========================================[0m
[0;35m     VERIFICAÇÃO PRÉ-EXPERIMENTO         [0m
[0;35m==========================================[0m
[0;35mVerificando conectividade com o cluster...[0m
[0;32m✓ Conexão com o cluster estabelecida com sucesso[0m
[0;35mVerificando estado dos nós do cluster...[0m
[0;32m✓ O cluster possui 1 nós disponíveis[0m
[0;35mVerificando recursos disponíveis no cluster...[0m
CPU: [0;35m11[0m cores
Memória: [0;35m28.73[0m GB
[0;32m✓ Recursos do cluster são suficientes para o experimento[0m
[0;35mVerificando namespaces necessárias...[0m
[0;33mNamespace 'tenant-a' não encontrada - será criada durante a execução[0m
[0;33mNamespace 'tenant-b' não encontrada - será criada durante a execução[0m
[0;33mNamespace 'tenant-c' não encontrada - será criada durante a execução[0m
[0;32m✓ Namespace 'monitoring' encontrada[0m
[0;35mVerificando disponibilidade do Prometheus...[0m
[0;32m✓ Prometheus está rodando e pronto[0m
[0;35mVerificando disponibilidade das métricas essenciais...[0m
[0;33m⚠️ Métrica 'container_cpu_usage_seconds_total' não encontrada[0m
[0;33m  Esta métrica é necessária para o experimento de noisy neighbours.[0m
[0;33m⚠️ Métrica 'container_memory_working_set_bytes' não encontrada[0m
[0;33m  Esta métrica é necessária para o experimento de noisy neighbours.[0m
[0;33m⚠️ Métrica 'container_network_receive_bytes_total' não encontrada[0m
[0;33m  Esta métrica é necessária para o experimento de noisy neighbours.[0m
[0;33m⚠️ Métrica 'container_network_transmit_bytes_total' não encontrada[0m
[0;33m  Esta métrica é necessária para o experimento de noisy neighbours.[0m
[0;33m⚠️ Métrica 'container_cpu_cfs_throttled_periods_total' não encontrada[0m
[0;33m  Esta métrica é necessária para o experimento de noisy neighbours.[0m
[0;33m⚠️ Métrica 'container_cpu_cfs_periods_total' não encontrada[0m
[0;33m  Esta métrica é necessária para o experimento de noisy neighbours.[0m
[0;35mVerificando permissões necessárias...[0m
[0;35mVerificando CRDs do Prometheus Operator...[0m
[0;32m✓ CRD 'servicemonitors.monitoring.coreos.com' encontrada[0m
[0;32m✓ CRD 'prometheusrules.monitoring.coreos.com' encontrada[0m
[0;35m==========================================[0m
[0;32m✓ Cluster validado com sucesso para o experimento[0m
[0;35m==========================================[0m

Informações adicionais:
- O experimento utiliza métricas da cAdvisor integradas ao kubelet
- As queries do Prometheus usam principalmente métricas rate() com 1m de janela
- Os workloads são distribuídos em 3 tenants para simular o cenário de noisy neighbour

Recomendações finais:
- Certifique-se de ter pelo menos 15-20% de recursos livres além dos solicitados
- Se estiver usando Minikube, use a opção '--driver=docker' para melhor desempenho
- Verifique se não há outros processos consumindo recursos significativos nos nós
[2025-05-11 16:08:01] Criando namespaces...
[2025-05-11 16:08:01] ===== INTERRUPÇÃO DETECTADA =====
[2025-05-11 16:08:01] Experimento terminado com erro (código: 2)
[2025-05-11 16:08:01] Realizando limpeza de recursos...
[2025-05-11 16:08:01] Interrompendo port-forwards em execução...
[2025-05-11 16:08:01] Removendo recursos do tenant-b (atacante)...
[2025-05-11 16:08:01] Modo não interativo: limpando automaticamente todos os recursos dos tenants...
[2025-05-11 16:08:01] Limpando todos os tenants após o experimento...
[2025-05-11 16:08:01] Tenants removidos com sucesso.
[2025-05-11 16:08:01] Recursos dos tenants removidos.
[2025-05-11 16:08:01] Limpeza de emergência concluída.
[2025-05-11 16:08:01] Métricas e logs parciais salvos em: /home/phil/Projects/k8s-noisy-lab/results/2025-05-11/16-07-57/firsts-analisys-4
[2025-05-11 16:08:01] ===== FIM DO EXPERIMENTO (INTERROMPIDO) =====
