[2025-05-10 17:27:25] Namespace 'tenant-a' não existe. Criando...
[2025-05-10 17:27:26] Namespace 'tenant-b' não existe. Criando...
[2025-05-10 17:27:26] Namespace 'tenant-c' não existe. Criando...
[2025-05-10 17:27:26] Namespace 'monitoring' já existe.
[2025-05-10 17:27:26] Namespace 'ingress-nginx' já existe.
[2025-05-10 17:27:26] Iniciando experimento: add-metrics-1
[2025-05-10 17:27:26] Log sendo salvo em: /home/phil/Projects/k8s-noisy-lab/results/2025-05-10/17-27-25/add-metrics-1/experiment.log
[2025-05-10 17:27:26] Verificando pré-requisitos...
[2025-05-10 17:27:26] Métricas serão salvas em: /home/phil/Projects/k8s-noisy-lab/results/2025-05-10/17-27-25/add-metrics-1
[2025-05-10 17:27:26] Validando recursos do cluster...
[0;35m==========================================[0m
[0;35m     VERIFICAÇÃO PRÉ-EXPERIMENTO         [0m
[0;35m==========================================[0m
[0;35mVerificando conectividade com o cluster...[0m
[0;32m✓ Conexão com o cluster estabelecida com sucesso[0m
[0;35mVerificando estado dos nós do cluster...[0m
[0;32m✓ O cluster possui 1 nós disponíveis[0m
[0;35mVerificando recursos disponíveis no cluster...[0m
CPU: [0;35m11600[0m cores
Memória: [0;35m30.73[0m GB
[0;32m✓ Recursos do cluster são suficientes para o experimento[0m
[0;35mVerificando namespaces necessárias...[0m
[0;32m✓ Namespace 'tenant-a' encontrada[0m
[0;32m✓ Namespace 'tenant-b' encontrada[0m
[0;32m✓ Namespace 'tenant-c' encontrada[0m
[0;32m✓ Namespace 'monitoring' encontrada[0m
[0;35mVerificando disponibilidade do Prometheus...[0m
[0;32m✓ Prometheus está rodando e pronto[0m
[0;35mVerificando disponibilidade das métricas essenciais...[0m
[0;32m✓ Métrica 'container_cpu_usage_seconds_total' disponível[0m
[0;32m✓ Métrica 'container_memory_working_set_bytes' disponível[0m
[0;32m✓ Métrica 'container_network_receive_bytes_total' disponível[0m
[0;32m✓ Métrica 'container_network_transmit_bytes_total' disponível[0m
[0;32m✓ Métrica 'container_cpu_cfs_throttled_periods_total' disponível[0m
[0;32m✓ Métrica 'container_cpu_cfs_periods_total' disponível[0m
[0;35mVerificando permissões necessárias...[0m
[0;35mVerificando CRDs do Prometheus Operator...[0m
[0;32m✓ CRD 'servicemonitors.monitoring.coreos.com' encontrada[0m
[0;32m✓ CRD 'prometheusrules.monitoring.coreos.com' encontrada[0m
[0;35m==========================================[0m
[0;32m✓ Cluster validado com sucesso para o experimento[0m
[0;35m==========================================[0m

Informações adicionais:
- O experimento utiliza métricas da cAdvisor integradas ao kubelet
- As queries do Prometheus usam principalmente métricas rate() com 1m de janela
- Os workloads são distribuídos em 3 tenants para simular o cenário de noisy neighbour

Recomendações finais:
- Certifique-se de ter pelo menos 15-20% de recursos livres além dos solicitados
- Se estiver usando Minikube, use a opção '--driver=docker' para melhor desempenho
- Verifique se não há outros processos consumindo recursos significativos nos nós
[2025-05-10 17:27:30] Criando namespaces...
NAME              STATUS   AGE
default           Active   35m
ingress-nginx     Active   32m
kube-node-lease   Active   35m
kube-public       Active   35m
kube-system       Active   35m
metallb-system    Active   32m
monitoring        Active   33m
tenant-a          Active   5s
tenant-b          Active   4s
tenant-c          Active   4s
[2025-05-10 17:27:35] Aplicando resource quotas...
resourcequota/tenant-a-quota created
resourcequota/tenant-b-quota created
resourcequota/tenant-c-quota created
[2025-05-10 17:27:40] Stack de observabilidade já instalada.
[2025-05-10 17:27:40] Aguardando inicialização do Prometheus...
pod/prometheus-prometheus-kube-prometheus-prometheus-0 condition met
[2025-05-10 17:27:40] Adicionando deployment do blackbox-exporter...
[2025-05-10 17:27:40] ======= INÍCIO DO EXPERIMENTO: add-metrics-1 =======
[2025-05-10 17:27:40] Data: 2025/05/10, Hora: 17:27:25
[2025-05-10 17:27:40] Número de rounds: 1
[2025-05-10 17:27:40] Duração das fases: Baseline=30s, Ataque=60s, Recuperação=30s
[2025-05-10 17:27:40] ===== ROUND 1/1 =====
[2025-05-10 17:27:40] === Fase 1 - Baseline ===
[2025-05-10 17:27:40] Coleta de métricas iniciada com PID: 226664
[2025-05-10 17:27:40] Limpando workloads anteriores...
[20250510_172740] WARN: no data for cpu_throttled_time
[20250510_172740] WARN: no data for pending_pods
[20250510_172740] WARN: no data for memory_usage_noisy_victim_ratio
[20250510_172740] WARN: no data for network_dropped
[20250510_172740] WARN: no data for disk_io_total
[20250510_172740] WARN: no data for memory_usage
[20250510_172740] WARN: no data for network_efficiency
[20250510_172740] WARN: no data for network_receive
[20250510_172740] WARN: no data for memory_usage_noisy_network_ratio
[20250510_172740] WARN: no data for resource_dominance_index
[20250510_172740] WARN: no data for memory_oomkill_events
[20250510_172740] WARN: no data for cpu_throttled_ratio
[20250510_172740] WARN: no data for cpu_usage_pct_of_limit
[20250510_172740] WARN: no data for memory_pressure
[20250510_172740] WARN: no data for network_packet_rate
[20250510_172740] WARN: no data for correlation_memory_latency
[20250510_172740] WARN: no data for cpu_usage
[20250510_172740] WARN: no data for network_usage_noisy_network_ratio
[20250510_172740] WARN: no data for cpu_usage_noisy_victim_ratio
[20250510_172740] WARN: no data for disk_avg_io_size
[20250510_172740] WARN: no data for network_total_bandwidth
[20250510_172740] WARN: no data for network_transmit
[20250510_172740] WARN: no data for cpu_usage_noisy_network_ratio
[20250510_172740] WARN: no data for network_packets_noisy_network_ratio
[20250510_172740] WARN: no data for correlation_cpu_latency
[20250510_172740] WARN: no data for network_dropped_noisy_network_ratio
[20250510_172740] WARN: no data for pod_ready_age
[20250510_172740] WARN: no data for tenant_latency_comparison
[20250510_172740] WARN: no data for network_usage_noisy_victim_ratio
[20250510_172740] WARN: no data for latency_process_time
[20250510_172740] WARN: no data for pod_readiness_ratio
[20250510_172740] WARN: no data for network_error_rate
[20250510_172740] WARN: no data for disk_throughput_total
[20250510_172746] WARN: no data for cpu_throttled_time
[20250510_172746] WARN: no data for pending_pods
[20250510_172746] WARN: no data for memory_usage_noisy_victim_ratio
[20250510_172746] WARN: no data for network_dropped
[20250510_172746] WARN: no data for disk_io_total
[20250510_172746] WARN: no data for memory_usage
[20250510_172746] WARN: no data for network_efficiency
[20250510_172746] WARN: no data for network_receive
[20250510_172746] WARN: no data for memory_usage_noisy_network_ratio
[20250510_172746] WARN: no data for resource_dominance_index
[20250510_172746] WARN: no data for memory_oomkill_events
[20250510_172746] WARN: no data for cpu_throttled_ratio
[20250510_172746] WARN: no data for cpu_usage_pct_of_limit
[20250510_172746] WARN: no data for memory_pressure
[20250510_172746] WARN: no data for network_packet_rate
[20250510_172746] WARN: no data for correlation_memory_latency
[20250510_172746] WARN: no data for cpu_usage
[20250510_172746] WARN: no data for network_usage_noisy_network_ratio
[20250510_172746] WARN: no data for cpu_usage_noisy_victim_ratio
[20250510_172746] WARN: no data for disk_avg_io_size
[20250510_172746] WARN: no data for network_total_bandwidth
[20250510_172746] WARN: no data for network_transmit
[20250510_172746] WARN: no data for cpu_usage_noisy_network_ratio
[20250510_172746] WARN: no data for network_packets_noisy_network_ratio
[20250510_172746] WARN: no data for correlation_cpu_latency
[20250510_172746] WARN: no data for network_dropped_noisy_network_ratio
[20250510_172746] WARN: no data for pod_ready_age
[20250510_172746] WARN: no data for tenant_latency_comparison
[20250510_172746] WARN: no data for network_usage_noisy_victim_ratio
[20250510_172746] WARN: no data for latency_process_time
[20250510_172746] WARN: no data for pod_readiness_ratio
[20250510_172746] WARN: no data for network_error_rate
[20250510_172746] WARN: no data for disk_throughput_total
[2025-05-10 17:27:50] Iniciando fase: 1 - Baseline com duração máxima de 30s
[2025-05-10 17:27:50] Implantando tenant-a (sensível à rede)...
deployment.apps/iperf-server created
service/iperf-server created
deployment.apps/nginx-deployment created
service/nginx created
job.batch/nginx-benchmark created
deployment.apps/iperf-server configured
service/iperf-server configured
[2025-05-10 17:27:51] Aguardando inicialização dos serviços do tenant-a...
[20250510_172752] WARN: no data for cpu_throttled_time
[20250510_172752] WARN: no data for pending_pods
[20250510_172752] WARN: no data for memory_usage_noisy_victim_ratio
[20250510_172752] WARN: no data for network_dropped
[20250510_172752] WARN: no data for disk_io_total
[20250510_172752] WARN: no data for memory_usage
[20250510_172752] WARN: no data for network_efficiency
[20250510_172752] WARN: no data for network_receive
[20250510_172752] WARN: no data for memory_usage_noisy_network_ratio
[20250510_172752] WARN: no data for resource_dominance_index
[20250510_172752] WARN: no data for memory_oomkill_events
deployment.apps/nginx-deployment condition met
[2025-05-10 17:27:52] Implantando tenant-c (vítima)...
[20250510_172752] WARN: no data for cpu_throttled_ratio
[20250510_172752] WARN: no data for cpu_usage_pct_of_limit
[20250510_172752] WARN: no data for memory_pressure
deployment.apps/redis-deployment created
[20250510_172752] WARN: no data for network_packet_rate
job.batch/redis-benchmark created
[2025-05-10 17:27:52] Aguardando inicialização dos workloads do tenant-c...
[20250510_172752] WARN: no data for correlation_memory_latency
[20250510_172752] WARN: no data for cpu_usage
[20250510_172752] WARN: no data for network_usage_noisy_network_ratio
[20250510_172752] WARN: no data for cpu_usage_noisy_victim_ratio
[20250510_172752] WARN: no data for disk_avg_io_size
[20250510_172752] WARN: no data for network_total_bandwidth
[20250510_172752] WARN: no data for network_transmit
[20250510_172752] WARN: no data for cpu_usage_noisy_network_ratio
[20250510_172752] WARN: no data for network_packets_noisy_network_ratio
[20250510_172752] WARN: no data for correlation_cpu_latency
[20250510_172752] WARN: no data for network_dropped_noisy_network_ratio
[20250510_172752] WARN: no data for pod_ready_age
[20250510_172752] WARN: no data for tenant_latency_comparison
[20250510_172752] WARN: no data for network_usage_noisy_victim_ratio
[20250510_172752] WARN: no data for latency_process_time
[20250510_172752] WARN: no data for pod_readiness_ratio
[20250510_172752] WARN: no data for network_error_rate
[20250510_172752] WARN: no data for disk_throughput_total
[20250510_172757] WARN: no data for cpu_throttled_time
[20250510_172757] WARN: no data for memory_usage_noisy_victim_ratio
[20250510_172757] WARN: no data for network_dropped
[20250510_172757] WARN: no data for disk_io_total
[20250510_172757] WARN: no data for memory_usage
[20250510_172757] WARN: no data for network_efficiency
[20250510_172757] WARN: no data for network_receive
[20250510_172757] WARN: no data for memory_usage_noisy_network_ratio
[20250510_172757] WARN: no data for resource_dominance_index
[20250510_172757] WARN: no data for memory_oomkill_events
[20250510_172757] WARN: no data for cpu_throttled_ratio
[20250510_172757] WARN: no data for cpu_usage_pct_of_limit
[20250510_172757] WARN: no data for memory_pressure
[20250510_172757] WARN: no data for network_packet_rate
[20250510_172757] WARN: no data for correlation_memory_latency
[20250510_172757] WARN: no data for cpu_usage
[20250510_172757] WARN: no data for network_usage_noisy_network_ratio
[20250510_172757] WARN: no data for cpu_usage_noisy_victim_ratio
[20250510_172757] WARN: no data for disk_avg_io_size
[20250510_172757] WARN: no data for network_total_bandwidth
[20250510_172757] WARN: no data for network_transmit
[20250510_172757] WARN: no data for cpu_usage_noisy_network_ratio
[20250510_172757] WARN: no data for network_packets_noisy_network_ratio
[20250510_172757] WARN: no data for correlation_cpu_latency
[20250510_172757] WARN: no data for network_dropped_noisy_network_ratio
[20250510_172757] WARN: no data for tenant_latency_comparison
[20250510_172757] WARN: no data for network_usage_noisy_victim_ratio
[20250510_172757] WARN: no data for latency_process_time
[20250510_172757] WARN: no data for network_error_rate
[20250510_172757] WARN: no data for disk_throughput_total
[20250510_172803] WARN: no data for cpu_throttled_time
[20250510_172803] WARN: no data for memory_usage_noisy_victim_ratio
[20250510_172803] WARN: no data for network_dropped
[20250510_172803] WARN: no data for disk_io_total
[20250510_172803] WARN: no data for network_efficiency
[20250510_172803] WARN: no data for network_receive
[20250510_172803] WARN: no data for memory_usage_noisy_network_ratio
[20250510_172803] WARN: no data for resource_dominance_index
[20250510_172803] WARN: no data for memory_oomkill_events
[20250510_172803] WARN: no data for cpu_throttled_ratio
[20250510_172803] WARN: no data for cpu_usage_pct_of_limit
[20250510_172803] WARN: no data for memory_pressure
[20250510_172803] WARN: no data for network_packet_rate
[20250510_172803] WARN: no data for correlation_memory_latency
[20250510_172803] WARN: no data for cpu_usage
[20250510_172803] WARN: no data for network_usage_noisy_network_ratio
[20250510_172803] WARN: no data for cpu_usage_noisy_victim_ratio
[20250510_172803] WARN: no data for disk_avg_io_size
[20250510_172803] WARN: no data for network_total_bandwidth
[20250510_172803] WARN: no data for network_transmit
[20250510_172803] WARN: no data for cpu_usage_noisy_network_ratio
[20250510_172803] WARN: no data for network_packets_noisy_network_ratio
[20250510_172803] WARN: no data for correlation_cpu_latency
[20250510_172803] WARN: no data for network_dropped_noisy_network_ratio
[20250510_172803] WARN: no data for tenant_latency_comparison
[20250510_172803] WARN: no data for network_usage_noisy_victim_ratio
[20250510_172803] WARN: no data for latency_process_time
[20250510_172803] WARN: no data for network_error_rate
[20250510_172803] WARN: no data for disk_throughput_total
[20250510_172809] WARN: no data for cpu_throttled_time
[20250510_172809] WARN: no data for memory_usage_noisy_victim_ratio
[20250510_172809] WARN: no data for network_dropped
[20250510_172809] WARN: no data for disk_io_total
[20250510_172809] WARN: no data for network_efficiency
[20250510_172809] WARN: no data for network_receive
[20250510_172809] WARN: no data for memory_usage_noisy_network_ratio
[20250510_172809] WARN: no data for resource_dominance_index
[20250510_172809] WARN: no data for memory_oomkill_events
[20250510_172809] WARN: no data for cpu_throttled_ratio
[20250510_172809] WARN: no data for cpu_usage_pct_of_limit
[20250510_172809] WARN: no data for memory_pressure
[20250510_172809] WARN: no data for network_packet_rate
[20250510_172809] WARN: no data for correlation_memory_latency
[20250510_172809] WARN: no data for cpu_usage
[20250510_172809] WARN: no data for network_usage_noisy_network_ratio
[20250510_172809] WARN: no data for cpu_usage_noisy_victim_ratio
[20250510_172809] WARN: no data for disk_avg_io_size
[20250510_172809] WARN: no data for network_total_bandwidth
[20250510_172809] WARN: no data for network_transmit
[20250510_172809] WARN: no data for cpu_usage_noisy_network_ratio
[20250510_172809] WARN: no data for network_packets_noisy_network_ratio
[20250510_172809] WARN: no data for correlation_cpu_latency
[20250510_172809] WARN: no data for network_dropped_noisy_network_ratio
[20250510_172809] WARN: no data for tenant_latency_comparison
[20250510_172809] WARN: no data for network_usage_noisy_victim_ratio
[20250510_172809] WARN: no data for latency_process_time
[20250510_172809] WARN: no data for network_error_rate
[20250510_172809] WARN: no data for disk_throughput_total
[20250510_172815] WARN: no data for cpu_throttled_time
[20250510_172815] WARN: no data for memory_usage_noisy_victim_ratio
[20250510_172815] WARN: no data for memory_usage_noisy_network_ratio
[20250510_172815] WARN: no data for resource_dominance_index
[20250510_172815] WARN: no data for memory_oomkill_events
[20250510_172815] WARN: no data for cpu_throttled_ratio
[20250510_172815] WARN: no data for memory_pressure
[20250510_172815] WARN: no data for correlation_memory_latency
[20250510_172815] WARN: no data for network_usage_noisy_network_ratio
[20250510_172815] WARN: no data for cpu_usage_noisy_victim_ratio
[20250510_172815] WARN: no data for cpu_usage_noisy_network_ratio
[20250510_172815] WARN: no data for network_packets_noisy_network_ratio
[20250510_172815] WARN: no data for correlation_cpu_latency
[20250510_172815] WARN: no data for network_dropped_noisy_network_ratio
[20250510_172815] WARN: no data for tenant_latency_comparison
[20250510_172815] WARN: no data for network_usage_noisy_victim_ratio
[20250510_172815] WARN: no data for latency_process_time
[2025-05-10 17:28:20] Timeout de fase 1 - Baseline atingido. Matando processo 227678
[2025-05-10 17:28:20] Fase 1 - Baseline concluída
[2025-05-10 17:28:20] Interrompendo coleta de métricas (PID: 226664)...
[2025-05-10 17:28:20] Coleta de métricas finalizada.
[2025-05-10 17:28:20] === Fase 2 - Attack ===
[2025-05-10 17:28:20] Coleta de métricas iniciada com PID: 231170
[2025-05-10 17:28:20] Iniciando fase: 2 - Attack com duração máxima de 60s
[2025-05-10 17:28:20] Implantando iperf-server no tenant-b (noisy neighbour)...
[20250510_172820] WARN: no data for cpu_throttled_time
[20250510_172820] WARN: no data for memory_usage_noisy_victim_ratio
deployment.apps/iperf-server created
service/iperf-server created
[2025-05-10 17:28:20] Aguardando inicialização do iperf-server no tenant-b...
[20250510_172820] WARN: no data for memory_usage_noisy_network_ratio
[20250510_172820] WARN: no data for resource_dominance_index
[20250510_172820] WARN: no data for memory_oomkill_events
[20250510_172820] WARN: no data for cpu_throttled_ratio
[20250510_172820] WARN: no data for memory_pressure
[20250510_172820] WARN: no data for correlation_memory_latency
[20250510_172820] WARN: no data for network_usage_noisy_network_ratio
[20250510_172820] WARN: no data for cpu_usage_noisy_victim_ratio
[20250510_172820] WARN: no data for cpu_usage_noisy_network_ratio
[20250510_172820] WARN: no data for network_packets_noisy_network_ratio
[20250510_172820] WARN: no data for correlation_cpu_latency
[20250510_172820] WARN: no data for network_dropped_noisy_network_ratio
[20250510_172820] WARN: no data for tenant_latency_comparison
[20250510_172820] WARN: no data for network_usage_noisy_victim_ratio
[20250510_172820] WARN: no data for latency_process_time
[20250510_172826] WARN: no data for cpu_throttled_time
[20250510_172826] WARN: no data for memory_usage_noisy_victim_ratio
[20250510_172826] WARN: no data for memory_usage_noisy_network_ratio
[20250510_172826] WARN: no data for resource_dominance_index
[20250510_172826] WARN: no data for memory_oomkill_events
[20250510_172826] WARN: no data for cpu_throttled_ratio
[20250510_172826] WARN: no data for memory_pressure
[20250510_172826] WARN: no data for correlation_memory_latency
[20250510_172826] WARN: no data for network_usage_noisy_network_ratio
[20250510_172826] WARN: no data for cpu_usage_noisy_victim_ratio
[20250510_172826] WARN: no data for cpu_usage_noisy_network_ratio
[20250510_172826] WARN: no data for network_packets_noisy_network_ratio
[20250510_172826] WARN: no data for correlation_cpu_latency
[20250510_172826] WARN: no data for network_dropped_noisy_network_ratio
[20250510_172826] WARN: no data for tenant_latency_comparison
[20250510_172826] WARN: no data for network_usage_noisy_victim_ratio
[20250510_172826] WARN: no data for latency_process_time
[20250510_172832] WARN: no data for cpu_throttled_time
[20250510_172832] WARN: no data for resource_dominance_index
[20250510_172832] WARN: no data for memory_oomkill_events
[20250510_172832] WARN: no data for cpu_throttled_ratio
[20250510_172832] WARN: no data for memory_pressure
[20250510_172832] WARN: no data for correlation_memory_latency
[20250510_172832] WARN: no data for network_usage_noisy_network_ratio
[20250510_172832] WARN: no data for cpu_usage_noisy_victim_ratio
[20250510_172832] WARN: no data for cpu_usage_noisy_network_ratio
[20250510_172832] WARN: no data for network_packets_noisy_network_ratio
[20250510_172832] WARN: no data for correlation_cpu_latency
[20250510_172832] WARN: no data for network_dropped_noisy_network_ratio
[20250510_172832] WARN: no data for tenant_latency_comparison
[20250510_172832] WARN: no data for network_usage_noisy_victim_ratio
[20250510_172832] WARN: no data for latency_process_time
deployment.apps/iperf-server condition met
[20250510_172838] WARN: no data for cpu_throttled_time
[20250510_172838] WARN: no data for resource_dominance_index
[20250510_172838] WARN: no data for memory_oomkill_events
[20250510_172838] WARN: no data for cpu_throttled_ratio
[20250510_172838] WARN: no data for memory_pressure
[20250510_172838] WARN: no data for correlation_memory_latency
[20250510_172838] WARN: no data for network_usage_noisy_network_ratio
[20250510_172838] WARN: no data for cpu_usage_noisy_victim_ratio
[20250510_172838] WARN: no data for cpu_usage_noisy_network_ratio
[20250510_172838] WARN: no data for network_packets_noisy_network_ratio
[20250510_172838] WARN: no data for correlation_cpu_latency
[20250510_172838] WARN: no data for network_dropped_noisy_network_ratio
[20250510_172838] WARN: no data for tenant_latency_comparison
[20250510_172838] WARN: no data for network_usage_noisy_victim_ratio
[20250510_172838] WARN: no data for latency_process_time
[20250510_172843] WARN: no data for cpu_throttled_time
[20250510_172843] WARN: no data for memory_oomkill_events
[20250510_172843] WARN: no data for cpu_throttled_ratio
[20250510_172843] WARN: no data for memory_pressure
[20250510_172843] WARN: no data for correlation_memory_latency
[20250510_172843] WARN: no data for correlation_cpu_latency
[20250510_172843] WARN: no data for tenant_latency_comparison
[20250510_172843] WARN: no data for latency_process_time
[2025-05-10 17:28:49] Implantando cliente iperf e outros workloads no tenant-b...
deployment.apps/iperf created
deployment.apps/stress-ng created
[2025-05-10 17:28:49] Aguardando execução dos workloads do tenant-b durante o ataque...
[20250510_172849] WARN: no data for cpu_throttled_time
[20250510_172849] WARN: no data for memory_oomkill_events
[20250510_172849] WARN: no data for cpu_throttled_ratio
[20250510_172849] WARN: no data for memory_pressure
[20250510_172849] WARN: no data for correlation_memory_latency
[20250510_172849] WARN: no data for correlation_cpu_latency
[20250510_172849] WARN: no data for tenant_latency_comparison
[20250510_172849] WARN: no data for latency_process_time
[20250510_172855] WARN: no data for cpu_throttled_time
[20250510_172855] WARN: no data for memory_oomkill_events
[20250510_172855] WARN: no data for cpu_throttled_ratio
[20250510_172855] WARN: no data for memory_pressure
[20250510_172855] WARN: no data for correlation_memory_latency
[20250510_172855] WARN: no data for correlation_cpu_latency
[20250510_172855] WARN: no data for tenant_latency_comparison
[20250510_172855] WARN: no data for latency_process_time
[20250510_172901] WARN: no data for cpu_throttled_time
[20250510_172901] WARN: no data for memory_oomkill_events
[20250510_172901] WARN: no data for cpu_throttled_ratio
[20250510_172901] WARN: no data for memory_pressure
[20250510_172901] WARN: no data for correlation_memory_latency
[20250510_172901] WARN: no data for correlation_cpu_latency
[20250510_172901] WARN: no data for tenant_latency_comparison
[20250510_172901] WARN: no data for latency_process_time
[20250510_172906] WARN: no data for cpu_throttled_time
[20250510_172906] WARN: no data for memory_oomkill_events
[20250510_172906] WARN: no data for cpu_throttled_ratio
[20250510_172906] WARN: no data for memory_pressure
[20250510_172906] WARN: no data for correlation_memory_latency
[20250510_172906] WARN: no data for correlation_cpu_latency
[20250510_172906] WARN: no data for tenant_latency_comparison
[20250510_172906] WARN: no data for latency_process_time
[20250510_172912] WARN: no data for cpu_throttled_time
[20250510_172912] WARN: no data for memory_oomkill_events
[20250510_172912] WARN: no data for cpu_throttled_ratio
[20250510_172912] WARN: no data for memory_pressure
[20250510_172912] WARN: no data for correlation_memory_latency
[20250510_172912] WARN: no data for correlation_cpu_latency
[20250510_172912] WARN: no data for tenant_latency_comparison
[20250510_172912] WARN: no data for latency_process_time
[20250510_172918] WARN: no data for cpu_throttled_time
[20250510_172918] WARN: no data for memory_oomkill_events
[20250510_172918] WARN: no data for cpu_throttled_ratio
[20250510_172918] WARN: no data for memory_pressure
[20250510_172918] WARN: no data for correlation_memory_latency
[20250510_172918] WARN: no data for correlation_cpu_latency
[20250510_172918] WARN: no data for tenant_latency_comparison
[20250510_172918] WARN: no data for latency_process_time
[2025-05-10 17:29:20] Timeout de fase 2 - Attack atingido. Matando processo 231178
[2025-05-10 17:29:20] Fase 2 - Attack concluída
[2025-05-10 17:29:20] Interrompendo coleta de métricas (PID: 231170)...
[2025-05-10 17:29:20] Coleta de métricas finalizada.
[2025-05-10 17:29:20] === Fase 3 - Recovery ===
[2025-05-10 17:29:20] Coleta de métricas iniciada com PID: 238553
[2025-05-10 17:29:20] Iniciando fase: 3 - Recovery com duração máxima de 30s
[2025-05-10 17:29:20] Removendo tenant-b (noisy neighbour)...
[20250510_172920] WARN: no data for cpu_throttled_time
deployment.apps "iperf-server" deleted
service "iperf-server" deleted
deployment.apps "iperf" deleted
deployment.apps "stress-ng" deleted
[2025-05-10 17:29:20] Aguardando remoção completa do tenant-b...
[20250510_172920] WARN: no data for memory_oomkill_events
[20250510_172920] WARN: no data for cpu_throttled_ratio
[20250510_172920] WARN: no data for memory_pressure
[20250510_172920] WARN: no data for correlation_memory_latency
[20250510_172920] WARN: no data for correlation_cpu_latency
[20250510_172920] WARN: no data for tenant_latency_comparison
[20250510_172920] WARN: no data for latency_process_time
[20250510_172926] WARN: no data for cpu_throttled_time
[20250510_172926] WARN: no data for memory_oomkill_events
[20250510_172926] WARN: no data for cpu_throttled_ratio
[20250510_172926] WARN: no data for memory_pressure
[20250510_172926] WARN: no data for correlation_memory_latency
[20250510_172926] WARN: no data for correlation_cpu_latency
[20250510_172926] WARN: no data for tenant_latency_comparison
[20250510_172926] WARN: no data for latency_process_time
[20250510_172932] WARN: no data for cpu_throttled_time
[20250510_172932] WARN: no data for memory_oomkill_events
[20250510_172932] WARN: no data for cpu_throttled_ratio
[20250510_172932] WARN: no data for memory_pressure
[20250510_172932] WARN: no data for correlation_memory_latency
[20250510_172932] WARN: no data for correlation_cpu_latency
[20250510_172932] WARN: no data for tenant_latency_comparison
[20250510_172932] WARN: no data for latency_process_time
[20250510_172938] WARN: no data for cpu_throttled_time
[20250510_172938] WARN: no data for memory_oomkill_events
[20250510_172938] WARN: no data for cpu_throttled_ratio
[20250510_172938] WARN: no data for memory_pressure
[20250510_172938] WARN: no data for correlation_memory_latency
[20250510_172938] WARN: no data for correlation_cpu_latency
[20250510_172938] WARN: no data for tenant_latency_comparison
[20250510_172938] WARN: no data for latency_process_time
[20250510_172944] WARN: no data for cpu_throttled_time
[20250510_172944] WARN: no data for memory_oomkill_events
[20250510_172944] WARN: no data for cpu_throttled_ratio
[20250510_172944] WARN: no data for memory_pressure
[20250510_172944] WARN: no data for correlation_memory_latency
[20250510_172944] WARN: no data for correlation_cpu_latency
[20250510_172944] WARN: no data for tenant_latency_comparison
[20250510_172944] WARN: no data for latency_process_time
[20250510_172949] WARN: no data for cpu_throttled_time
[20250510_172949] WARN: no data for memory_oomkill_events
[20250510_172949] WARN: no data for cpu_throttled_ratio
[20250510_172949] WARN: no data for memory_pressure
[20250510_172949] WARN: no data for correlation_memory_latency
[20250510_172949] WARN: no data for correlation_cpu_latency
[20250510_172949] WARN: no data for tenant_latency_comparison
[20250510_172949] WARN: no data for latency_process_time
[2025-05-10 17:29:50] Timeout de fase 3 - Recovery atingido. Matando processo 238561
[2025-05-10 17:29:50] Fase 3 - Recovery concluída
[2025-05-10 17:29:50] Interrompendo coleta de métricas (PID: 238553)...
[2025-05-10 17:29:50] Coleta de métricas finalizada.
[2025-05-10 17:29:50] Round 1/1 concluído com sucesso!
[2025-05-10 17:29:50] Limpando todos os tenants após o experimento...
namespace "tenant-a" deleted
namespace "tenant-b" deleted
namespace "tenant-c" deleted
[2025-05-10 17:29:57] Tenants removidos com sucesso.
[2025-05-10 17:29:57] ======= EXPERIMENTO CONCLUÍDO =======
[2025-05-10 17:29:57] Data/hora de início: 2025/05/10 17:27:25
[2025-05-10 17:29:57] Data/hora de término: 2025/05/10 17:29:57
[2025-05-10 17:29:57] Duração total: 130 segundos (2 minutos)
[2025-05-10 17:29:57] Métricas e logs salvos em: /home/phil/Projects/k8s-noisy-lab/results/2025-05-10/17-27-25/add-metrics-1
[2025-05-10 17:29:57] Para visualizar os resultados no Grafana:
[2025-05-10 17:29:57] kubectl -n monitoring port-forward svc/prometheus-grafana 3000:80
[2025-05-10 17:29:57] Abra seu navegador em http://localhost:3000 (usuário: admin, senha: admin)
